#
# A fatal error has been detected by the Java Runtime Environment:
#
#  EXCEPTION_ACCESS_VIOLATION (0xc0000005) at pc=0x0000000180012df1, pid=15196, tid=13416
#
# JRE version: OpenJDK Runtime Environment Temurin-17.0.2+8 (17.0.2+8) (build 17.0.2+8)
# Java VM: OpenJDK 64-Bit Server VM Temurin-17.0.2+8 (17.0.2+8, mixed mode, tiered, compressed oops, compressed class ptrs, g1 gc, windows-amd64)
# Problematic frame:
# C  [jacob-1.14.3-x64.dll+0x12df1]
#
# No core dump will be written. Minidumps are not enabled by default on client versions of Windows
#
# If you would like to submit a bug report, please visit:
#   https://github.com/adoptium/adoptium-support/issues
# The crash happened outside the Java Virtual Machine in native code.
# See problematic frame for where to report the bug.
#

---------------  S U M M A R Y ------------

Command Line: -ea -Dfile.encoding=Cp1252 -XX:+ShowCodeDetailsInExceptionMessages org.eclipse.jdt.internal.junit.runner.RemoteTestRunner -version 3 -port 55180 -testLoaderClass org.eclipse.jdt.internal.junit5.runner.JUnit5TestLoader -loaderpluginname org.eclipse.jdt.junit5.runtime -classNames runner.RunnerTest

Host: Intel(R) Core(TM) i5-4590 CPU @ 3.30GHz, 4 cores, 15G,  Windows 10 , 64 bit Build 19041 (10.0.19041.1889)
Time: Wed Aug 17 02:53:52 2022 Pacific Daylight Time elapsed time: 86.643589 seconds (0d 0h 1m 26s)

---------------  T H R E A D  ---------------

Current thread (0x0000011ab8aaa450):  JavaThread "main" [_thread_in_native, id=13416, stack(0x0000001037200000,0x0000001037300000)]

Stack: [0x0000001037200000,0x0000001037300000],  sp=0x00000010372fc240,  free space=1008k
Native frames: (J=compiled Java code, j=interpreted, Vv=VM code, C=native code)
C  [jacob-1.14.3-x64.dll+0x12df1]

Java frames: (J=compiled Java code, j=interpreted, Vv=VM code)
j  com.jacob.com.Variant.getVariantType()S+0
j  com.jacob.com.Variant.getvt()S+8
j  com.jacob.com.Variant.putBoolean(Z)V+1
j  com.jacob.com.VariantUtilities.populateVariant(Lcom/jacob/com/Variant;Ljava/lang/Object;Z)V+155
j  com.jacob.com.Variant.<init>(Ljava/lang/Object;Z)V+16
j  com.jacob.com.Variant.<init>(Ljava/lang/Object;)V+3
j  com.jacob.com.Variant.<init>(Z)V+9
j  com.jacob.com.Variant.<clinit>()V+5
v  ~StubRoutines::call_stub
j  autoitx4java.AutoItX.winVariantBool(Ljava/lang/String;Ljava/lang/String;ILjava/lang/String;)Z+0
j  autoitx4java.AutoItX.winWait(Ljava/lang/String;Ljava/lang/String;I)Z+6
j  stepDefinitions.DrySign.uploadFile(Ljava/lang/String;Ljava/lang/String;)Z+100
j  stepDefinitions.DrySign.user_click_on_upload_photo_button_as(Ljava/lang/String;)V+24
v  ~StubRoutines::call_stub
j  jdk.internal.reflect.NativeMethodAccessorImpl.invoke0(Ljava/lang/reflect/Method;Ljava/lang/Object;[Ljava/lang/Object;)Ljava/lang/Object;+0 java.base@17.0.2
j  jdk.internal.reflect.NativeMethodAccessorImpl.invoke(Ljava/lang/Object;[Ljava/lang/Object;)Ljava/lang/Object;+133 java.base@17.0.2
J 2299 c1 jdk.internal.reflect.DelegatingMethodAccessorImpl.invoke(Ljava/lang/Object;[Ljava/lang/Object;)Ljava/lang/Object; java.base@17.0.2 (10 bytes) @ 0x0000011abcb5044c [0x0000011abcb50340+0x000000000000010c]
J 2338 c1 cucumber.runtime.Utils$1.call()Ljava/lang/Object; (189 bytes) @ 0x0000011abcb6abc4 [0x0000011abcb6a360+0x0000000000000864]
J 2345 c1 cucumber.runtime.Timeout.timeout(Lcucumber/runtime/Timeout$Callback;J)Ljava/lang/Object; (251 bytes) @ 0x0000011abcb72adc [0x0000011abcb72060+0x0000000000000a7c]
J 2300 c1 cucumber.runtime.Utils.invoke(Ljava/lang/Object;Ljava/lang/reflect/Method;J[Ljava/lang/Object;)Ljava/lang/Object; (24 bytes) @ 0x0000011abcb5424c [0x0000011abcb54060+0x00000000000001ec]
j  cucumber.runtime.java.JavaStepDefinition.execute([Ljava/lang/Object;)V+25
j  cucumber.runner.PickleStepDefinitionMatch.runStep(Lcucumber/api/Scenario;)V+137
j  cucumber.runner.TestStep.executeStep(Lcucumber/runner/Scenario;Z)Lcucumber/api/Result$Type;+9
j  cucumber.runner.TestStep.run(Lcucumber/api/TestCase;Lcucumber/runner/EventBus;Lcucumber/runner/Scenario;Z)Z+45
j  cucumber.runner.PickleStepTestStep.run(Lcucumber/api/TestCase;Lcucumber/runner/EventBus;Lcucumber/runner/Scenario;Z)Z+63
j  cucumber.runner.TestCase.run(Lcucumber/runner/EventBus;)V+144
j  cucumber.runner.Runner.runPickle(Lgherkin/events/PickleEvent;)V+15
j  io.cucumber.junit.PickleRunners$NoStepDescriptions.run(Lorg/junit/runner/notification/RunNotifier;)V+37
j  io.cucumber.junit.FeatureRunner.runChild(Lio/cucumber/junit/PickleRunners$PickleRunner;Lorg/junit/runner/notification/RunNotifier;)V+2
j  io.cucumber.junit.FeatureRunner.runChild(Ljava/lang/Object;Lorg/junit/runner/notification/RunNotifier;)V+6
j  org.junit.runners.ParentRunner$4.run()V+12
j  org.junit.runners.ParentRunner$1.schedule(Ljava/lang/Runnable;)V+1
j  org.junit.runners.ParentRunner.runChildren(Lorg/junit/runner/notification/RunNotifier;)V+44
j  org.junit.runners.ParentRunner.access$100(Lorg/junit/runners/ParentRunner;Lorg/junit/runner/notification/RunNotifier;)V+2
j  org.junit.runners.ParentRunner$2.evaluate()V+8
j  org.junit.runners.ParentRunner$3.evaluate()V+4
j  org.junit.runners.ParentRunner.run(Lorg/junit/runner/notification/RunNotifier;)V+24
j  io.cucumber.junit.Cucumber.runChild(Lio/cucumber/junit/FeatureRunner;Lorg/junit/runner/notification/RunNotifier;)V+2
j  io.cucumber.junit.Cucumber.runChild(Ljava/lang/Object;Lorg/junit/runner/notification/RunNotifier;)V+6
j  org.junit.runners.ParentRunner$4.run()V+12
j  org.junit.runners.ParentRunner$1.schedule(Ljava/lang/Runnable;)V+1
j  org.junit.runners.ParentRunner.runChildren(Lorg/junit/runner/notification/RunNotifier;)V+44
j  org.junit.runners.ParentRunner.access$100(Lorg/junit/runners/ParentRunner;Lorg/junit/runner/notification/RunNotifier;)V+2
j  org.junit.runners.ParentRunner$2.evaluate()V+8
j  io.cucumber.junit.Cucumber$RunCucumber.evaluate()V+168
j  org.junit.runners.ParentRunner$3.evaluate()V+4
j  org.junit.runners.ParentRunner.run(Lorg/junit/runner/notification/RunNotifier;)V+24
j  org.junit.runner.JUnitCore.run(Lorg/junit/runner/Runner;)Lorg/junit/runner/Result;+37
j  org.junit.runner.JUnitCore.run(Lorg/junit/runner/Request;)Lorg/junit/runner/Result;+5
j  org.junit.vintage.engine.execution.RunnerExecutor.execute(Lorg/junit/vintage/engine/descriptor/RunnerTestDescriptor;)V+42
j  org.junit.vintage.engine.VintageTestEngine.executeAllChildren(Lorg/junit/vintage/engine/descriptor/VintageEngineDescriptor;Lorg/junit/platform/engine/EngineExecutionListener;)V+41
j  org.junit.vintage.engine.VintageTestEngine.execute(Lorg/junit/platform/engine/ExecutionRequest;)V+23
j  org.junit.platform.launcher.core.EngineExecutionOrchestrator.execute(Lorg/junit/platform/engine/TestDescriptor;Lorg/junit/platform/engine/EngineExecutionListener;Lorg/junit/platform/engine/ConfigurationParameters;Lorg/junit/platform/engine/TestEngine;)V+24
j  org.junit.platform.launcher.core.EngineExecutionOrchestrator.execute(Lorg/junit/platform/launcher/core/LauncherDiscoveryResult;Lorg/junit/platform/engine/EngineExecutionListener;)V+86
j  org.junit.platform.launcher.core.EngineExecutionOrchestrator.lambda$execute$0(Lorg/junit/platform/launcher/core/InternalTestPlan;Lorg/junit/platform/launcher/core/LauncherDiscoveryResult;Lorg/junit/platform/launcher/TestExecutionListener;)V+18
j  org.junit.platform.launcher.core.EngineExecutionOrchestrator$$Lambda$226+0x000000080020a800.accept(Ljava/lang/Object;)V+16
j  org.junit.platform.launcher.core.EngineExecutionOrchestrator.withInterceptedStreams(Lorg/junit/platform/engine/ConfigurationParameters;Lorg/junit/platform/launcher/core/ListenerRegistry;Ljava/util/function/Consumer;)V+51
j  org.junit.platform.launcher.core.EngineExecutionOrchestrator.execute(Lorg/junit/platform/launcher/core/InternalTestPlan;[Lorg/junit/platform/launcher/TestExecutionListener;)V+35
j  org.junit.platform.launcher.core.DefaultLauncher.execute(Lorg/junit/platform/launcher/core/InternalTestPlan;[Lorg/junit/platform/launcher/TestExecutionListener;)V+6
j  org.junit.platform.launcher.core.DefaultLauncher.execute(Lorg/junit/platform/launcher/TestPlan;[Lorg/junit/platform/launcher/TestExecutionListener;)V+36
j  org.junit.platform.launcher.core.DefaultLauncherSession$DelegatingLauncher.execute(Lorg/junit/platform/launcher/TestPlan;[Lorg/junit/platform/launcher/TestExecutionListener;)V+6
j  org.junit.platform.launcher.core.SessionPerRequestLauncher.execute(Lorg/junit/platform/launcher/TestPlan;[Lorg/junit/platform/launcher/TestExecutionListener;)V+13
j  org.eclipse.jdt.internal.junit5.runner.JUnit5TestReference.run(Lorg/eclipse/jdt/internal/junit/runner/TestExecution;)V+69
j  org.eclipse.jdt.internal.junit.runner.TestExecution.run([Lorg/eclipse/jdt/internal/junit/runner/ITestReference;)V+27
j  org.eclipse.jdt.internal.junit.runner.RemoteTestRunner.runTests([Ljava/lang/String;Ljava/lang/String;Lorg/eclipse/jdt/internal/junit/runner/TestExecution;)V+62
j  org.eclipse.jdt.internal.junit.runner.RemoteTestRunner.runTests(Lorg/eclipse/jdt/internal/junit/runner/TestExecution;)V+10
j  org.eclipse.jdt.internal.junit.runner.RemoteTestRunner.run()V+70
j  org.eclipse.jdt.internal.junit.runner.RemoteTestRunner.main([Ljava/lang/String;)V+14
v  ~StubRoutines::call_stub

siginfo: EXCEPTION_ACCESS_VIOLATION (0xc0000005), reading address 0xffffffffd6fc42f0


Register to memory mapping:

RIP=0x0000000180012df1 jacob-1.14.3-x64.dll
RAX=0x00000000d6fc42f0 is an unknown value
RBX=0x00000010372fc300 is pointing into the stack for thread: 0x0000011ab8aaa450
RCX=0xffffffffd6fc42f0 is an unknown value
RDX=0x00000010372fc300 is pointing into the stack for thread: 0x0000011ab8aaa450
RSP=0x00000010372fc240 is pointing into the stack for thread: 0x0000011ab8aaa450
RBP=0x00000010372fc2e0 is pointing into the stack for thread: 0x0000011ab8aaa450
RSI=0x0 is NULL
RDI=0x0000011ab8aaa6f8 points into unknown readable memory: 0x00007ffbaf7707d0 | d0 07 77 af fb 7f 00 00
R8 =0x0000000000000032 is an unknown value
R9 =0x0000000705553f68 is an oop: com.jacob.com.Variant 
{0x0000000705553f68} - klass: 'com/jacob/com/Variant'
 - ---- fields (total size 2 words):
 - 'm_pVariant' 'I' @12  -688110864 (d6fc42f0)
R10=0x00007ffbaf7f4130 jvm.dll
R11=0x0000000000000074 is an unknown value
R12=0x0 is NULL
R13={method} {0x0000011ae0559338} 'getVariantType' '()S' in 'com/jacob/com/Variant'
R14=0x00000010372fc300 is pointing into the stack for thread: 0x0000011ab8aaa450
R15=0x0000011ab8aaa450 is a thread


Registers:
RAX=0x00000000d6fc42f0, RBX=0x00000010372fc300, RCX=0xffffffffd6fc42f0, RDX=0x00000010372fc300
RSP=0x00000010372fc240, RBP=0x00000010372fc2e0, RSI=0x0000000000000000, RDI=0x0000011ab8aaa6f8
R8 =0x0000000000000032, R9 =0x0000000705553f68, R10=0x00007ffbaf7f4130, R11=0x0000000000000074
R12=0x0000000000000000, R13=0x0000011ae0559330, R14=0x00000010372fc300, R15=0x0000011ab8aaa450
RIP=0x0000000180012df1, EFLAGS=0x0000000000010286

Top of Stack: (sp=0x00000010372fc240)
0x00000010372fc240:   00000010372fc300 0000000000000000
0x00000010372fc250:   0000011ae0559330 00007ffbaf294dce
0x00000010372fc260:   0000011abc1094fe 0000011abc10d621
0x00000010372fc270:   0000011ae0559330 0000000000000000
0x00000010372fc280:   0000011ae0559490 0000011ab8aaa450
0x00000010372fc290:   0000011abc10d2f6 00000010372fc298
0x00000010372fc2a0:   0000011ae0559330 00000010372fc300
0x00000010372fc2b0:   0000011ae0560c48 0000000000000000
0x00000010372fc2c0:   0000000705544090 0000011ae0559330
0x00000010372fc2d0:   0000000000000000 00000010372fc300
0x00000010372fc2e0:   00000010372fc350 0000011abc109612
0x00000010372fc2f0:   0000000000000000 0000011abc10af72
0x00000010372fc300:   0000000705553f68 00000010372fc308
0x00000010372fc310:   0000011ae0559468 00000010372fc360
0x00000010372fc320:   0000011ae0560c48 0000000000000000
0x00000010372fc330:   0000000705544090 0000011ae0559490 

Instructions: (pc=0x0000000180012df1)
0x0000000180012cf1:   00 85 c0 48 63 d8 74 13 48 8b cb ff 15 2e 25 00
0x0000000180012d01:   00 66 c7 03 04 00 f3 0f 11 73 08 48 8b 5c 24 40
0x0000000180012d11:   0f 28 74 24 20 48 83 c4 30 5f c3 cc cc cc cc 48
0x0000000180012d21:   89 5c 24 08 48 89 74 24 10 57 48 83 ec 20 48 8b
0x0000000180012d31:   01 41 0f b7 f0 48 8b da 48 8b f9 ff 90 f8 00 00
0x0000000180012d41:   00 4c 8b 17 4c 8d 0d 48 27 00 00 4c 8d 05 bd 33
0x0000000180012d51:   00 00 48 8b cf 48 8b d0 41 ff 92 f0 02 00 00 4c
0x0000000180012d61:   8b 0f 48 8b d3 4c 8b c0 48 8b cf 41 ff 91 20 03
0x0000000180012d71:   00 00 85 c0 48 63 c8 74 10 44 0f b7 ce 45 33 c0
0x0000000180012d81:   48 8b d1 ff 15 46 25 00 00 48 8b 5c 24 30 48 8b
0x0000000180012d91:   74 24 38 48 83 c4 20 5f c3 cc cc cc cc cc cc 48
0x0000000180012da1:   89 5c 24 08 57 48 83 ec 20 48 8b 01 48 8b da 48
0x0000000180012db1:   8b f9 ff 90 f8 00 00 00 4c 8b 17 4c 8d 0d d1 26
0x0000000180012dc1:   00 00 4c 8d 05 46 33 00 00 48 8b d0 48 8b cf 41
0x0000000180012dd1:   ff 92 f0 02 00 00 4c 8b 0f 48 8b d3 4c 8b c0 48
0x0000000180012de1:   8b cf 41 ff 91 20 03 00 00 85 c0 48 63 c8 74 0e
0x0000000180012df1:   66 8b 01 48 8b 5c 24 30 48 83 c4 20 5f c3 66 33
0x0000000180012e01:   c0 48 8b 5c 24 30 48 83 c4 20 5f c3 cc cc cc 48
0x0000000180012e11:   89 5c 24 08 57 48 83 ec 20 48 8b 01 48 8b da 48
0x0000000180012e21:   8b f9 ff 90 f8 00 00 00 4c 8b 17 4c 8d 0d 61 26
0x0000000180012e31:   00 00 4c 8d 05 d6 32 00 00 48 8b d0 48 8b cf 41
0x0000000180012e41:   ff 92 f0 02 00 00 4c 8b 0f 48 8b d3 4c 8b c0 48
0x0000000180012e51:   8b cf 41 ff 91 20 03 00 00 85 c0 48 63 c8 74 11
0x0000000180012e61:   0f b7 01 66 0f ba e0 0d 73 14 48 83 79 08 00 75
0x0000000180012e71:   0d b0 01 48 8b 5c 24 30 48 83 c4 20 5f c3 0f b7
0x0000000180012e81:   c0 85 c0 78 16 83 f8 01 7e e7 83 f8 09 74 05 83
0x0000000180012e91:   f8 0a eb 05 48 83 79 08 00 74 d6 32 c0 48 8b 5c
0x0000000180012ea1:   24 30 48 83 c4 20 5f c3 cc cc cc cc cc cc cc 48
0x0000000180012eb1:   89 5c 24 08 48 89 6c 24 10 48 89 74 24 18 57 48
0x0000000180012ec1:   83 ec 20 48 8b 01 48 8b fa 49 8b d0 49 8b d8 48
0x0000000180012ed1:   8b f1 ff 90 f8 00 00 00 4c 8b 16 4c 8d 0d b1 25
0x0000000180012ee1:   00 00 4c 8d 05 26 32 00 00 48 8b d0 48 8b ce 41 


Stack slot to memory mapping:
stack at sp + 0 slots: 0x00000010372fc300 is pointing into the stack for thread: 0x0000011ab8aaa450
stack at sp + 1 slots: 0x0 is NULL
stack at sp + 2 slots: {method} {0x0000011ae0559338} 'getVariantType' '()S' in 'com/jacob/com/Variant'
stack at sp + 3 slots: 0x00007ffbaf294dce jvm.dll
stack at sp + 4 slots: 0x0000011abc1094fe is at code_begin+1118 in an Interpreter codelet
return entry points  [0x0000011abc1090a0, 0x0000011abc109ba0]  2816 bytes
stack at sp + 5 slots: 0x0000011abc10d621 is at code_begin+993 in an Interpreter codelet
method entry point (kind = native)  [0x0000011abc10d240, 0x0000011abc10dbc0]  2432 bytes
stack at sp + 6 slots: {method} {0x0000011ae0559338} 'getVariantType' '()S' in 'com/jacob/com/Variant'
stack at sp + 7 slots: 0x0 is NULL


---------------  P R O C E S S  ---------------

Threads class SMR info:
_java_thread_list=0x0000011ad8ec3700, length=23, elements={
0x0000011ab8aaa450, 0x0000011ad6d8e760, 0x0000011ad784b510, 0x0000011ad78cb410,
0x0000011ad78cbdc0, 0x0000011ad78cc770, 0x0000011ad78d0620, 0x0000011ad78df3f0,
0x0000011ad78e1d10, 0x0000011ad78eedf0, 0x0000011ad7b92220, 0x0000011ad7ba23e0,
0x0000011ad83f6010, 0x0000011ad903a080, 0x0000011ada490ae0, 0x0000011ada7385c0,
0x0000011ada9aa7d0, 0x0000011ada4b65b0, 0x0000011ada7140a0, 0x0000011ada714570,
0x0000011ada714a40, 0x0000011ada711550, 0x0000011ada712d60
}

Java Threads: ( => current thread )
=>0x0000011ab8aaa450 JavaThread "main" [_thread_in_native, id=13416, stack(0x0000001037200000,0x0000001037300000)]
  0x0000011ad6d8e760 JavaThread "Reference Handler" daemon [_thread_blocked, id=2672, stack(0x0000001037900000,0x0000001037a00000)]
  0x0000011ad784b510 JavaThread "Finalizer" daemon [_thread_blocked, id=6848, stack(0x0000001037a00000,0x0000001037b00000)]
  0x0000011ad78cb410 JavaThread "Signal Dispatcher" daemon [_thread_blocked, id=1292, stack(0x0000001037b00000,0x0000001037c00000)]
  0x0000011ad78cbdc0 JavaThread "Attach Listener" daemon [_thread_blocked, id=244, stack(0x0000001037c00000,0x0000001037d00000)]
  0x0000011ad78cc770 JavaThread "Service Thread" daemon [_thread_blocked, id=12676, stack(0x0000001037d00000,0x0000001037e00000)]
  0x0000011ad78d0620 JavaThread "Monitor Deflation Thread" daemon [_thread_blocked, id=14100, stack(0x0000001037e00000,0x0000001037f00000)]
  0x0000011ad78df3f0 JavaThread "C2 CompilerThread0" daemon [_thread_blocked, id=8588, stack(0x0000001037f00000,0x0000001038000000)]
  0x0000011ad78e1d10 JavaThread "C1 CompilerThread0" daemon [_thread_blocked, id=1612, stack(0x0000001038000000,0x0000001038100000)]
  0x0000011ad78eedf0 JavaThread "Sweeper thread" daemon [_thread_blocked, id=12032, stack(0x0000001038100000,0x0000001038200000)]
  0x0000011ad7b92220 JavaThread "Notification Thread" daemon [_thread_blocked, id=12764, stack(0x0000001037100000,0x0000001037200000)]
  0x0000011ad7ba23e0 JavaThread "Common-Cleaner" daemon [_thread_blocked, id=5668, stack(0x0000001038300000,0x0000001038400000)]
  0x0000011ad83f6010 JavaThread "ReaderThread" [_thread_in_native, id=13832, stack(0x0000001038800000,0x0000001038900000)]
  0x0000011ad903a080 JavaThread "ForkJoinPool.commonPool-worker-1" daemon [_thread_blocked, id=8824, stack(0x0000001038700000,0x0000001038800000)]
  0x0000011ada490ae0 JavaThread "AsyncHttpClient-1-1" daemon [_thread_blocked, id=12436, stack(0x0000001038a00000,0x0000001038b00000)]
  0x0000011ada7385c0 JavaThread "Exec Default Executor" daemon [_thread_in_native, id=14484, stack(0x0000001038c00000,0x0000001038d00000)]
  0x0000011ada9aa7d0 JavaThread "Driver Service Executor" daemon [_thread_blocked, id=4476, stack(0x0000001038d00000,0x0000001038e00000)]
  0x0000011ada4b65b0 JavaThread "Driver Service Executor" daemon [_thread_blocked, id=9292, stack(0x0000001038e00000,0x0000001038f00000)]
  0x0000011ada7140a0 JavaThread "Exec Stream Pumper" daemon [_thread_in_native, id=13056, stack(0x0000001039100000,0x0000001039200000)]
  0x0000011ada714570 JavaThread "Exec Stream Pumper" daemon [_thread_in_native, id=14208, stack(0x0000001039200000,0x0000001039300000)]
  0x0000011ada714a40 JavaThread "AsyncHttpClient-1-2" daemon [_thread_in_native, id=14136, stack(0x0000001039400000,0x0000001039500000)]
  0x0000011ada711550 JavaThread "AsyncHttpClient-1-3" daemon [_thread_in_native, id=13808, stack(0x0000001039500000,0x0000001039600000)]
  0x0000011ada712d60 JavaThread "AsyncHttpClient-1-4" daemon [_thread_in_native, id=15012, stack(0x0000001039600000,0x0000001039700000)]

Other Threads:
  0x0000011ad780b580 VMThread "VM Thread" [stack: 0x0000001037800000,0x0000001037900000] [id=13380]
  0x0000011ab8b17a40 WatcherThread [stack: 0x0000001038200000,0x0000001038300000] [id=7008]
  0x0000011ab8af5050 GCTaskThread "GC Thread#0" [stack: 0x0000001037300000,0x0000001037400000] [id=7652]
  0x0000011ad8082580 GCTaskThread "GC Thread#1" [stack: 0x0000001038400000,0x0000001038500000] [id=10516]
  0x0000011ad8082830 GCTaskThread "GC Thread#2" [stack: 0x0000001038500000,0x0000001038600000] [id=2436]
  0x0000011ad8082ae0 GCTaskThread "GC Thread#3" [stack: 0x0000001038600000,0x0000001038700000] [id=12920]
  0x0000011ab8b065f0 ConcurrentGCThread "G1 Main Marker" [stack: 0x0000001037400000,0x0000001037500000] [id=3344]
  0x0000011ab8b077a0 ConcurrentGCThread "G1 Conc#0" [stack: 0x0000001037500000,0x0000001037600000] [id=9188]
  0x0000011ad6c42d20 ConcurrentGCThread "G1 Refine#0" [stack: 0x0000001037600000,0x0000001037700000] [id=6844]
  0x0000011ad6c43740 ConcurrentGCThread "G1 Service" [stack: 0x0000001037700000,0x0000001037800000] [id=7928]

Threads with active compile tasks:

VM state: not at safepoint (normal execution)

VM Mutex/Monitor currently owned by a thread: None

Heap address: 0x0000000701400000, size: 4076 MB, Compressed Oops mode: Zero based, Oop shift amount: 3

CDS archive(s) not mapped
Compressed class space mapped at: 0x0000000800000000-0x0000000840000000, reserved size: 1073741824
Narrow klass base: 0x0000000800000000, Narrow klass shift: 0, Narrow klass range: 0x40000000

GC Precious Log:
 CPUs: 4 total, 4 available
 Memory: 16302M
 Large Page Support: Disabled
 NUMA Support: Disabled
 Compressed Oops: Enabled (Zero based)
 Heap Region Size: 2M
 Heap Min Capacity: 8M
 Heap Initial Capacity: 256M
 Heap Max Capacity: 4076M
 Pre-touch: Disabled
 Parallel Workers: 4
 Concurrent Workers: 1
 Concurrent Refinement Workers: 4
 Periodic GC: Disabled

Heap:
 garbage-first heap   total 75776K, used 45095K [0x0000000701400000, 0x0000000800000000)
  region size 2048K, 5 young (10240K), 1 survivors (2048K)
 Metaspace       used 38553K, committed 38784K, reserved 1089536K
  class space    used 4533K, committed 4672K, reserved 1048576K

Heap Regions: E=young(eden), S=young(survivor), O=old, HS=humongous(starts), HC=humongous(continues), CS=collection set, F=free, OA=open archive, CA=closed archive, TAMS=top-at-mark-start (previous, next)
|   0|0x0000000701400000, 0x0000000701600000, 0x0000000701600000|100%| O|  |TAMS 0x0000000701600000, 0x0000000701400000| Untracked 
|   1|0x0000000701600000, 0x0000000701800000, 0x0000000701800000|100%| O|  |TAMS 0x0000000701800000, 0x0000000701600000| Untracked 
|   2|0x0000000701800000, 0x0000000701a00000, 0x0000000701a00000|100%| O|  |TAMS 0x0000000701a00000, 0x0000000701800000| Untracked 
|   3|0x0000000701a00000, 0x0000000701c00000, 0x0000000701c00000|100%| O|  |TAMS 0x0000000701c00000, 0x0000000701a00000| Untracked 
|   4|0x0000000701c00000, 0x0000000701e00000, 0x0000000701e00000|100%| O|  |TAMS 0x0000000701e00000, 0x0000000701c00000| Untracked 
|   5|0x0000000701e00000, 0x0000000702000000, 0x0000000702000000|100%| O|  |TAMS 0x0000000701e00000, 0x0000000701e00000| Untracked 
|   6|0x0000000702000000, 0x0000000702200000, 0x0000000702200000|100%| O|  |TAMS 0x0000000702200000, 0x0000000702000000| Untracked 
|   7|0x0000000702200000, 0x0000000702400000, 0x0000000702400000|100%| O|  |TAMS 0x0000000702400000, 0x0000000702200000| Untracked 
|   8|0x0000000702400000, 0x0000000702600000, 0x0000000702600000|100%| O|  |TAMS 0x0000000702600000, 0x0000000702400000| Untracked 
|   9|0x0000000702600000, 0x0000000702800000, 0x0000000702800000|100%| O|  |TAMS 0x0000000702800000, 0x0000000702600000| Untracked 
|  10|0x0000000702800000, 0x0000000702800000, 0x0000000702a00000|  0%| F|  |TAMS 0x0000000702800000, 0x0000000702800000| Untracked 
|  11|0x0000000702a00000, 0x0000000702c00000, 0x0000000702c00000|100%|HS|  |TAMS 0x0000000702c00000, 0x0000000702a00000| Complete 
|  12|0x0000000702c00000, 0x0000000702e00000, 0x0000000702e00000|100%|HC|  |TAMS 0x0000000702e00000, 0x0000000702c00000| Complete 
|  13|0x0000000702e00000, 0x0000000703000000, 0x0000000703000000|100%|HC|  |TAMS 0x0000000703000000, 0x0000000702e00000| Complete 
|  14|0x0000000703000000, 0x0000000703200000, 0x0000000703200000|100%|HC|  |TAMS 0x0000000703200000, 0x0000000703000000| Complete 
|  15|0x0000000703200000, 0x0000000703400000, 0x0000000703400000|100%|HC|  |TAMS 0x0000000703400000, 0x0000000703200000| Complete 
|  16|0x0000000703400000, 0x0000000703600000, 0x0000000703600000|100%|HC|  |TAMS 0x0000000703600000, 0x0000000703400000| Complete 
|  17|0x0000000703600000, 0x0000000703800000, 0x0000000703800000|100%|HC|  |TAMS 0x0000000703800000, 0x0000000703600000| Complete 
|  18|0x0000000703800000, 0x0000000703a00000, 0x0000000703a00000|100%|HC|  |TAMS 0x0000000703a00000, 0x0000000703800000| Complete 
|  19|0x0000000703a00000, 0x0000000703c00000, 0x0000000703c00000|100%|HC|  |TAMS 0x0000000703c00000, 0x0000000703a00000| Complete 
|  20|0x0000000703c00000, 0x0000000703dd1600, 0x0000000703e00000| 90%| O|  |TAMS 0x0000000703c00000, 0x0000000703c00000| Untracked 
|  21|0x0000000703e00000, 0x0000000703e00000, 0x0000000704000000|  0%| F|  |TAMS 0x0000000703e00000, 0x0000000703e00000| Untracked 
|  22|0x0000000704000000, 0x0000000704000000, 0x0000000704200000|  0%| F|  |TAMS 0x0000000704000000, 0x0000000704000000| Untracked 
|  23|0x0000000704200000, 0x0000000704200000, 0x0000000704400000|  0%| F|  |TAMS 0x0000000704200000, 0x0000000704200000| Untracked 
|  24|0x0000000704400000, 0x0000000704400000, 0x0000000704600000|  0%| F|  |TAMS 0x0000000704400000, 0x0000000704400000| Untracked 
|  25|0x0000000704600000, 0x0000000704600000, 0x0000000704800000|  0%| F|  |TAMS 0x0000000704600000, 0x0000000704600000| Untracked 
|  26|0x0000000704800000, 0x0000000704800000, 0x0000000704a00000|  0%| F|  |TAMS 0x0000000704800000, 0x0000000704800000| Untracked 
|  27|0x0000000704a00000, 0x0000000704a00000, 0x0000000704c00000|  0%| F|  |TAMS 0x0000000704a00000, 0x0000000704a00000| Untracked 
|  28|0x0000000704c00000, 0x0000000704c00000, 0x0000000704e00000|  0%| F|  |TAMS 0x0000000704c00000, 0x0000000704c00000| Untracked 
|  29|0x0000000704e00000, 0x0000000704e00000, 0x0000000705000000|  0%| F|  |TAMS 0x0000000704e00000, 0x0000000704e00000| Untracked 
|  30|0x0000000705000000, 0x0000000705000000, 0x0000000705200000|  0%| F|  |TAMS 0x0000000705000000, 0x0000000705000000| Untracked 
|  31|0x0000000705200000, 0x0000000705200000, 0x0000000705400000|  0%| F|  |TAMS 0x0000000705200000, 0x0000000705200000| Untracked 
|  32|0x0000000705400000, 0x000000070559be90, 0x0000000705600000| 80%| E|  |TAMS 0x0000000705400000, 0x0000000705400000| Complete 
| 108|0x000000070ec00000, 0x000000070ee00000, 0x000000070ee00000|100%| E|  |TAMS 0x000000070ec00000, 0x000000070ec00000| Complete 
| 109|0x000000070ee00000, 0x000000070f000000, 0x000000070f000000|100%| E|CS|TAMS 0x000000070ee00000, 0x000000070ee00000| Complete 
| 110|0x000000070f000000, 0x000000070f0387d0, 0x000000070f200000| 11%| S|CS|TAMS 0x000000070f000000, 0x000000070f000000| Complete 
| 127|0x0000000711200000, 0x0000000711400000, 0x0000000711400000|100%| E|CS|TAMS 0x0000000711200000, 0x0000000711200000| Complete 

Card table byte_map: [0x0000011acb900000,0x0000011acc100000] _byte_map_base: 0x0000011ac80f6000

Marking Bits (Prev, Next): (CMBitMap*) 0x0000011ab8af56a0, (CMBitMap*) 0x0000011ab8af5660
 Prev Bits: [0x0000011ad08b0000, 0x0000011ad4860000)
 Next Bits: [0x0000011acc900000, 0x0000011ad08b0000)

Polling page: 0x0000011ab6be0000

Metaspace:

Usage:
  Non-class:     33.22 MB used.
      Class:      4.43 MB used.
       Both:     37.65 MB used.

Virtual space:
  Non-class space:       40.00 MB reserved,      33.31 MB ( 83%) committed,  5 nodes.
      Class space:        1.00 GB reserved,       4.56 MB ( <1%) committed,  1 nodes.
             Both:        1.04 GB reserved,      37.88 MB (  4%) committed. 

Chunk freelists:
   Non-Class:  2.58 MB
       Class:  3.31 MB
        Both:  5.89 MB

MaxMetaspaceSize: unlimited
CompressedClassSpaceSize: 1.00 GB
Initial GC threshold: 21.00 MB
Current GC threshold: 61.88 MB
CDS: off
MetaspaceReclaimPolicy: balanced
 - commit_granule_bytes: 65536.
 - commit_granule_words: 8192.
 - virtual_space_node_default_size: 1048576.
 - enlarge_chunks_in_place: 1.
 - new_chunks_are_fully_committed: 0.
 - uncommit_free_chunks: 1.
 - use_allocation_guard: 0.
 - handle_deallocations: 1.


Internal statistics:

num_allocs_failed_limit: 9.
num_arena_births: 228.
num_arena_deaths: 0.
num_vsnodes_births: 6.
num_vsnodes_deaths: 0.
num_space_committed: 606.
num_space_uncommitted: 0.
num_chunks_returned_to_freelist: 9.
num_chunks_taken_from_freelist: 1085.
num_chunk_merges: 3.
num_chunk_splits: 733.
num_chunks_enlarged: 566.
num_purges: 0.
num_inconsistent_stats: 0.

CodeHeap 'non-profiled nmethods': size=120000Kb used=2139Kb max_used=2139Kb free=117861Kb
 bounds [0x0000011ac3bd0000, 0x0000011ac3e40000, 0x0000011acb100000]
CodeHeap 'profiled nmethods': size=120000Kb used=8915Kb max_used=8915Kb free=111084Kb
 bounds [0x0000011abc6a0000, 0x0000011abcf60000, 0x0000011ac3bd0000]
CodeHeap 'non-nmethods': size=5760Kb used=1278Kb max_used=1328Kb free=4481Kb
 bounds [0x0000011abc100000, 0x0000011abc370000, 0x0000011abc6a0000]
 total_blobs=4882 nmethods=4291 adapters=503
 compilation: enabled
              stopped_count=0, restarted_count=0
 full_count=0

Compilation events (20 events):
Event: 80.449 Thread 0x0000011ad78df3f0 nmethod 4282 0x0000011ac3de5f90 code [0x0000011ac3de6100, 0x0000011ac3de6198]
Event: 80.449 Thread 0x0000011ad78e1d10 nmethod 4281 0x0000011abcf52610 code [0x0000011abcf52800, 0x0000011abcf52d48]
Event: 80.454 Thread 0x0000011ad78df3f0 4283       4       io.netty.util.concurrent.AbstractEventExecutor::inEventLoop (8 bytes)
Event: 80.455 Thread 0x0000011ad78e1d10 4284       3       com.google.common.collect.ImmutableBiMap::<init> (5 bytes)
Event: 80.455 Thread 0x0000011ad78df3f0 nmethod 4283 0x0000011ac3de6290 code [0x0000011ac3de6400, 0x0000011ac3de64b8]
Event: 80.455 Thread 0x0000011ad78e1d10 nmethod 4284 0x0000011abcf52f10 code [0x0000011abcf530c0, 0x0000011abcf532f8]
Event: 80.455 Thread 0x0000011ad78e1d10 4285       3       com.google.common.collect.ImmutableBiMapFauxverideShim::<init> (5 bytes)
Event: 80.455 Thread 0x0000011ad78e1d10 nmethod 4285 0x0000011abcf53410 code [0x0000011abcf535c0, 0x0000011abcf53778]
Event: 80.455 Thread 0x0000011ad78e1d10 4286       3       com.google.common.collect.ImmutableMap::of (6 bytes)
Event: 80.455 Thread 0x0000011ad78e1d10 nmethod 4286 0x0000011abcf53890 code [0x0000011abcf53a60, 0x0000011abcf53f28]
Event: 80.462 Thread 0x0000011ad78e1d10 4287       3       com.google.common.collect.ImmutableMap$Builder::<init> (23 bytes)
Event: 80.463 Thread 0x0000011ad78e1d10 nmethod 4287 0x0000011abcf54110 code [0x0000011abcf542c0, 0x0000011abcf54538]
Event: 81.851 Thread 0x0000011ad78e1d10 4288       1       java.util.Collections$EmptyList::size (2 bytes)
Event: 81.851 Thread 0x0000011ad78e1d10 nmethod 4288 0x0000011ac3de6590 code [0x0000011ac3de6720, 0x0000011ac3de67f8]
Event: 85.478 Thread 0x0000011ad78e1d10 4289       3       java.security.PermissionCollection::<init> (5 bytes)
Event: 85.478 Thread 0x0000011ad78e1d10 nmethod 4289 0x0000011abcf54610 code [0x0000011abcf547a0, 0x0000011abcf548f8]
Event: 85.478 Thread 0x0000011ad78e1d10 4290       3       java.util.concurrent.ConcurrentHashMap::<init> (9 bytes)
Event: 85.478 Thread 0x0000011ad78e1d10 nmethod 4290 0x0000011abcf54990 code [0x0000011abcf54b60, 0x0000011abcf54ca8]
Event: 85.484 Thread 0x0000011ad78df3f0 4291   !   4       java.nio.DirectIntBufferU::get (34 bytes)
Event: 85.485 Thread 0x0000011ad78df3f0 nmethod 4291 0x0000011ac3de6890 code [0x0000011ac3de6a00, 0x0000011ac3de6ad8]

GC Heap History (20 events):
Event: 5.386 GC heap before
{Heap before GC invocations=1 (full 0):
 garbage-first heap   total 262144K, used 17864K [0x0000000701400000, 0x0000000800000000)
  region size 2048K, 6 young (12288K), 1 survivors (2048K)
 Metaspace       used 10515K, committed 10688K, reserved 1064960K
  class space    used 939K, committed 1024K, reserved 1048576K
}
Event: 5.389 GC heap after
{Heap after GC invocations=2 (full 0):
 garbage-first heap   total 262144K, used 10491K [0x0000000701400000, 0x0000000800000000)
  region size 2048K, 1 young (2048K), 1 survivors (2048K)
 Metaspace       used 10515K, committed 10688K, reserved 1064960K
  class space    used 939K, committed 1024K, reserved 1048576K
}
Event: 5.873 GC heap before
{Heap before GC invocations=2 (full 0):
 garbage-first heap   total 262144K, used 24827K [0x0000000701400000, 0x0000000800000000)
  region size 2048K, 8 young (16384K), 1 survivors (2048K)
 Metaspace       used 14237K, committed 14336K, reserved 1064960K
  class space    used 1408K, committed 1472K, reserved 1048576K
}
Event: 5.876 GC heap after
{Heap after GC invocations=3 (full 0):
 garbage-first heap   total 262144K, used 12063K [0x0000000701400000, 0x0000000800000000)
  region size 2048K, 1 young (2048K), 1 survivors (2048K)
 Metaspace       used 14237K, committed 14336K, reserved 1064960K
  class space    used 1408K, committed 1472K, reserved 1048576K
}
Event: 6.877 GC heap before
{Heap before GC invocations=3 (full 0):
 garbage-first heap   total 262144K, used 42783K [0x0000000701400000, 0x0000000800000000)
  region size 2048K, 17 young (34816K), 1 survivors (2048K)
 Metaspace       used 21295K, committed 21504K, reserved 1073152K
  class space    used 2293K, committed 2432K, reserved 1048576K
}
Event: 6.883 GC heap after
{Heap after GC invocations=4 (full 0):
 garbage-first heap   total 262144K, used 15689K [0x0000000701400000, 0x0000000800000000)
  region size 2048K, 3 young (6144K), 3 survivors (6144K)
 Metaspace       used 21295K, committed 21504K, reserved 1073152K
  class space    used 2293K, committed 2432K, reserved 1048576K
}
Event: 8.637 GC heap before
{Heap before GC invocations=5 (full 0):
 garbage-first heap   total 69632K, used 50505K [0x0000000701400000, 0x0000000800000000)
  region size 2048K, 20 young (40960K), 3 survivors (6144K)
 Metaspace       used 30131K, committed 30400K, reserved 1081344K
  class space    used 3410K, committed 3520K, reserved 1048576K
}
Event: 8.643 GC heap after
{Heap after GC invocations=6 (full 0):
 garbage-first heap   total 69632K, used 19616K [0x0000000701400000, 0x0000000800000000)
  region size 2048K, 2 young (4096K), 2 survivors (4096K)
 Metaspace       used 30131K, committed 30400K, reserved 1081344K
  class space    used 3410K, committed 3520K, reserved 1048576K
}
Event: 8.694 GC heap before
{Heap before GC invocations=6 (full 0):
 garbage-first heap   total 69632K, used 21664K [0x0000000701400000, 0x0000000800000000)
  region size 2048K, 3 young (6144K), 2 survivors (4096K)
 Metaspace       used 30526K, committed 30784K, reserved 1081344K
  class space    used 3467K, committed 3584K, reserved 1048576K
}
Event: 8.697 GC heap after
{Heap after GC invocations=7 (full 0):
 garbage-first heap   total 69632K, used 20439K [0x0000000701400000, 0x0000000800000000)
  region size 2048K, 1 young (2048K), 1 survivors (2048K)
 Metaspace       used 30526K, committed 30784K, reserved 1081344K
  class space    used 3467K, committed 3584K, reserved 1048576K
}
Event: 9.687 GC heap before
{Heap before GC invocations=7 (full 0):
 garbage-first heap   total 69632K, used 36823K [0x0000000701400000, 0x0000000800000000)
  region size 2048K, 10 young (20480K), 1 survivors (2048K)
 Metaspace       used 34607K, committed 34752K, reserved 1081344K
  class space    used 4081K, committed 4160K, reserved 1048576K
}
Event: 9.689 GC heap after
{Heap after GC invocations=8 (full 0):
 garbage-first heap   total 69632K, used 20942K [0x0000000701400000, 0x0000000800000000)
  region size 2048K, 1 young (2048K), 1 survivors (2048K)
 Metaspace       used 34607K, committed 34752K, reserved 1081344K
  class space    used 4081K, committed 4160K, reserved 1048576K
}
Event: 11.788 GC heap before
{Heap before GC invocations=8 (full 0):
 garbage-first heap   total 69632K, used 43470K [0x0000000701400000, 0x0000000800000000)
  region size 2048K, 4 young (8192K), 1 survivors (2048K)
 Metaspace       used 35685K, committed 35968K, reserved 1081344K
  class space    used 4240K, committed 4416K, reserved 1048576K
}
Event: 11.789 GC heap after
{Heap after GC invocations=9 (full 0):
 garbage-first heap   total 69632K, used 39745K [0x0000000701400000, 0x0000000800000000)
  region size 2048K, 1 young (2048K), 1 survivors (2048K)
 Metaspace       used 35685K, committed 35968K, reserved 1081344K
  class space    used 4240K, committed 4416K, reserved 1048576K
}
Event: 26.344 GC heap before
{Heap before GC invocations=10 (full 0):
 garbage-first heap   total 71680K, used 49985K [0x0000000701400000, 0x0000000800000000)
  region size 2048K, 7 young (14336K), 1 survivors (2048K)
 Metaspace       used 37757K, committed 38016K, reserved 1089536K
  class space    used 4499K, committed 4608K, reserved 1048576K
}
Event: 26.347 GC heap after
{Heap after GC invocations=11 (full 0):
 garbage-first heap   total 71680K, used 41279K [0x0000000701400000, 0x0000000800000000)
  region size 2048K, 1 young (2048K), 1 survivors (2048K)
 Metaspace       used 37757K, committed 38016K, reserved 1089536K
  class space    used 4499K, committed 4608K, reserved 1048576K
}
Event: 47.855 GC heap before
{Heap before GC invocations=12 (full 0):
 garbage-first heap   total 75776K, used 51519K [0x0000000701400000, 0x0000000800000000)
  region size 2048K, 7 young (14336K), 1 survivors (2048K)
 Metaspace       used 38181K, committed 38464K, reserved 1089536K
  class space    used 4518K, committed 4672K, reserved 1048576K
}
Event: 47.857 GC heap after
{Heap after GC invocations=13 (full 0):
 garbage-first heap   total 75776K, used 41593K [0x0000000701400000, 0x0000000800000000)
  region size 2048K, 1 young (2048K), 1 survivors (2048K)
 Metaspace       used 38181K, committed 38464K, reserved 1089536K
  class space    used 4518K, committed 4672K, reserved 1048576K
}
Event: 65.004 GC heap before
{Heap before GC invocations=13 (full 0):
 garbage-first heap   total 75776K, used 43641K [0x0000000701400000, 0x0000000800000000)
  region size 2048K, 2 young (4096K), 1 survivors (2048K)
 Metaspace       used 38215K, committed 38528K, reserved 1089536K
  class space    used 4518K, committed 4672K, reserved 1048576K
}
Event: 65.007 GC heap after
{Heap after GC invocations=14 (full 0):
 garbage-first heap   total 75776K, used 40999K [0x0000000701400000, 0x0000000800000000)
  region size 2048K, 1 young (2048K), 1 survivors (2048K)
 Metaspace       used 38215K, committed 38528K, reserved 1089536K
  class space    used 4518K, committed 4672K, reserved 1048576K
}

Deoptimization events (20 events):
Event: 13.732 Thread 0x0000011ab8aaa450 DEOPT PACKING pc=0x0000011abcc3831c sp=0x00000010372fc0a0
Event: 13.732 Thread 0x0000011ab8aaa450 DEOPT UNPACKING pc=0x0000011abc152b43 sp=0x00000010372fb5f8 mode 0
Event: 26.336 Thread 0x0000011ab8aaa450 Uncommon trap: trap_request=0xffffffde fr.pc=0x0000011ac3cebc4c relative=0x000000000000048c
Event: 26.336 Thread 0x0000011ab8aaa450 Uncommon trap: reason=class_check action=maybe_recompile pc=0x0000011ac3cebc4c method=java.lang.AbstractStringBuilder.append(Ljava/lang/CharSequence;II)Ljava/lang/AbstractStringBuilder; @ 10 c2
Event: 26.336 Thread 0x0000011ab8aaa450 DEOPT PACKING pc=0x0000011ac3cebc4c sp=0x00000010372fb710
Event: 26.336 Thread 0x0000011ab8aaa450 DEOPT UNPACKING pc=0x0000011abc1523a3 sp=0x00000010372fb6c8 mode 2
Event: 26.336 Thread 0x0000011ab8aaa450 Uncommon trap: trap_request=0xffffffde fr.pc=0x0000011ac3cebc4c relative=0x000000000000048c
Event: 26.336 Thread 0x0000011ab8aaa450 Uncommon trap: reason=class_check action=maybe_recompile pc=0x0000011ac3cebc4c method=java.lang.AbstractStringBuilder.append(Ljava/lang/CharSequence;II)Ljava/lang/AbstractStringBuilder; @ 10 c2
Event: 26.336 Thread 0x0000011ab8aaa450 DEOPT PACKING pc=0x0000011ac3cebc4c sp=0x00000010372fb710
Event: 26.336 Thread 0x0000011ab8aaa450 DEOPT UNPACKING pc=0x0000011abc1523a3 sp=0x00000010372fb6c8 mode 2
Event: 26.337 Thread 0x0000011ab8aaa450 Uncommon trap: trap_request=0xffffffde fr.pc=0x0000011ac3cebc4c relative=0x000000000000048c
Event: 26.337 Thread 0x0000011ab8aaa450 Uncommon trap: reason=class_check action=maybe_recompile pc=0x0000011ac3cebc4c method=java.lang.AbstractStringBuilder.append(Ljava/lang/CharSequence;II)Ljava/lang/AbstractStringBuilder; @ 10 c2
Event: 26.337 Thread 0x0000011ab8aaa450 DEOPT PACKING pc=0x0000011ac3cebc4c sp=0x00000010372fb710
Event: 26.337 Thread 0x0000011ab8aaa450 DEOPT UNPACKING pc=0x0000011abc1523a3 sp=0x00000010372fb6c8 mode 2
Event: 26.337 Thread 0x0000011ab8aaa450 Uncommon trap: trap_request=0xffffffde fr.pc=0x0000011ac3cebc4c relative=0x000000000000048c
Event: 26.337 Thread 0x0000011ab8aaa450 Uncommon trap: reason=class_check action=maybe_recompile pc=0x0000011ac3cebc4c method=java.lang.AbstractStringBuilder.append(Ljava/lang/CharSequence;II)Ljava/lang/AbstractStringBuilder; @ 10 c2
Event: 26.337 Thread 0x0000011ab8aaa450 DEOPT PACKING pc=0x0000011ac3cebc4c sp=0x00000010372fb710
Event: 26.337 Thread 0x0000011ab8aaa450 DEOPT UNPACKING pc=0x0000011abc1523a3 sp=0x00000010372fb6c8 mode 2
Event: 26.730 Thread 0x0000011ab8aaa450 DEOPT PACKING pc=0x0000011abcde4f33 sp=0x00000010372fb5d0
Event: 26.730 Thread 0x0000011ab8aaa450 DEOPT UNPACKING pc=0x0000011abc152b43 sp=0x00000010372faa80 mode 0

Classes unloaded (0 events):
No events

Classes redefined (0 events):
No events

Internal exceptions (20 events):
Event: 8.839 Thread 0x0000011ada7385c0 Exception <a 'java/lang/NoSuchMethodError'{0x000000070eef0408}: 'void java.lang.invoke.DirectMethodHandle$Holder.invokeStatic(java.lang.Object, long)'> (0x000000070eef0408) 
thrown [e:\jenkins\tmp\workspace\build\src\src\hotspot\share\interpreter\linkResolver.cpp, line 766]
Event: 8.839 Thread 0x0000011ada7385c0 Exception <a 'java/lang/NoSuchMethodError'{0x000000070eef57b0}: 'java.lang.Object java.lang.invoke.DirectMethodHandle$Holder.newInvokeSpecial(java.lang.Object, long)'> (0x000000070eef57b0) 
thrown [e:\jenkins\tmp\workspace\build\src\src\hotspot\share\interpreter\linkResolver.cpp, line 766]
Event: 8.841 Thread 0x0000011ada7385c0 Exception <a 'java/lang/NoSuchMethodError'{0x000000070eeff9a8}: 'java.lang.Object java.lang.invoke.DirectMethodHandle$Holder.invokeStaticInit(java.lang.Object, java.lang.Object, long, java.lang.Object)'> (0x000000070eeff9a8) 
thrown [e:\jenkins\tmp\workspace\build\src\src\hotspot\share\interpreter\linkResolver.cpp, line 766]
Event: 8.841 Thread 0x0000011ada7385c0 Exception <a 'java/lang/NoSuchMethodError'{0x000000070ef059f0}: 'java.lang.Object java.lang.invoke.DirectMethodHandle$Holder.newInvokeSpecial(java.lang.Object, java.lang.Object, long)'> (0x000000070ef059f0) 
thrown [e:\jenkins\tmp\workspace\build\src\src\hotspot\share\interpreter\linkResolver.cpp, line 766]
Event: 8.841 Thread 0x0000011ada7385c0 Exception <a 'java/lang/NoSuchMethodError'{0x000000070ef09560}: 'java.lang.Object java.lang.invoke.Invokers$Holder.linkToTargetMethod(java.lang.Object, long, java.lang.Object)'> (0x000000070ef09560) 
thrown [e:\jenkins\tmp\workspace\build\src\src\hotspot\share\interpreter\linkResolver.cpp, line 766]
Event: 8.880 Thread 0x0000011ada711a20 Exception <a 'java/net/ConnectException'{0x000000070ef5b998}: Connection refused: no further information> (0x000000070ef5b998) 
thrown [e:\jenkins\tmp\workspace\build\src\src\hotspot\share\prims\jni.cpp, line 535]
Event: 8.880 Thread 0x0000011ada711a20 Exception <a 'java/net/SocketException'{0x000000070ef5bcd0}: Socket is not connected: shutdown> (0x000000070ef5bcd0) 
thrown [e:\jenkins\tmp\workspace\build\src\src\hotspot\share\prims\jni.cpp, line 535]
Event: 8.976 Thread 0x0000011ada711a20 Exception <a 'java/net/ConnectException'{0x000000070ef5cc68}: Connection refused: no further information> (0x000000070ef5cc68) 
thrown [e:\jenkins\tmp\workspace\build\src\src\hotspot\share\prims\jni.cpp, line 535]
Event: 8.976 Thread 0x0000011ada711a20 Exception <a 'java/net/SocketException'{0x000000070ef5cfa0}: Socket is not connected: shutdown> (0x000000070ef5cfa0) 
thrown [e:\jenkins\tmp\workspace\build\src\src\hotspot\share\prims\jni.cpp, line 535]
Event: 9.170 Thread 0x0000011ab8aaa450 Exception <a 'java/lang/NoSuchMethodError'{0x000000070ec54038}: 'double java.lang.invoke.DirectMethodHandle$Holder.invokeVirtual(java.lang.Object, java.lang.Object)'> (0x000000070ec54038) 
thrown [e:\jenkins\tmp\workspace\build\src\src\hotspot\share\interpreter\linkResolver.cpp, line 766]
Event: 9.171 Thread 0x0000011ab8aaa450 Exception <a 'java/lang/NoSuchMethodError'{0x000000070ec5aa88}: 'float java.lang.invoke.DirectMethodHandle$Holder.invokeVirtual(java.lang.Object, java.lang.Object)'> (0x000000070ec5aa88) 
thrown [e:\jenkins\tmp\workspace\build\src\src\hotspot\share\interpreter\linkResolver.cpp, line 766]
Event: 9.171 Thread 0x0000011ab8aaa450 Exception <a 'java/lang/NoSuchMethodError'{0x000000070ec63d48}: 'long java.lang.invoke.DirectMethodHandle$Holder.invokeVirtual(java.lang.Object, java.lang.Object)'> (0x000000070ec63d48) 
thrown [e:\jenkins\tmp\workspace\build\src\src\hotspot\share\interpreter\linkResolver.cpp, line 766]
Event: 9.201 Thread 0x0000011ab8aaa450 Exception <a 'java/lang/NoSuchMethodError'{0x000000070edb59b0}: 'void java.lang.invoke.DirectMethodHandle$Holder.invokeStatic(java.lang.Object, java.lang.Object, int)'> (0x000000070edb59b0) 
thrown [e:\jenkins\tmp\workspace\build\src\src\hotspot\share\interpreter\linkResolver.cpp, line 766]
Event: 9.252 Thread 0x0000011ab8aaa450 Exception <a 'java/lang/NoSuchMethodError'{0x0000000704c4c8f0}: 'int java.lang.invoke.DirectMethodHandle$Holder.invokeSpecialIFC(java.lang.Object, java.lang.Object, java.lang.Object)'> (0x0000000704c4c8f0) 
thrown [e:\jenkins\tmp\workspace\build\src\src\hotspot\share\interpreter\linkResolver.cpp, line 766]
Event: 9.339 Thread 0x0000011ab8aaa450 Exception <a 'java/lang/NoSuchMethodError'{0x0000000704bd8040}: 'void java.lang.invoke.DirectMethodHandle$Holder.invokeSpecial(java.lang.Object, java.lang.Object, java.lang.Object, java.lang.Object, java.lang.Object, java.lang.Object)'> (0x0000000704bd8040) 
thrown [e:\jenkins\tmp\workspace\build\src\src\hotspot\share\interpreter\linkResolver.cpp, line 766]
Event: 11.771 Thread 0x0000011ab8aaa450 Exception <a 'java/lang/NoSuchMethodError'{0x000000070f16e130}: 'java.lang.Object java.lang.invoke.DirectMethodHandle$Holder.invokeSpecialIFC(java.lang.Object, java.lang.Object, java.lang.Object)'> (0x000000070f16e130) 
thrown [e:\jenkins\tmp\workspace\build\src\src\hotspot\share\interpreter\linkResolver.cpp, line 766]
Event: 11.794 Thread 0x0000011ab8aaa450 Exception <a 'java/lang/NoSuchMethodError'{0x0000000711208a58}: 'java.lang.Object java.lang.invoke.DirectMethodHandle$Holder.invokeStatic(java.lang.Object, int, java.lang.Object)'> (0x0000000711208a58) 
thrown [e:\jenkins\tmp\workspace\build\src\src\hotspot\share\interpreter\linkResolver.cpp, line 766]
Event: 11.801 Thread 0x0000011ab8aaa450 Exception <a 'java/lang/ClassNotFoundException'{0x000000071121ab30}: sun/util/logging/resources/spi/loggingProvider> (0x000000071121ab30) 
thrown [e:\jenkins\tmp\workspace\build\src\src\hotspot\share\classfile\systemDictionary.cpp, line 256]
Event: 13.654 Thread 0x0000011ab8aaa450 Exception <a 'java/lang/NoSuchMethodError'{0x000000070eee5768}: 'void java.lang.invoke.DirectMethodHandle$Holder.invokeVirtual(java.lang.Object, java.lang.Object)'> (0x000000070eee5768) 
thrown [e:\jenkins\tmp\workspace\build\src\src\hotspot\share\interpreter\linkResolver.cpp, line 766]
Event: 28.868 Thread 0x0000011ab8aaa450 Exception <a 'java/lang/ClassNotFoundException'{0x000000070ec70c70}: sun/misc/SharedSecrets> (0x000000070ec70c70) 
thrown [e:\jenkins\tmp\workspace\build\src\src\hotspot\share\classfile\systemDictionary.cpp, line 256]

VM Operations (20 events):
Event: 47.855 Executing VM operation: G1CollectForAllocation
Event: 47.857 Executing VM operation: G1CollectForAllocation done
Event: 48.868 Executing VM operation: Cleanup
Event: 48.869 Executing VM operation: Cleanup done
Event: 50.883 Executing VM operation: Cleanup
Event: 50.883 Executing VM operation: Cleanup done
Event: 65.004 Executing VM operation: G1CollectForAllocation
Event: 65.008 Executing VM operation: G1CollectForAllocation done
Event: 66.021 Executing VM operation: Cleanup
Event: 66.021 Executing VM operation: Cleanup done
Event: 70.056 Executing VM operation: Cleanup
Event: 70.056 Executing VM operation: Cleanup done
Event: 72.079 Executing VM operation: Cleanup
Event: 72.079 Executing VM operation: Cleanup done
Event: 76.111 Executing VM operation: Cleanup
Event: 76.111 Executing VM operation: Cleanup done
Event: 81.164 Executing VM operation: Cleanup
Event: 81.164 Executing VM operation: Cleanup done
Event: 86.211 Executing VM operation: Cleanup
Event: 86.211 Executing VM operation: Cleanup done

Events (20 events):
Event: 19.220 loading class jdk/internal/reflect/UnsafeStaticObjectFieldAccessorImpl done
Event: 19.220 loading class java/util/AbstractList$ListItr
Event: 19.221 loading class java/util/AbstractList$ListItr done
Event: 26.307 loading class java/time/Clock$SystemClock
Event: 26.307 loading class java/time/Clock$SystemClock done
Event: 26.314 loading class java/time/Instant$1
Event: 26.314 loading class java/time/Instant$1 done
Event: 26.349 Thread 0x0000011ad9e88300 Thread added: 0x0000011ad9e88300
Event: 26.538 Thread 0x0000011ad9e88300 Thread exited: 0x0000011ad9e88300
Event: 26.721 loading class java/util/function/BooleanSupplier
Event: 26.721 loading class java/util/function/BooleanSupplier done
Event: 28.868 loading class sun/misc/SharedSecrets
Event: 28.868 loading class sun/misc/SharedSecrets done
Event: 69.158 loading class java/util/IdentityHashMap$KeyIterator
Event: 69.158 loading class java/util/IdentityHashMap$IdentityHashMapIterator
Event: 69.158 loading class java/util/IdentityHashMap$IdentityHashMapIterator done
Event: 69.158 loading class java/util/IdentityHashMap$KeyIterator done
Event: 69.158 Thread 0x0000011ada711a20 Thread exited: 0x0000011ada711a20
Event: 71.860 Thread 0x0000011ad9c7b470 Thread exited: 0x0000011ad9c7b470
Event: 85.543 Loaded shared library C:\Users\Siddhant.Ingole.IN\eclipse-workspace\DS-2.0\AutoItLib\jacob-1.14.3-x64.dll


Dynamic libraries:
0x00007ff6e2530000 - 0x00007ff6e253e000 	C:\Users\siddhant.ingole\.p2\pool\plugins\org.eclipse.justj.openjdk.hotspot.jre.full.win32.x86_64_17.0.2.v20220201-1208\jre\bin\javaw.exe
0x00007ffbe0dd0000 - 0x00007ffbe0fc8000 	C:\Windows\SYSTEM32\ntdll.dll
0x00007ffbdfa00000 - 0x00007ffbdfabd000 	C:\Windows\System32\KERNEL32.DLL
0x00007ffbdeb60000 - 0x00007ffbdee2e000 	C:\Windows\System32\KERNELBASE.dll
0x0000000054660000 - 0x000000005470e000 	C:\Windows\System32\SYSFER.DLL
0x00007ffbc1340000 - 0x00007ffbc167a000 	C:\Windows\system32\ctiuser.dll
0x00007ffbde660000 - 0x00007ffbde760000 	C:\Windows\System32\ucrtbase.dll
0x00007ffbccaa0000 - 0x00007ffbccab8000 	C:\Users\siddhant.ingole\.p2\pool\plugins\org.eclipse.justj.openjdk.hotspot.jre.full.win32.x86_64_17.0.2.v20220201-1208\jre\bin\jli.dll
0x00007ffbdf340000 - 0x00007ffbdf4e0000 	C:\Windows\System32\USER32.dll
0x00007ffbde520000 - 0x00007ffbde542000 	C:\Windows\System32\win32u.dll
0x00007ffbdf310000 - 0x00007ffbdf33a000 	C:\Windows\System32\GDI32.dll
0x00007ffbde550000 - 0x00007ffbde65b000 	C:\Windows\System32\gdi32full.dll
0x00007ffbde880000 - 0x00007ffbde91d000 	C:\Windows\System32\msvcp_win.dll
0x00007ffbc0a30000 - 0x00007ffbc0a49000 	C:\Users\siddhant.ingole\.p2\pool\plugins\org.eclipse.justj.openjdk.hotspot.jre.full.win32.x86_64_17.0.2.v20220201-1208\jre\bin\VCRUNTIME140.dll
0x00007ffbcdfe0000 - 0x00007ffbce27a000 	C:\Windows\WinSxS\amd64_microsoft.windows.common-controls_6595b64144ccf1df_6.0.19041.1110_none_60b5254171f9507e\COMCTL32.dll
0x00007ffbdfd10000 - 0x00007ffbdfdae000 	C:\Windows\System32\msvcrt.dll
0x00007ffbdff30000 - 0x00007ffbdffde000 	C:\Windows\System32\ADVAPI32.dll
0x00007ffbdee30000 - 0x00007ffbdeecc000 	C:\Windows\System32\sechost.dll
0x00007ffbdffe0000 - 0x00007ffbe0105000 	C:\Windows\System32\RPCRT4.dll
0x00007ffbd7b40000 - 0x00007ffbd7b4b000 	C:\Windows\system32\FLTLIB.DLL
0x00007ffbdf0e0000 - 0x00007ffbdf110000 	C:\Windows\System32\IMM32.DLL
0x00007ffbc4360000 - 0x00007ffbc436c000 	C:\Users\siddhant.ingole\.p2\pool\plugins\org.eclipse.justj.openjdk.hotspot.jre.full.win32.x86_64_17.0.2.v20220201-1208\jre\bin\vcruntime140_1.dll
0x00007ffbb2810000 - 0x00007ffbb28a1000 	C:\Users\siddhant.ingole\.p2\pool\plugins\org.eclipse.justj.openjdk.hotspot.jre.full.win32.x86_64_17.0.2.v20220201-1208\jre\bin\msvcp140.dll
0x00007ffbaec70000 - 0x00007ffbaf8b7000 	C:\Users\siddhant.ingole\.p2\pool\plugins\org.eclipse.justj.openjdk.hotspot.jre.full.win32.x86_64_17.0.2.v20220201-1208\jre\bin\server\jvm.dll
0x00007ffbdf110000 - 0x00007ffbdf118000 	C:\Windows\System32\PSAPI.DLL
0x00007ffbb9d00000 - 0x00007ffbb9d09000 	C:\Windows\SYSTEM32\WSOCK32.dll
0x00007ffbdf610000 - 0x00007ffbdf67b000 	C:\Windows\System32\WS2_32.dll
0x00007ffbbd870000 - 0x00007ffbbd897000 	C:\Windows\SYSTEM32\WINMM.dll
0x00007ffbd6ab0000 - 0x00007ffbd6aba000 	C:\Windows\SYSTEM32\VERSION.dll
0x00007ffbdc410000 - 0x00007ffbdc422000 	C:\Windows\SYSTEM32\kernel.appcore.dll
0x00007ffbc4200000 - 0x00007ffbc420a000 	C:\Users\siddhant.ingole\.p2\pool\plugins\org.eclipse.justj.openjdk.hotspot.jre.full.win32.x86_64_17.0.2.v20220201-1208\jre\bin\jimage.dll
0x00007ffbcc030000 - 0x00007ffbcc214000 	C:\Windows\SYSTEM32\DBGHELP.DLL
0x00007ffbcc430000 - 0x00007ffbcc45c000 	C:\Windows\SYSTEM32\dbgcore.DLL
0x00007ffbde920000 - 0x00007ffbde9a2000 	C:\Windows\System32\bcryptPrimitives.dll
0x00007ffbc0a00000 - 0x00007ffbc0a25000 	C:\Users\siddhant.ingole\.p2\pool\plugins\org.eclipse.justj.openjdk.hotspot.jre.full.win32.x86_64_17.0.2.v20220201-1208\jre\bin\java.dll
0x00007ffbc09e0000 - 0x00007ffbc09f8000 	C:\Users\siddhant.ingole\.p2\pool\plugins\org.eclipse.justj.openjdk.hotspot.jre.full.win32.x86_64_17.0.2.v20220201-1208\jre\bin\zip.dll
0x00007ffbe0170000 - 0x00007ffbe08b4000 	C:\Windows\System32\SHELL32.dll
0x00007ffbdc610000 - 0x00007ffbdcda4000 	C:\Windows\SYSTEM32\windows.storage.dll
0x00007ffbdf680000 - 0x00007ffbdf9d4000 	C:\Windows\System32\combase.dll
0x00007ffbddee0000 - 0x00007ffbddf10000 	C:\Windows\SYSTEM32\Wldp.dll
0x00007ffbdfdb0000 - 0x00007ffbdfe5d000 	C:\Windows\System32\SHCORE.dll
0x00007ffbdf200000 - 0x00007ffbdf255000 	C:\Windows\System32\shlwapi.dll
0x00007ffbde430000 - 0x00007ffbde44f000 	C:\Windows\SYSTEM32\profapi.dll
0x00007ffbc09c0000 - 0x00007ffbc09d9000 	C:\Users\siddhant.ingole\.p2\pool\plugins\org.eclipse.justj.openjdk.hotspot.jre.full.win32.x86_64_17.0.2.v20220201-1208\jre\bin\net.dll
0x00007ffbd7b50000 - 0x00007ffbd7c5a000 	C:\Windows\SYSTEM32\WINHTTP.dll
0x00007ffbddc40000 - 0x00007ffbddcaa000 	C:\Windows\system32\mswsock.dll
0x00007ffbc09a0000 - 0x00007ffbc09b5000 	C:\Users\siddhant.ingole\.p2\pool\plugins\org.eclipse.justj.openjdk.hotspot.jre.full.win32.x86_64_17.0.2.v20220201-1208\jre\bin\nio.dll
0x00007ffbdd930000 - 0x00007ffbdd96b000 	C:\Windows\SYSTEM32\IPHLPAPI.DLL
0x00007ffbdf9e0000 - 0x00007ffbdf9e8000 	C:\Windows\System32\NSI.dll
0x00007ffbd8630000 - 0x00007ffbd8647000 	C:\Windows\SYSTEM32\dhcpcsvc6.DLL
0x00007ffbd8610000 - 0x00007ffbd862d000 	C:\Windows\SYSTEM32\dhcpcsvc.DLL
0x00007ffbdd980000 - 0x00007ffbdda4a000 	C:\Windows\SYSTEM32\DNSAPI.dll
0x00007ffbc3d40000 - 0x00007ffbc3d50000 	C:\Users\siddhant.ingole\.p2\pool\plugins\org.eclipse.justj.openjdk.hotspot.jre.full.win32.x86_64_17.0.2.v20220201-1208\jre\bin\verify.dll
0x00007ffbcde10000 - 0x00007ffbcde19000 	C:\Users\siddhant.ingole\.p2\pool\plugins\org.eclipse.justj.openjdk.hotspot.jre.full.win32.x86_64_17.0.2.v20220201-1208\jre\bin\prefs.dll
0x00007ffbdde30000 - 0x00007ffbdde48000 	C:\Windows\SYSTEM32\CRYPTSP.dll
0x00007ffbdd560000 - 0x00007ffbdd594000 	C:\Windows\system32\rsaenh.dll
0x00007ffbde4f0000 - 0x00007ffbde517000 	C:\Windows\System32\bcrypt.dll
0x00007ffbde3f0000 - 0x00007ffbde41e000 	C:\Windows\SYSTEM32\USERENV.dll
0x00007ffbdde50000 - 0x00007ffbdde5c000 	C:\Windows\SYSTEM32\CRYPTBASE.dll
0x00007ffbd7b30000 - 0x00007ffbd7b3a000 	C:\Windows\System32\rasadhlp.dll
0x00007ffbd8180000 - 0x00007ffbd8200000 	C:\Windows\System32\fwpuclnt.dll
0x00007ffbda090000 - 0x00007ffbda099000 	C:\Users\siddhant.ingole\.p2\pool\plugins\org.eclipse.justj.openjdk.hotspot.jre.full.win32.x86_64_17.0.2.v20220201-1208\jre\bin\management.dll
0x00007ffbc4a20000 - 0x00007ffbc4a2b000 	C:\Users\siddhant.ingole\.p2\pool\plugins\org.eclipse.justj.openjdk.hotspot.jre.full.win32.x86_64_17.0.2.v20220201-1208\jre\bin\management_ext.dll
0x00007ffbc4a10000 - 0x00007ffbc4a1e000 	C:\Users\siddhant.ingole\.p2\pool\plugins\org.eclipse.justj.openjdk.hotspot.jre.full.win32.x86_64_17.0.2.v20220201-1208\jre\bin\sunmscapi.dll
0x00007ffbde9b0000 - 0x00007ffbdeb06000 	C:\Windows\System32\CRYPT32.dll
0x00007ffbddf50000 - 0x00007ffbddf77000 	C:\Windows\SYSTEM32\ncrypt.dll
0x00007ffbddf10000 - 0x00007ffbddf4b000 	C:\Windows\SYSTEM32\NTASN1.dll
0x00007ffbcca90000 - 0x00007ffbcca97000 	C:\Windows\system32\wshunix.dll
0x00007ffbc4d60000 - 0x00007ffbc4d77000 	C:\Windows\system32\napinsp.dll
0x00007ffbc4d80000 - 0x00007ffbc4d9b000 	C:\Windows\system32\pnrpnsp.dll
0x00007ffbceb40000 - 0x00007ffbceb55000 	C:\Windows\system32\wshbth.dll
0x00007ffbd9f10000 - 0x00007ffbd9f2d000 	C:\Windows\system32\NLAapi.dll
0x00007ffbceb60000 - 0x00007ffbceb72000 	C:\Windows\System32\winrnr.dll
0x0000000180000000 - 0x0000000180021000 	C:\Users\Siddhant.Ingole.IN\eclipse-workspace\DS-2.0\AutoItLib\jacob-1.14.3-x64.dll
0x00007ffbdfac0000 - 0x00007ffbdfbea000 	C:\Windows\System32\ole32.dll
0x00007ffbdfe60000 - 0x00007ffbdff2d000 	C:\Windows\System32\OLEAUT32.dll
0x0000000052b00000 - 0x0000000052bc9000 	C:\Windows\WinSxS\amd64_microsoft.vc80.crt_1fc8b3b9a1e18e3b_8.0.50727.9672_none_88e266cb2fac7c0d\MSVCR80.dll
0x00007ffbdf260000 - 0x00007ffbdf309000 	C:\Windows\System32\clbcatq.dll
0x00007ffbdbec0000 - 0x00007ffbdbf5e000 	C:\Windows\system32\uxtheme.dll
0x0000011ad6f30000 - 0x0000011ad6fb2000 	C:\Users\Siddhant.Ingole.IN\eclipse-workspace\DrySign\AutoItLib\AutoItX3_x64.dll
0x00007ffbce860000 - 0x00007ffbce87d000 	C:\Windows\SYSTEM32\MPR.dll

dbghelp: loaded successfully - version: 4.0.5 - missing functions: none
symbol engine: initialized successfully - sym options: 0x614 - pdb path: .;C:\Users\siddhant.ingole\.p2\pool\plugins\org.eclipse.justj.openjdk.hotspot.jre.full.win32.x86_64_17.0.2.v20220201-1208\jre\bin;C:\Windows\SYSTEM32;C:\Windows\WinSxS\amd64_microsoft.windows.common-controls_6595b64144ccf1df_6.0.19041.1110_none_60b5254171f9507e;C:\Users\siddhant.ingole\.p2\pool\plugins\org.eclipse.justj.openjdk.hotspot.jre.full.win32.x86_64_17.0.2.v20220201-1208\jre\bin\server;C:\Users\Siddhant.Ingole.IN\eclipse-workspace\DS-2.0\AutoItLib;C:\Windows\WinSxS\amd64_microsoft.vc80.crt_1fc8b3b9a1e18e3b_8.0.50727.9672_none_88e266cb2fac7c0d;C:\Users\Siddhant.Ingole.IN\eclipse-workspace\DrySign\AutoItLib

VM Arguments:
jvm_args: -ea -Dfile.encoding=Cp1252 -XX:+ShowCodeDetailsInExceptionMessages 
java_command: org.eclipse.jdt.internal.junit.runner.RemoteTestRunner -version 3 -port 55180 -testLoaderClass org.eclipse.jdt.internal.junit5.runner.JUnit5TestLoader -loaderpluginname org.eclipse.jdt.junit5.runtime -classNames runner.RunnerTest
java_class_path (initial): C:\Users\Siddhant.Ingole.IN\eclipse-workspace\DS-2.0\target\test-classes;C:\Users\Siddhant.Ingole.IN\eclipse-workspace\DS-2.0\target\classes;C:\Users\siddhant.ingole\.p2\pool\plugins\org.junit.jupiter.api_5.8.1.v20211018-1956.jar;C:\Users\siddhant.ingole\.p2\pool\plugins\org.junit.jupiter.engine_5.8.1.v20211018-1956.jar;C:\Users\siddhant.ingole\.p2\pool\plugins\org.junit.jupiter.migrationsupport_5.8.1.v20211018-1956.jar;C:\Users\siddhant.ingole\.p2\pool\plugins\org.junit.jupiter.params_5.8.1.v20211018-1956.jar;C:\Users\siddhant.ingole\.p2\pool\plugins\org.junit.platform.commons_1.8.1.v20211018-1956.jar;C:\Users\siddhant.ingole\.p2\pool\plugins\org.junit.platform.engine_1.8.1.v20211018-1956.jar;C:\Users\siddhant.ingole\.p2\pool\plugins\org.junit.platform.launcher_1.8.1.v20211018-1956.jar;C:\Users\siddhant.ingole\.p2\pool\plugins\org.junit.platform.runner_1.8.1.v20211018-1956.jar;C:\Users\siddhant.ingole\.p2\pool\plugins\org.junit.platform.suite.api_1.8.1.v20211018-1956.jar;C:\Users\siddhant.ingole\.p2\pool\plugins\org.junit.platform.suite.engine_1.8.1.v20211028-1957.jar;C:\Users\siddhant.ingole\.p2\pool\plugins\org.junit.platform.suite.commons_1.8.1.v20211018-1956.jar;C:\Users\siddhant.ingole\.p2\pool\plugins\org.junit.vintage.engine_5.8.1.v20211018-1956.jar;C:\Users\siddhant.ingole\.p2\pool\plugins\org.opentest4j_1.2.0.v20211018-1956.jar;C:\Users\siddhant.ingole\.p2\pool\plugins\org.apiguardian_1.1.2.v20211018-1956.jar;C:\Users\siddhant.ingole\.p2\pool\plugins\org.junit_4.13.2.v20211018-1956.jar;C:\Users\siddhant.ingole\.p2\pool\plugins\org.hamcrest.core_1.3.0.v20180420-1519.jar;C:\Users\Siddhant.Ingole.IN\.m2\repository\org\freemarker\freemarker\2.3.30\freemarker-2.3.30.jar;C:\Users\Siddhant.Ingole.IN\.m2\repository\io\cucumber\cucumber-junit\4.7.4\cucumber-junit-4.7.4.jar;C:\Users\Siddhant.Ingole.IN\.m2\repository\org\apiguardian\apiguardian-api\1.1.0\apiguardian-api-1.1.0.jar;C:\Users\Siddhant.Ingole.IN\.m2\repository\com\microsoft\az
Launcher Type: SUN_STANDARD

[Global flags]
     intx CICompilerCount                          = 3                                         {product} {ergonomic}
     uint ConcGCThreads                            = 1                                         {product} {ergonomic}
     uint G1ConcRefinementThreads                  = 4                                         {product} {ergonomic}
   size_t G1HeapRegionSize                         = 2097152                                   {product} {ergonomic}
    uintx GCDrainStackTargetSize                   = 64                                        {product} {ergonomic}
   size_t InitialHeapSize                          = 268435456                                 {product} {ergonomic}
   size_t MarkStackSize                            = 4194304                                   {product} {ergonomic}
   size_t MaxHeapSize                              = 4273995776                                {product} {ergonomic}
   size_t MaxNewSize                               = 2562719744                                {product} {ergonomic}
   size_t MinHeapDeltaBytes                        = 2097152                                   {product} {ergonomic}
   size_t MinHeapSize                              = 8388608                                   {product} {ergonomic}
    uintx NonNMethodCodeHeapSize                   = 5832780                                {pd product} {ergonomic}
    uintx NonProfiledCodeHeapSize                  = 122912730                              {pd product} {ergonomic}
    uintx ProfiledCodeHeapSize                     = 122912730                              {pd product} {ergonomic}
    uintx ReservedCodeCacheSize                    = 251658240                              {pd product} {ergonomic}
     bool SegmentedCodeCache                       = true                                      {product} {ergonomic}
     bool ShowCodeDetailsInExceptionMessages       = true                                   {manageable} {command line}
   size_t SoftMaxHeapSize                          = 4273995776                             {manageable} {ergonomic}
     bool UseCompressedClassPointers               = true                           {product lp64_product} {ergonomic}
     bool UseCompressedOops                        = true                           {product lp64_product} {ergonomic}
     bool UseG1GC                                  = true                                      {product} {ergonomic}
     bool UseLargePagesIndividualAllocation        = false                                  {pd product} {ergonomic}

Logging:
Log output configuration:
 #0: stdout all=warning uptime,level,tags
 #1: stderr all=off uptime,level,tags

Environment Variables:
JAVA_HOME=C:\Program Files\Java\jdk1.8.0_202
PATH=C:/Users/siddhant.ingole/.p2/pool/plugins/org.eclipse.justj.openjdk.hotspot.jre.full.win32.x86_64_17.0.2.v20220201-1208/jre/bin/server;C:/Users/siddhant.ingole/.p2/pool/plugins/org.eclipse.justj.openjdk.hotspot.jre.full.win32.x86_64_17.0.2.v20220201-1208/jre/bin;C:\Program Files (x86)\Common Files\Oracle\Java\javapath;C:\ProgramData\Oracle\Java\javapath;C:\Windows\system32;C:\Windows;C:\Windows\System32\Wbem;C:\Windows\System32\WindowsPowerShell\v1.0\;C:\Windows\System32\OpenSSH\;C:\Users\Siddhant.Ingole.IN\Downloads\apache-maven-3.8.6\bin;C:\Program Files\Java\jdk1.8.0_202\bin;C:\Program Files\Java\jre1.8.0_202\bin;C:\Users\Siddhant.Ingole.IN\AppData\Local\Microsoft\WindowsApps;C:\Users\Siddhant.Ingole.IN\AppData\Local\GitHubDesktop\bin;C:\Users\Siddhant.Ingole.IN\AppData\Local\Programs\Git\cmd;C:\Users\Siddhant.Ingole.IN\Desktop;
USERNAME=Siddhant.Ingole
OS=Windows_NT
PROCESSOR_IDENTIFIER=Intel64 Family 6 Model 60 Stepping 3, GenuineIntel



---------------  S Y S T E M  ---------------

OS:
 Windows 10 , 64 bit Build 19041 (10.0.19041.1889)
OS uptime: 0 days 1:34 hours

CPU: total 4 (initial active 4) (4 cores per cpu, 1 threads per core) family 6 model 60 stepping 3 microcode 0x27, cx8, cmov, fxsr, mmx, sse, sse2, sse3, ssse3, sse4.1, sse4.2, popcnt, lzcnt, tsc, tscinvbit, avx, avx2, aes, erms, clmul, bmi1, bmi2, fma, vzeroupper, clflush

Memory: 4k page, system-wide physical 16302M (7657M free)
TotalPageFile size 33710M (AvailPageFile size 23653M)
current process WorkingSet (physical memory assigned to process): 244M, peak: 245M
current process commit charge ("private bytes"): 253M, peak: 381M

vm_info: OpenJDK 64-Bit Server VM (17.0.2+8) for windows-amd64 JRE (17.0.2+8), built on Jan 20 2022 04:52:34 by "" with MS VC++ 16.7 (VS2019)

END.
