#
# A fatal error has been detected by the Java Runtime Environment:
#
#  EXCEPTION_ACCESS_VIOLATION (0xc0000005) at pc=0x0000000180012df1, pid=15560, tid=12332
#
# JRE version: OpenJDK Runtime Environment Temurin-17.0.2+8 (17.0.2+8) (build 17.0.2+8)
# Java VM: OpenJDK 64-Bit Server VM Temurin-17.0.2+8 (17.0.2+8, mixed mode, tiered, compressed oops, compressed class ptrs, g1 gc, windows-amd64)
# Problematic frame:
# C  [jacob-1.14.3-x64.dll+0x12df1]
#
# No core dump will be written. Minidumps are not enabled by default on client versions of Windows
#
# If you would like to submit a bug report, please visit:
#   https://github.com/adoptium/adoptium-support/issues
# The crash happened outside the Java Virtual Machine in native code.
# See problematic frame for where to report the bug.
#

---------------  S U M M A R Y ------------

Command Line: -ea -Dfile.encoding=Cp1252 -XX:+ShowCodeDetailsInExceptionMessages org.eclipse.jdt.internal.junit.runner.RemoteTestRunner -version 3 -port 61322 -testLoaderClass org.eclipse.jdt.internal.junit5.runner.JUnit5TestLoader -loaderpluginname org.eclipse.jdt.junit5.runtime -classNames runner.RunnerTest

Host: Intel(R) Core(TM) i5-4590 CPU @ 3.30GHz, 4 cores, 15G,  Windows 10 , 64 bit Build 19041 (10.0.19041.1889)
Time: Wed Aug 17 05:19:26 2022 Pacific Daylight Time elapsed time: 83.866327 seconds (0d 0h 1m 23s)

---------------  T H R E A D  ---------------

Current thread (0x0000023f13fecac0):  JavaThread "main" [_thread_in_native, id=12332, stack(0x000000bcda000000,0x000000bcda100000)]

Stack: [0x000000bcda000000,0x000000bcda100000],  sp=0x000000bcda0fc5a0,  free space=1009k
Native frames: (J=compiled Java code, j=interpreted, Vv=VM code, C=native code)
C  [jacob-1.14.3-x64.dll+0x12df1]

Java frames: (J=compiled Java code, j=interpreted, Vv=VM code)
j  com.jacob.com.Variant.getVariantType()S+0
j  com.jacob.com.Variant.getvt()S+8
j  com.jacob.com.Variant.putBoolean(Z)V+1
j  com.jacob.com.VariantUtilities.populateVariant(Lcom/jacob/com/Variant;Ljava/lang/Object;Z)V+155
j  com.jacob.com.Variant.<init>(Ljava/lang/Object;Z)V+16
j  com.jacob.com.Variant.<init>(Ljava/lang/Object;)V+3
j  com.jacob.com.Variant.<init>(Z)V+9
j  com.jacob.com.Variant.<clinit>()V+5
v  ~StubRoutines::call_stub
j  autoitx4java.AutoItX.winVariantBool(Ljava/lang/String;Ljava/lang/String;ILjava/lang/String;)Z+0
j  autoitx4java.AutoItX.winWait(Ljava/lang/String;Ljava/lang/String;I)Z+6
j  stepDefinitions.DrySign.uploadFile(Ljava/lang/String;Ljava/lang/String;)Z+100
j  stepDefinitions.DrySign.upload_profile_picture_as(Ljava/lang/String;)V+4
v  ~StubRoutines::call_stub
j  jdk.internal.reflect.NativeMethodAccessorImpl.invoke0(Ljava/lang/reflect/Method;Ljava/lang/Object;[Ljava/lang/Object;)Ljava/lang/Object;+0 java.base@17.0.2
j  jdk.internal.reflect.NativeMethodAccessorImpl.invoke(Ljava/lang/Object;[Ljava/lang/Object;)Ljava/lang/Object;+133 java.base@17.0.2
J 2312 c1 jdk.internal.reflect.DelegatingMethodAccessorImpl.invoke(Ljava/lang/Object;[Ljava/lang/Object;)Ljava/lang/Object; java.base@17.0.2 (10 bytes) @ 0x0000023f180888cc [0x0000023f180887c0+0x000000000000010c]
J 2361 c1 cucumber.runtime.Utils$1.call()Ljava/lang/Object; (189 bytes) @ 0x0000023f180a5ac4 [0x0000023f180a5260+0x0000000000000864]
J 2316 c1 cucumber.runtime.Timeout.timeout(Lcucumber/runtime/Timeout$Callback;J)Ljava/lang/Object; (251 bytes) @ 0x0000023f1808d15c [0x0000023f1808c6e0+0x0000000000000a7c]
J 2313 c1 cucumber.runtime.Utils.invoke(Ljava/lang/Object;Ljava/lang/reflect/Method;J[Ljava/lang/Object;)Ljava/lang/Object; (24 bytes) @ 0x0000023f18088e4c [0x0000023f18088c60+0x00000000000001ec]
j  cucumber.runtime.java.JavaStepDefinition.execute([Ljava/lang/Object;)V+25
j  cucumber.runner.PickleStepDefinitionMatch.runStep(Lcucumber/api/Scenario;)V+137
j  cucumber.runner.TestStep.executeStep(Lcucumber/runner/Scenario;Z)Lcucumber/api/Result$Type;+9
j  cucumber.runner.TestStep.run(Lcucumber/api/TestCase;Lcucumber/runner/EventBus;Lcucumber/runner/Scenario;Z)Z+45
j  cucumber.runner.PickleStepTestStep.run(Lcucumber/api/TestCase;Lcucumber/runner/EventBus;Lcucumber/runner/Scenario;Z)Z+63
j  cucumber.runner.TestCase.run(Lcucumber/runner/EventBus;)V+144
j  cucumber.runner.Runner.runPickle(Lgherkin/events/PickleEvent;)V+15
j  io.cucumber.junit.PickleRunners$NoStepDescriptions.run(Lorg/junit/runner/notification/RunNotifier;)V+37
j  io.cucumber.junit.FeatureRunner.runChild(Lio/cucumber/junit/PickleRunners$PickleRunner;Lorg/junit/runner/notification/RunNotifier;)V+2
j  io.cucumber.junit.FeatureRunner.runChild(Ljava/lang/Object;Lorg/junit/runner/notification/RunNotifier;)V+6
j  org.junit.runners.ParentRunner$4.run()V+12
j  org.junit.runners.ParentRunner$1.schedule(Ljava/lang/Runnable;)V+1
j  org.junit.runners.ParentRunner.runChildren(Lorg/junit/runner/notification/RunNotifier;)V+44
j  org.junit.runners.ParentRunner.access$100(Lorg/junit/runners/ParentRunner;Lorg/junit/runner/notification/RunNotifier;)V+2
j  org.junit.runners.ParentRunner$2.evaluate()V+8
j  org.junit.runners.ParentRunner$3.evaluate()V+4
j  org.junit.runners.ParentRunner.run(Lorg/junit/runner/notification/RunNotifier;)V+24
j  io.cucumber.junit.Cucumber.runChild(Lio/cucumber/junit/FeatureRunner;Lorg/junit/runner/notification/RunNotifier;)V+2
j  io.cucumber.junit.Cucumber.runChild(Ljava/lang/Object;Lorg/junit/runner/notification/RunNotifier;)V+6
j  org.junit.runners.ParentRunner$4.run()V+12
j  org.junit.runners.ParentRunner$1.schedule(Ljava/lang/Runnable;)V+1
j  org.junit.runners.ParentRunner.runChildren(Lorg/junit/runner/notification/RunNotifier;)V+44
j  org.junit.runners.ParentRunner.access$100(Lorg/junit/runners/ParentRunner;Lorg/junit/runner/notification/RunNotifier;)V+2
j  org.junit.runners.ParentRunner$2.evaluate()V+8
j  io.cucumber.junit.Cucumber$RunCucumber.evaluate()V+168
j  org.junit.runners.ParentRunner$3.evaluate()V+4
j  org.junit.runners.ParentRunner.run(Lorg/junit/runner/notification/RunNotifier;)V+24
j  org.junit.runner.JUnitCore.run(Lorg/junit/runner/Runner;)Lorg/junit/runner/Result;+37
j  org.junit.runner.JUnitCore.run(Lorg/junit/runner/Request;)Lorg/junit/runner/Result;+5
j  org.junit.vintage.engine.execution.RunnerExecutor.execute(Lorg/junit/vintage/engine/descriptor/RunnerTestDescriptor;)V+42
j  org.junit.vintage.engine.VintageTestEngine.executeAllChildren(Lorg/junit/vintage/engine/descriptor/VintageEngineDescriptor;Lorg/junit/platform/engine/EngineExecutionListener;)V+41
j  org.junit.vintage.engine.VintageTestEngine.execute(Lorg/junit/platform/engine/ExecutionRequest;)V+23
j  org.junit.platform.launcher.core.EngineExecutionOrchestrator.execute(Lorg/junit/platform/engine/TestDescriptor;Lorg/junit/platform/engine/EngineExecutionListener;Lorg/junit/platform/engine/ConfigurationParameters;Lorg/junit/platform/engine/TestEngine;)V+24
j  org.junit.platform.launcher.core.EngineExecutionOrchestrator.execute(Lorg/junit/platform/launcher/core/LauncherDiscoveryResult;Lorg/junit/platform/engine/EngineExecutionListener;)V+86
j  org.junit.platform.launcher.core.EngineExecutionOrchestrator.lambda$execute$0(Lorg/junit/platform/launcher/core/InternalTestPlan;Lorg/junit/platform/launcher/core/LauncherDiscoveryResult;Lorg/junit/platform/launcher/TestExecutionListener;)V+18
j  org.junit.platform.launcher.core.EngineExecutionOrchestrator$$Lambda$226+0x000000080020a800.accept(Ljava/lang/Object;)V+16
j  org.junit.platform.launcher.core.EngineExecutionOrchestrator.withInterceptedStreams(Lorg/junit/platform/engine/ConfigurationParameters;Lorg/junit/platform/launcher/core/ListenerRegistry;Ljava/util/function/Consumer;)V+51
j  org.junit.platform.launcher.core.EngineExecutionOrchestrator.execute(Lorg/junit/platform/launcher/core/InternalTestPlan;[Lorg/junit/platform/launcher/TestExecutionListener;)V+35
j  org.junit.platform.launcher.core.DefaultLauncher.execute(Lorg/junit/platform/launcher/core/InternalTestPlan;[Lorg/junit/platform/launcher/TestExecutionListener;)V+6
j  org.junit.platform.launcher.core.DefaultLauncher.execute(Lorg/junit/platform/launcher/TestPlan;[Lorg/junit/platform/launcher/TestExecutionListener;)V+36
j  org.junit.platform.launcher.core.DefaultLauncherSession$DelegatingLauncher.execute(Lorg/junit/platform/launcher/TestPlan;[Lorg/junit/platform/launcher/TestExecutionListener;)V+6
j  org.junit.platform.launcher.core.SessionPerRequestLauncher.execute(Lorg/junit/platform/launcher/TestPlan;[Lorg/junit/platform/launcher/TestExecutionListener;)V+13
j  org.eclipse.jdt.internal.junit5.runner.JUnit5TestReference.run(Lorg/eclipse/jdt/internal/junit/runner/TestExecution;)V+69
j  org.eclipse.jdt.internal.junit.runner.TestExecution.run([Lorg/eclipse/jdt/internal/junit/runner/ITestReference;)V+27
j  org.eclipse.jdt.internal.junit.runner.RemoteTestRunner.runTests([Ljava/lang/String;Ljava/lang/String;Lorg/eclipse/jdt/internal/junit/runner/TestExecution;)V+62
j  org.eclipse.jdt.internal.junit.runner.RemoteTestRunner.runTests(Lorg/eclipse/jdt/internal/junit/runner/TestExecution;)V+10
j  org.eclipse.jdt.internal.junit.runner.RemoteTestRunner.run()V+70
j  org.eclipse.jdt.internal.junit.runner.RemoteTestRunner.main([Ljava/lang/String;)V+14
v  ~StubRoutines::call_stub

siginfo: EXCEPTION_ACCESS_VIOLATION (0xc0000005), reading address 0x00000000385d42f0


Register to memory mapping:

RIP=0x0000000180012df1 jacob-1.14.3-x64.dll
RAX=0x00000000385d42f0 is an unknown value
RBX=0x000000bcda0fc660 is pointing into the stack for thread: 0x0000023f13fecac0
RCX=0x00000000385d42f0 is an unknown value
RDX=0x000000bcda0fc660 is pointing into the stack for thread: 0x0000023f13fecac0
RSP=0x000000bcda0fc5a0 is pointing into the stack for thread: 0x0000023f13fecac0
RBP=0x000000bcda0fc640 is pointing into the stack for thread: 0x0000023f13fecac0
RSI=0x0 is NULL
RDI=0x0000023f13fecd68 points into unknown readable memory: 0x00007ffbaf7707d0 | d0 07 77 af fb 7f 00 00
R8 =0x0000000000000032 is an unknown value
R9 =0x000000070ef65908 is an oop: com.jacob.com.Variant 
{0x000000070ef65908} - klass: 'com/jacob/com/Variant'
 - ---- fields (total size 2 words):
 - 'm_pVariant' 'I' @12  945636080 (385d42f0)
R10=0x00007ffbaf7f4130 jvm.dll
R11=0x0000000000000072 is an unknown value
R12=0x0 is NULL
R13={method} {0x0000023f389ca820} 'getVariantType' '()S' in 'com/jacob/com/Variant'
R14=0x000000bcda0fc660 is pointing into the stack for thread: 0x0000023f13fecac0
R15=0x0000023f13fecac0 is a thread


Registers:
RAX=0x00000000385d42f0, RBX=0x000000bcda0fc660, RCX=0x00000000385d42f0, RDX=0x000000bcda0fc660
RSP=0x000000bcda0fc5a0, RBP=0x000000bcda0fc640, RSI=0x0000000000000000, RDI=0x0000023f13fecd68
R8 =0x0000000000000032, R9 =0x000000070ef65908, R10=0x00007ffbaf7f4130, R11=0x0000000000000072
R12=0x0000000000000000, R13=0x0000023f389ca818, R14=0x000000bcda0fc660, R15=0x0000023f13fecac0
RIP=0x0000000180012df1, EFLAGS=0x0000000000010206

Top of Stack: (sp=0x000000bcda0fc5a0)
0x000000bcda0fc5a0:   000000bcda0fc660 0000000000000000
0x000000bcda0fc5b0:   0000023f389ca818 00007ffbaf294dce
0x000000bcda0fc5c0:   0000023f176494fe 0000023f1764d621
0x000000bcda0fc5d0:   0000023f389ca818 0000000000000000
0x000000bcda0fc5e0:   0000023f389ca978 0000023f13fecac0
0x000000bcda0fc5f0:   0000023f1764d2f6 000000bcda0fc5f8
0x000000bcda0fc600:   0000023f389ca818 000000bcda0fc660
0x000000bcda0fc610:   0000023f389d2128 0000000000000000
0x000000bcda0fc620:   000000070ef55950 0000023f389ca818
0x000000bcda0fc630:   0000000000000000 000000bcda0fc660
0x000000bcda0fc640:   000000bcda0fc6b0 0000023f17649612
0x000000bcda0fc650:   0000000000000000 0000023f1764af72
0x000000bcda0fc660:   000000070ef65908 000000bcda0fc668
0x000000bcda0fc670:   0000023f389ca950 000000bcda0fc6c0
0x000000bcda0fc680:   0000023f389d2128 0000000000000000
0x000000bcda0fc690:   000000070ef55950 0000023f389ca978 

Instructions: (pc=0x0000000180012df1)
0x0000000180012cf1:   00 85 c0 48 63 d8 74 13 48 8b cb ff 15 2e 25 00
0x0000000180012d01:   00 66 c7 03 04 00 f3 0f 11 73 08 48 8b 5c 24 40
0x0000000180012d11:   0f 28 74 24 20 48 83 c4 30 5f c3 cc cc cc cc 48
0x0000000180012d21:   89 5c 24 08 48 89 74 24 10 57 48 83 ec 20 48 8b
0x0000000180012d31:   01 41 0f b7 f0 48 8b da 48 8b f9 ff 90 f8 00 00
0x0000000180012d41:   00 4c 8b 17 4c 8d 0d 48 27 00 00 4c 8d 05 bd 33
0x0000000180012d51:   00 00 48 8b cf 48 8b d0 41 ff 92 f0 02 00 00 4c
0x0000000180012d61:   8b 0f 48 8b d3 4c 8b c0 48 8b cf 41 ff 91 20 03
0x0000000180012d71:   00 00 85 c0 48 63 c8 74 10 44 0f b7 ce 45 33 c0
0x0000000180012d81:   48 8b d1 ff 15 46 25 00 00 48 8b 5c 24 30 48 8b
0x0000000180012d91:   74 24 38 48 83 c4 20 5f c3 cc cc cc cc cc cc 48
0x0000000180012da1:   89 5c 24 08 57 48 83 ec 20 48 8b 01 48 8b da 48
0x0000000180012db1:   8b f9 ff 90 f8 00 00 00 4c 8b 17 4c 8d 0d d1 26
0x0000000180012dc1:   00 00 4c 8d 05 46 33 00 00 48 8b d0 48 8b cf 41
0x0000000180012dd1:   ff 92 f0 02 00 00 4c 8b 0f 48 8b d3 4c 8b c0 48
0x0000000180012de1:   8b cf 41 ff 91 20 03 00 00 85 c0 48 63 c8 74 0e
0x0000000180012df1:   66 8b 01 48 8b 5c 24 30 48 83 c4 20 5f c3 66 33
0x0000000180012e01:   c0 48 8b 5c 24 30 48 83 c4 20 5f c3 cc cc cc 48
0x0000000180012e11:   89 5c 24 08 57 48 83 ec 20 48 8b 01 48 8b da 48
0x0000000180012e21:   8b f9 ff 90 f8 00 00 00 4c 8b 17 4c 8d 0d 61 26
0x0000000180012e31:   00 00 4c 8d 05 d6 32 00 00 48 8b d0 48 8b cf 41
0x0000000180012e41:   ff 92 f0 02 00 00 4c 8b 0f 48 8b d3 4c 8b c0 48
0x0000000180012e51:   8b cf 41 ff 91 20 03 00 00 85 c0 48 63 c8 74 11
0x0000000180012e61:   0f b7 01 66 0f ba e0 0d 73 14 48 83 79 08 00 75
0x0000000180012e71:   0d b0 01 48 8b 5c 24 30 48 83 c4 20 5f c3 0f b7
0x0000000180012e81:   c0 85 c0 78 16 83 f8 01 7e e7 83 f8 09 74 05 83
0x0000000180012e91:   f8 0a eb 05 48 83 79 08 00 74 d6 32 c0 48 8b 5c
0x0000000180012ea1:   24 30 48 83 c4 20 5f c3 cc cc cc cc cc cc cc 48
0x0000000180012eb1:   89 5c 24 08 48 89 6c 24 10 48 89 74 24 18 57 48
0x0000000180012ec1:   83 ec 20 48 8b 01 48 8b fa 49 8b d0 49 8b d8 48
0x0000000180012ed1:   8b f1 ff 90 f8 00 00 00 4c 8b 16 4c 8d 0d b1 25
0x0000000180012ee1:   00 00 4c 8d 05 26 32 00 00 48 8b d0 48 8b ce 41 


Stack slot to memory mapping:
stack at sp + 0 slots: 0x000000bcda0fc660 is pointing into the stack for thread: 0x0000023f13fecac0
stack at sp + 1 slots: 0x0 is NULL
stack at sp + 2 slots: {method} {0x0000023f389ca820} 'getVariantType' '()S' in 'com/jacob/com/Variant'
stack at sp + 3 slots: 0x00007ffbaf294dce jvm.dll
stack at sp + 4 slots: 0x0000023f176494fe is at code_begin+1118 in an Interpreter codelet
return entry points  [0x0000023f176490a0, 0x0000023f17649ba0]  2816 bytes
stack at sp + 5 slots: 0x0000023f1764d621 is at code_begin+993 in an Interpreter codelet
method entry point (kind = native)  [0x0000023f1764d240, 0x0000023f1764dbc0]  2432 bytes
stack at sp + 6 slots: {method} {0x0000023f389ca820} 'getVariantType' '()S' in 'com/jacob/com/Variant'
stack at sp + 7 slots: 0x0 is NULL


---------------  P R O C E S S  ---------------

Threads class SMR info:
_java_thread_list=0x0000023f35a7cb20, length=23, elements={
0x0000023f13fecac0, 0x0000023f3235a6d0, 0x0000023f3239d170, 0x0000023f323d9010,
0x0000023f323d94e0, 0x0000023f323dbdb0, 0x0000023f323dfb70, 0x0000023f323ec790,
0x0000023f323ef0a0, 0x0000023f323f8170, 0x0000023f32569e40, 0x0000023f324ed020,
0x0000023f33dabdc0, 0x0000023f33a5c710, 0x0000023f359cf020, 0x0000023f3397e460,
0x0000023f3598b400, 0x0000023f344f3600, 0x0000023f344f2790, 0x0000023f344f2c60,
0x0000023f359eef80, 0x0000023f359ebf60, 0x0000023f359ef450
}

Java Threads: ( => current thread )
=>0x0000023f13fecac0 JavaThread "main" [_thread_in_native, id=12332, stack(0x000000bcda000000,0x000000bcda100000)]
  0x0000023f3235a6d0 JavaThread "Reference Handler" daemon [_thread_blocked, id=5752, stack(0x000000bcda700000,0x000000bcda800000)]
  0x0000023f3239d170 JavaThread "Finalizer" daemon [_thread_blocked, id=11652, stack(0x000000bcda800000,0x000000bcda900000)]
  0x0000023f323d9010 JavaThread "Signal Dispatcher" daemon [_thread_blocked, id=15500, stack(0x000000bcda900000,0x000000bcdaa00000)]
  0x0000023f323d94e0 JavaThread "Attach Listener" daemon [_thread_blocked, id=15468, stack(0x000000bcdaa00000,0x000000bcdab00000)]
  0x0000023f323dbdb0 JavaThread "Service Thread" daemon [_thread_blocked, id=14700, stack(0x000000bcdab00000,0x000000bcdac00000)]
  0x0000023f323dfb70 JavaThread "Monitor Deflation Thread" daemon [_thread_blocked, id=16320, stack(0x000000bcdac00000,0x000000bcdad00000)]
  0x0000023f323ec790 JavaThread "C2 CompilerThread0" daemon [_thread_blocked, id=16272, stack(0x000000bcdad00000,0x000000bcdae00000)]
  0x0000023f323ef0a0 JavaThread "C1 CompilerThread0" daemon [_thread_blocked, id=16252, stack(0x000000bcdae00000,0x000000bcdaf00000)]
  0x0000023f323f8170 JavaThread "Sweeper thread" daemon [_thread_blocked, id=16224, stack(0x000000bcdaf00000,0x000000bcdb000000)]
  0x0000023f32569e40 JavaThread "Notification Thread" daemon [_thread_blocked, id=8348, stack(0x000000bcd9f00000,0x000000bcda000000)]
  0x0000023f324ed020 JavaThread "Common-Cleaner" daemon [_thread_blocked, id=12676, stack(0x000000bcdb100000,0x000000bcdb200000)]
  0x0000023f33dabdc0 JavaThread "ReaderThread" [_thread_in_native, id=12628, stack(0x000000bcdb600000,0x000000bcdb700000)]
  0x0000023f33a5c710 JavaThread "ForkJoinPool.commonPool-worker-1" daemon [_thread_blocked, id=15812, stack(0x000000bcdb500000,0x000000bcdb600000)]
  0x0000023f359cf020 JavaThread "AsyncHttpClient-1-1" daemon [_thread_blocked, id=14716, stack(0x000000bcdb800000,0x000000bcdb900000)]
  0x0000023f3397e460 JavaThread "Exec Default Executor" daemon [_thread_in_native, id=6276, stack(0x000000bcdb900000,0x000000bcdba00000)]
  0x0000023f3598b400 JavaThread "Driver Service Executor" daemon [_thread_blocked, id=320, stack(0x000000bcdba00000,0x000000bcdbb00000)]
  0x0000023f344f3600 JavaThread "Driver Service Executor" daemon [_thread_blocked, id=8400, stack(0x000000bcdbb00000,0x000000bcdbc00000)]
  0x0000023f344f2790 JavaThread "Exec Stream Pumper" daemon [_thread_in_native, id=11196, stack(0x000000bcdbe00000,0x000000bcdbf00000)]
  0x0000023f344f2c60 JavaThread "Exec Stream Pumper" daemon [_thread_in_native, id=8564, stack(0x000000bcdbf00000,0x000000bcdc000000)]
  0x0000023f359eef80 JavaThread "AsyncHttpClient-1-2" daemon [_thread_in_native, id=15400, stack(0x000000bcdc100000,0x000000bcdc200000)]
  0x0000023f359ebf60 JavaThread "AsyncHttpClient-1-3" daemon [_thread_in_native, id=16312, stack(0x000000bcdc300000,0x000000bcdc400000)]
  0x0000023f359ef450 JavaThread "AsyncHttpClient-1-4" daemon [_thread_in_native, id=16176, stack(0x000000bcdc400000,0x000000bcdc500000)]

Other Threads:
  0x0000023f2ff9e4a0 VMThread "VM Thread" [stack: 0x000000bcda600000,0x000000bcda700000] [id=14732]
  0x0000023f1405c9d0 WatcherThread [stack: 0x000000bcdb000000,0x000000bcdb100000] [id=13740]
  0x0000023f1403a320 GCTaskThread "GC Thread#0" [stack: 0x000000bcda100000,0x000000bcda200000] [id=14896]
  0x0000023f33317ca0 GCTaskThread "GC Thread#1" [stack: 0x000000bcdb200000,0x000000bcdb300000] [id=12180]
  0x0000023f33319630 GCTaskThread "GC Thread#2" [stack: 0x000000bcdb300000,0x000000bcdb400000] [id=12760]
  0x0000023f333198e0 GCTaskThread "GC Thread#3" [stack: 0x000000bcdb400000,0x000000bcdb500000] [id=15788]
  0x0000023f2fde2010 ConcurrentGCThread "G1 Main Marker" [stack: 0x000000bcda200000,0x000000bcda300000] [id=13184]
  0x0000023f2fde36e0 ConcurrentGCThread "G1 Conc#0" [stack: 0x000000bcda300000,0x000000bcda400000] [id=5180]
  0x0000023f1405e870 ConcurrentGCThread "G1 Refine#0" [stack: 0x000000bcda400000,0x000000bcda500000] [id=14500]
  0x0000023f2fe990d0 ConcurrentGCThread "G1 Service" [stack: 0x000000bcda500000,0x000000bcda600000] [id=14904]

Threads with active compile tasks:

VM state: not at safepoint (normal execution)

VM Mutex/Monitor currently owned by a thread: None

Heap address: 0x0000000701400000, size: 4076 MB, Compressed Oops mode: Zero based, Oop shift amount: 3

CDS archive(s) not mapped
Compressed class space mapped at: 0x0000000800000000-0x0000000840000000, reserved size: 1073741824
Narrow klass base: 0x0000000800000000, Narrow klass shift: 0, Narrow klass range: 0x40000000

GC Precious Log:
 CPUs: 4 total, 4 available
 Memory: 16302M
 Large Page Support: Disabled
 NUMA Support: Disabled
 Compressed Oops: Enabled (Zero based)
 Heap Region Size: 2M
 Heap Min Capacity: 8M
 Heap Initial Capacity: 256M
 Heap Max Capacity: 4076M
 Pre-touch: Disabled
 Parallel Workers: 4
 Concurrent Workers: 1
 Concurrent Refinement Workers: 4
 Periodic GC: Disabled

Heap:
 garbage-first heap   total 75776K, used 47631K [0x0000000701400000, 0x0000000800000000)
  region size 2048K, 5 young (10240K), 1 survivors (2048K)
 Metaspace       used 38516K, committed 38784K, reserved 1089536K
  class space    used 4530K, committed 4672K, reserved 1048576K

Heap Regions: E=young(eden), S=young(survivor), O=old, HS=humongous(starts), HC=humongous(continues), CS=collection set, F=free, OA=open archive, CA=closed archive, TAMS=top-at-mark-start (previous, next)
|   0|0x0000000701400000, 0x0000000701600000, 0x0000000701600000|100%| O|  |TAMS 0x0000000701600000, 0x0000000701400000| Untracked 
|   1|0x0000000701600000, 0x0000000701800000, 0x0000000701800000|100%| O|  |TAMS 0x0000000701800000, 0x0000000701600000| Untracked 
|   2|0x0000000701800000, 0x0000000701a00000, 0x0000000701a00000|100%| O|  |TAMS 0x0000000701a00000, 0x0000000701800000| Untracked 
|   3|0x0000000701a00000, 0x0000000701c00000, 0x0000000701c00000|100%| O|  |TAMS 0x0000000701c00000, 0x0000000701a00000| Untracked 
|   4|0x0000000701c00000, 0x0000000701e00000, 0x0000000701e00000|100%| O|  |TAMS 0x0000000701e00000, 0x0000000701c00000| Untracked 
|   5|0x0000000701e00000, 0x0000000702000000, 0x0000000702000000|100%| O|  |TAMS 0x0000000701e00000, 0x0000000701e00000| Untracked 
|   6|0x0000000702000000, 0x0000000702200000, 0x0000000702200000|100%| O|  |TAMS 0x0000000702200000, 0x0000000702000000| Untracked 
|   7|0x0000000702200000, 0x0000000702400000, 0x0000000702400000|100%| O|  |TAMS 0x0000000702400000, 0x0000000702200000| Untracked 
|   8|0x0000000702400000, 0x0000000702600000, 0x0000000702600000|100%| O|  |TAMS 0x0000000702600000, 0x0000000702400000| Untracked 
|   9|0x0000000702600000, 0x0000000702800000, 0x0000000702800000|100%| O|  |TAMS 0x0000000702800000, 0x0000000702600000| Untracked 
|  10|0x0000000702800000, 0x0000000702a00000, 0x0000000702a00000|100%| O|  |TAMS 0x0000000702904800, 0x0000000702800000| Untracked 
|  11|0x0000000702a00000, 0x0000000702c00000, 0x0000000702c00000|100%|HS|  |TAMS 0x0000000702c00000, 0x0000000702a00000| Complete 
|  12|0x0000000702c00000, 0x0000000702e00000, 0x0000000702e00000|100%|HC|  |TAMS 0x0000000702e00000, 0x0000000702c00000| Complete 
|  13|0x0000000702e00000, 0x0000000703000000, 0x0000000703000000|100%|HC|  |TAMS 0x0000000703000000, 0x0000000702e00000| Complete 
|  14|0x0000000703000000, 0x0000000703200000, 0x0000000703200000|100%|HC|  |TAMS 0x0000000703200000, 0x0000000703000000| Complete 
|  15|0x0000000703200000, 0x0000000703400000, 0x0000000703400000|100%|HC|  |TAMS 0x0000000703400000, 0x0000000703200000| Complete 
|  16|0x0000000703400000, 0x0000000703600000, 0x0000000703600000|100%|HC|  |TAMS 0x0000000703600000, 0x0000000703400000| Complete 
|  17|0x0000000703600000, 0x0000000703800000, 0x0000000703800000|100%|HC|  |TAMS 0x0000000703800000, 0x0000000703600000| Complete 
|  18|0x0000000703800000, 0x0000000703a00000, 0x0000000703a00000|100%|HC|  |TAMS 0x0000000703a00000, 0x0000000703800000| Complete 
|  19|0x0000000703a00000, 0x0000000703c00000, 0x0000000703c00000|100%|HC|  |TAMS 0x0000000703c00000, 0x0000000703a00000| Complete 
|  20|0x0000000703c00000, 0x0000000703c16400, 0x0000000703e00000|  4%| O|  |TAMS 0x0000000703c00000, 0x0000000703c00000| Untracked 
|  21|0x0000000703e00000, 0x0000000703e00000, 0x0000000704000000|  0%| F|  |TAMS 0x0000000703e00000, 0x0000000703e00000| Untracked 
|  22|0x0000000704000000, 0x0000000704000000, 0x0000000704200000|  0%| F|  |TAMS 0x0000000704000000, 0x0000000704000000| Untracked 
|  23|0x0000000704200000, 0x0000000704200000, 0x0000000704400000|  0%| F|  |TAMS 0x0000000704200000, 0x0000000704200000| Untracked 
|  24|0x0000000704400000, 0x0000000704400000, 0x0000000704600000|  0%| F|  |TAMS 0x0000000704400000, 0x0000000704400000| Untracked 
|  25|0x0000000704600000, 0x0000000704600000, 0x0000000704800000|  0%| F|  |TAMS 0x0000000704600000, 0x0000000704600000| Untracked 
|  26|0x0000000704800000, 0x0000000704800000, 0x0000000704a00000|  0%| F|  |TAMS 0x0000000704800000, 0x0000000704800000| Untracked 
|  27|0x0000000704a00000, 0x0000000704a00000, 0x0000000704c00000|  0%| F|  |TAMS 0x0000000704a00000, 0x0000000704a00000| Untracked 
|  28|0x0000000704c00000, 0x0000000704c00000, 0x0000000704e00000|  0%| F|  |TAMS 0x0000000704c00000, 0x0000000704c00000| Untracked 
|  29|0x0000000704e00000, 0x0000000704e00000, 0x0000000705000000|  0%| F|  |TAMS 0x0000000704e00000, 0x0000000704e00000| Untracked 
|  30|0x0000000705000000, 0x000000070506db48, 0x0000000705200000| 21%| S|CS|TAMS 0x0000000705000000, 0x0000000705000000| Complete 
|  31|0x0000000705200000, 0x0000000705200000, 0x0000000705400000|  0%| F|  |TAMS 0x0000000705200000, 0x0000000705200000| Untracked 
|  32|0x0000000705400000, 0x0000000705400000, 0x0000000705600000|  0%| F|  |TAMS 0x0000000705400000, 0x0000000705400000| Untracked 
| 109|0x000000070ee00000, 0x000000070efa9ca0, 0x000000070f000000| 83%| E|  |TAMS 0x000000070ee00000, 0x000000070ee00000| Complete 
| 110|0x000000070f000000, 0x000000070f200000, 0x000000070f200000|100%| E|CS|TAMS 0x000000070f000000, 0x000000070f000000| Complete 
| 111|0x000000070f200000, 0x000000070f400000, 0x000000070f400000|100%| E|CS|TAMS 0x000000070f200000, 0x000000070f200000| Complete 
| 127|0x0000000711200000, 0x0000000711400000, 0x0000000711400000|100%| E|CS|TAMS 0x0000000711200000, 0x0000000711200000| Complete 

Card table byte_map: [0x0000023f26e40000,0x0000023f27640000] _byte_map_base: 0x0000023f23636000

Marking Bits (Prev, Next): (CMBitMap*) 0x0000023f1403a780, (CMBitMap*) 0x0000023f1403a740
 Prev Bits: [0x0000023f2bdf0000, 0x0000023f2fda0000)
 Next Bits: [0x0000023f27e40000, 0x0000023f2bdf0000)

Polling page: 0x0000023f11ec0000

Metaspace:

Usage:
  Non-class:     33.19 MB used.
      Class:      4.42 MB used.
       Both:     37.61 MB used.

Virtual space:
  Non-class space:       40.00 MB reserved,      33.31 MB ( 83%) committed,  5 nodes.
      Class space:        1.00 GB reserved,       4.56 MB ( <1%) committed,  1 nodes.
             Both:        1.04 GB reserved,      37.88 MB (  4%) committed. 

Chunk freelists:
   Non-Class:  2.12 MB
       Class:  3.30 MB
        Both:  5.42 MB

MaxMetaspaceSize: unlimited
CompressedClassSpaceSize: 1.00 GB
Initial GC threshold: 21.00 MB
Current GC threshold: 61.81 MB
CDS: off
MetaspaceReclaimPolicy: balanced
 - commit_granule_bytes: 65536.
 - commit_granule_words: 8192.
 - virtual_space_node_default_size: 1048576.
 - enlarge_chunks_in_place: 1.
 - new_chunks_are_fully_committed: 0.
 - uncommit_free_chunks: 1.
 - use_allocation_guard: 0.
 - handle_deallocations: 1.


Internal statistics:

num_allocs_failed_limit: 9.
num_arena_births: 228.
num_arena_deaths: 0.
num_vsnodes_births: 6.
num_vsnodes_deaths: 0.
num_space_committed: 606.
num_space_uncommitted: 0.
num_chunks_returned_to_freelist: 9.
num_chunks_taken_from_freelist: 1077.
num_chunk_merges: 6.
num_chunk_splits: 728.
num_chunks_enlarged: 569.
num_purges: 0.
num_inconsistent_stats: 0.

CodeHeap 'non-profiled nmethods': size=120000Kb used=2070Kb max_used=2070Kb free=117929Kb
 bounds [0x0000023f1f110000, 0x0000023f1f380000, 0x0000023f26640000]
CodeHeap 'profiled nmethods': size=120000Kb used=8852Kb max_used=8852Kb free=111147Kb
 bounds [0x0000023f17be0000, 0x0000023f18490000, 0x0000023f1f110000]
CodeHeap 'non-nmethods': size=5760Kb used=1278Kb max_used=1317Kb free=4481Kb
 bounds [0x0000023f17640000, 0x0000023f178b0000, 0x0000023f17be0000]
 total_blobs=4850 nmethods=4259 adapters=503
 compilation: enabled
              stopped_count=0, restarted_count=0
 full_count=0

Compilation events (20 events):
Event: 82.659 Thread 0x0000023f323ef0a0 nmethod 4250 0x0000023f18482590 code [0x0000023f18482740, 0x0000023f184829f8]
Event: 82.659 Thread 0x0000023f323ef0a0 4253       3       io.netty.channel.ChannelOutboundBuffer::decrementPendingOutboundBytes (50 bytes)
Event: 82.659 Thread 0x0000023f323ec790 nmethod 4249 0x0000023f1f315090 code [0x0000023f1f315200, 0x0000023f1f315278]
Event: 82.659 Thread 0x0000023f323ef0a0 nmethod 4253 0x0000023f18482b10 code [0x0000023f18482d00, 0x0000023f18483218]
Event: 82.659 Thread 0x0000023f323ef0a0 4251       3       java.util.concurrent.locks.ReentrantLock$Sync::lock (13 bytes)
Event: 82.659 Thread 0x0000023f323ef0a0 nmethod 4251 0x0000023f18483490 code [0x0000023f18483640, 0x0000023f18483878]
Event: 82.659 Thread 0x0000023f323ef0a0 4252       3       java.util.concurrent.locks.ReentrantLock::unlock (10 bytes)
Event: 82.659 Thread 0x0000023f323ef0a0 nmethod 4252 0x0000023f18483910 code [0x0000023f18483ae0, 0x0000023f18483db8]
Event: 82.661 Thread 0x0000023f323ef0a0 4254       3       io.netty.channel.AbstractChannelHandlerContext::fireChannelReadComplete (11 bytes)
Event: 82.662 Thread 0x0000023f323ef0a0 nmethod 4254 0x0000023f18483f10 code [0x0000023f184840c0, 0x0000023f18484238]
Event: 82.662 Thread 0x0000023f323ef0a0 4255       1       com.aventstack.extentreports.model.Log::getStatus (5 bytes)
Event: 82.662 Thread 0x0000023f323ef0a0 nmethod 4255 0x0000023f1f315390 code [0x0000023f1f315520, 0x0000023f1f3155f8]
Event: 82.662 Thread 0x0000023f323ef0a0 4256   !   3       java.util.Collections$SynchronizedCollection::forEach (28 bytes)
Event: 82.662 Thread 0x0000023f323ef0a0 nmethod 4256 0x0000023f18484310 code [0x0000023f184844c0, 0x0000023f18484788]
Event: 82.663 Thread 0x0000023f323ef0a0 4258       3       java.util.concurrent.ConcurrentHashMap::<init> (9 bytes)
Event: 82.663 Thread 0x0000023f323ef0a0 nmethod 4258 0x0000023f18484910 code [0x0000023f18484ae0, 0x0000023f18484c28]
Event: 82.663 Thread 0x0000023f323ef0a0 4257       3       java.security.PermissionCollection::<init> (5 bytes)
Event: 82.663 Thread 0x0000023f323ef0a0 nmethod 4257 0x0000023f18484d10 code [0x0000023f18484ea0, 0x0000023f18484ff8]
Event: 82.669 Thread 0x0000023f323ec790 4259   !   4       java.nio.DirectIntBufferU::get (34 bytes)
Event: 82.670 Thread 0x0000023f323ec790 nmethod 4259 0x0000023f1f315690 code [0x0000023f1f315800, 0x0000023f1f3158d8]

GC Heap History (20 events):
Event: 4.430 GC heap before
{Heap before GC invocations=0 (full 0):
 garbage-first heap   total 262144K, used 10240K [0x0000000701400000, 0x0000000800000000)
  region size 2048K, 6 young (12288K), 0 survivors (0K)
 Metaspace       used 4929K, committed 4992K, reserved 1056768K
  class space    used 395K, committed 448K, reserved 1048576K
}
Event: 4.434 GC heap after
{Heap after GC invocations=1 (full 0):
 garbage-first heap   total 262144K, used 7731K [0x0000000701400000, 0x0000000800000000)
  region size 2048K, 1 young (2048K), 1 survivors (2048K)
 Metaspace       used 4929K, committed 4992K, reserved 1056768K
  class space    used 395K, committed 448K, reserved 1048576K
}
Event: 5.220 GC heap before
{Heap before GC invocations=1 (full 0):
 garbage-first heap   total 262144K, used 17971K [0x0000000701400000, 0x0000000800000000)
  region size 2048K, 6 young (12288K), 1 survivors (2048K)
 Metaspace       used 10513K, committed 10688K, reserved 1064960K
  class space    used 939K, committed 1024K, reserved 1048576K
}
Event: 5.222 GC heap after
{Heap after GC invocations=2 (full 0):
 garbage-first heap   total 262144K, used 10603K [0x0000000701400000, 0x0000000800000000)
  region size 2048K, 1 young (2048K), 1 survivors (2048K)
 Metaspace       used 10513K, committed 10688K, reserved 1064960K
  class space    used 939K, committed 1024K, reserved 1048576K
}
Event: 5.757 GC heap before
{Heap before GC invocations=2 (full 0):
 garbage-first heap   total 262144K, used 24939K [0x0000000701400000, 0x0000000800000000)
  region size 2048K, 8 young (16384K), 1 survivors (2048K)
 Metaspace       used 14236K, committed 14336K, reserved 1064960K
  class space    used 1408K, committed 1472K, reserved 1048576K
}
Event: 5.759 GC heap after
{Heap after GC invocations=3 (full 0):
 garbage-first heap   total 262144K, used 12174K [0x0000000701400000, 0x0000000800000000)
  region size 2048K, 1 young (2048K), 1 survivors (2048K)
 Metaspace       used 14236K, committed 14336K, reserved 1064960K
  class space    used 1408K, committed 1472K, reserved 1048576K
}
Event: 6.729 GC heap before
{Heap before GC invocations=3 (full 0):
 garbage-first heap   total 262144K, used 40846K [0x0000000701400000, 0x0000000800000000)
  region size 2048K, 16 young (32768K), 1 survivors (2048K)
 Metaspace       used 21267K, committed 21504K, reserved 1073152K
  class space    used 2293K, committed 2432K, reserved 1048576K
}
Event: 6.733 GC heap after
{Heap after GC invocations=4 (full 0):
 garbage-first heap   total 262144K, used 15690K [0x0000000701400000, 0x0000000800000000)
  region size 2048K, 3 young (6144K), 3 survivors (6144K)
 Metaspace       used 21267K, committed 21504K, reserved 1073152K
  class space    used 2293K, committed 2432K, reserved 1048576K
}
Event: 8.601 GC heap before
{Heap before GC invocations=5 (full 0):
 garbage-first heap   total 69632K, used 50506K [0x0000000701400000, 0x0000000800000000)
  region size 2048K, 20 young (40960K), 3 survivors (6144K)
 Metaspace       used 29812K, committed 30080K, reserved 1081344K
  class space    used 3373K, committed 3520K, reserved 1048576K
}
Event: 8.607 GC heap after
{Heap after GC invocations=6 (full 0):
 garbage-first heap   total 69632K, used 19769K [0x0000000701400000, 0x0000000800000000)
  region size 2048K, 3 young (6144K), 3 survivors (6144K)
 Metaspace       used 29812K, committed 30080K, reserved 1081344K
  class space    used 3373K, committed 3520K, reserved 1048576K
}
Event: 8.653 GC heap before
{Heap before GC invocations=6 (full 0):
 garbage-first heap   total 69632K, used 21817K [0x0000000701400000, 0x0000000800000000)
  region size 2048K, 4 young (8192K), 3 survivors (6144K)
 Metaspace       used 30376K, committed 30656K, reserved 1081344K
  class space    used 3437K, committed 3584K, reserved 1048576K
}
Event: 8.656 GC heap after
{Heap after GC invocations=7 (full 0):
 garbage-first heap   total 69632K, used 20041K [0x0000000701400000, 0x0000000800000000)
  region size 2048K, 1 young (2048K), 1 survivors (2048K)
 Metaspace       used 30376K, committed 30656K, reserved 1081344K
  class space    used 3437K, committed 3584K, reserved 1048576K
}
Event: 9.525 GC heap before
{Heap before GC invocations=7 (full 0):
 garbage-first heap   total 69632K, used 36425K [0x0000000701400000, 0x0000000800000000)
  region size 2048K, 11 young (22528K), 1 survivors (2048K)
 Metaspace       used 34600K, committed 34816K, reserved 1081344K
  class space    used 4080K, committed 4160K, reserved 1048576K
}
Event: 9.528 GC heap after
{Heap after GC invocations=8 (full 0):
 garbage-first heap   total 69632K, used 20822K [0x0000000701400000, 0x0000000800000000)
  region size 2048K, 1 young (2048K), 1 survivors (2048K)
 Metaspace       used 34600K, committed 34816K, reserved 1081344K
  class space    used 4080K, committed 4160K, reserved 1048576K
}
Event: 11.132 GC heap before
{Heap before GC invocations=8 (full 0):
 garbage-first heap   total 69632K, used 43350K [0x0000000701400000, 0x0000000800000000)
  region size 2048K, 4 young (8192K), 1 survivors (2048K)
 Metaspace       used 35714K, committed 35968K, reserved 1081344K
  class space    used 4241K, committed 4416K, reserved 1048576K
}
Event: 11.134 GC heap after
{Heap after GC invocations=9 (full 0):
 garbage-first heap   total 69632K, used 39541K [0x0000000701400000, 0x0000000800000000)
  region size 2048K, 1 young (2048K), 1 survivors (2048K)
 Metaspace       used 35714K, committed 35968K, reserved 1081344K
  class space    used 4241K, committed 4416K, reserved 1048576K
}
Event: 25.729 GC heap before
{Heap before GC invocations=10 (full 0):
 garbage-first heap   total 71680K, used 51829K [0x0000000701400000, 0x0000000800000000)
  region size 2048K, 7 young (14336K), 1 survivors (2048K)
 Metaspace       used 37742K, committed 37952K, reserved 1089536K
  class space    used 4497K, committed 4608K, reserved 1048576K
}
Event: 25.734 GC heap after
{Heap after GC invocations=11 (full 0):
 garbage-first heap   total 71680K, used 41180K [0x0000000701400000, 0x0000000800000000)
  region size 2048K, 1 young (2048K), 1 survivors (2048K)
 Metaspace       used 37742K, committed 37952K, reserved 1089536K
  class space    used 4497K, committed 4608K, reserved 1048576K
}
Event: 46.073 GC heap before
{Heap before GC invocations=12 (full 0):
 garbage-first heap   total 75776K, used 51420K [0x0000000701400000, 0x0000000800000000)
  region size 2048K, 7 young (14336K), 1 survivors (2048K)
 Metaspace       used 38162K, committed 38400K, reserved 1089536K
  class space    used 4516K, committed 4608K, reserved 1048576K
}
Event: 46.074 GC heap after
{Heap after GC invocations=13 (full 0):
 garbage-first heap   total 75776K, used 41487K [0x0000000701400000, 0x0000000800000000)
  region size 2048K, 1 young (2048K), 1 survivors (2048K)
 Metaspace       used 38162K, committed 38400K, reserved 1089536K
  class space    used 4516K, committed 4608K, reserved 1048576K
}

Deoptimization events (20 events):
Event: 13.051 Thread 0x0000023f13fecac0 DEOPT PACKING pc=0x0000023f1817501c sp=0x000000bcda0fc3d0
Event: 13.051 Thread 0x0000023f13fecac0 DEOPT UNPACKING pc=0x0000023f17692b43 sp=0x000000bcda0fb928 mode 0
Event: 25.716 Thread 0x0000023f13fecac0 Uncommon trap: trap_request=0xffffffde fr.pc=0x0000023f1f22b2cc relative=0x000000000000048c
Event: 25.716 Thread 0x0000023f13fecac0 Uncommon trap: reason=class_check action=maybe_recompile pc=0x0000023f1f22b2cc method=java.lang.AbstractStringBuilder.append(Ljava/lang/CharSequence;II)Ljava/lang/AbstractStringBuilder; @ 10 c2
Event: 25.716 Thread 0x0000023f13fecac0 DEOPT PACKING pc=0x0000023f1f22b2cc sp=0x000000bcda0fba70
Event: 25.716 Thread 0x0000023f13fecac0 DEOPT UNPACKING pc=0x0000023f176923a3 sp=0x000000bcda0fba28 mode 2
Event: 25.716 Thread 0x0000023f13fecac0 Uncommon trap: trap_request=0xffffffde fr.pc=0x0000023f1f22b2cc relative=0x000000000000048c
Event: 25.716 Thread 0x0000023f13fecac0 Uncommon trap: reason=class_check action=maybe_recompile pc=0x0000023f1f22b2cc method=java.lang.AbstractStringBuilder.append(Ljava/lang/CharSequence;II)Ljava/lang/AbstractStringBuilder; @ 10 c2
Event: 25.716 Thread 0x0000023f13fecac0 DEOPT PACKING pc=0x0000023f1f22b2cc sp=0x000000bcda0fba70
Event: 25.716 Thread 0x0000023f13fecac0 DEOPT UNPACKING pc=0x0000023f176923a3 sp=0x000000bcda0fba28 mode 2
Event: 25.716 Thread 0x0000023f13fecac0 Uncommon trap: trap_request=0xffffffde fr.pc=0x0000023f1f22b2cc relative=0x000000000000048c
Event: 25.716 Thread 0x0000023f13fecac0 Uncommon trap: reason=class_check action=maybe_recompile pc=0x0000023f1f22b2cc method=java.lang.AbstractStringBuilder.append(Ljava/lang/CharSequence;II)Ljava/lang/AbstractStringBuilder; @ 10 c2
Event: 25.716 Thread 0x0000023f13fecac0 DEOPT PACKING pc=0x0000023f1f22b2cc sp=0x000000bcda0fba70
Event: 25.716 Thread 0x0000023f13fecac0 DEOPT UNPACKING pc=0x0000023f176923a3 sp=0x000000bcda0fba28 mode 2
Event: 25.717 Thread 0x0000023f13fecac0 Uncommon trap: trap_request=0xffffffde fr.pc=0x0000023f1f22b2cc relative=0x000000000000048c
Event: 25.717 Thread 0x0000023f13fecac0 Uncommon trap: reason=class_check action=maybe_recompile pc=0x0000023f1f22b2cc method=java.lang.AbstractStringBuilder.append(Ljava/lang/CharSequence;II)Ljava/lang/AbstractStringBuilder; @ 10 c2
Event: 25.717 Thread 0x0000023f13fecac0 DEOPT PACKING pc=0x0000023f1f22b2cc sp=0x000000bcda0fba70
Event: 25.717 Thread 0x0000023f13fecac0 DEOPT UNPACKING pc=0x0000023f176923a3 sp=0x000000bcda0fba28 mode 2
Event: 26.128 Thread 0x0000023f13fecac0 DEOPT PACKING pc=0x0000023f18330fb3 sp=0x000000bcda0fb930
Event: 26.128 Thread 0x0000023f13fecac0 DEOPT UNPACKING pc=0x0000023f17692b43 sp=0x000000bcda0fade0 mode 0

Classes unloaded (0 events):
No events

Classes redefined (0 events):
No events

Internal exceptions (20 events):
Event: 8.791 Thread 0x0000023f3397e460 Exception <a 'java/lang/NoSuchMethodError'{0x000000070f1aa0b0}: 'void java.lang.invoke.DirectMethodHandle$Holder.invokeStatic(java.lang.Object, long)'> (0x000000070f1aa0b0) 
thrown [e:\jenkins\tmp\workspace\build\src\src\hotspot\share\interpreter\linkResolver.cpp, line 766]
Event: 8.792 Thread 0x0000023f3397e460 Exception <a 'java/lang/NoSuchMethodError'{0x000000070f1af458}: 'java.lang.Object java.lang.invoke.DirectMethodHandle$Holder.newInvokeSpecial(java.lang.Object, long)'> (0x000000070f1af458) 
thrown [e:\jenkins\tmp\workspace\build\src\src\hotspot\share\interpreter\linkResolver.cpp, line 766]
Event: 8.793 Thread 0x0000023f3397e460 Exception <a 'java/lang/NoSuchMethodError'{0x000000070f1b9650}: 'java.lang.Object java.lang.invoke.DirectMethodHandle$Holder.invokeStaticInit(java.lang.Object, java.lang.Object, long, java.lang.Object)'> (0x000000070f1b9650) 
thrown [e:\jenkins\tmp\workspace\build\src\src\hotspot\share\interpreter\linkResolver.cpp, line 766]
Event: 8.794 Thread 0x0000023f3397e460 Exception <a 'java/lang/NoSuchMethodError'{0x000000070f1bf698}: 'java.lang.Object java.lang.invoke.DirectMethodHandle$Holder.newInvokeSpecial(java.lang.Object, java.lang.Object, long)'> (0x000000070f1bf698) 
thrown [e:\jenkins\tmp\workspace\build\src\src\hotspot\share\interpreter\linkResolver.cpp, line 766]
Event: 8.794 Thread 0x0000023f3397e460 Exception <a 'java/lang/NoSuchMethodError'{0x000000070f1c3208}: 'java.lang.Object java.lang.invoke.Invokers$Holder.linkToTargetMethod(java.lang.Object, long, java.lang.Object)'> (0x000000070f1c3208) 
thrown [e:\jenkins\tmp\workspace\build\src\src\hotspot\share\interpreter\linkResolver.cpp, line 766]
Event: 8.808 Thread 0x0000023f344f22c0 Exception <a 'java/net/ConnectException'{0x000000070ee43178}: Connection refused: no further information> (0x000000070ee43178) 
thrown [e:\jenkins\tmp\workspace\build\src\src\hotspot\share\prims\jni.cpp, line 535]
Event: 8.809 Thread 0x0000023f344f22c0 Exception <a 'java/net/SocketException'{0x000000070ee434b0}: Socket is not connected: shutdown> (0x000000070ee434b0) 
thrown [e:\jenkins\tmp\workspace\build\src\src\hotspot\share\prims\jni.cpp, line 535]
Event: 8.855 Thread 0x0000023f344f22c0 Exception <a 'java/net/ConnectException'{0x000000070ee44448}: Connection refused: no further information> (0x000000070ee44448) 
thrown [e:\jenkins\tmp\workspace\build\src\src\hotspot\share\prims\jni.cpp, line 535]
Event: 8.855 Thread 0x0000023f344f22c0 Exception <a 'java/net/SocketException'{0x000000070ee44780}: Socket is not connected: shutdown> (0x000000070ee44780) 
thrown [e:\jenkins\tmp\workspace\build\src\src\hotspot\share\prims\jni.cpp, line 535]
Event: 8.966 Thread 0x0000023f13fecac0 Exception <a 'java/lang/NoSuchMethodError'{0x000000070ef28aa0}: 'double java.lang.invoke.DirectMethodHandle$Holder.invokeVirtual(java.lang.Object, java.lang.Object)'> (0x000000070ef28aa0) 
thrown [e:\jenkins\tmp\workspace\build\src\src\hotspot\share\interpreter\linkResolver.cpp, line 766]
Event: 8.966 Thread 0x0000023f13fecac0 Exception <a 'java/lang/NoSuchMethodError'{0x000000070ef2f4f0}: 'float java.lang.invoke.DirectMethodHandle$Holder.invokeVirtual(java.lang.Object, java.lang.Object)'> (0x000000070ef2f4f0) 
thrown [e:\jenkins\tmp\workspace\build\src\src\hotspot\share\interpreter\linkResolver.cpp, line 766]
Event: 8.967 Thread 0x0000023f13fecac0 Exception <a 'java/lang/NoSuchMethodError'{0x000000070ef387b0}: 'long java.lang.invoke.DirectMethodHandle$Holder.invokeVirtual(java.lang.Object, java.lang.Object)'> (0x000000070ef387b0) 
thrown [e:\jenkins\tmp\workspace\build\src\src\hotspot\share\interpreter\linkResolver.cpp, line 766]
Event: 8.995 Thread 0x0000023f13fecac0 Exception <a 'java/lang/NoSuchMethodError'{0x0000000704e8b378}: 'void java.lang.invoke.DirectMethodHandle$Holder.invokeStatic(java.lang.Object, java.lang.Object, int)'> (0x0000000704e8b378) 
thrown [e:\jenkins\tmp\workspace\build\src\src\hotspot\share\interpreter\linkResolver.cpp, line 766]
Event: 9.037 Thread 0x0000023f13fecac0 Exception <a 'java/lang/NoSuchMethodError'{0x0000000704c9e1c8}: 'int java.lang.invoke.DirectMethodHandle$Holder.invokeSpecialIFC(java.lang.Object, java.lang.Object, java.lang.Object)'> (0x0000000704c9e1c8) 
thrown [e:\jenkins\tmp\workspace\build\src\src\hotspot\share\interpreter\linkResolver.cpp, line 766]
Event: 9.117 Thread 0x0000023f13fecac0 Exception <a 'java/lang/NoSuchMethodError'{0x000000070484d340}: 'void java.lang.invoke.DirectMethodHandle$Holder.invokeSpecial(java.lang.Object, java.lang.Object, java.lang.Object, java.lang.Object, java.lang.Object, java.lang.Object)'> (0x000000070484d340) 
thrown [e:\jenkins\tmp\workspace\build\src\src\hotspot\share\interpreter\linkResolver.cpp, line 766]
Event: 11.115 Thread 0x0000023f13fecac0 Exception <a 'java/lang/NoSuchMethodError'{0x000000070f39b3e0}: 'java.lang.Object java.lang.invoke.DirectMethodHandle$Holder.invokeSpecialIFC(java.lang.Object, java.lang.Object, java.lang.Object)'> (0x000000070f39b3e0) 
thrown [e:\jenkins\tmp\workspace\build\src\src\hotspot\share\interpreter\linkResolver.cpp, line 766]
Event: 11.138 Thread 0x0000023f13fecac0 Exception <a 'java/lang/NoSuchMethodError'{0x0000000711207f30}: 'java.lang.Object java.lang.invoke.DirectMethodHandle$Holder.invokeStatic(java.lang.Object, int, java.lang.Object)'> (0x0000000711207f30) 
thrown [e:\jenkins\tmp\workspace\build\src\src\hotspot\share\interpreter\linkResolver.cpp, line 766]
Event: 11.143 Thread 0x0000023f13fecac0 Exception <a 'java/lang/ClassNotFoundException'{0x000000071121a008}: sun/util/logging/resources/spi/loggingProvider> (0x000000071121a008) 
thrown [e:\jenkins\tmp\workspace\build\src\src\hotspot\share\classfile\systemDictionary.cpp, line 256]
Event: 12.955 Thread 0x0000023f13fecac0 Exception <a 'java/lang/NoSuchMethodError'{0x000000070f1052d0}: 'void java.lang.invoke.DirectMethodHandle$Holder.invokeVirtual(java.lang.Object, java.lang.Object)'> (0x000000070f1052d0) 
thrown [e:\jenkins\tmp\workspace\build\src\src\hotspot\share\interpreter\linkResolver.cpp, line 766]
Event: 28.232 Thread 0x0000023f13fecac0 Exception <a 'java/lang/ClassNotFoundException'{0x000000070ee7e268}: sun/misc/SharedSecrets> (0x000000070ee7e268) 
thrown [e:\jenkins\tmp\workspace\build\src\src\hotspot\share\classfile\systemDictionary.cpp, line 256]

VM Operations (20 events):
Event: 46.072 Executing VM operation: G1CollectForAllocation
Event: 46.074 Executing VM operation: G1CollectForAllocation done
Event: 47.083 Executing VM operation: Cleanup
Event: 47.083 Executing VM operation: Cleanup done
Event: 49.099 Executing VM operation: Cleanup
Event: 49.099 Executing VM operation: Cleanup done
Event: 63.226 Executing VM operation: Cleanup
Event: 63.226 Executing VM operation: Cleanup done
Event: 64.236 Executing VM operation: Cleanup
Event: 64.236 Executing VM operation: Cleanup done
Event: 69.295 Executing VM operation: Cleanup
Event: 69.295 Executing VM operation: Cleanup done
Event: 72.313 Executing VM operation: Cleanup
Event: 72.314 Executing VM operation: Cleanup done
Event: 73.322 Executing VM operation: Cleanup
Event: 73.322 Executing VM operation: Cleanup done
Event: 74.337 Executing VM operation: Cleanup
Event: 74.337 Executing VM operation: Cleanup done
Event: 83.438 Executing VM operation: Cleanup
Event: 83.438 Executing VM operation: Cleanup done

Events (20 events):
Event: 18.575 loading class jdk/internal/reflect/UnsafeStaticObjectFieldAccessorImpl done
Event: 18.575 loading class java/util/AbstractList$ListItr
Event: 18.575 loading class java/util/AbstractList$ListItr done
Event: 25.677 loading class java/time/Clock$SystemClock
Event: 25.677 loading class java/time/Clock$SystemClock done
Event: 25.683 loading class java/time/Instant$1
Event: 25.683 loading class java/time/Instant$1 done
Event: 25.735 Thread 0x0000023f35646020 Thread added: 0x0000023f35646020
Event: 25.931 Thread 0x0000023f35646020 Thread exited: 0x0000023f35646020
Event: 26.118 loading class java/util/function/BooleanSupplier
Event: 26.119 loading class java/util/function/BooleanSupplier done
Event: 28.232 loading class sun/misc/SharedSecrets
Event: 28.232 loading class sun/misc/SharedSecrets done
Event: 68.967 loading class java/util/IdentityHashMap$KeyIterator
Event: 68.967 loading class java/util/IdentityHashMap$IdentityHashMapIterator
Event: 68.967 loading class java/util/IdentityHashMap$IdentityHashMapIterator done
Event: 68.967 loading class java/util/IdentityHashMap$KeyIterator done
Event: 68.967 Thread 0x0000023f344f22c0 Thread exited: 0x0000023f344f22c0
Event: 71.196 Thread 0x0000023f359bb050 Thread exited: 0x0000023f359bb050
Event: 82.732 Loaded shared library C:\Users\Siddhant.Ingole.IN\eclipse-workspace\DS-2.0\AutoItLib\jacob-1.14.3-x64.dll


Dynamic libraries:
0x00007ff6e2530000 - 0x00007ff6e253e000 	C:\Users\siddhant.ingole\.p2\pool\plugins\org.eclipse.justj.openjdk.hotspot.jre.full.win32.x86_64_17.0.2.v20220201-1208\jre\bin\javaw.exe
0x00007ffbe0dd0000 - 0x00007ffbe0fc8000 	C:\Windows\SYSTEM32\ntdll.dll
0x00007ffbdfa00000 - 0x00007ffbdfabd000 	C:\Windows\System32\KERNEL32.DLL
0x00007ffbdeb60000 - 0x00007ffbdee2e000 	C:\Windows\System32\KERNELBASE.dll
0x0000000054660000 - 0x000000005470e000 	C:\Windows\System32\SYSFER.DLL
0x00007ffbc1340000 - 0x00007ffbc167a000 	C:\Windows\system32\ctiuser.dll
0x00007ffbde660000 - 0x00007ffbde760000 	C:\Windows\System32\ucrtbase.dll
0x00007ffbc0a30000 - 0x00007ffbc0a49000 	C:\Users\siddhant.ingole\.p2\pool\plugins\org.eclipse.justj.openjdk.hotspot.jre.full.win32.x86_64_17.0.2.v20220201-1208\jre\bin\VCRUNTIME140.dll
0x00007ffbd8590000 - 0x00007ffbd85a8000 	C:\Users\siddhant.ingole\.p2\pool\plugins\org.eclipse.justj.openjdk.hotspot.jre.full.win32.x86_64_17.0.2.v20220201-1208\jre\bin\jli.dll
0x00007ffbdf340000 - 0x00007ffbdf4e0000 	C:\Windows\System32\USER32.dll
0x00007ffbde520000 - 0x00007ffbde542000 	C:\Windows\System32\win32u.dll
0x00007ffbdf310000 - 0x00007ffbdf33a000 	C:\Windows\System32\GDI32.dll
0x00007ffbde550000 - 0x00007ffbde65b000 	C:\Windows\System32\gdi32full.dll
0x00007ffbde880000 - 0x00007ffbde91d000 	C:\Windows\System32\msvcp_win.dll
0x00007ffbcdfe0000 - 0x00007ffbce27a000 	C:\Windows\WinSxS\amd64_microsoft.windows.common-controls_6595b64144ccf1df_6.0.19041.1110_none_60b5254171f9507e\COMCTL32.dll
0x00007ffbdfd10000 - 0x00007ffbdfdae000 	C:\Windows\System32\msvcrt.dll
0x00007ffbdff30000 - 0x00007ffbdffde000 	C:\Windows\System32\ADVAPI32.dll
0x00007ffbdee30000 - 0x00007ffbdeecc000 	C:\Windows\System32\sechost.dll
0x00007ffbdffe0000 - 0x00007ffbe0105000 	C:\Windows\System32\RPCRT4.dll
0x00007ffbd7b40000 - 0x00007ffbd7b4b000 	C:\Windows\system32\FLTLIB.DLL
0x00007ffbdf0e0000 - 0x00007ffbdf110000 	C:\Windows\System32\IMM32.DLL
0x00007ffbc4360000 - 0x00007ffbc436c000 	C:\Users\siddhant.ingole\.p2\pool\plugins\org.eclipse.justj.openjdk.hotspot.jre.full.win32.x86_64_17.0.2.v20220201-1208\jre\bin\vcruntime140_1.dll
0x00007ffbb26a0000 - 0x00007ffbb2731000 	C:\Users\siddhant.ingole\.p2\pool\plugins\org.eclipse.justj.openjdk.hotspot.jre.full.win32.x86_64_17.0.2.v20220201-1208\jre\bin\msvcp140.dll
0x00007ffbaec70000 - 0x00007ffbaf8b7000 	C:\Users\siddhant.ingole\.p2\pool\plugins\org.eclipse.justj.openjdk.hotspot.jre.full.win32.x86_64_17.0.2.v20220201-1208\jre\bin\server\jvm.dll
0x00007ffbdf110000 - 0x00007ffbdf118000 	C:\Windows\System32\PSAPI.DLL
0x00007ffbb9d00000 - 0x00007ffbb9d09000 	C:\Windows\SYSTEM32\WSOCK32.dll
0x00007ffbdf610000 - 0x00007ffbdf67b000 	C:\Windows\System32\WS2_32.dll
0x00007ffbbd870000 - 0x00007ffbbd897000 	C:\Windows\SYSTEM32\WINMM.dll
0x00007ffbd6ab0000 - 0x00007ffbd6aba000 	C:\Windows\SYSTEM32\VERSION.dll
0x00007ffbdc410000 - 0x00007ffbdc422000 	C:\Windows\SYSTEM32\kernel.appcore.dll
0x00007ffbc4200000 - 0x00007ffbc420a000 	C:\Users\siddhant.ingole\.p2\pool\plugins\org.eclipse.justj.openjdk.hotspot.jre.full.win32.x86_64_17.0.2.v20220201-1208\jre\bin\jimage.dll
0x00007ffbcc030000 - 0x00007ffbcc214000 	C:\Windows\SYSTEM32\DBGHELP.DLL
0x00007ffbcc430000 - 0x00007ffbcc45c000 	C:\Windows\SYSTEM32\dbgcore.DLL
0x00007ffbde920000 - 0x00007ffbde9a2000 	C:\Windows\System32\bcryptPrimitives.dll
0x00007ffbc0a00000 - 0x00007ffbc0a25000 	C:\Users\siddhant.ingole\.p2\pool\plugins\org.eclipse.justj.openjdk.hotspot.jre.full.win32.x86_64_17.0.2.v20220201-1208\jre\bin\java.dll
0x00007ffbc09e0000 - 0x00007ffbc09f8000 	C:\Users\siddhant.ingole\.p2\pool\plugins\org.eclipse.justj.openjdk.hotspot.jre.full.win32.x86_64_17.0.2.v20220201-1208\jre\bin\zip.dll
0x00007ffbe0170000 - 0x00007ffbe08b4000 	C:\Windows\System32\SHELL32.dll
0x00007ffbdc610000 - 0x00007ffbdcda4000 	C:\Windows\SYSTEM32\windows.storage.dll
0x00007ffbdf680000 - 0x00007ffbdf9d4000 	C:\Windows\System32\combase.dll
0x00007ffbddee0000 - 0x00007ffbddf10000 	C:\Windows\SYSTEM32\Wldp.dll
0x00007ffbdfdb0000 - 0x00007ffbdfe5d000 	C:\Windows\System32\SHCORE.dll
0x00007ffbdf200000 - 0x00007ffbdf255000 	C:\Windows\System32\shlwapi.dll
0x00007ffbde430000 - 0x00007ffbde44f000 	C:\Windows\SYSTEM32\profapi.dll
0x00007ffbc09c0000 - 0x00007ffbc09d9000 	C:\Users\siddhant.ingole\.p2\pool\plugins\org.eclipse.justj.openjdk.hotspot.jre.full.win32.x86_64_17.0.2.v20220201-1208\jre\bin\net.dll
0x00007ffbd7b50000 - 0x00007ffbd7c5a000 	C:\Windows\SYSTEM32\WINHTTP.dll
0x00007ffbddc40000 - 0x00007ffbddcaa000 	C:\Windows\system32\mswsock.dll
0x00007ffbc09a0000 - 0x00007ffbc09b5000 	C:\Users\siddhant.ingole\.p2\pool\plugins\org.eclipse.justj.openjdk.hotspot.jre.full.win32.x86_64_17.0.2.v20220201-1208\jre\bin\nio.dll
0x00007ffbdd930000 - 0x00007ffbdd96b000 	C:\Windows\SYSTEM32\IPHLPAPI.DLL
0x00007ffbdf9e0000 - 0x00007ffbdf9e8000 	C:\Windows\System32\NSI.dll
0x00007ffbd8630000 - 0x00007ffbd8647000 	C:\Windows\SYSTEM32\dhcpcsvc6.DLL
0x00007ffbd8610000 - 0x00007ffbd862d000 	C:\Windows\SYSTEM32\dhcpcsvc.DLL
0x00007ffbdd980000 - 0x00007ffbdda4a000 	C:\Windows\SYSTEM32\DNSAPI.dll
0x00007ffbc3d40000 - 0x00007ffbc3d50000 	C:\Users\siddhant.ingole\.p2\pool\plugins\org.eclipse.justj.openjdk.hotspot.jre.full.win32.x86_64_17.0.2.v20220201-1208\jre\bin\verify.dll
0x00007ffbcde10000 - 0x00007ffbcde19000 	C:\Users\siddhant.ingole\.p2\pool\plugins\org.eclipse.justj.openjdk.hotspot.jre.full.win32.x86_64_17.0.2.v20220201-1208\jre\bin\prefs.dll
0x00007ffbc4a10000 - 0x00007ffbc4a1e000 	C:\Users\siddhant.ingole\.p2\pool\plugins\org.eclipse.justj.openjdk.hotspot.jre.full.win32.x86_64_17.0.2.v20220201-1208\jre\bin\sunmscapi.dll
0x00007ffbde9b0000 - 0x00007ffbdeb06000 	C:\Windows\System32\CRYPT32.dll
0x00007ffbddf50000 - 0x00007ffbddf77000 	C:\Windows\SYSTEM32\ncrypt.dll
0x00007ffbddf10000 - 0x00007ffbddf4b000 	C:\Windows\SYSTEM32\NTASN1.dll
0x00007ffbdde30000 - 0x00007ffbdde48000 	C:\Windows\SYSTEM32\CRYPTSP.dll
0x00007ffbdd560000 - 0x00007ffbdd594000 	C:\Windows\system32\rsaenh.dll
0x00007ffbde4f0000 - 0x00007ffbde517000 	C:\Windows\System32\bcrypt.dll
0x00007ffbde3f0000 - 0x00007ffbde41e000 	C:\Windows\SYSTEM32\USERENV.dll
0x00007ffbdde50000 - 0x00007ffbdde5c000 	C:\Windows\SYSTEM32\CRYPTBASE.dll
0x00007ffbd7b30000 - 0x00007ffbd7b3a000 	C:\Windows\System32\rasadhlp.dll
0x00007ffbd8180000 - 0x00007ffbd8200000 	C:\Windows\System32\fwpuclnt.dll
0x00007ffbda090000 - 0x00007ffbda099000 	C:\Users\siddhant.ingole\.p2\pool\plugins\org.eclipse.justj.openjdk.hotspot.jre.full.win32.x86_64_17.0.2.v20220201-1208\jre\bin\management.dll
0x00007ffbc4a20000 - 0x00007ffbc4a2b000 	C:\Users\siddhant.ingole\.p2\pool\plugins\org.eclipse.justj.openjdk.hotspot.jre.full.win32.x86_64_17.0.2.v20220201-1208\jre\bin\management_ext.dll
0x00007ffbccab0000 - 0x00007ffbccab7000 	C:\Windows\system32\wshunix.dll
0x00007ffbc4d60000 - 0x00007ffbc4d77000 	C:\Windows\system32\napinsp.dll
0x00007ffbc4d80000 - 0x00007ffbc4d9b000 	C:\Windows\system32\pnrpnsp.dll
0x00007ffbceb40000 - 0x00007ffbceb55000 	C:\Windows\system32\wshbth.dll
0x00007ffbd9f10000 - 0x00007ffbd9f2d000 	C:\Windows\system32\NLAapi.dll
0x00007ffbceb60000 - 0x00007ffbceb72000 	C:\Windows\System32\winrnr.dll
0x0000000180000000 - 0x0000000180021000 	C:\Users\Siddhant.Ingole.IN\eclipse-workspace\DS-2.0\AutoItLib\jacob-1.14.3-x64.dll
0x00007ffbdfac0000 - 0x00007ffbdfbea000 	C:\Windows\System32\ole32.dll
0x00007ffbdfe60000 - 0x00007ffbdff2d000 	C:\Windows\System32\OLEAUT32.dll
0x0000000052a50000 - 0x0000000052b19000 	C:\Windows\WinSxS\amd64_microsoft.vc80.crt_1fc8b3b9a1e18e3b_8.0.50727.9672_none_88e266cb2fac7c0d\MSVCR80.dll
0x00007ffbdf260000 - 0x00007ffbdf309000 	C:\Windows\System32\clbcatq.dll
0x00007ffbdbec0000 - 0x00007ffbdbf5e000 	C:\Windows\system32\uxtheme.dll
0x0000023f36b40000 - 0x0000023f36bc2000 	C:\Users\Siddhant.Ingole.IN\eclipse-workspace\DrySign\AutoItLib\AutoItX3_x64.dll
0x00007ffbce860000 - 0x00007ffbce87d000 	C:\Windows\SYSTEM32\MPR.dll

dbghelp: loaded successfully - version: 4.0.5 - missing functions: none
symbol engine: initialized successfully - sym options: 0x614 - pdb path: .;C:\Users\siddhant.ingole\.p2\pool\plugins\org.eclipse.justj.openjdk.hotspot.jre.full.win32.x86_64_17.0.2.v20220201-1208\jre\bin;C:\Windows\SYSTEM32;C:\Windows\WinSxS\amd64_microsoft.windows.common-controls_6595b64144ccf1df_6.0.19041.1110_none_60b5254171f9507e;C:\Users\siddhant.ingole\.p2\pool\plugins\org.eclipse.justj.openjdk.hotspot.jre.full.win32.x86_64_17.0.2.v20220201-1208\jre\bin\server;C:\Users\Siddhant.Ingole.IN\eclipse-workspace\DS-2.0\AutoItLib;C:\Windows\WinSxS\amd64_microsoft.vc80.crt_1fc8b3b9a1e18e3b_8.0.50727.9672_none_88e266cb2fac7c0d;C:\Users\Siddhant.Ingole.IN\eclipse-workspace\DrySign\AutoItLib

VM Arguments:
jvm_args: -ea -Dfile.encoding=Cp1252 -XX:+ShowCodeDetailsInExceptionMessages 
java_command: org.eclipse.jdt.internal.junit.runner.RemoteTestRunner -version 3 -port 61322 -testLoaderClass org.eclipse.jdt.internal.junit5.runner.JUnit5TestLoader -loaderpluginname org.eclipse.jdt.junit5.runtime -classNames runner.RunnerTest
java_class_path (initial): C:\Users\Siddhant.Ingole.IN\eclipse-workspace\DS-2.0\target\test-classes;C:\Users\Siddhant.Ingole.IN\eclipse-workspace\DS-2.0\target\classes;C:\Users\siddhant.ingole\.p2\pool\plugins\org.junit.jupiter.api_5.8.1.v20211018-1956.jar;C:\Users\siddhant.ingole\.p2\pool\plugins\org.junit.jupiter.engine_5.8.1.v20211018-1956.jar;C:\Users\siddhant.ingole\.p2\pool\plugins\org.junit.jupiter.migrationsupport_5.8.1.v20211018-1956.jar;C:\Users\siddhant.ingole\.p2\pool\plugins\org.junit.jupiter.params_5.8.1.v20211018-1956.jar;C:\Users\siddhant.ingole\.p2\pool\plugins\org.junit.platform.commons_1.8.1.v20211018-1956.jar;C:\Users\siddhant.ingole\.p2\pool\plugins\org.junit.platform.engine_1.8.1.v20211018-1956.jar;C:\Users\siddhant.ingole\.p2\pool\plugins\org.junit.platform.launcher_1.8.1.v20211018-1956.jar;C:\Users\siddhant.ingole\.p2\pool\plugins\org.junit.platform.runner_1.8.1.v20211018-1956.jar;C:\Users\siddhant.ingole\.p2\pool\plugins\org.junit.platform.suite.api_1.8.1.v20211018-1956.jar;C:\Users\siddhant.ingole\.p2\pool\plugins\org.junit.platform.suite.engine_1.8.1.v20211028-1957.jar;C:\Users\siddhant.ingole\.p2\pool\plugins\org.junit.platform.suite.commons_1.8.1.v20211018-1956.jar;C:\Users\siddhant.ingole\.p2\pool\plugins\org.junit.vintage.engine_5.8.1.v20211018-1956.jar;C:\Users\siddhant.ingole\.p2\pool\plugins\org.opentest4j_1.2.0.v20211018-1956.jar;C:\Users\siddhant.ingole\.p2\pool\plugins\org.apiguardian_1.1.2.v20211018-1956.jar;C:\Users\siddhant.ingole\.p2\pool\plugins\org.junit_4.13.2.v20211018-1956.jar;C:\Users\siddhant.ingole\.p2\pool\plugins\org.hamcrest.core_1.3.0.v20180420-1519.jar;C:\Users\Siddhant.Ingole.IN\.m2\repository\org\freemarker\freemarker\2.3.30\freemarker-2.3.30.jar;C:\Users\Siddhant.Ingole.IN\.m2\repository\io\cucumber\cucumber-junit\4.7.4\cucumber-junit-4.7.4.jar;C:\Users\Siddhant.Ingole.IN\.m2\repository\org\apiguardian\apiguardian-api\1.1.0\apiguardian-api-1.1.0.jar;C:\Users\Siddhant.Ingole.IN\.m2\repository\com\microsoft\az
Launcher Type: SUN_STANDARD

[Global flags]
     intx CICompilerCount                          = 3                                         {product} {ergonomic}
     uint ConcGCThreads                            = 1                                         {product} {ergonomic}
     uint G1ConcRefinementThreads                  = 4                                         {product} {ergonomic}
   size_t G1HeapRegionSize                         = 2097152                                   {product} {ergonomic}
    uintx GCDrainStackTargetSize                   = 64                                        {product} {ergonomic}
   size_t InitialHeapSize                          = 268435456                                 {product} {ergonomic}
   size_t MarkStackSize                            = 4194304                                   {product} {ergonomic}
   size_t MaxHeapSize                              = 4273995776                                {product} {ergonomic}
   size_t MaxNewSize                               = 2562719744                                {product} {ergonomic}
   size_t MinHeapDeltaBytes                        = 2097152                                   {product} {ergonomic}
   size_t MinHeapSize                              = 8388608                                   {product} {ergonomic}
    uintx NonNMethodCodeHeapSize                   = 5832780                                {pd product} {ergonomic}
    uintx NonProfiledCodeHeapSize                  = 122912730                              {pd product} {ergonomic}
    uintx ProfiledCodeHeapSize                     = 122912730                              {pd product} {ergonomic}
    uintx ReservedCodeCacheSize                    = 251658240                              {pd product} {ergonomic}
     bool SegmentedCodeCache                       = true                                      {product} {ergonomic}
     bool ShowCodeDetailsInExceptionMessages       = true                                   {manageable} {command line}
   size_t SoftMaxHeapSize                          = 4273995776                             {manageable} {ergonomic}
     bool UseCompressedClassPointers               = true                           {product lp64_product} {ergonomic}
     bool UseCompressedOops                        = true                           {product lp64_product} {ergonomic}
     bool UseG1GC                                  = true                                      {product} {ergonomic}
     bool UseLargePagesIndividualAllocation        = false                                  {pd product} {ergonomic}

Logging:
Log output configuration:
 #0: stdout all=warning uptime,level,tags
 #1: stderr all=off uptime,level,tags

Environment Variables:
JAVA_HOME=C:\Program Files\Java\jdk1.8.0_202
PATH=C:/Users/siddhant.ingole/.p2/pool/plugins/org.eclipse.justj.openjdk.hotspot.jre.full.win32.x86_64_17.0.2.v20220201-1208/jre/bin/server;C:/Users/siddhant.ingole/.p2/pool/plugins/org.eclipse.justj.openjdk.hotspot.jre.full.win32.x86_64_17.0.2.v20220201-1208/jre/bin;C:\Program Files (x86)\Common Files\Oracle\Java\javapath;C:\ProgramData\Oracle\Java\javapath;C:\Windows\system32;C:\Windows;C:\Windows\System32\Wbem;C:\Windows\System32\WindowsPowerShell\v1.0\;C:\Windows\System32\OpenSSH\;C:\Users\Siddhant.Ingole.IN\Downloads\apache-maven-3.8.6\bin;C:\Program Files\Java\jdk1.8.0_202\bin;C:\Program Files\Java\jre1.8.0_202\bin;C:\Users\Siddhant.Ingole.IN\AppData\Local\Microsoft\WindowsApps;C:\Users\Siddhant.Ingole.IN\AppData\Local\GitHubDesktop\bin;C:\Users\Siddhant.Ingole.IN\AppData\Local\Programs\Git\cmd;C:\Users\Siddhant.Ingole.IN\Desktop;
USERNAME=Siddhant.Ingole
OS=Windows_NT
PROCESSOR_IDENTIFIER=Intel64 Family 6 Model 60 Stepping 3, GenuineIntel



---------------  S Y S T E M  ---------------

OS:
 Windows 10 , 64 bit Build 19041 (10.0.19041.1889)
OS uptime: 0 days 3:59 hours

CPU: total 4 (initial active 4) (4 cores per cpu, 1 threads per core) family 6 model 60 stepping 3 microcode 0x27, cx8, cmov, fxsr, mmx, sse, sse2, sse3, ssse3, sse4.1, sse4.2, popcnt, lzcnt, tsc, tscinvbit, avx, avx2, aes, erms, clmul, bmi1, bmi2, fma, vzeroupper, clflush

Memory: 4k page, system-wide physical 16302M (8077M free)
TotalPageFile size 33710M (AvailPageFile size 22402M)
current process WorkingSet (physical memory assigned to process): 245M, peak: 245M
current process commit charge ("private bytes"): 254M, peak: 382M

vm_info: OpenJDK 64-Bit Server VM (17.0.2+8) for windows-amd64 JRE (17.0.2+8), built on Jan 20 2022 04:52:34 by "" with MS VC++ 16.7 (VS2019)

END.
