#
# A fatal error has been detected by the Java Runtime Environment:
#
#  EXCEPTION_ACCESS_VIOLATION (0xc0000005) at pc=0x0000000180012df1, pid=5548, tid=8924
#
# JRE version: OpenJDK Runtime Environment Temurin-17.0.2+8 (17.0.2+8) (build 17.0.2+8)
# Java VM: OpenJDK 64-Bit Server VM Temurin-17.0.2+8 (17.0.2+8, mixed mode, tiered, compressed oops, compressed class ptrs, g1 gc, windows-amd64)
# Problematic frame:
# C  [jacob-1.14.3-x64.dll+0x12df1]
#
# No core dump will be written. Minidumps are not enabled by default on client versions of Windows
#
# If you would like to submit a bug report, please visit:
#   https://github.com/adoptium/adoptium-support/issues
# The crash happened outside the Java Virtual Machine in native code.
# See problematic frame for where to report the bug.
#

---------------  S U M M A R Y ------------

Command Line: -ea -Dfile.encoding=Cp1252 -XX:+ShowCodeDetailsInExceptionMessages org.eclipse.jdt.internal.junit.runner.RemoteTestRunner -version 3 -port 63084 -testLoaderClass org.eclipse.jdt.internal.junit5.runner.JUnit5TestLoader -loaderpluginname org.eclipse.jdt.junit5.runtime -classNames runner.RunnerTest

Host: Intel(R) Core(TM) i5-4590 CPU @ 3.30GHz, 4 cores, 15G,  Windows 10 , 64 bit Build 19041 (10.0.19041.1889)
Time: Tue Aug 16 10:43:31 2022 Pacific Daylight Time elapsed time: 86.081008 seconds (0d 0h 1m 26s)

---------------  T H R E A D  ---------------

Current thread (0x000001bca8986890):  JavaThread "main" [_thread_in_native, id=8924, stack(0x0000008e25300000,0x0000008e25400000)]

Stack: [0x0000008e25300000,0x0000008e25400000],  sp=0x0000008e253fc3b0,  free space=1008k
Native frames: (J=compiled Java code, j=interpreted, Vv=VM code, C=native code)
C  [jacob-1.14.3-x64.dll+0x12df1]

Java frames: (J=compiled Java code, j=interpreted, Vv=VM code)
j  com.jacob.com.Variant.getVariantType()S+0
j  com.jacob.com.Variant.getvt()S+8
j  com.jacob.com.Variant.putBoolean(Z)V+1
j  com.jacob.com.VariantUtilities.populateVariant(Lcom/jacob/com/Variant;Ljava/lang/Object;Z)V+155
j  com.jacob.com.Variant.<init>(Ljava/lang/Object;Z)V+16
j  com.jacob.com.Variant.<init>(Ljava/lang/Object;)V+3
j  com.jacob.com.Variant.<init>(Z)V+9
j  com.jacob.com.Variant.<clinit>()V+5
v  ~StubRoutines::call_stub
j  autoitx4java.AutoItX.winVariantBool(Ljava/lang/String;Ljava/lang/String;ILjava/lang/String;)Z+0
j  autoitx4java.AutoItX.winWait(Ljava/lang/String;Ljava/lang/String;I)Z+6
j  stepDefinitions.DrySign.uploadFile(Ljava/lang/String;Ljava/lang/String;)Z+100
j  stepDefinitions.DrySign.user_click_on_upload_photo_button_as(Ljava/lang/String;)V+24
v  ~StubRoutines::call_stub
j  jdk.internal.reflect.NativeMethodAccessorImpl.invoke0(Ljava/lang/reflect/Method;Ljava/lang/Object;[Ljava/lang/Object;)Ljava/lang/Object;+0 java.base@17.0.2
j  jdk.internal.reflect.NativeMethodAccessorImpl.invoke(Ljava/lang/Object;[Ljava/lang/Object;)Ljava/lang/Object;+133 java.base@17.0.2
J 2301 c1 jdk.internal.reflect.DelegatingMethodAccessorImpl.invoke(Ljava/lang/Object;[Ljava/lang/Object;)Ljava/lang/Object; java.base@17.0.2 (10 bytes) @ 0x000001bcaca32e4c [0x000001bcaca32d40+0x000000000000010c]
J 2305 c1 cucumber.runtime.Utils$1.call()Ljava/lang/Object; (189 bytes) @ 0x000001bcaca34544 [0x000001bcaca33ce0+0x0000000000000864]
J 2340 c1 cucumber.runtime.Timeout.timeout(Lcucumber/runtime/Timeout$Callback;J)Ljava/lang/Object; (251 bytes) @ 0x000001bcaca5d15c [0x000001bcaca5c6e0+0x0000000000000a7c]
J 2304 c1 cucumber.runtime.Utils.invoke(Ljava/lang/Object;Ljava/lang/reflect/Method;J[Ljava/lang/Object;)Ljava/lang/Object; (24 bytes) @ 0x000001bcaca333cc [0x000001bcaca331e0+0x00000000000001ec]
j  cucumber.runtime.java.JavaStepDefinition.execute([Ljava/lang/Object;)V+25
j  cucumber.runner.PickleStepDefinitionMatch.runStep(Lcucumber/api/Scenario;)V+137
j  cucumber.runner.TestStep.executeStep(Lcucumber/runner/Scenario;Z)Lcucumber/api/Result$Type;+9
j  cucumber.runner.TestStep.run(Lcucumber/api/TestCase;Lcucumber/runner/EventBus;Lcucumber/runner/Scenario;Z)Z+45
j  cucumber.runner.PickleStepTestStep.run(Lcucumber/api/TestCase;Lcucumber/runner/EventBus;Lcucumber/runner/Scenario;Z)Z+63
j  cucumber.runner.TestCase.run(Lcucumber/runner/EventBus;)V+144
j  cucumber.runner.Runner.runPickle(Lgherkin/events/PickleEvent;)V+15
j  io.cucumber.junit.PickleRunners$NoStepDescriptions.run(Lorg/junit/runner/notification/RunNotifier;)V+37
j  io.cucumber.junit.FeatureRunner.runChild(Lio/cucumber/junit/PickleRunners$PickleRunner;Lorg/junit/runner/notification/RunNotifier;)V+2
j  io.cucumber.junit.FeatureRunner.runChild(Ljava/lang/Object;Lorg/junit/runner/notification/RunNotifier;)V+6
j  org.junit.runners.ParentRunner$4.run()V+12
j  org.junit.runners.ParentRunner$1.schedule(Ljava/lang/Runnable;)V+1
j  org.junit.runners.ParentRunner.runChildren(Lorg/junit/runner/notification/RunNotifier;)V+44
j  org.junit.runners.ParentRunner.access$100(Lorg/junit/runners/ParentRunner;Lorg/junit/runner/notification/RunNotifier;)V+2
j  org.junit.runners.ParentRunner$2.evaluate()V+8
j  org.junit.runners.ParentRunner$3.evaluate()V+4
j  org.junit.runners.ParentRunner.run(Lorg/junit/runner/notification/RunNotifier;)V+24
j  io.cucumber.junit.Cucumber.runChild(Lio/cucumber/junit/FeatureRunner;Lorg/junit/runner/notification/RunNotifier;)V+2
j  io.cucumber.junit.Cucumber.runChild(Ljava/lang/Object;Lorg/junit/runner/notification/RunNotifier;)V+6
j  org.junit.runners.ParentRunner$4.run()V+12
j  org.junit.runners.ParentRunner$1.schedule(Ljava/lang/Runnable;)V+1
j  org.junit.runners.ParentRunner.runChildren(Lorg/junit/runner/notification/RunNotifier;)V+44
j  org.junit.runners.ParentRunner.access$100(Lorg/junit/runners/ParentRunner;Lorg/junit/runner/notification/RunNotifier;)V+2
j  org.junit.runners.ParentRunner$2.evaluate()V+8
j  io.cucumber.junit.Cucumber$RunCucumber.evaluate()V+168
j  org.junit.runners.ParentRunner$3.evaluate()V+4
j  org.junit.runners.ParentRunner.run(Lorg/junit/runner/notification/RunNotifier;)V+24
j  org.junit.runner.JUnitCore.run(Lorg/junit/runner/Runner;)Lorg/junit/runner/Result;+37
j  org.junit.runner.JUnitCore.run(Lorg/junit/runner/Request;)Lorg/junit/runner/Result;+5
j  org.junit.vintage.engine.execution.RunnerExecutor.execute(Lorg/junit/vintage/engine/descriptor/RunnerTestDescriptor;)V+42
j  org.junit.vintage.engine.VintageTestEngine.executeAllChildren(Lorg/junit/vintage/engine/descriptor/VintageEngineDescriptor;Lorg/junit/platform/engine/EngineExecutionListener;)V+41
j  org.junit.vintage.engine.VintageTestEngine.execute(Lorg/junit/platform/engine/ExecutionRequest;)V+23
j  org.junit.platform.launcher.core.EngineExecutionOrchestrator.execute(Lorg/junit/platform/engine/TestDescriptor;Lorg/junit/platform/engine/EngineExecutionListener;Lorg/junit/platform/engine/ConfigurationParameters;Lorg/junit/platform/engine/TestEngine;)V+24
j  org.junit.platform.launcher.core.EngineExecutionOrchestrator.execute(Lorg/junit/platform/launcher/core/LauncherDiscoveryResult;Lorg/junit/platform/engine/EngineExecutionListener;)V+86
j  org.junit.platform.launcher.core.EngineExecutionOrchestrator.lambda$execute$0(Lorg/junit/platform/launcher/core/InternalTestPlan;Lorg/junit/platform/launcher/core/LauncherDiscoveryResult;Lorg/junit/platform/launcher/TestExecutionListener;)V+18
j  org.junit.platform.launcher.core.EngineExecutionOrchestrator$$Lambda$226+0x000000080020bd08.accept(Ljava/lang/Object;)V+16
j  org.junit.platform.launcher.core.EngineExecutionOrchestrator.withInterceptedStreams(Lorg/junit/platform/engine/ConfigurationParameters;Lorg/junit/platform/launcher/core/ListenerRegistry;Ljava/util/function/Consumer;)V+51
j  org.junit.platform.launcher.core.EngineExecutionOrchestrator.execute(Lorg/junit/platform/launcher/core/InternalTestPlan;[Lorg/junit/platform/launcher/TestExecutionListener;)V+35
j  org.junit.platform.launcher.core.DefaultLauncher.execute(Lorg/junit/platform/launcher/core/InternalTestPlan;[Lorg/junit/platform/launcher/TestExecutionListener;)V+6
j  org.junit.platform.launcher.core.DefaultLauncher.execute(Lorg/junit/platform/launcher/TestPlan;[Lorg/junit/platform/launcher/TestExecutionListener;)V+36
j  org.junit.platform.launcher.core.DefaultLauncherSession$DelegatingLauncher.execute(Lorg/junit/platform/launcher/TestPlan;[Lorg/junit/platform/launcher/TestExecutionListener;)V+6
j  org.junit.platform.launcher.core.SessionPerRequestLauncher.execute(Lorg/junit/platform/launcher/TestPlan;[Lorg/junit/platform/launcher/TestExecutionListener;)V+13
j  org.eclipse.jdt.internal.junit5.runner.JUnit5TestReference.run(Lorg/eclipse/jdt/internal/junit/runner/TestExecution;)V+69
j  org.eclipse.jdt.internal.junit.runner.TestExecution.run([Lorg/eclipse/jdt/internal/junit/runner/ITestReference;)V+27
j  org.eclipse.jdt.internal.junit.runner.RemoteTestRunner.runTests([Ljava/lang/String;Ljava/lang/String;Lorg/eclipse/jdt/internal/junit/runner/TestExecution;)V+62
j  org.eclipse.jdt.internal.junit.runner.RemoteTestRunner.runTests(Lorg/eclipse/jdt/internal/junit/runner/TestExecution;)V+10
j  org.eclipse.jdt.internal.junit.runner.RemoteTestRunner.run()V+70
j  org.eclipse.jdt.internal.junit.runner.RemoteTestRunner.main([Ljava/lang/String;)V+14
v  ~StubRoutines::call_stub

siginfo: EXCEPTION_ACCESS_VIOLATION (0xc0000005), reading address 0xffffffffd01d42f0


Register to memory mapping:

RIP=0x0000000180012df1 jacob-1.14.3-x64.dll
RAX=0x00000000d01d42f0 is an unknown value
RBX=0x0000008e253fc470 is pointing into the stack for thread: 0x000001bca8986890
RCX=0xffffffffd01d42f0 is an unknown value
RDX=0x0000008e253fc470 is pointing into the stack for thread: 0x000001bca8986890
RSP=0x0000008e253fc3b0 is pointing into the stack for thread: 0x000001bca8986890
RBP=0x0000008e253fc450 is pointing into the stack for thread: 0x000001bca8986890
RSI=0x0 is NULL
RDI=0x000001bca8986b38 points into unknown readable memory: 0x00007fffb2c507d0 | d0 07 c5 b2 ff 7f 00 00
R8 =0x0000000000000032 is an unknown value
R9 =0x00000007054f44c0 is an oop: com.jacob.com.Variant 
{0x00000007054f44c0} - klass: 'com/jacob/com/Variant'
 - ---- fields (total size 2 words):
 - 'm_pVariant' 'I' @12  -803388688 (d01d42f0)
R10=0x00007fffb2cd4130 jvm.dll
R11=0x0000000000000072 is an unknown value
R12=0x0 is NULL
R13={method} {0x000001bcd0559198} 'getVariantType' '()S' in 'com/jacob/com/Variant'
R14=0x0000008e253fc470 is pointing into the stack for thread: 0x000001bca8986890
R15=0x000001bca8986890 is a thread


Registers:
RAX=0x00000000d01d42f0, RBX=0x0000008e253fc470, RCX=0xffffffffd01d42f0, RDX=0x0000008e253fc470
RSP=0x0000008e253fc3b0, RBP=0x0000008e253fc450, RSI=0x0000000000000000, RDI=0x000001bca8986b38
R8 =0x0000000000000032, R9 =0x00000007054f44c0, R10=0x00007fffb2cd4130, R11=0x0000000000000072
R12=0x0000000000000000, R13=0x000001bcd0559190, R14=0x0000008e253fc470, R15=0x000001bca8986890
RIP=0x0000000180012df1, EFLAGS=0x0000000000010286

Top of Stack: (sp=0x0000008e253fc3b0)
0x0000008e253fc3b0:   0000008e253fc470 0000000000000000
0x0000008e253fc3c0:   000001bcd0559190 00007fffb2774dce
0x0000008e253fc3d0:   000001bcabfe94fe 000001bcabfed621
0x0000008e253fc3e0:   000001bcd0559190 0000000000000000
0x0000008e253fc3f0:   000001bcd05592f0 000001bca8986890
0x0000008e253fc400:   000001bcabfed2f6 0000008e253fc408
0x0000008e253fc410:   000001bcd0559190 0000008e253fc470
0x0000008e253fc420:   000001bcd0560aa8 0000000000000000
0x0000008e253fc430:   00000007054e9b40 000001bcd0559190
0x0000008e253fc440:   0000000000000000 0000008e253fc470
0x0000008e253fc450:   0000008e253fc4c0 000001bcabfe9612
0x0000008e253fc460:   0000000000000000 000001bcabfeaf72
0x0000008e253fc470:   00000007054f44c0 0000008e253fc478
0x0000008e253fc480:   000001bcd05592c8 0000008e253fc4d0
0x0000008e253fc490:   000001bcd0560aa8 0000000000000000
0x0000008e253fc4a0:   00000007054e9b40 000001bcd05592f0 

Instructions: (pc=0x0000000180012df1)
0x0000000180012cf1:   00 85 c0 48 63 d8 74 13 48 8b cb ff 15 2e 25 00
0x0000000180012d01:   00 66 c7 03 04 00 f3 0f 11 73 08 48 8b 5c 24 40
0x0000000180012d11:   0f 28 74 24 20 48 83 c4 30 5f c3 cc cc cc cc 48
0x0000000180012d21:   89 5c 24 08 48 89 74 24 10 57 48 83 ec 20 48 8b
0x0000000180012d31:   01 41 0f b7 f0 48 8b da 48 8b f9 ff 90 f8 00 00
0x0000000180012d41:   00 4c 8b 17 4c 8d 0d 48 27 00 00 4c 8d 05 bd 33
0x0000000180012d51:   00 00 48 8b cf 48 8b d0 41 ff 92 f0 02 00 00 4c
0x0000000180012d61:   8b 0f 48 8b d3 4c 8b c0 48 8b cf 41 ff 91 20 03
0x0000000180012d71:   00 00 85 c0 48 63 c8 74 10 44 0f b7 ce 45 33 c0
0x0000000180012d81:   48 8b d1 ff 15 46 25 00 00 48 8b 5c 24 30 48 8b
0x0000000180012d91:   74 24 38 48 83 c4 20 5f c3 cc cc cc cc cc cc 48
0x0000000180012da1:   89 5c 24 08 57 48 83 ec 20 48 8b 01 48 8b da 48
0x0000000180012db1:   8b f9 ff 90 f8 00 00 00 4c 8b 17 4c 8d 0d d1 26
0x0000000180012dc1:   00 00 4c 8d 05 46 33 00 00 48 8b d0 48 8b cf 41
0x0000000180012dd1:   ff 92 f0 02 00 00 4c 8b 0f 48 8b d3 4c 8b c0 48
0x0000000180012de1:   8b cf 41 ff 91 20 03 00 00 85 c0 48 63 c8 74 0e
0x0000000180012df1:   66 8b 01 48 8b 5c 24 30 48 83 c4 20 5f c3 66 33
0x0000000180012e01:   c0 48 8b 5c 24 30 48 83 c4 20 5f c3 cc cc cc 48
0x0000000180012e11:   89 5c 24 08 57 48 83 ec 20 48 8b 01 48 8b da 48
0x0000000180012e21:   8b f9 ff 90 f8 00 00 00 4c 8b 17 4c 8d 0d 61 26
0x0000000180012e31:   00 00 4c 8d 05 d6 32 00 00 48 8b d0 48 8b cf 41
0x0000000180012e41:   ff 92 f0 02 00 00 4c 8b 0f 48 8b d3 4c 8b c0 48
0x0000000180012e51:   8b cf 41 ff 91 20 03 00 00 85 c0 48 63 c8 74 11
0x0000000180012e61:   0f b7 01 66 0f ba e0 0d 73 14 48 83 79 08 00 75
0x0000000180012e71:   0d b0 01 48 8b 5c 24 30 48 83 c4 20 5f c3 0f b7
0x0000000180012e81:   c0 85 c0 78 16 83 f8 01 7e e7 83 f8 09 74 05 83
0x0000000180012e91:   f8 0a eb 05 48 83 79 08 00 74 d6 32 c0 48 8b 5c
0x0000000180012ea1:   24 30 48 83 c4 20 5f c3 cc cc cc cc cc cc cc 48
0x0000000180012eb1:   89 5c 24 08 48 89 6c 24 10 48 89 74 24 18 57 48
0x0000000180012ec1:   83 ec 20 48 8b 01 48 8b fa 49 8b d0 49 8b d8 48
0x0000000180012ed1:   8b f1 ff 90 f8 00 00 00 4c 8b 16 4c 8d 0d b1 25
0x0000000180012ee1:   00 00 4c 8d 05 26 32 00 00 48 8b d0 48 8b ce 41 


Stack slot to memory mapping:
stack at sp + 0 slots: 0x0000008e253fc470 is pointing into the stack for thread: 0x000001bca8986890
stack at sp + 1 slots: 0x0 is NULL
stack at sp + 2 slots: {method} {0x000001bcd0559198} 'getVariantType' '()S' in 'com/jacob/com/Variant'
stack at sp + 3 slots: 0x00007fffb2774dce jvm.dll
stack at sp + 4 slots: 0x000001bcabfe94fe is at code_begin+1118 in an Interpreter codelet
return entry points  [0x000001bcabfe90a0, 0x000001bcabfe9ba0]  2816 bytes
stack at sp + 5 slots: 0x000001bcabfed621 is at code_begin+993 in an Interpreter codelet
method entry point (kind = native)  [0x000001bcabfed240, 0x000001bcabfedbc0]  2432 bytes
stack at sp + 6 slots: {method} {0x000001bcd0559198} 'getVariantType' '()S' in 'com/jacob/com/Variant'
stack at sp + 7 slots: 0x0 is NULL


---------------  P R O C E S S  ---------------

Threads class SMR info:
_java_thread_list=0x000001bcc8d7d100, length=23, elements={
0x000001bca8986890, 0x000001bcc784b130, 0x000001bcc784b600, 0x000001bcc78a1ca0,
0x000001bcc78cd010, 0x000001bcc78cd4e0, 0x000001bcc78d0eb0, 0x000001bcc78df3c0,
0x000001bcc78df8d0, 0x000001bcc78f7de0, 0x000001bcc7b97dd0, 0x000001bcc79d2cf0,
0x000001bcc8b04610, 0x000001bcca0c6960, 0x000001bcc7a81030, 0x000001bcc9156f70,
0x000001bcc9155c30, 0x000001bcc9155760, 0x000001bcc9155290, 0x000001bcc91565d0,
0x000001bcc9157de0, 0x000001bcc9156100, 0x000001bcc9156aa0
}

Java Threads: ( => current thread )
=>0x000001bca8986890 JavaThread "main" [_thread_in_native, id=8924, stack(0x0000008e25300000,0x0000008e25400000)]
  0x000001bcc784b130 JavaThread "Reference Handler" daemon [_thread_blocked, id=16700, stack(0x0000008e25a00000,0x0000008e25b00000)]
  0x000001bcc784b600 JavaThread "Finalizer" daemon [_thread_blocked, id=18024, stack(0x0000008e25b00000,0x0000008e25c00000)]
  0x000001bcc78a1ca0 JavaThread "Signal Dispatcher" daemon [_thread_blocked, id=9336, stack(0x0000008e25c00000,0x0000008e25d00000)]
  0x000001bcc78cd010 JavaThread "Attach Listener" daemon [_thread_blocked, id=15444, stack(0x0000008e25d00000,0x0000008e25e00000)]
  0x000001bcc78cd4e0 JavaThread "Service Thread" daemon [_thread_blocked, id=12280, stack(0x0000008e25e00000,0x0000008e25f00000)]
  0x000001bcc78d0eb0 JavaThread "Monitor Deflation Thread" daemon [_thread_blocked, id=16656, stack(0x0000008e25f00000,0x0000008e26000000)]
  0x000001bcc78df3c0 JavaThread "C2 CompilerThread0" daemon [_thread_blocked, id=13932, stack(0x0000008e26000000,0x0000008e26100000)]
  0x000001bcc78df8d0 JavaThread "C1 CompilerThread0" daemon [_thread_blocked, id=17760, stack(0x0000008e26100000,0x0000008e26200000)]
  0x000001bcc78f7de0 JavaThread "Sweeper thread" daemon [_thread_blocked, id=740, stack(0x0000008e26200000,0x0000008e26300000)]
  0x000001bcc7b97dd0 JavaThread "Notification Thread" daemon [_thread_blocked, id=16492, stack(0x0000008e25200000,0x0000008e25300000)]
  0x000001bcc79d2cf0 JavaThread "Common-Cleaner" daemon [_thread_blocked, id=7756, stack(0x0000008e26400000,0x0000008e26500000)]
  0x000001bcc8b04610 JavaThread "ReaderThread" [_thread_in_native, id=14760, stack(0x0000008e26900000,0x0000008e26a00000)]
  0x000001bcca0c6960 JavaThread "AsyncHttpClient-1-1" daemon [_thread_blocked, id=17356, stack(0x0000008e26a00000,0x0000008e26b00000)]
  0x000001bcc7a81030 JavaThread "Exec Default Executor" daemon [_thread_in_native, id=17900, stack(0x0000008e26b00000,0x0000008e26c00000)]
  0x000001bcc9156f70 JavaThread "Driver Service Executor" daemon [_thread_blocked, id=10988, stack(0x0000008e26c00000,0x0000008e26d00000)]
  0x000001bcc9155c30 JavaThread "Driver Service Executor" daemon [_thread_blocked, id=14644, stack(0x0000008e26d00000,0x0000008e26e00000)]
  0x000001bcc9155760 JavaThread "Exec Stream Pumper" daemon [_thread_in_native, id=2640, stack(0x0000008e27000000,0x0000008e27100000)]
  0x000001bcc9155290 JavaThread "Exec Stream Pumper" daemon [_thread_in_native, id=6048, stack(0x0000008e27100000,0x0000008e27200000)]
  0x000001bcc91565d0 JavaThread "ForkJoinPool.commonPool-worker-2" daemon [_thread_blocked, id=14880, stack(0x0000008e27300000,0x0000008e27400000)]
  0x000001bcc9157de0 JavaThread "AsyncHttpClient-1-2" daemon [_thread_in_native, id=7776, stack(0x0000008e27400000,0x0000008e27500000)]
  0x000001bcc9156100 JavaThread "AsyncHttpClient-1-3" daemon [_thread_in_native, id=17600, stack(0x0000008e27600000,0x0000008e27700000)]
  0x000001bcc9156aa0 JavaThread "AsyncHttpClient-1-4" daemon [_thread_in_native, id=10148, stack(0x0000008e27700000,0x0000008e27800000)]

Other Threads:
  0x000001bcc780b0c0 VMThread "VM Thread" [stack: 0x0000008e25900000,0x0000008e25a00000] [id=7236]
  0x000001bca89f2940 WatcherThread [stack: 0x0000008e26300000,0x0000008e26400000] [id=17396]
  0x000001bca89d55e0 GCTaskThread "GC Thread#0" [stack: 0x0000008e25400000,0x0000008e25500000] [id=1852]
  0x000001bcc7c43900 GCTaskThread "GC Thread#1" [stack: 0x0000008e26500000,0x0000008e26600000] [id=14320]
  0x000001bcc7c43bb0 GCTaskThread "GC Thread#2" [stack: 0x0000008e26600000,0x0000008e26700000] [id=15120]
  0x000001bcc812dcc0 GCTaskThread "GC Thread#3" [stack: 0x0000008e26700000,0x0000008e26800000] [id=16584]
  0x000001bca89e7320 ConcurrentGCThread "G1 Main Marker" [stack: 0x0000008e25500000,0x0000008e25600000] [id=18080]
  0x000001bca89e7d30 ConcurrentGCThread "G1 Conc#0" [stack: 0x0000008e25600000,0x0000008e25700000] [id=17040]
  0x000001bcc6b23630 ConcurrentGCThread "G1 Refine#0" [stack: 0x0000008e25700000,0x0000008e25800000] [id=14852]
  0x000001bcc6b24f70 ConcurrentGCThread "G1 Service" [stack: 0x0000008e25800000,0x0000008e25900000] [id=16788]

Threads with active compile tasks:

VM state: not at safepoint (normal execution)

VM Mutex/Monitor currently owned by a thread: None

Heap address: 0x0000000701400000, size: 4076 MB, Compressed Oops mode: Zero based, Oop shift amount: 3

CDS archive(s) not mapped
Compressed class space mapped at: 0x0000000800000000-0x0000000840000000, reserved size: 1073741824
Narrow klass base: 0x0000000800000000, Narrow klass shift: 0, Narrow klass range: 0x40000000

GC Precious Log:
 CPUs: 4 total, 4 available
 Memory: 16302M
 Large Page Support: Disabled
 NUMA Support: Disabled
 Compressed Oops: Enabled (Zero based)
 Heap Region Size: 2M
 Heap Min Capacity: 8M
 Heap Initial Capacity: 256M
 Heap Max Capacity: 4076M
 Pre-touch: Disabled
 Parallel Workers: 4
 Concurrent Workers: 1
 Concurrent Refinement Workers: 4
 Periodic GC: Disabled

Heap:
 garbage-first heap   total 75776K, used 49471K [0x0000000701400000, 0x0000000800000000)
  region size 2048K, 6 young (12288K), 1 survivors (2048K)
 Metaspace       used 38542K, committed 38784K, reserved 1089536K
  class space    used 4533K, committed 4672K, reserved 1048576K

Heap Regions: E=young(eden), S=young(survivor), O=old, HS=humongous(starts), HC=humongous(continues), CS=collection set, F=free, OA=open archive, CA=closed archive, TAMS=top-at-mark-start (previous, next)
|   0|0x0000000701400000, 0x0000000701600000, 0x0000000701600000|100%| O|  |TAMS 0x0000000701600000, 0x0000000701400000| Untracked 
|   1|0x0000000701600000, 0x0000000701800000, 0x0000000701800000|100%| O|  |TAMS 0x0000000701800000, 0x0000000701600000| Untracked 
|   2|0x0000000701800000, 0x0000000701a00000, 0x0000000701a00000|100%| O|  |TAMS 0x0000000701a00000, 0x0000000701800000| Untracked 
|   3|0x0000000701a00000, 0x0000000701c00000, 0x0000000701c00000|100%| O|  |TAMS 0x0000000701c00000, 0x0000000701a00000| Untracked 
|   4|0x0000000701c00000, 0x0000000701e00000, 0x0000000701e00000|100%| O|  |TAMS 0x0000000701e00000, 0x0000000701c00000| Untracked 
|   5|0x0000000701e00000, 0x0000000701ff9a00, 0x0000000702000000| 98%| O|  |TAMS 0x0000000701e00000, 0x0000000701e00000| Untracked 
|   6|0x0000000702000000, 0x0000000702200000, 0x0000000702200000|100%| O|  |TAMS 0x0000000702200000, 0x0000000702000000| Untracked 
|   7|0x0000000702200000, 0x0000000702400000, 0x0000000702400000|100%| O|  |TAMS 0x0000000702400000, 0x0000000702200000| Untracked 
|   8|0x0000000702400000, 0x0000000702600000, 0x0000000702600000|100%| O|  |TAMS 0x0000000702600000, 0x0000000702400000| Untracked 
|   9|0x0000000702600000, 0x0000000702800000, 0x0000000702800000|100%| O|  |TAMS 0x0000000702800000, 0x0000000702600000| Untracked 
|  10|0x0000000702800000, 0x0000000702a00000, 0x0000000702a00000|100%| O|  |TAMS 0x00000007028f8600, 0x0000000702800000| Untracked 
|  11|0x0000000702a00000, 0x0000000702c00000, 0x0000000702c00000|100%|HS|  |TAMS 0x0000000702c00000, 0x0000000702a00000| Complete 
|  12|0x0000000702c00000, 0x0000000702e00000, 0x0000000702e00000|100%|HC|  |TAMS 0x0000000702e00000, 0x0000000702c00000| Complete 
|  13|0x0000000702e00000, 0x0000000703000000, 0x0000000703000000|100%|HC|  |TAMS 0x0000000703000000, 0x0000000702e00000| Complete 
|  14|0x0000000703000000, 0x0000000703200000, 0x0000000703200000|100%|HC|  |TAMS 0x0000000703200000, 0x0000000703000000| Complete 
|  15|0x0000000703200000, 0x0000000703400000, 0x0000000703400000|100%|HC|  |TAMS 0x0000000703400000, 0x0000000703200000| Complete 
|  16|0x0000000703400000, 0x0000000703600000, 0x0000000703600000|100%|HC|  |TAMS 0x0000000703600000, 0x0000000703400000| Complete 
|  17|0x0000000703600000, 0x0000000703800000, 0x0000000703800000|100%|HC|  |TAMS 0x0000000703800000, 0x0000000703600000| Complete 
|  18|0x0000000703800000, 0x0000000703a00000, 0x0000000703a00000|100%|HC|  |TAMS 0x0000000703a00000, 0x0000000703800000| Complete 
|  19|0x0000000703a00000, 0x0000000703c00000, 0x0000000703c00000|100%|HC|  |TAMS 0x0000000703c00000, 0x0000000703a00000| Complete 
|  20|0x0000000703c00000, 0x0000000703c00000, 0x0000000703e00000|  0%| F|  |TAMS 0x0000000703c00000, 0x0000000703c00000| Untracked 
|  21|0x0000000703e00000, 0x0000000703e00000, 0x0000000704000000|  0%| F|  |TAMS 0x0000000703e00000, 0x0000000703e00000| Untracked 
|  22|0x0000000704000000, 0x0000000704000000, 0x0000000704200000|  0%| F|  |TAMS 0x0000000704000000, 0x0000000704000000| Untracked 
|  23|0x0000000704200000, 0x0000000704200000, 0x0000000704400000|  0%| F|  |TAMS 0x0000000704200000, 0x0000000704200000| Untracked 
|  24|0x0000000704400000, 0x0000000704400000, 0x0000000704600000|  0%| F|  |TAMS 0x0000000704400000, 0x0000000704400000| Untracked 
|  25|0x0000000704600000, 0x0000000704600000, 0x0000000704800000|  0%| F|  |TAMS 0x0000000704600000, 0x0000000704600000| Untracked 
|  26|0x0000000704800000, 0x0000000704800000, 0x0000000704a00000|  0%| F|  |TAMS 0x0000000704800000, 0x0000000704800000| Untracked 
|  27|0x0000000704a00000, 0x0000000704a00000, 0x0000000704c00000|  0%| F|  |TAMS 0x0000000704a00000, 0x0000000704a00000| Untracked 
|  28|0x0000000704c00000, 0x0000000704c00000, 0x0000000704e00000|  0%| F|  |TAMS 0x0000000704c00000, 0x0000000704c00000| Untracked 
|  29|0x0000000704e00000, 0x0000000704e00000, 0x0000000705000000|  0%| F|  |TAMS 0x0000000704e00000, 0x0000000704e00000| Untracked 
|  30|0x0000000705000000, 0x0000000705056580, 0x0000000705200000| 16%| S|CS|TAMS 0x0000000705000000, 0x0000000705000000| Complete 
|  31|0x0000000705200000, 0x0000000705200000, 0x0000000705400000|  0%| F|  |TAMS 0x0000000705200000, 0x0000000705200000| Untracked 
|  32|0x0000000705400000, 0x000000070553e878, 0x0000000705600000| 62%| E|  |TAMS 0x0000000705400000, 0x0000000705400000| Complete 
| 109|0x000000070ee00000, 0x000000070f000000, 0x000000070f000000|100%| E|CS|TAMS 0x000000070ee00000, 0x000000070ee00000| Complete 
| 110|0x000000070f000000, 0x000000070f200000, 0x000000070f200000|100%| E|CS|TAMS 0x000000070f000000, 0x000000070f000000| Complete 
| 111|0x000000070f200000, 0x000000070f400000, 0x000000070f400000|100%| E|CS|TAMS 0x000000070f200000, 0x000000070f200000| Complete 
| 127|0x0000000711200000, 0x0000000711400000, 0x0000000711400000|100%| E|CS|TAMS 0x0000000711200000, 0x0000000711200000| Complete 

Card table byte_map: [0x000001bcbb7e0000,0x000001bcbbfe0000] _byte_map_base: 0x000001bcb7fd6000

Marking Bits (Prev, Next): (CMBitMap*) 0x000001bca89d5c30, (CMBitMap*) 0x000001bca89d5bf0
 Prev Bits: [0x000001bcc0790000, 0x000001bcc4740000)
 Next Bits: [0x000001bcbc7e0000, 0x000001bcc0790000)

Polling page: 0x000001bca6800000

Metaspace:

Usage:
  Non-class:     33.21 MB used.
      Class:      4.43 MB used.
       Both:     37.64 MB used.

Virtual space:
  Non-class space:       40.00 MB reserved,      33.31 MB ( 83%) committed,  5 nodes.
      Class space:        1.00 GB reserved,       4.56 MB ( <1%) committed,  1 nodes.
             Both:        1.04 GB reserved,      37.88 MB (  4%) committed. 

Chunk freelists:
   Non-Class:  2.58 MB
       Class:  3.31 MB
        Both:  5.89 MB

MaxMetaspaceSize: unlimited
CompressedClassSpaceSize: 1.00 GB
Initial GC threshold: 21.00 MB
Current GC threshold: 61.88 MB
CDS: off
MetaspaceReclaimPolicy: balanced
 - commit_granule_bytes: 65536.
 - commit_granule_words: 8192.
 - virtual_space_node_default_size: 1048576.
 - enlarge_chunks_in_place: 1.
 - new_chunks_are_fully_committed: 0.
 - uncommit_free_chunks: 1.
 - use_allocation_guard: 0.
 - handle_deallocations: 1.


Internal statistics:

num_allocs_failed_limit: 9.
num_arena_births: 228.
num_arena_deaths: 0.
num_vsnodes_births: 6.
num_vsnodes_deaths: 0.
num_space_committed: 606.
num_space_uncommitted: 0.
num_chunks_returned_to_freelist: 9.
num_chunks_taken_from_freelist: 1090.
num_chunk_merges: 3.
num_chunk_splits: 737.
num_chunks_enlarged: 563.
num_purges: 0.
num_inconsistent_stats: 0.

CodeHeap 'non-profiled nmethods': size=120000Kb used=2165Kb max_used=2165Kb free=117834Kb
 bounds [0x000001bcb3ab0000, 0x000001bcb3d20000, 0x000001bcbafe0000]
CodeHeap 'profiled nmethods': size=120000Kb used=8874Kb max_used=8874Kb free=111125Kb
 bounds [0x000001bcac580000, 0x000001bcace30000, 0x000001bcb3ab0000]
CodeHeap 'non-nmethods': size=5760Kb used=1277Kb max_used=1330Kb free=4482Kb
 bounds [0x000001bcabfe0000, 0x000001bcac250000, 0x000001bcac580000]
 total_blobs=4869 nmethods=4278 adapters=503
 compilation: enabled
              stopped_count=0, restarted_count=0
 full_count=0

Compilation events (20 events):
Event: 79.227 Thread 0x000001bcc78df8d0 4269       3       io.netty.buffer.PoolThreadCache$MemoryRegionCache::add (36 bytes)
Event: 79.227 Thread 0x000001bcc78df8d0 nmethod 4269 0x000001bcace27c10 code [0x000001bcace27de0, 0x000001bcace281e8]
Event: 79.227 Thread 0x000001bcc78df8d0 4270       3       io.netty.buffer.PoolThreadCache$MemoryRegionCache::newEntry (39 bytes)
Event: 79.227 Thread 0x000001bcc78df8d0 nmethod 4270 0x000001bcace28390 code [0x000001bcace28560, 0x000001bcace288e8]
Event: 79.227 Thread 0x000001bcc78df8d0 4271       3       io.netty.util.internal.shaded.org.jctools.queues.MpscArrayQueue::offer (101 bytes)
Event: 79.227 Thread 0x000001bcc78df8d0 nmethod 4271 0x000001bcace28a90 code [0x000001bcace28c80, 0x000001bcace291c8]
Event: 79.227 Thread 0x000001bcc78df8d0 4272       3       io.netty.util.internal.shaded.org.jctools.queues.MpscArrayQueueProducerIndexField::casProducerIndex (13 bytes)
Event: 79.227 Thread 0x000001bcc78df8d0 nmethod 4272 0x000001bcace29390 code [0x000001bcace29520, 0x000001bcace296b8]
Event: 79.227 Thread 0x000001bcc78df8d0 4273       3       io.netty.buffer.PooledByteBuf::deallocate (68 bytes)
Event: 79.227 Thread 0x000001bcc78df8d0 nmethod 4273 0x000001bcace29790 code [0x000001bcace29960, 0x000001bcace29d98]
Event: 79.731 Thread 0x000001bcc78df8d0 4274       3       org.asynchttpclient.netty.channel.DefaultChannelPool::access$500 (4 bytes)
Event: 79.731 Thread 0x000001bcc78df8d0 nmethod 4274 0x000001bcace29f10 code [0x000001bcace2a0a0, 0x000001bcace2a198]
Event: 81.922 Thread 0x000001bcc78df8d0 4275       1       java.util.Collections$EmptyList::size (2 bytes)
Event: 81.922 Thread 0x000001bcc78df8d0 nmethod 4275 0x000001bcb3ccd110 code [0x000001bcb3ccd2a0, 0x000001bcb3ccd378]
Event: 84.245 Thread 0x000001bcc78df8d0 4276       3       java.security.PermissionCollection::<init> (5 bytes)
Event: 84.245 Thread 0x000001bcc78df8d0 nmethod 4276 0x000001bcace2a210 code [0x000001bcace2a3a0, 0x000001bcace2a4f8]
Event: 84.245 Thread 0x000001bcc78df8d0 4277       3       java.util.concurrent.ConcurrentHashMap::<init> (9 bytes)
Event: 84.245 Thread 0x000001bcc78df8d0 nmethod 4277 0x000001bcace2a590 code [0x000001bcace2a760, 0x000001bcace2a8a8]
Event: 84.251 Thread 0x000001bcc78df3c0 4278   !   4       java.nio.DirectIntBufferU::get (34 bytes)
Event: 84.252 Thread 0x000001bcc78df3c0 nmethod 4278 0x000001bcb3ccd410 code [0x000001bcb3ccd580, 0x000001bcb3ccd658]

GC Heap History (20 events):
Event: 4.560 GC heap before
{Heap before GC invocations=0 (full 0):
 garbage-first heap   total 262144K, used 10240K [0x0000000701400000, 0x0000000800000000)
  region size 2048K, 6 young (12288K), 0 survivors (0K)
 Metaspace       used 4936K, committed 4992K, reserved 1056768K
  class space    used 395K, committed 448K, reserved 1048576K
}
Event: 4.563 GC heap after
{Heap after GC invocations=1 (full 0):
 garbage-first heap   total 262144K, used 7655K [0x0000000701400000, 0x0000000800000000)
  region size 2048K, 1 young (2048K), 1 survivors (2048K)
 Metaspace       used 4936K, committed 4992K, reserved 1056768K
  class space    used 395K, committed 448K, reserved 1048576K
}
Event: 5.373 GC heap before
{Heap before GC invocations=1 (full 0):
 garbage-first heap   total 262144K, used 17895K [0x0000000701400000, 0x0000000800000000)
  region size 2048K, 6 young (12288K), 1 survivors (2048K)
 Metaspace       used 10521K, committed 10688K, reserved 1064960K
  class space    used 941K, committed 1024K, reserved 1048576K
}
Event: 5.374 GC heap after
{Heap after GC invocations=2 (full 0):
 garbage-first heap   total 262144K, used 10542K [0x0000000701400000, 0x0000000800000000)
  region size 2048K, 1 young (2048K), 1 survivors (2048K)
 Metaspace       used 10521K, committed 10688K, reserved 1064960K
  class space    used 941K, committed 1024K, reserved 1048576K
}
Event: 5.837 GC heap before
{Heap before GC invocations=2 (full 0):
 garbage-first heap   total 262144K, used 24878K [0x0000000701400000, 0x0000000800000000)
  region size 2048K, 8 young (16384K), 1 survivors (2048K)
 Metaspace       used 14275K, committed 14400K, reserved 1064960K
  class space    used 1412K, committed 1472K, reserved 1048576K
}
Event: 5.839 GC heap after
{Heap after GC invocations=3 (full 0):
 garbage-first heap   total 262144K, used 12153K [0x0000000701400000, 0x0000000800000000)
  region size 2048K, 1 young (2048K), 1 survivors (2048K)
 Metaspace       used 14275K, committed 14400K, reserved 1064960K
  class space    used 1412K, committed 1472K, reserved 1048576K
}
Event: 6.921 GC heap before
{Heap before GC invocations=3 (full 0):
 garbage-first heap   total 262144K, used 40825K [0x0000000701400000, 0x0000000800000000)
  region size 2048K, 16 young (32768K), 1 survivors (2048K)
 Metaspace       used 21322K, committed 21504K, reserved 1073152K
  class space    used 2292K, committed 2432K, reserved 1048576K
}
Event: 6.926 GC heap after
{Heap after GC invocations=4 (full 0):
 garbage-first heap   total 262144K, used 15634K [0x0000000701400000, 0x0000000800000000)
  region size 2048K, 3 young (6144K), 3 survivors (6144K)
 Metaspace       used 21322K, committed 21504K, reserved 1073152K
  class space    used 2292K, committed 2432K, reserved 1048576K
}
Event: 8.887 GC heap before
{Heap before GC invocations=5 (full 0):
 garbage-first heap   total 69632K, used 50450K [0x0000000701400000, 0x0000000800000000)
  region size 2048K, 20 young (40960K), 3 survivors (6144K)
 Metaspace       used 30107K, committed 30336K, reserved 1081344K
  class space    used 3402K, committed 3520K, reserved 1048576K
}
Event: 8.894 GC heap after
{Heap after GC invocations=6 (full 0):
 garbage-first heap   total 69632K, used 19918K [0x0000000701400000, 0x0000000800000000)
  region size 2048K, 3 young (6144K), 3 survivors (6144K)
 Metaspace       used 30107K, committed 30336K, reserved 1081344K
  class space    used 3402K, committed 3520K, reserved 1048576K
}
Event: 8.943 GC heap before
{Heap before GC invocations=6 (full 0):
 garbage-first heap   total 69632K, used 21966K [0x0000000701400000, 0x0000000800000000)
  region size 2048K, 4 young (8192K), 3 survivors (6144K)
 Metaspace       used 30491K, committed 30720K, reserved 1081344K
  class space    used 3460K, committed 3584K, reserved 1048576K
}
Event: 8.946 GC heap after
{Heap after GC invocations=7 (full 0):
 garbage-first heap   total 69632K, used 20183K [0x0000000701400000, 0x0000000800000000)
  region size 2048K, 1 young (2048K), 1 survivors (2048K)
 Metaspace       used 30491K, committed 30720K, reserved 1081344K
  class space    used 3460K, committed 3584K, reserved 1048576K
}
Event: 9.829 GC heap before
{Heap before GC invocations=7 (full 0):
 garbage-first heap   total 69632K, used 34519K [0x0000000701400000, 0x0000000800000000)
  region size 2048K, 10 young (20480K), 1 survivors (2048K)
 Metaspace       used 34618K, committed 34816K, reserved 1081344K
  class space    used 4081K, committed 4160K, reserved 1048576K
}
Event: 9.831 GC heap after
{Heap after GC invocations=8 (full 0):
 garbage-first heap   total 69632K, used 20793K [0x0000000701400000, 0x0000000800000000)
  region size 2048K, 1 young (2048K), 1 survivors (2048K)
 Metaspace       used 34618K, committed 34816K, reserved 1081344K
  class space    used 4081K, committed 4160K, reserved 1048576K
}
Event: 11.786 GC heap before
{Heap before GC invocations=8 (full 0):
 garbage-first heap   total 69632K, used 43321K [0x0000000701400000, 0x0000000800000000)
  region size 2048K, 4 young (8192K), 1 survivors (2048K)
 Metaspace       used 35699K, committed 35968K, reserved 1081344K
  class space    used 4240K, committed 4416K, reserved 1048576K
}
Event: 11.788 GC heap after
{Heap after GC invocations=9 (full 0):
 garbage-first heap   total 69632K, used 39510K [0x0000000701400000, 0x0000000800000000)
  region size 2048K, 1 young (2048K), 1 survivors (2048K)
 Metaspace       used 35699K, committed 35968K, reserved 1081344K
  class space    used 4240K, committed 4416K, reserved 1048576K
}
Event: 26.972 GC heap before
{Heap before GC invocations=10 (full 0):
 garbage-first heap   total 71680K, used 49750K [0x0000000701400000, 0x0000000800000000)
  region size 2048K, 7 young (14336K), 1 survivors (2048K)
 Metaspace       used 37761K, committed 38016K, reserved 1089536K
  class space    used 4499K, committed 4608K, reserved 1048576K
}
Event: 26.974 GC heap after
{Heap after GC invocations=11 (full 0):
 garbage-first heap   total 71680K, used 41045K [0x0000000701400000, 0x0000000800000000)
  region size 2048K, 1 young (2048K), 1 survivors (2048K)
 Metaspace       used 37761K, committed 38016K, reserved 1089536K
  class space    used 4499K, committed 4608K, reserved 1048576K
}
Event: 47.778 GC heap before
{Heap before GC invocations=12 (full 0):
 garbage-first heap   total 75776K, used 51285K [0x0000000701400000, 0x0000000800000000)
  region size 2048K, 7 young (14336K), 1 survivors (2048K)
 Metaspace       used 38172K, committed 38464K, reserved 1089536K
  class space    used 4518K, committed 4672K, reserved 1048576K
}
Event: 47.781 GC heap after
{Heap after GC invocations=13 (full 0):
 garbage-first heap   total 75776K, used 41279K [0x0000000701400000, 0x0000000800000000)
  region size 2048K, 1 young (2048K), 1 survivors (2048K)
 Metaspace       used 38172K, committed 38464K, reserved 1089536K
  class space    used 4518K, committed 4672K, reserved 1048576K
}

Deoptimization events (20 events):
Event: 13.960 Thread 0x000001bca8986890 DEOPT PACKING pc=0x000001bcacb3091c sp=0x0000008e253fc210
Event: 13.960 Thread 0x000001bca8986890 DEOPT UNPACKING pc=0x000001bcac032b43 sp=0x0000008e253fb768 mode 0
Event: 26.964 Thread 0x000001bca8986890 Uncommon trap: trap_request=0xffffffde fr.pc=0x000001bcb3bcc34c relative=0x000000000000048c
Event: 26.964 Thread 0x000001bca8986890 Uncommon trap: reason=class_check action=maybe_recompile pc=0x000001bcb3bcc34c method=java.lang.AbstractStringBuilder.append(Ljava/lang/CharSequence;II)Ljava/lang/AbstractStringBuilder; @ 10 c2
Event: 26.964 Thread 0x000001bca8986890 DEOPT PACKING pc=0x000001bcb3bcc34c sp=0x0000008e253fb880
Event: 26.964 Thread 0x000001bca8986890 DEOPT UNPACKING pc=0x000001bcac0323a3 sp=0x0000008e253fb838 mode 2
Event: 26.964 Thread 0x000001bca8986890 Uncommon trap: trap_request=0xffffffde fr.pc=0x000001bcb3bcc34c relative=0x000000000000048c
Event: 26.964 Thread 0x000001bca8986890 Uncommon trap: reason=class_check action=maybe_recompile pc=0x000001bcb3bcc34c method=java.lang.AbstractStringBuilder.append(Ljava/lang/CharSequence;II)Ljava/lang/AbstractStringBuilder; @ 10 c2
Event: 26.964 Thread 0x000001bca8986890 DEOPT PACKING pc=0x000001bcb3bcc34c sp=0x0000008e253fb880
Event: 26.964 Thread 0x000001bca8986890 DEOPT UNPACKING pc=0x000001bcac0323a3 sp=0x0000008e253fb838 mode 2
Event: 26.965 Thread 0x000001bca8986890 Uncommon trap: trap_request=0xffffffde fr.pc=0x000001bcb3bcc34c relative=0x000000000000048c
Event: 26.965 Thread 0x000001bca8986890 Uncommon trap: reason=class_check action=maybe_recompile pc=0x000001bcb3bcc34c method=java.lang.AbstractStringBuilder.append(Ljava/lang/CharSequence;II)Ljava/lang/AbstractStringBuilder; @ 10 c2
Event: 26.965 Thread 0x000001bca8986890 DEOPT PACKING pc=0x000001bcb3bcc34c sp=0x0000008e253fb880
Event: 26.965 Thread 0x000001bca8986890 DEOPT UNPACKING pc=0x000001bcac0323a3 sp=0x0000008e253fb838 mode 2
Event: 26.965 Thread 0x000001bca8986890 Uncommon trap: trap_request=0xffffffde fr.pc=0x000001bcb3bcc34c relative=0x000000000000048c
Event: 26.965 Thread 0x000001bca8986890 Uncommon trap: reason=class_check action=maybe_recompile pc=0x000001bcb3bcc34c method=java.lang.AbstractStringBuilder.append(Ljava/lang/CharSequence;II)Ljava/lang/AbstractStringBuilder; @ 10 c2
Event: 26.965 Thread 0x000001bca8986890 DEOPT PACKING pc=0x000001bcb3bcc34c sp=0x0000008e253fb880
Event: 26.965 Thread 0x000001bca8986890 DEOPT UNPACKING pc=0x000001bcac0323a3 sp=0x0000008e253fb838 mode 2
Event: 27.715 Thread 0x000001bca8986890 DEOPT PACKING pc=0x000001bcacccde33 sp=0x0000008e253fb740
Event: 27.715 Thread 0x000001bca8986890 DEOPT UNPACKING pc=0x000001bcac032b43 sp=0x0000008e253fabf0 mode 0

Classes unloaded (0 events):
No events

Classes redefined (0 events):
No events

Internal exceptions (20 events):
Event: 9.067 Thread 0x000001bcc7a81030 Exception <a 'java/lang/NoSuchMethodError'{0x000000070f0f13f8}: 'void java.lang.invoke.DirectMethodHandle$Holder.invokeStatic(java.lang.Object, long)'> (0x000000070f0f13f8) 
thrown [e:\jenkins\tmp\workspace\build\src\src\hotspot\share\interpreter\linkResolver.cpp, line 766]
Event: 9.068 Thread 0x000001bcc7a81030 Exception <a 'java/lang/NoSuchMethodError'{0x000000070f0f67a0}: 'java.lang.Object java.lang.invoke.DirectMethodHandle$Holder.newInvokeSpecial(java.lang.Object, long)'> (0x000000070f0f67a0) 
thrown [e:\jenkins\tmp\workspace\build\src\src\hotspot\share\interpreter\linkResolver.cpp, line 766]
Event: 9.069 Thread 0x000001bcc7a81030 Exception <a 'java/lang/NoSuchMethodError'{0x000000070f100998}: 'java.lang.Object java.lang.invoke.DirectMethodHandle$Holder.invokeStaticInit(java.lang.Object, java.lang.Object, long, java.lang.Object)'> (0x000000070f100998) 
thrown [e:\jenkins\tmp\workspace\build\src\src\hotspot\share\interpreter\linkResolver.cpp, line 766]
Event: 9.069 Thread 0x000001bcc7a81030 Exception <a 'java/lang/NoSuchMethodError'{0x000000070f1069e0}: 'java.lang.Object java.lang.invoke.DirectMethodHandle$Holder.newInvokeSpecial(java.lang.Object, java.lang.Object, long)'> (0x000000070f1069e0) 
thrown [e:\jenkins\tmp\workspace\build\src\src\hotspot\share\interpreter\linkResolver.cpp, line 766]
Event: 9.069 Thread 0x000001bcc7a81030 Exception <a 'java/lang/NoSuchMethodError'{0x000000070f10a550}: 'java.lang.Object java.lang.invoke.Invokers$Holder.linkToTargetMethod(java.lang.Object, long, java.lang.Object)'> (0x000000070f10a550) 
thrown [e:\jenkins\tmp\workspace\build\src\src\hotspot\share\interpreter\linkResolver.cpp, line 766]
Event: 9.089 Thread 0x000001bcc9157910 Exception <a 'java/net/ConnectException'{0x000000070f15b6b8}: Connection refused: no further information> (0x000000070f15b6b8) 
thrown [e:\jenkins\tmp\workspace\build\src\src\hotspot\share\prims\jni.cpp, line 535]
Event: 9.089 Thread 0x000001bcc9157910 Exception <a 'java/net/SocketException'{0x000000070f15b9f0}: Socket is not connected: shutdown> (0x000000070f15b9f0) 
thrown [e:\jenkins\tmp\workspace\build\src\src\hotspot\share\prims\jni.cpp, line 535]
Event: 9.137 Thread 0x000001bcc9157910 Exception <a 'java/net/ConnectException'{0x000000070f15c988}: Connection refused: no further information> (0x000000070f15c988) 
thrown [e:\jenkins\tmp\workspace\build\src\src\hotspot\share\prims\jni.cpp, line 535]
Event: 9.137 Thread 0x000001bcc9157910 Exception <a 'java/net/SocketException'{0x000000070f15ccc0}: Socket is not connected: shutdown> (0x000000070f15ccc0) 
thrown [e:\jenkins\tmp\workspace\build\src\src\hotspot\share\prims\jni.cpp, line 535]
Event: 9.251 Thread 0x000001bca8986890 Exception <a 'java/lang/NoSuchMethodError'{0x000000070ee45790}: 'double java.lang.invoke.DirectMethodHandle$Holder.invokeVirtual(java.lang.Object, java.lang.Object)'> (0x000000070ee45790) 
thrown [e:\jenkins\tmp\workspace\build\src\src\hotspot\share\interpreter\linkResolver.cpp, line 766]
Event: 9.251 Thread 0x000001bca8986890 Exception <a 'java/lang/NoSuchMethodError'{0x000000070ee4c1e0}: 'float java.lang.invoke.DirectMethodHandle$Holder.invokeVirtual(java.lang.Object, java.lang.Object)'> (0x000000070ee4c1e0) 
thrown [e:\jenkins\tmp\workspace\build\src\src\hotspot\share\interpreter\linkResolver.cpp, line 766]
Event: 9.252 Thread 0x000001bca8986890 Exception <a 'java/lang/NoSuchMethodError'{0x000000070ee554a0}: 'long java.lang.invoke.DirectMethodHandle$Holder.invokeVirtual(java.lang.Object, java.lang.Object)'> (0x000000070ee554a0) 
thrown [e:\jenkins\tmp\workspace\build\src\src\hotspot\share\interpreter\linkResolver.cpp, line 766]
Event: 9.281 Thread 0x000001bca8986890 Exception <a 'java/lang/NoSuchMethodError'{0x000000070efa8498}: 'void java.lang.invoke.DirectMethodHandle$Holder.invokeStatic(java.lang.Object, java.lang.Object, int)'> (0x000000070efa8498) 
thrown [e:\jenkins\tmp\workspace\build\src\src\hotspot\share\interpreter\linkResolver.cpp, line 766]
Event: 9.328 Thread 0x000001bca8986890 Exception <a 'java/lang/NoSuchMethodError'{0x0000000704fbb488}: 'int java.lang.invoke.DirectMethodHandle$Holder.invokeSpecialIFC(java.lang.Object, java.lang.Object, java.lang.Object)'> (0x0000000704fbb488) 
thrown [e:\jenkins\tmp\workspace\build\src\src\hotspot\share\interpreter\linkResolver.cpp, line 766]
Event: 9.409 Thread 0x000001bca8986890 Exception <a 'java/lang/NoSuchMethodError'{0x0000000704bb5f28}: 'void java.lang.invoke.DirectMethodHandle$Holder.invokeSpecial(java.lang.Object, java.lang.Object, java.lang.Object, java.lang.Object, java.lang.Object, java.lang.Object)'> (0x0000000704bb5f28) 
thrown [e:\jenkins\tmp\workspace\build\src\src\hotspot\share\interpreter\linkResolver.cpp, line 766]
Event: 11.769 Thread 0x000001bca8986890 Exception <a 'java/lang/NoSuchMethodError'{0x000000070f3755c0}: 'java.lang.Object java.lang.invoke.DirectMethodHandle$Holder.invokeSpecialIFC(java.lang.Object, java.lang.Object, java.lang.Object)'> (0x000000070f3755c0) 
thrown [e:\jenkins\tmp\workspace\build\src\src\hotspot\share\interpreter\linkResolver.cpp, line 766]
Event: 11.796 Thread 0x000001bca8986890 Exception <a 'java/lang/NoSuchMethodError'{0x00000007112089a0}: 'java.lang.Object java.lang.invoke.DirectMethodHandle$Holder.invokeStatic(java.lang.Object, int, java.lang.Object)'> (0x00000007112089a0) 
thrown [e:\jenkins\tmp\workspace\build\src\src\hotspot\share\interpreter\linkResolver.cpp, line 766]
Event: 11.801 Thread 0x000001bca8986890 Exception <a 'java/lang/ClassNotFoundException'{0x000000071121aa78}: sun/util/logging/resources/spi/loggingProvider> (0x000000071121aa78) 
thrown [e:\jenkins\tmp\workspace\build\src\src\hotspot\share\classfile\systemDictionary.cpp, line 256]
Event: 13.876 Thread 0x000001bca8986890 Exception <a 'java/lang/NoSuchMethodError'{0x000000070f0e3520}: 'void java.lang.invoke.DirectMethodHandle$Holder.invokeVirtual(java.lang.Object, java.lang.Object)'> (0x000000070f0e3520) 
thrown [e:\jenkins\tmp\workspace\build\src\src\hotspot\share\interpreter\linkResolver.cpp, line 766]
Event: 29.865 Thread 0x000001bca8986890 Exception <a 'java/lang/ClassNotFoundException'{0x000000070ee6e798}: sun/misc/SharedSecrets> (0x000000070ee6e798) 
thrown [e:\jenkins\tmp\workspace\build\src\src\hotspot\share\classfile\systemDictionary.cpp, line 256]

VM Operations (20 events):
Event: 47.174 Executing VM operation: Cleanup
Event: 47.174 Executing VM operation: Cleanup done
Event: 47.778 Executing VM operation: G1CollectForAllocation
Event: 47.781 Executing VM operation: G1CollectForAllocation done
Event: 48.781 Executing VM operation: Cleanup
Event: 48.781 Executing VM operation: Cleanup done
Event: 64.929 Executing VM operation: Cleanup
Event: 64.929 Executing VM operation: Cleanup done
Event: 65.941 Executing VM operation: Cleanup
Event: 65.941 Executing VM operation: Cleanup done
Event: 73.011 Executing VM operation: Cleanup
Event: 73.011 Executing VM operation: Cleanup done
Event: 75.029 Executing VM operation: Cleanup
Event: 75.029 Executing VM operation: Cleanup done
Event: 76.042 Executing VM operation: Cleanup
Event: 76.042 Executing VM operation: Cleanup done
Event: 80.077 Executing VM operation: Cleanup
Event: 80.077 Executing VM operation: Cleanup done
Event: 85.127 Executing VM operation: Cleanup
Event: 85.127 Executing VM operation: Cleanup done

Events (20 events):
Event: 19.859 loading class java/util/AbstractList$ListItr done
Event: 26.937 loading class java/time/Clock$SystemClock
Event: 26.937 loading class java/time/Clock$SystemClock done
Event: 26.940 loading class java/time/Instant$1
Event: 26.940 loading class java/time/Instant$1 done
Event: 26.975 Thread 0x000001bcc926c870 Thread added: 0x000001bcc926c870
Event: 27.104 Thread 0x000001bcc926c870 Thread exited: 0x000001bcc926c870
Event: 27.396 Thread 0x000001bcc926c870 Thread added: 0x000001bcc926c870
Event: 27.630 Thread 0x000001bcc926c870 Thread exited: 0x000001bcc926c870
Event: 27.699 loading class java/util/function/BooleanSupplier
Event: 27.699 loading class java/util/function/BooleanSupplier done
Event: 29.865 loading class sun/misc/SharedSecrets
Event: 29.865 loading class sun/misc/SharedSecrets done
Event: 69.245 loading class java/util/IdentityHashMap$KeyIterator
Event: 69.245 loading class java/util/IdentityHashMap$IdentityHashMapIterator
Event: 69.245 loading class java/util/IdentityHashMap$IdentityHashMapIterator done
Event: 69.245 loading class java/util/IdentityHashMap$KeyIterator done
Event: 69.245 Thread 0x000001bcc9157910 Thread exited: 0x000001bcc9157910
Event: 71.871 Thread 0x000001bcc8416a60 Thread exited: 0x000001bcc8416a60
Event: 84.524 Loaded shared library C:\Users\Siddhant.Ingole.IN\eclipse-workspace\DS-2.0\AutoItLib\jacob-1.14.3-x64.dll


Dynamic libraries:
0x00007ff7e7e00000 - 0x00007ff7e7e0e000 	C:\Users\siddhant.ingole\.p2\pool\plugins\org.eclipse.justj.openjdk.hotspot.jre.full.win32.x86_64_17.0.2.v20220201-1208\jre\bin\javaw.exe
0x00007ff81fb30000 - 0x00007ff81fd28000 	C:\Windows\SYSTEM32\ntdll.dll
0x00007ff81ea10000 - 0x00007ff81eacd000 	C:\Windows\System32\KERNEL32.DLL
0x00007ff81d420000 - 0x00007ff81d6ee000 	C:\Windows\System32\KERNELBASE.dll
0x000000005a3b0000 - 0x000000005a45e000 	C:\Windows\System32\SYSFER.DLL
0x00007fffff5c0000 - 0x00007fffff8fa000 	C:\Windows\system32\ctiuser.dll
0x00007ff81d930000 - 0x00007ff81da30000 	C:\Windows\System32\ucrtbase.dll
0x00007ffffb480000 - 0x00007ffffb499000 	C:\Users\siddhant.ingole\.p2\pool\plugins\org.eclipse.justj.openjdk.hotspot.jre.full.win32.x86_64_17.0.2.v20220201-1208\jre\bin\VCRUNTIME140.dll
0x00007ff80e5f0000 - 0x00007ff80e608000 	C:\Users\siddhant.ingole\.p2\pool\plugins\org.eclipse.justj.openjdk.hotspot.jre.full.win32.x86_64_17.0.2.v20220201-1208\jre\bin\jli.dll
0x00007ff81f0e0000 - 0x00007ff81f280000 	C:\Windows\System32\USER32.dll
0x00007ff81d360000 - 0x00007ff81d382000 	C:\Windows\System32\win32u.dll
0x00007ff81e9e0000 - 0x00007ff81ea0a000 	C:\Windows\System32\GDI32.dll
0x00007ff81d250000 - 0x00007ff81d35b000 	C:\Windows\System32\gdi32full.dll
0x00007ff81d890000 - 0x00007ff81d92d000 	C:\Windows\System32\msvcp_win.dll
0x00007ff80c5d0000 - 0x00007ff80c86a000 	C:\Windows\WinSxS\amd64_microsoft.windows.common-controls_6595b64144ccf1df_6.0.19041.1110_none_60b5254171f9507e\COMCTL32.dll
0x00007ff81f280000 - 0x00007ff81f31e000 	C:\Windows\System32\msvcrt.dll
0x00007ff81ee10000 - 0x00007ff81eebe000 	C:\Windows\System32\ADVAPI32.dll
0x00007ff81e940000 - 0x00007ff81e9dc000 	C:\Windows\System32\sechost.dll
0x00007ff81f7b0000 - 0x00007ff81f8d5000 	C:\Windows\System32\RPCRT4.dll
0x00007ff811dd0000 - 0x00007ff811ddb000 	C:\Windows\system32\FLTLIB.DLL
0x00007ff81ecf0000 - 0x00007ff81ed20000 	C:\Windows\System32\IMM32.DLL
0x00007ffffb280000 - 0x00007ffffb28c000 	C:\Users\siddhant.ingole\.p2\pool\plugins\org.eclipse.justj.openjdk.hotspot.jre.full.win32.x86_64_17.0.2.v20220201-1208\jre\bin\vcruntime140_1.dll
0x00007ff802a90000 - 0x00007ff802b21000 	C:\Users\siddhant.ingole\.p2\pool\plugins\org.eclipse.justj.openjdk.hotspot.jre.full.win32.x86_64_17.0.2.v20220201-1208\jre\bin\msvcp140.dll
0x00007fffb2150000 - 0x00007fffb2d97000 	C:\Users\siddhant.ingole\.p2\pool\plugins\org.eclipse.justj.openjdk.hotspot.jre.full.win32.x86_64_17.0.2.v20220201-1208\jre\bin\server\jvm.dll
0x00007ff81f8e0000 - 0x00007ff81f8e8000 	C:\Windows\System32\PSAPI.DLL
0x00007ffffbdb0000 - 0x00007ffffbdb9000 	C:\Windows\SYSTEM32\WSOCK32.dll
0x00007ff81eec0000 - 0x00007ff81ef2b000 	C:\Windows\System32\WS2_32.dll
0x00007ff814e40000 - 0x00007ff814e67000 	C:\Windows\SYSTEM32\WINMM.dll
0x00007ff813a70000 - 0x00007ff813a7a000 	C:\Windows\SYSTEM32\VERSION.dll
0x00007ff81b170000 - 0x00007ff81b182000 	C:\Windows\SYSTEM32\kernel.appcore.dll
0x00007ffffb270000 - 0x00007ffffb27a000 	C:\Users\siddhant.ingole\.p2\pool\plugins\org.eclipse.justj.openjdk.hotspot.jre.full.win32.x86_64_17.0.2.v20220201-1208\jre\bin\jimage.dll
0x00007ff80bea0000 - 0x00007ff80c084000 	C:\Windows\SYSTEM32\DBGHELP.DLL
0x00007ff809db0000 - 0x00007ff809ddc000 	C:\Windows\SYSTEM32\dbgcore.DLL
0x00007ff81d390000 - 0x00007ff81d412000 	C:\Windows\System32\bcryptPrimitives.dll
0x00007ffff70a0000 - 0x00007ffff70c5000 	C:\Users\siddhant.ingole\.p2\pool\plugins\org.eclipse.justj.openjdk.hotspot.jre.full.win32.x86_64_17.0.2.v20220201-1208\jre\bin\java.dll
0x00007ffff7080000 - 0x00007ffff7098000 	C:\Users\siddhant.ingole\.p2\pool\plugins\org.eclipse.justj.openjdk.hotspot.jre.full.win32.x86_64_17.0.2.v20220201-1208\jre\bin\zip.dll
0x00007ff81e1f0000 - 0x00007ff81e934000 	C:\Windows\System32\SHELL32.dll
0x00007ff81b370000 - 0x00007ff81bb04000 	C:\Windows\SYSTEM32\windows.storage.dll
0x00007ff81f450000 - 0x00007ff81f7a4000 	C:\Windows\System32\combase.dll
0x00007ff81cc40000 - 0x00007ff81cc70000 	C:\Windows\SYSTEM32\Wldp.dll
0x00007ff81f320000 - 0x00007ff81f3cd000 	C:\Windows\System32\SHCORE.dll
0x00007ff81dca0000 - 0x00007ff81dcf5000 	C:\Windows\System32\shlwapi.dll
0x00007ff81d190000 - 0x00007ff81d1af000 	C:\Windows\SYSTEM32\profapi.dll
0x00007fffe3420000 - 0x00007fffe3439000 	C:\Users\siddhant.ingole\.p2\pool\plugins\org.eclipse.justj.openjdk.hotspot.jre.full.win32.x86_64_17.0.2.v20220201-1208\jre\bin\net.dll
0x00007ff8122c0000 - 0x00007ff8123ca000 	C:\Windows\SYSTEM32\WINHTTP.dll
0x00007ff81c9a0000 - 0x00007ff81ca0a000 	C:\Windows\system32\mswsock.dll
0x00007fffe3400000 - 0x00007fffe3415000 	C:\Users\siddhant.ingole\.p2\pool\plugins\org.eclipse.justj.openjdk.hotspot.jre.full.win32.x86_64_17.0.2.v20220201-1208\jre\bin\nio.dll
0x00007ff81c690000 - 0x00007ff81c6cb000 	C:\Windows\SYSTEM32\IPHLPAPI.DLL
0x00007ff81f8f0000 - 0x00007ff81f8f8000 	C:\Windows\System32\NSI.dll
0x00007ff8173b0000 - 0x00007ff8173c7000 	C:\Windows\SYSTEM32\dhcpcsvc6.DLL
0x00007ff8171f0000 - 0x00007ff81720d000 	C:\Windows\SYSTEM32\dhcpcsvc.DLL
0x00007ff81c6e0000 - 0x00007ff81c7aa000 	C:\Windows\SYSTEM32\DNSAPI.dll
0x00007ff802b60000 - 0x00007ff802b70000 	C:\Users\siddhant.ingole\.p2\pool\plugins\org.eclipse.justj.openjdk.hotspot.jre.full.win32.x86_64_17.0.2.v20220201-1208\jre\bin\verify.dll
0x00007ff80e5c0000 - 0x00007ff80e5c9000 	C:\Users\siddhant.ingole\.p2\pool\plugins\org.eclipse.justj.openjdk.hotspot.jre.full.win32.x86_64_17.0.2.v20220201-1208\jre\bin\prefs.dll
0x00007fffa6520000 - 0x00007fffa652e000 	C:\Users\siddhant.ingole\.p2\pool\plugins\org.eclipse.justj.openjdk.hotspot.jre.full.win32.x86_64_17.0.2.v20220201-1208\jre\bin\sunmscapi.dll
0x00007ff81da30000 - 0x00007ff81db86000 	C:\Windows\System32\CRYPT32.dll
0x00007ff81ccb0000 - 0x00007ff81ccd7000 	C:\Windows\SYSTEM32\ncrypt.dll
0x00007ff81cc70000 - 0x00007ff81ccab000 	C:\Windows\SYSTEM32\NTASN1.dll
0x00007ff81cb90000 - 0x00007ff81cba8000 	C:\Windows\SYSTEM32\CRYPTSP.dll
0x00007ff81c320000 - 0x00007ff81c354000 	C:\Windows\system32\rsaenh.dll
0x00007ff81d7a0000 - 0x00007ff81d7c7000 	C:\Windows\System32\bcrypt.dll
0x00007ff81d150000 - 0x00007ff81d17e000 	C:\Windows\SYSTEM32\USERENV.dll
0x00007ff81cbb0000 - 0x00007ff81cbbc000 	C:\Windows\SYSTEM32\CRYPTBASE.dll
0x00007ff811fd0000 - 0x00007ff811fda000 	C:\Windows\System32\rasadhlp.dll
0x00007ff8178b0000 - 0x00007ff817930000 	C:\Windows\System32\fwpuclnt.dll
0x00007fffb16c0000 - 0x00007fffb16c9000 	C:\Users\siddhant.ingole\.p2\pool\plugins\org.eclipse.justj.openjdk.hotspot.jre.full.win32.x86_64_17.0.2.v20220201-1208\jre\bin\management.dll
0x00007fffb16b0000 - 0x00007fffb16bb000 	C:\Users\siddhant.ingole\.p2\pool\plugins\org.eclipse.justj.openjdk.hotspot.jre.full.win32.x86_64_17.0.2.v20220201-1208\jre\bin\management_ext.dll
0x00007ff80e5b0000 - 0x00007ff80e5b7000 	C:\Windows\system32\wshunix.dll
0x00007ff8091f0000 - 0x00007ff809207000 	C:\Windows\system32\napinsp.dll
0x00007ff805d70000 - 0x00007ff805d8b000 	C:\Windows\system32\pnrpnsp.dll
0x00007ff805d50000 - 0x00007ff805d65000 	C:\Windows\system32\wshbth.dll
0x00007ff818e00000 - 0x00007ff818e1d000 	C:\Windows\system32\NLAapi.dll
0x00007ff805cd0000 - 0x00007ff805ce2000 	C:\Windows\System32\winrnr.dll
0x0000000180000000 - 0x0000000180021000 	C:\Users\Siddhant.Ingole.IN\eclipse-workspace\DS-2.0\AutoItLib\jacob-1.14.3-x64.dll
0x00007ff81ead0000 - 0x00007ff81ebfa000 	C:\Windows\System32\ole32.dll
0x00007ff81fa20000 - 0x00007ff81faed000 	C:\Windows\System32\OLEAUT32.dll
0x0000000058470000 - 0x0000000058539000 	C:\Windows\WinSxS\amd64_microsoft.vc80.crt_1fc8b3b9a1e18e3b_8.0.50727.9672_none_88e266cb2fac7c0d\MSVCR80.dll
0x00007ff81dbf0000 - 0x00007ff81dc99000 	C:\Windows\System32\clbcatq.dll
0x00007ff81ac20000 - 0x00007ff81acbe000 	C:\Windows\system32\uxtheme.dll
0x000001bcc6ee0000 - 0x000001bcc6f62000 	C:\Users\Siddhant.Ingole.IN\eclipse-workspace\DrySign\AutoItLib\AutoItX3_x64.dll
0x00007ff810020000 - 0x00007ff81003d000 	C:\Windows\SYSTEM32\MPR.dll

dbghelp: loaded successfully - version: 4.0.5 - missing functions: none
symbol engine: initialized successfully - sym options: 0x614 - pdb path: .;C:\Users\siddhant.ingole\.p2\pool\plugins\org.eclipse.justj.openjdk.hotspot.jre.full.win32.x86_64_17.0.2.v20220201-1208\jre\bin;C:\Windows\SYSTEM32;C:\Windows\WinSxS\amd64_microsoft.windows.common-controls_6595b64144ccf1df_6.0.19041.1110_none_60b5254171f9507e;C:\Users\siddhant.ingole\.p2\pool\plugins\org.eclipse.justj.openjdk.hotspot.jre.full.win32.x86_64_17.0.2.v20220201-1208\jre\bin\server;C:\Users\Siddhant.Ingole.IN\eclipse-workspace\DS-2.0\AutoItLib;C:\Windows\WinSxS\amd64_microsoft.vc80.crt_1fc8b3b9a1e18e3b_8.0.50727.9672_none_88e266cb2fac7c0d;C:\Users\Siddhant.Ingole.IN\eclipse-workspace\DrySign\AutoItLib

VM Arguments:
jvm_args: -ea -Dfile.encoding=Cp1252 -XX:+ShowCodeDetailsInExceptionMessages 
java_command: org.eclipse.jdt.internal.junit.runner.RemoteTestRunner -version 3 -port 63084 -testLoaderClass org.eclipse.jdt.internal.junit5.runner.JUnit5TestLoader -loaderpluginname org.eclipse.jdt.junit5.runtime -classNames runner.RunnerTest
java_class_path (initial): C:\Users\Siddhant.Ingole.IN\eclipse-workspace\DS-2.0\target\test-classes;C:\Users\Siddhant.Ingole.IN\eclipse-workspace\DS-2.0\target\classes;C:\Users\siddhant.ingole\.p2\pool\plugins\org.junit.jupiter.api_5.8.1.v20211018-1956.jar;C:\Users\siddhant.ingole\.p2\pool\plugins\org.junit.jupiter.engine_5.8.1.v20211018-1956.jar;C:\Users\siddhant.ingole\.p2\pool\plugins\org.junit.jupiter.migrationsupport_5.8.1.v20211018-1956.jar;C:\Users\siddhant.ingole\.p2\pool\plugins\org.junit.jupiter.params_5.8.1.v20211018-1956.jar;C:\Users\siddhant.ingole\.p2\pool\plugins\org.junit.platform.commons_1.8.1.v20211018-1956.jar;C:\Users\siddhant.ingole\.p2\pool\plugins\org.junit.platform.engine_1.8.1.v20211018-1956.jar;C:\Users\siddhant.ingole\.p2\pool\plugins\org.junit.platform.launcher_1.8.1.v20211018-1956.jar;C:\Users\siddhant.ingole\.p2\pool\plugins\org.junit.platform.runner_1.8.1.v20211018-1956.jar;C:\Users\siddhant.ingole\.p2\pool\plugins\org.junit.platform.suite.api_1.8.1.v20211018-1956.jar;C:\Users\siddhant.ingole\.p2\pool\plugins\org.junit.platform.suite.engine_1.8.1.v20211028-1957.jar;C:\Users\siddhant.ingole\.p2\pool\plugins\org.junit.platform.suite.commons_1.8.1.v20211018-1956.jar;C:\Users\siddhant.ingole\.p2\pool\plugins\org.junit.vintage.engine_5.8.1.v20211018-1956.jar;C:\Users\siddhant.ingole\.p2\pool\plugins\org.opentest4j_1.2.0.v20211018-1956.jar;C:\Users\siddhant.ingole\.p2\pool\plugins\org.apiguardian_1.1.2.v20211018-1956.jar;C:\Users\siddhant.ingole\.p2\pool\plugins\org.junit_4.13.2.v20211018-1956.jar;C:\Users\siddhant.ingole\.p2\pool\plugins\org.hamcrest.core_1.3.0.v20180420-1519.jar;C:\Users\Siddhant.Ingole.IN\.m2\repository\org\freemarker\freemarker\2.3.30\freemarker-2.3.30.jar;C:\Users\Siddhant.Ingole.IN\.m2\repository\io\cucumber\cucumber-junit\4.7.4\cucumber-junit-4.7.4.jar;C:\Users\Siddhant.Ingole.IN\.m2\repository\org\apiguardian\apiguardian-api\1.1.0\apiguardian-api-1.1.0.jar;C:\Users\Siddhant.Ingole.IN\.m2\repository\com\microsoft\az
Launcher Type: SUN_STANDARD

[Global flags]
     intx CICompilerCount                          = 3                                         {product} {ergonomic}
     uint ConcGCThreads                            = 1                                         {product} {ergonomic}
     uint G1ConcRefinementThreads                  = 4                                         {product} {ergonomic}
   size_t G1HeapRegionSize                         = 2097152                                   {product} {ergonomic}
    uintx GCDrainStackTargetSize                   = 64                                        {product} {ergonomic}
   size_t InitialHeapSize                          = 268435456                                 {product} {ergonomic}
   size_t MarkStackSize                            = 4194304                                   {product} {ergonomic}
   size_t MaxHeapSize                              = 4273995776                                {product} {ergonomic}
   size_t MaxNewSize                               = 2562719744                                {product} {ergonomic}
   size_t MinHeapDeltaBytes                        = 2097152                                   {product} {ergonomic}
   size_t MinHeapSize                              = 8388608                                   {product} {ergonomic}
    uintx NonNMethodCodeHeapSize                   = 5832780                                {pd product} {ergonomic}
    uintx NonProfiledCodeHeapSize                  = 122912730                              {pd product} {ergonomic}
    uintx ProfiledCodeHeapSize                     = 122912730                              {pd product} {ergonomic}
    uintx ReservedCodeCacheSize                    = 251658240                              {pd product} {ergonomic}
     bool SegmentedCodeCache                       = true                                      {product} {ergonomic}
     bool ShowCodeDetailsInExceptionMessages       = true                                   {manageable} {command line}
   size_t SoftMaxHeapSize                          = 4273995776                             {manageable} {ergonomic}
     bool UseCompressedClassPointers               = true                           {product lp64_product} {ergonomic}
     bool UseCompressedOops                        = true                           {product lp64_product} {ergonomic}
     bool UseG1GC                                  = true                                      {product} {ergonomic}
     bool UseLargePagesIndividualAllocation        = false                                  {pd product} {ergonomic}

Logging:
Log output configuration:
 #0: stdout all=warning uptime,level,tags
 #1: stderr all=off uptime,level,tags

Environment Variables:
JAVA_HOME=C:\Program Files\Java\jdk1.8.0_202
PATH=C:/Users/siddhant.ingole/.p2/pool/plugins/org.eclipse.justj.openjdk.hotspot.jre.full.win32.x86_64_17.0.2.v20220201-1208/jre/bin/server;C:/Users/siddhant.ingole/.p2/pool/plugins/org.eclipse.justj.openjdk.hotspot.jre.full.win32.x86_64_17.0.2.v20220201-1208/jre/bin;C:\Program Files (x86)\Common Files\Oracle\Java\javapath;C:\ProgramData\Oracle\Java\javapath;C:\Windows\system32;C:\Windows;C:\Windows\System32\Wbem;C:\Windows\System32\WindowsPowerShell\v1.0\;C:\Windows\System32\OpenSSH\;C:\Users\Siddhant.Ingole.IN\Downloads\apache-maven-3.8.6\bin;C:\Program Files\Java\jdk1.8.0_202\bin;C:\Program Files\Java\jre1.8.0_202\bin;C:\Users\Siddhant.Ingole.IN\AppData\Local\Microsoft\WindowsApps;C:\Users\Siddhant.Ingole.IN\AppData\Local\GitHubDesktop\bin;C:\Users\Siddhant.Ingole.IN\AppData\Local\Programs\Git\cmd;C:\Users\Siddhant.Ingole.IN\Desktop;
USERNAME=Siddhant.Ingole
OS=Windows_NT
PROCESSOR_IDENTIFIER=Intel64 Family 6 Model 60 Stepping 3, GenuineIntel



---------------  S Y S T E M  ---------------

OS:
 Windows 10 , 64 bit Build 19041 (10.0.19041.1889)
OS uptime: 0 days 7:55 hours

CPU: total 4 (initial active 4) (4 cores per cpu, 1 threads per core) family 6 model 60 stepping 3 microcode 0x27, cx8, cmov, fxsr, mmx, sse, sse2, sse3, ssse3, sse4.1, sse4.2, popcnt, lzcnt, tsc, tscinvbit, avx, avx2, aes, erms, clmul, bmi1, bmi2, fma, vzeroupper, clflush

Memory: 4k page, system-wide physical 16302M (7476M free)
TotalPageFile size 33710M (AvailPageFile size 16777M)
current process WorkingSet (physical memory assigned to process): 246M, peak: 246M
current process commit charge ("private bytes"): 254M, peak: 382M

vm_info: OpenJDK 64-Bit Server VM (17.0.2+8) for windows-amd64 JRE (17.0.2+8), built on Jan 20 2022 04:52:34 by "" with MS VC++ 16.7 (VS2019)

END.
