#
# A fatal error has been detected by the Java Runtime Environment:
#
#  EXCEPTION_ACCESS_VIOLATION (0xc0000005) at pc=0x0000000180012df1, pid=21988, tid=22848
#
# JRE version: OpenJDK Runtime Environment Temurin-17.0.2+8 (17.0.2+8) (build 17.0.2+8)
# Java VM: OpenJDK 64-Bit Server VM Temurin-17.0.2+8 (17.0.2+8, mixed mode, tiered, compressed oops, compressed class ptrs, g1 gc, windows-amd64)
# Problematic frame:
# C  [jacob-1.14.3-x64.dll+0x12df1]
#
# No core dump will be written. Minidumps are not enabled by default on client versions of Windows
#
# If you would like to submit a bug report, please visit:
#   https://github.com/adoptium/adoptium-support/issues
# The crash happened outside the Java Virtual Machine in native code.
# See problematic frame for where to report the bug.
#

---------------  S U M M A R Y ------------

Command Line: -ea -Dfile.encoding=Cp1252 -XX:+ShowCodeDetailsInExceptionMessages org.eclipse.jdt.internal.junit.runner.RemoteTestRunner -version 3 -port 61571 -testLoaderClass org.eclipse.jdt.internal.junit5.runner.JUnit5TestLoader -loaderpluginname org.eclipse.jdt.junit5.runtime -classNames runner.RunnerTest

Host: Intel(R) Core(TM) i5-4590 CPU @ 3.30GHz, 4 cores, 15G,  Windows 10 , 64 bit Build 19041 (10.0.19041.1889)
Time: Sun Sep 25 21:11:11 2022 Pacific Daylight Time elapsed time: 707.805719 seconds (0d 0h 11m 47s)

---------------  T H R E A D  ---------------

Current thread (0x000002b8e39bdee0):  JavaThread "main" [_thread_in_native, id=22848, stack(0x000000bcc6400000,0x000000bcc6500000)]

Stack: [0x000000bcc6400000,0x000000bcc6500000],  sp=0x000000bcc64fc890,  free space=1010k
Native frames: (J=compiled Java code, j=interpreted, Vv=VM code, C=native code)
C  [jacob-1.14.3-x64.dll+0x12df1]

Java frames: (J=compiled Java code, j=interpreted, Vv=VM code)
j  com.jacob.com.Variant.getVariantType()S+0
j  com.jacob.com.Variant.getvt()S+8
j  com.jacob.com.Variant.putBoolean(Z)V+1
j  com.jacob.com.VariantUtilities.populateVariant(Lcom/jacob/com/Variant;Ljava/lang/Object;Z)V+155
j  com.jacob.com.Variant.<init>(Ljava/lang/Object;Z)V+16
j  com.jacob.com.Variant.<init>(Ljava/lang/Object;)V+3
j  com.jacob.com.Variant.<init>(Z)V+9
j  com.jacob.com.Variant.<clinit>()V+5
v  ~StubRoutines::call_stub
j  autoitx4java.AutoItX.winVariantBool(Ljava/lang/String;Ljava/lang/String;ILjava/lang/String;)Z+0
j  autoitx4java.AutoItX.winWait(Ljava/lang/String;Ljava/lang/String;I)Z+6
j  stepDefinitions.DrySign.uploadFile(Ljava/lang/String;Ljava/lang/String;)Z+100
j  stepDefinitions.DrySign.user_click_on_upload_and_browser_option_as(Ljava/lang/String;)V+24
v  ~StubRoutines::call_stub
J 5602  jdk.internal.reflect.NativeMethodAccessorImpl.invoke0(Ljava/lang/reflect/Method;Ljava/lang/Object;[Ljava/lang/Object;)Ljava/lang/Object; java.base@17.0.2 (0 bytes) @ 0x000002b8f05a9927 [0x000002b8f05a98a0+0x0000000000000087]
J 5601 c1 jdk.internal.reflect.NativeMethodAccessorImpl.invoke(Ljava/lang/Object;[Ljava/lang/Object;)Ljava/lang/Object; java.base@17.0.2 (137 bytes) @ 0x000002b8e99574ec [0x000002b8e9956ae0+0x0000000000000a0c]
J 2483 c1 jdk.internal.reflect.DelegatingMethodAccessorImpl.invoke(Ljava/lang/Object;[Ljava/lang/Object;)Ljava/lang/Object; java.base@17.0.2 (10 bytes) @ 0x000002b8e92b11cc [0x000002b8e92b10c0+0x000000000000010c]
J 2533 c1 cucumber.runtime.Utils$1.call()Ljava/lang/Object; (189 bytes) @ 0x000002b8e92daf44 [0x000002b8e92da6e0+0x0000000000000864]
J 2532 c1 cucumber.runtime.Timeout.timeout(Lcucumber/runtime/Timeout$Callback;J)Ljava/lang/Object; (251 bytes) @ 0x000002b8e92d415c [0x000002b8e92d36e0+0x0000000000000a7c]
J 2494 c1 cucumber.runtime.Utils.invoke(Ljava/lang/Object;Ljava/lang/reflect/Method;J[Ljava/lang/Object;)Ljava/lang/Object; (24 bytes) @ 0x000002b8e92b4acc [0x000002b8e92b48e0+0x00000000000001ec]
j  cucumber.runtime.java.JavaStepDefinition.execute([Ljava/lang/Object;)V+25
j  cucumber.runner.PickleStepDefinitionMatch.runStep(Lcucumber/api/Scenario;)V+137
J 7344 c1 cucumber.runner.TestStep.run(Lcucumber/api/TestCase;Lcucumber/runner/EventBus;Lcucumber/runner/Scenario;Z)Z (151 bytes) @ 0x000002b8e8fd9dd4 [0x000002b8e8fd9940+0x0000000000000494]
j  cucumber.runner.PickleStepTestStep.run(Lcucumber/api/TestCase;Lcucumber/runner/EventBus;Lcucumber/runner/Scenario;Z)Z+63
j  cucumber.runner.TestCase.run(Lcucumber/runner/EventBus;)V+144
j  cucumber.runner.Runner.runPickle(Lgherkin/events/PickleEvent;)V+15
j  io.cucumber.junit.PickleRunners$NoStepDescriptions.run(Lorg/junit/runner/notification/RunNotifier;)V+37
j  io.cucumber.junit.FeatureRunner.runChild(Lio/cucumber/junit/PickleRunners$PickleRunner;Lorg/junit/runner/notification/RunNotifier;)V+2
j  io.cucumber.junit.FeatureRunner.runChild(Ljava/lang/Object;Lorg/junit/runner/notification/RunNotifier;)V+6
j  org.junit.runners.ParentRunner$4.run()V+12
j  org.junit.runners.ParentRunner$1.schedule(Ljava/lang/Runnable;)V+1
j  org.junit.runners.ParentRunner.runChildren(Lorg/junit/runner/notification/RunNotifier;)V+44
j  org.junit.runners.ParentRunner.access$100(Lorg/junit/runners/ParentRunner;Lorg/junit/runner/notification/RunNotifier;)V+2
j  org.junit.runners.ParentRunner$2.evaluate()V+8
j  org.junit.runners.ParentRunner$3.evaluate()V+4
j  org.junit.runners.ParentRunner.run(Lorg/junit/runner/notification/RunNotifier;)V+24
j  io.cucumber.junit.Cucumber.runChild(Lio/cucumber/junit/FeatureRunner;Lorg/junit/runner/notification/RunNotifier;)V+2
j  io.cucumber.junit.Cucumber.runChild(Ljava/lang/Object;Lorg/junit/runner/notification/RunNotifier;)V+6
j  org.junit.runners.ParentRunner$4.run()V+12
j  org.junit.runners.ParentRunner$1.schedule(Ljava/lang/Runnable;)V+1
j  org.junit.runners.ParentRunner.runChildren(Lorg/junit/runner/notification/RunNotifier;)V+44
j  org.junit.runners.ParentRunner.access$100(Lorg/junit/runners/ParentRunner;Lorg/junit/runner/notification/RunNotifier;)V+2
j  org.junit.runners.ParentRunner$2.evaluate()V+8
j  io.cucumber.junit.Cucumber$RunCucumber.evaluate()V+168
j  org.junit.runners.ParentRunner$3.evaluate()V+4
j  org.junit.runners.ParentRunner.run(Lorg/junit/runner/notification/RunNotifier;)V+24
j  org.junit.runner.JUnitCore.run(Lorg/junit/runner/Runner;)Lorg/junit/runner/Result;+37
j  org.junit.runner.JUnitCore.run(Lorg/junit/runner/Request;)Lorg/junit/runner/Result;+5
j  org.junit.vintage.engine.execution.RunnerExecutor.execute(Lorg/junit/vintage/engine/descriptor/RunnerTestDescriptor;)V+42
j  org.junit.vintage.engine.VintageTestEngine.executeAllChildren(Lorg/junit/vintage/engine/descriptor/VintageEngineDescriptor;Lorg/junit/platform/engine/EngineExecutionListener;)V+41
j  org.junit.vintage.engine.VintageTestEngine.execute(Lorg/junit/platform/engine/ExecutionRequest;)V+23
j  org.junit.platform.launcher.core.EngineExecutionOrchestrator.execute(Lorg/junit/platform/engine/TestDescriptor;Lorg/junit/platform/engine/EngineExecutionListener;Lorg/junit/platform/engine/ConfigurationParameters;Lorg/junit/platform/engine/TestEngine;)V+24
j  org.junit.platform.launcher.core.EngineExecutionOrchestrator.execute(Lorg/junit/platform/launcher/core/LauncherDiscoveryResult;Lorg/junit/platform/engine/EngineExecutionListener;)V+86
j  org.junit.platform.launcher.core.EngineExecutionOrchestrator.lambda$execute$0(Lorg/junit/platform/launcher/core/InternalTestPlan;Lorg/junit/platform/launcher/core/LauncherDiscoveryResult;Lorg/junit/platform/launcher/TestExecutionListener;)V+18
j  org.junit.platform.launcher.core.EngineExecutionOrchestrator$$Lambda$222+0x000000080020bd08.accept(Ljava/lang/Object;)V+16
j  org.junit.platform.launcher.core.EngineExecutionOrchestrator.withInterceptedStreams(Lorg/junit/platform/engine/ConfigurationParameters;Lorg/junit/platform/launcher/core/ListenerRegistry;Ljava/util/function/Consumer;)V+51
j  org.junit.platform.launcher.core.EngineExecutionOrchestrator.execute(Lorg/junit/platform/launcher/core/InternalTestPlan;[Lorg/junit/platform/launcher/TestExecutionListener;)V+35
j  org.junit.platform.launcher.core.DefaultLauncher.execute(Lorg/junit/platform/launcher/core/InternalTestPlan;[Lorg/junit/platform/launcher/TestExecutionListener;)V+6
j  org.junit.platform.launcher.core.DefaultLauncher.execute(Lorg/junit/platform/launcher/TestPlan;[Lorg/junit/platform/launcher/TestExecutionListener;)V+36
j  org.junit.platform.launcher.core.DefaultLauncherSession$DelegatingLauncher.execute(Lorg/junit/platform/launcher/TestPlan;[Lorg/junit/platform/launcher/TestExecutionListener;)V+6
j  org.junit.platform.launcher.core.SessionPerRequestLauncher.execute(Lorg/junit/platform/launcher/TestPlan;[Lorg/junit/platform/launcher/TestExecutionListener;)V+13
j  org.eclipse.jdt.internal.junit5.runner.JUnit5TestReference.run(Lorg/eclipse/jdt/internal/junit/runner/TestExecution;)V+69
j  org.eclipse.jdt.internal.junit.runner.TestExecution.run([Lorg/eclipse/jdt/internal/junit/runner/ITestReference;)V+27
j  org.eclipse.jdt.internal.junit.runner.RemoteTestRunner.runTests([Ljava/lang/String;Ljava/lang/String;Lorg/eclipse/jdt/internal/junit/runner/TestExecution;)V+62
j  org.eclipse.jdt.internal.junit.runner.RemoteTestRunner.runTests(Lorg/eclipse/jdt/internal/junit/runner/TestExecution;)V+10
j  org.eclipse.jdt.internal.junit.runner.RemoteTestRunner.run()V+70
j  org.eclipse.jdt.internal.junit.runner.RemoteTestRunner.main([Ljava/lang/String;)V+14
v  ~StubRoutines::call_stub

siginfo: EXCEPTION_ACCESS_VIOLATION (0xc0000005), reading address 0xffffffff866542f0


Register to memory mapping:

RIP=0x0000000180012df1 jacob-1.14.3-x64.dll
RAX=0x00000000866542f0 is an unknown value
RBX=0x000000bcc64fc950 is pointing into the stack for thread: 0x000002b8e39bdee0
RCX=0xffffffff866542f0 is an unknown value
RDX=0x000000bcc64fc950 is pointing into the stack for thread: 0x000002b8e39bdee0
RSP=0x000000bcc64fc890 is pointing into the stack for thread: 0x000002b8e39bdee0
RBP=0x000000bcc64fc930 is pointing into the stack for thread: 0x000002b8e39bdee0
RSI=0x0 is NULL
RDI=0x000002b8e39be188 points into unknown readable memory: 0x00007ffb3ae707d0 | d0 07 e7 3a fb 7f 00 00
R8 =0x0000000000000032 is an unknown value
R9 =0x0000000712d86798 is an oop: com.jacob.com.Variant 
{0x0000000712d86798} - klass: 'com/jacob/com/Variant'
 - ---- fields (total size 2 words):
 - 'm_pVariant' 'I' @12  -2040184080 (866542f0)
R10=0x00007ffb3aef4130 jvm.dll
R11=0x00000000000001d2 is an unknown value
R12=0x0 is NULL
R13={method} {0x000002b893024bf8} 'getVariantType' '()S' in 'com/jacob/com/Variant'
R14=0x000000bcc64fc950 is pointing into the stack for thread: 0x000002b8e39bdee0
R15=0x000002b8e39bdee0 is a thread


Registers:
RAX=0x00000000866542f0, RBX=0x000000bcc64fc950, RCX=0xffffffff866542f0, RDX=0x000000bcc64fc950
RSP=0x000000bcc64fc890, RBP=0x000000bcc64fc930, RSI=0x0000000000000000, RDI=0x000002b8e39be188
R8 =0x0000000000000032, R9 =0x0000000712d86798, R10=0x00007ffb3aef4130, R11=0x00000000000001d2
R12=0x0000000000000000, R13=0x000002b893024bf0, R14=0x000000bcc64fc950, R15=0x000002b8e39bdee0
RIP=0x0000000180012df1, EFLAGS=0x0000000000010286

Top of Stack: (sp=0x000000bcc64fc890)
0x000000bcc64fc890:   000000bcc64fc950 0000000000000000
0x000000bcc64fc8a0:   000002b893024bf0 00007ffb3a994dce
0x000000bcc64fc8b0:   000002b8e88194fe 000002b8e881d621
0x000000bcc64fc8c0:   000002b893024bf0 0000000000000000
0x000000bcc64fc8d0:   000002b893024d50 000002b8e39bdee0
0x000000bcc64fc8e0:   000002b8e881d2f6 000000bcc64fc8e8
0x000000bcc64fc8f0:   000002b893024bf0 000000bcc64fc950
0x000000bcc64fc900:   000002b89302b8f8 0000000000000000
0x000000bcc64fc910:   0000000712d7bce8 000002b893024bf0
0x000000bcc64fc920:   0000000000000000 000000bcc64fc950
0x000000bcc64fc930:   000000bcc64fc9a0 000002b8e8819612
0x000000bcc64fc940:   0000000000000000 000002b8e881af72
0x000000bcc64fc950:   0000000712d86798 000000bcc64fc958
0x000000bcc64fc960:   000002b893024d28 000000bcc64fc9b0
0x000000bcc64fc970:   000002b89302b8f8 0000000000000000
0x000000bcc64fc980:   0000000712d7bce8 000002b893024d50 

Instructions: (pc=0x0000000180012df1)
0x0000000180012cf1:   00 85 c0 48 63 d8 74 13 48 8b cb ff 15 2e 25 00
0x0000000180012d01:   00 66 c7 03 04 00 f3 0f 11 73 08 48 8b 5c 24 40
0x0000000180012d11:   0f 28 74 24 20 48 83 c4 30 5f c3 cc cc cc cc 48
0x0000000180012d21:   89 5c 24 08 48 89 74 24 10 57 48 83 ec 20 48 8b
0x0000000180012d31:   01 41 0f b7 f0 48 8b da 48 8b f9 ff 90 f8 00 00
0x0000000180012d41:   00 4c 8b 17 4c 8d 0d 48 27 00 00 4c 8d 05 bd 33
0x0000000180012d51:   00 00 48 8b cf 48 8b d0 41 ff 92 f0 02 00 00 4c
0x0000000180012d61:   8b 0f 48 8b d3 4c 8b c0 48 8b cf 41 ff 91 20 03
0x0000000180012d71:   00 00 85 c0 48 63 c8 74 10 44 0f b7 ce 45 33 c0
0x0000000180012d81:   48 8b d1 ff 15 46 25 00 00 48 8b 5c 24 30 48 8b
0x0000000180012d91:   74 24 38 48 83 c4 20 5f c3 cc cc cc cc cc cc 48
0x0000000180012da1:   89 5c 24 08 57 48 83 ec 20 48 8b 01 48 8b da 48
0x0000000180012db1:   8b f9 ff 90 f8 00 00 00 4c 8b 17 4c 8d 0d d1 26
0x0000000180012dc1:   00 00 4c 8d 05 46 33 00 00 48 8b d0 48 8b cf 41
0x0000000180012dd1:   ff 92 f0 02 00 00 4c 8b 0f 48 8b d3 4c 8b c0 48
0x0000000180012de1:   8b cf 41 ff 91 20 03 00 00 85 c0 48 63 c8 74 0e
0x0000000180012df1:   66 8b 01 48 8b 5c 24 30 48 83 c4 20 5f c3 66 33
0x0000000180012e01:   c0 48 8b 5c 24 30 48 83 c4 20 5f c3 cc cc cc 48
0x0000000180012e11:   89 5c 24 08 57 48 83 ec 20 48 8b 01 48 8b da 48
0x0000000180012e21:   8b f9 ff 90 f8 00 00 00 4c 8b 17 4c 8d 0d 61 26
0x0000000180012e31:   00 00 4c 8d 05 d6 32 00 00 48 8b d0 48 8b cf 41
0x0000000180012e41:   ff 92 f0 02 00 00 4c 8b 0f 48 8b d3 4c 8b c0 48
0x0000000180012e51:   8b cf 41 ff 91 20 03 00 00 85 c0 48 63 c8 74 11
0x0000000180012e61:   0f b7 01 66 0f ba e0 0d 73 14 48 83 79 08 00 75
0x0000000180012e71:   0d b0 01 48 8b 5c 24 30 48 83 c4 20 5f c3 0f b7
0x0000000180012e81:   c0 85 c0 78 16 83 f8 01 7e e7 83 f8 09 74 05 83
0x0000000180012e91:   f8 0a eb 05 48 83 79 08 00 74 d6 32 c0 48 8b 5c
0x0000000180012ea1:   24 30 48 83 c4 20 5f c3 cc cc cc cc cc cc cc 48
0x0000000180012eb1:   89 5c 24 08 48 89 6c 24 10 48 89 74 24 18 57 48
0x0000000180012ec1:   83 ec 20 48 8b 01 48 8b fa 49 8b d0 49 8b d8 48
0x0000000180012ed1:   8b f1 ff 90 f8 00 00 00 4c 8b 16 4c 8d 0d b1 25
0x0000000180012ee1:   00 00 4c 8d 05 26 32 00 00 48 8b d0 48 8b ce 41 


Stack slot to memory mapping:
stack at sp + 0 slots: 0x000000bcc64fc950 is pointing into the stack for thread: 0x000002b8e39bdee0
stack at sp + 1 slots: 0x0 is NULL
stack at sp + 2 slots: {method} {0x000002b893024bf8} 'getVariantType' '()S' in 'com/jacob/com/Variant'
stack at sp + 3 slots: 0x00007ffb3a994dce jvm.dll
stack at sp + 4 slots: 0x000002b8e88194fe is at code_begin+1118 in an Interpreter codelet
return entry points  [0x000002b8e88190a0, 0x000002b8e8819ba0]  2816 bytes
stack at sp + 5 slots: 0x000002b8e881d621 is at code_begin+993 in an Interpreter codelet
method entry point (kind = native)  [0x000002b8e881d240, 0x000002b8e881dbc0]  2432 bytes
stack at sp + 6 slots: {method} {0x000002b893024bf8} 'getVariantType' '()S' in 'com/jacob/com/Variant'
stack at sp + 7 slots: 0x0 is NULL


---------------  P R O C E S S  ---------------

Threads class SMR info:
_java_thread_list=0x000002b886478de0, length=29, elements={
0x000002b8e39bdee0, 0x000002b88484a130, 0x000002b88484cd70, 0x000002b88489d440,
0x000002b88489dd00, 0x000002b88489e5c0, 0x000002b8848e6a90, 0x000002b8848bf580,
0x000002b8848bfe80, 0x000002b8848c6f80, 0x000002b884a55450, 0x000002b884a583f0,
0x000002b885f93660, 0x000002b888bbda10, 0x000002b888e48ae0, 0x000002b888e49950,
0x000002b888e48140, 0x000002b888e4a7c0, 0x000002b888e49480, 0x000002b888e47c70,
0x000002b8861ded10, 0x000002b8861ddea0, 0x000002b8861de370, 0x000002b888e49e20,
0x000002b8861dbcf0, 0x000002b8861de840, 0x000002b8861dd500, 0x000002b8861dcb60,
0x000002b8861dc1c0
}

Java Threads: ( => current thread )
=>0x000002b8e39bdee0 JavaThread "main" [_thread_in_native, id=22848, stack(0x000000bcc6400000,0x000000bcc6500000)]
  0x000002b88484a130 JavaThread "Reference Handler" daemon [_thread_blocked, id=9008, stack(0x000000bcc6b00000,0x000000bcc6c00000)]
  0x000002b88484cd70 JavaThread "Finalizer" daemon [_thread_blocked, id=29228, stack(0x000000bcc6c00000,0x000000bcc6d00000)]
  0x000002b88489d440 JavaThread "Signal Dispatcher" daemon [_thread_blocked, id=27248, stack(0x000000bcc6d00000,0x000000bcc6e00000)]
  0x000002b88489dd00 JavaThread "Attach Listener" daemon [_thread_blocked, id=24412, stack(0x000000bcc6e00000,0x000000bcc6f00000)]
  0x000002b88489e5c0 JavaThread "Service Thread" daemon [_thread_blocked, id=23204, stack(0x000000bcc6f00000,0x000000bcc7000000)]
  0x000002b8848e6a90 JavaThread "Monitor Deflation Thread" daemon [_thread_blocked, id=30248, stack(0x000000bcc7000000,0x000000bcc7100000)]
  0x000002b8848bf580 JavaThread "C2 CompilerThread0" daemon [_thread_blocked, id=29088, stack(0x000000bcc7100000,0x000000bcc7200000)]
  0x000002b8848bfe80 JavaThread "C1 CompilerThread0" daemon [_thread_blocked, id=25176, stack(0x000000bcc7200000,0x000000bcc7300000)]
  0x000002b8848c6f80 JavaThread "Sweeper thread" daemon [_thread_blocked, id=29364, stack(0x000000bcc7300000,0x000000bcc7400000)]
  0x000002b884a55450 JavaThread "Notification Thread" daemon [_thread_blocked, id=4008, stack(0x000000bcc6300000,0x000000bcc6400000)]
  0x000002b884a583f0 JavaThread "Common-Cleaner" daemon [_thread_blocked, id=27864, stack(0x000000bcc7500000,0x000000bcc7600000)]
  0x000002b885f93660 JavaThread "ReaderThread" [_thread_in_native, id=23192, stack(0x000000bcc7a00000,0x000000bcc7b00000)]
  0x000002b888bbda10 JavaThread "AsyncHttpClient-1-1" daemon [_thread_blocked, id=15932, stack(0x000000bcc7c00000,0x000000bcc7d00000)]
  0x000002b888e48ae0 JavaThread "AsyncHttpClient-1-2" daemon [_thread_in_native, id=31440, stack(0x000000bcc8500000,0x000000bcc8600000)]
  0x000002b888e49950 JavaThread "AsyncHttpClient-1-3" daemon [_thread_in_native, id=12168, stack(0x000000bcc8600000,0x000000bcc8700000)]
  0x000002b888e48140 JavaThread "AsyncHttpClient-1-4" daemon [_thread_in_native, id=10084, stack(0x000000bcc8700000,0x000000bcc8800000)]
  0x000002b888e4a7c0 JavaThread "ForkJoinPool.commonPool-worker-3" daemon [_thread_blocked, id=12656, stack(0x000000bcc7d00000,0x000000bcc7e00000)]
  0x000002b888e49480 JavaThread "AsyncHttpClient-1-5" daemon [_thread_in_native, id=25628, stack(0x000000bcc8b00000,0x000000bcc8c00000)]
  0x000002b888e47c70 JavaThread "AsyncHttpClient-1-6" daemon [_thread_in_native, id=30284, stack(0x000000bcc8c00000,0x000000bcc8d00000)]
  0x000002b8861ded10 JavaThread "AsyncHttpClient-1-7" daemon [_thread_in_native, id=6996, stack(0x000000bcc8d00000,0x000000bcc8e00000)]
  0x000002b8861ddea0 JavaThread "AsyncHttpClient-1-8" daemon [_thread_in_native, id=20532, stack(0x000000bcc8300000,0x000000bcc8400000)]
  0x000002b8861de370 JavaThread "AsyncHttpClient-1-9" daemon [_thread_in_native, id=23628, stack(0x000000bcc8900000,0x000000bcc8a00000)]
  0x000002b888e49e20 JavaThread "ForkJoinPool.commonPool-worker-6" daemon [_thread_blocked, id=18816, stack(0x000000bcc6000000,0x000000bcc6100000)]
  0x000002b8861dbcf0 JavaThread "Exec Default Executor" daemon [_thread_in_native, id=31100, stack(0x000000bcc6100000,0x000000bcc6200000)]
  0x000002b8861de840 JavaThread "Driver Service Executor" daemon [_thread_blocked, id=31352, stack(0x000000bcc6200000,0x000000bcc6300000)]
  0x000002b8861dd500 JavaThread "Driver Service Executor" daemon [_thread_blocked, id=20844, stack(0x000000bcc7900000,0x000000bcc7a00000)]
  0x000002b8861dcb60 JavaThread "Exec Stream Pumper" daemon [_thread_in_native, id=1408, stack(0x000000bcc7b00000,0x000000bcc7c00000)]
  0x000002b8861dc1c0 JavaThread "Exec Stream Pumper" daemon [_thread_in_native, id=24856, stack(0x000000bcc7e00000,0x000000bcc7f00000)]

Other Threads:
  0x000002b8ffb1e190 VMThread "VM Thread" [stack: 0x000000bcc6a00000,0x000000bcc6b00000] [id=21768]
  0x000002b884a56130 WatcherThread [stack: 0x000000bcc7400000,0x000000bcc7500000] [id=22096]
  0x000002b8e3a08450 GCTaskThread "GC Thread#0" [stack: 0x000000bcc6500000,0x000000bcc6600000] [id=24592]
  0x000002b884b5a560 GCTaskThread "GC Thread#1" [stack: 0x000000bcc7600000,0x000000bcc7700000] [id=27832]
  0x000002b884bb73e0 GCTaskThread "GC Thread#2" [stack: 0x000000bcc7700000,0x000000bcc7800000] [id=27724]
  0x000002b884bb7690 GCTaskThread "GC Thread#3" [stack: 0x000000bcc7800000,0x000000bcc7900000] [id=5548]
  0x000002b8e3a1b530 ConcurrentGCThread "G1 Main Marker" [stack: 0x000000bcc6600000,0x000000bcc6700000] [id=16032]
  0x000002b8e3a1c5e0 ConcurrentGCThread "G1 Conc#0" [stack: 0x000000bcc6700000,0x000000bcc6800000] [id=21612]
  0x000002b8e3a2ec20 ConcurrentGCThread "G1 Refine#0" [stack: 0x000000bcc6800000,0x000000bcc6900000] [id=27256]
  0x000002b8ff9da740 ConcurrentGCThread "G1 Service" [stack: 0x000000bcc6900000,0x000000bcc6a00000] [id=27092]

Threads with active compile tasks:

VM state: not at safepoint (normal execution)

VM Mutex/Monitor currently owned by a thread: None

Heap address: 0x0000000701400000, size: 4076 MB, Compressed Oops mode: Zero based, Oop shift amount: 3

CDS archive(s) not mapped
Compressed class space mapped at: 0x0000000800000000-0x0000000840000000, reserved size: 1073741824
Narrow klass base: 0x0000000800000000, Narrow klass shift: 0, Narrow klass range: 0x40000000

GC Precious Log:
 CPUs: 4 total, 4 available
 Memory: 16302M
 Large Page Support: Disabled
 NUMA Support: Disabled
 Compressed Oops: Enabled (Zero based)
 Heap Region Size: 2M
 Heap Min Capacity: 8M
 Heap Initial Capacity: 256M
 Heap Max Capacity: 4076M
 Pre-touch: Disabled
 Parallel Workers: 4
 Concurrent Workers: 1
 Concurrent Refinement Workers: 4
 Periodic GC: Disabled

Heap:
 garbage-first heap   total 311296K, used 205190K [0x0000000701400000, 0x0000000800000000)
  region size 2048K, 15 young (30720K), 2 survivors (4096K)
 Metaspace       used 45806K, committed 46144K, reserved 1097728K
  class space    used 5275K, committed 5440K, reserved 1048576K

Heap Regions: E=young(eden), S=young(survivor), O=old, HS=humongous(starts), HC=humongous(continues), CS=collection set, F=free, OA=open archive, CA=closed archive, TAMS=top-at-mark-start (previous, next)
|   0|0x0000000701400000, 0x0000000701600000, 0x0000000701600000|100%|HS|  |TAMS 0x0000000701600000, 0x0000000701400000| Complete 
|   1|0x0000000701600000, 0x0000000701800000, 0x0000000701800000|100%|HC|  |TAMS 0x0000000701800000, 0x0000000701600000| Complete 
|   2|0x0000000701800000, 0x0000000701a00000, 0x0000000701a00000|100%| O|  |TAMS 0x0000000701a00000, 0x0000000701800000| Untracked 
|   3|0x0000000701a00000, 0x0000000701c00000, 0x0000000701c00000|100%| O|  |TAMS 0x0000000701c00000, 0x0000000701a00000| Untracked 
|   4|0x0000000701c00000, 0x0000000701e00000, 0x0000000701e00000|100%| O|  |TAMS 0x0000000701e00000, 0x0000000701c00000| Untracked 
|   5|0x0000000701e00000, 0x0000000702000000, 0x0000000702000000|100%| O|  |TAMS 0x0000000702000000, 0x0000000701e00000| Untracked 
|   6|0x0000000702000000, 0x0000000702200000, 0x0000000702200000|100%| O|  |TAMS 0x0000000702200000, 0x0000000702000000| Untracked 
|   7|0x0000000702200000, 0x00000007022f0200, 0x0000000702400000| 46%| O|  |TAMS 0x00000007022f0200, 0x0000000702200000| Untracked 
|   8|0x0000000702400000, 0x0000000702600000, 0x0000000702600000|100%| O|  |TAMS 0x0000000702600000, 0x0000000702400000| Untracked 
|   9|0x0000000702600000, 0x0000000702800000, 0x0000000702800000|100%| O|  |TAMS 0x0000000702800000, 0x0000000702600000| Untracked 
|  10|0x0000000702800000, 0x0000000702a00000, 0x0000000702a00000|100%| O|  |TAMS 0x0000000702a00000, 0x0000000702800000| Untracked 
|  11|0x0000000702a00000, 0x0000000702c00000, 0x0000000702c00000|100%| O|  |TAMS 0x0000000702c00000, 0x0000000702a00000| Untracked 
|  12|0x0000000702c00000, 0x0000000702e00000, 0x0000000702e00000|100%| O|  |TAMS 0x0000000702e00000, 0x0000000702c00000| Untracked 
|  13|0x0000000702e00000, 0x0000000703000000, 0x0000000703000000|100%|HS|  |TAMS 0x0000000703000000, 0x0000000702e00000| Complete 
|  14|0x0000000703000000, 0x0000000703200000, 0x0000000703200000|100%|HC|  |TAMS 0x0000000703200000, 0x0000000703000000| Complete 
|  15|0x0000000703200000, 0x0000000703400000, 0x0000000703400000|100%|HC|  |TAMS 0x0000000703400000, 0x0000000703200000| Complete 
|  16|0x0000000703400000, 0x0000000703600000, 0x0000000703600000|100%|HC|  |TAMS 0x0000000703600000, 0x0000000703400000| Complete 
|  17|0x0000000703600000, 0x0000000703800000, 0x0000000703800000|100%|HC|  |TAMS 0x0000000703800000, 0x0000000703600000| Complete 
|  18|0x0000000703800000, 0x0000000703a00000, 0x0000000703a00000|100%|HC|  |TAMS 0x0000000703a00000, 0x0000000703800000| Complete 
|  19|0x0000000703a00000, 0x0000000703c00000, 0x0000000703c00000|100%|HC|  |TAMS 0x0000000703c00000, 0x0000000703a00000| Complete 
|  20|0x0000000703c00000, 0x0000000703e00000, 0x0000000703e00000|100%|HC|  |TAMS 0x0000000703e00000, 0x0000000703c00000| Complete 
|  21|0x0000000703e00000, 0x0000000704000000, 0x0000000704000000|100%|HC|  |TAMS 0x0000000704000000, 0x0000000703e00000| Complete 
|  22|0x0000000704000000, 0x0000000704200000, 0x0000000704200000|100%| O|  |TAMS 0x0000000704200000, 0x0000000704000000| Untracked 
|  23|0x0000000704200000, 0x0000000704200000, 0x0000000704400000|  0%| F|  |TAMS 0x0000000704200000, 0x0000000704200000| Untracked 
|  24|0x0000000704400000, 0x0000000704400000, 0x0000000704600000|  0%| F|  |TAMS 0x0000000704400000, 0x0000000704400000| Untracked 
|  25|0x0000000704600000, 0x0000000704600000, 0x0000000704800000|  0%| F|  |TAMS 0x0000000704600000, 0x0000000704600000| Untracked 
|  26|0x0000000704800000, 0x0000000704a00000, 0x0000000704a00000|100%| O|  |TAMS 0x0000000704a00000, 0x0000000704800000| Untracked 
|  27|0x0000000704a00000, 0x0000000704af5e00, 0x0000000704c00000| 48%| O|  |TAMS 0x0000000704a57000, 0x0000000704a00000| Untracked 
|  28|0x0000000704c00000, 0x0000000704c00000, 0x0000000704e00000|  0%| F|  |TAMS 0x0000000704c00000, 0x0000000704c00000| Untracked 
|  29|0x0000000704e00000, 0x0000000704e00000, 0x0000000705000000|  0%| F|  |TAMS 0x0000000704e00000, 0x0000000704e00000| Untracked 
|  30|0x0000000705000000, 0x0000000705000000, 0x0000000705200000|  0%| F|  |TAMS 0x0000000705000000, 0x0000000705000000| Untracked 
|  31|0x0000000705200000, 0x0000000705200000, 0x0000000705400000|  0%| F|  |TAMS 0x0000000705200000, 0x0000000705200000| Untracked 
|  32|0x0000000705400000, 0x0000000705400000, 0x0000000705600000|  0%| F|  |TAMS 0x0000000705400000, 0x0000000705400000| Untracked 
|  33|0x0000000705600000, 0x0000000705600000, 0x0000000705800000|  0%| F|  |TAMS 0x0000000705600000, 0x0000000705600000| Untracked 
|  34|0x0000000705800000, 0x0000000705800000, 0x0000000705a00000|  0%| F|  |TAMS 0x0000000705800000, 0x0000000705800000| Untracked 
|  35|0x0000000705a00000, 0x0000000705c00000, 0x0000000705c00000|100%|HS|  |TAMS 0x0000000705c00000, 0x0000000705a00000| Complete 
|  36|0x0000000705c00000, 0x0000000705e00000, 0x0000000705e00000|100%|HC|  |TAMS 0x0000000705e00000, 0x0000000705c00000| Complete 
|  37|0x0000000705e00000, 0x0000000706000000, 0x0000000706000000|100%|HC|  |TAMS 0x0000000706000000, 0x0000000705e00000| Complete 
|  38|0x0000000706000000, 0x0000000706200000, 0x0000000706200000|100%|HC|  |TAMS 0x0000000706200000, 0x0000000706000000| Complete 
|  39|0x0000000706200000, 0x0000000706400000, 0x0000000706400000|100%|HC|  |TAMS 0x0000000706400000, 0x0000000706200000| Complete 
|  40|0x0000000706400000, 0x0000000706600000, 0x0000000706600000|100%|HC|  |TAMS 0x0000000706600000, 0x0000000706400000| Complete 
|  41|0x0000000706600000, 0x0000000706800000, 0x0000000706800000|100%|HC|  |TAMS 0x0000000706800000, 0x0000000706600000| Complete 
|  42|0x0000000706800000, 0x0000000706a00000, 0x0000000706a00000|100%|HC|  |TAMS 0x0000000706a00000, 0x0000000706800000| Complete 
|  43|0x0000000706a00000, 0x0000000706c00000, 0x0000000706c00000|100%|HC|  |TAMS 0x0000000706c00000, 0x0000000706a00000| Complete 
|  44|0x0000000706c00000, 0x0000000706c00000, 0x0000000706e00000|  0%| F|  |TAMS 0x0000000706c00000, 0x0000000706c00000| Untracked 
|  45|0x0000000706e00000, 0x0000000707000000, 0x0000000707000000|100%|HS|  |TAMS 0x0000000707000000, 0x0000000706e00000| Complete 
|  46|0x0000000707000000, 0x0000000707200000, 0x0000000707200000|100%|HC|  |TAMS 0x0000000707200000, 0x0000000707000000| Complete 
|  47|0x0000000707200000, 0x0000000707400000, 0x0000000707400000|100%|HC|  |TAMS 0x0000000707400000, 0x0000000707200000| Complete 
|  48|0x0000000707400000, 0x0000000707600000, 0x0000000707600000|100%|HC|  |TAMS 0x0000000707600000, 0x0000000707400000| Complete 
|  49|0x0000000707600000, 0x0000000707800000, 0x0000000707800000|100%|HC|  |TAMS 0x0000000707800000, 0x0000000707600000| Complete 
|  50|0x0000000707800000, 0x0000000707a00000, 0x0000000707a00000|100%|HC|  |TAMS 0x0000000707a00000, 0x0000000707800000| Complete 
|  51|0x0000000707a00000, 0x0000000707c00000, 0x0000000707c00000|100%|HC|  |TAMS 0x0000000707c00000, 0x0000000707a00000| Complete 
|  52|0x0000000707c00000, 0x0000000707e00000, 0x0000000707e00000|100%|HC|  |TAMS 0x0000000707e00000, 0x0000000707c00000| Complete 
|  53|0x0000000707e00000, 0x0000000708000000, 0x0000000708000000|100%|HC|  |TAMS 0x0000000708000000, 0x0000000707e00000| Complete 
|  54|0x0000000708000000, 0x0000000708200000, 0x0000000708200000|100%|HS|  |TAMS 0x0000000708200000, 0x0000000708000000| Complete 
|  55|0x0000000708200000, 0x0000000708400000, 0x0000000708400000|100%|HC|  |TAMS 0x0000000708400000, 0x0000000708200000| Complete 
|  56|0x0000000708400000, 0x0000000708600000, 0x0000000708600000|100%|HC|  |TAMS 0x0000000708600000, 0x0000000708400000| Complete 
|  57|0x0000000708600000, 0x0000000708800000, 0x0000000708800000|100%|HC|  |TAMS 0x0000000708800000, 0x0000000708600000| Complete 
|  58|0x0000000708800000, 0x0000000708a00000, 0x0000000708a00000|100%|HC|  |TAMS 0x0000000708a00000, 0x0000000708800000| Complete 
|  59|0x0000000708a00000, 0x0000000708c00000, 0x0000000708c00000|100%|HC|  |TAMS 0x0000000708c00000, 0x0000000708a00000| Complete 
|  60|0x0000000708c00000, 0x0000000708e00000, 0x0000000708e00000|100%|HC|  |TAMS 0x0000000708e00000, 0x0000000708c00000| Complete 
|  61|0x0000000708e00000, 0x0000000709000000, 0x0000000709000000|100%|HC|  |TAMS 0x0000000709000000, 0x0000000708e00000| Complete 
|  62|0x0000000709000000, 0x0000000709200000, 0x0000000709200000|100%|HC|  |TAMS 0x0000000709200000, 0x0000000709000000| Complete 
|  63|0x0000000709200000, 0x0000000709400000, 0x0000000709400000|100%|HS|  |TAMS 0x0000000709400000, 0x0000000709200000| Complete 
|  64|0x0000000709400000, 0x0000000709600000, 0x0000000709600000|100%|HC|  |TAMS 0x0000000709600000, 0x0000000709400000| Complete 
|  65|0x0000000709600000, 0x0000000709800000, 0x0000000709800000|100%|HC|  |TAMS 0x0000000709800000, 0x0000000709600000| Complete 
|  66|0x0000000709800000, 0x0000000709a00000, 0x0000000709a00000|100%|HC|  |TAMS 0x0000000709a00000, 0x0000000709800000| Complete 
|  67|0x0000000709a00000, 0x0000000709c00000, 0x0000000709c00000|100%|HC|  |TAMS 0x0000000709c00000, 0x0000000709a00000| Complete 
|  68|0x0000000709c00000, 0x0000000709e00000, 0x0000000709e00000|100%|HC|  |TAMS 0x0000000709e00000, 0x0000000709c00000| Complete 
|  69|0x0000000709e00000, 0x000000070a000000, 0x000000070a000000|100%|HC|  |TAMS 0x000000070a000000, 0x0000000709e00000| Complete 
|  70|0x000000070a000000, 0x000000070a200000, 0x000000070a200000|100%|HC|  |TAMS 0x000000070a200000, 0x000000070a000000| Complete 
|  71|0x000000070a200000, 0x000000070a400000, 0x000000070a400000|100%|HC|  |TAMS 0x000000070a400000, 0x000000070a200000| Complete 
|  72|0x000000070a400000, 0x000000070a600000, 0x000000070a600000|100%|HS|  |TAMS 0x000000070a600000, 0x000000070a400000| Complete 
|  73|0x000000070a600000, 0x000000070a800000, 0x000000070a800000|100%|HC|  |TAMS 0x000000070a800000, 0x000000070a600000| Complete 
|  74|0x000000070a800000, 0x000000070aa00000, 0x000000070aa00000|100%|HC|  |TAMS 0x000000070aa00000, 0x000000070a800000| Complete 
|  75|0x000000070aa00000, 0x000000070ac00000, 0x000000070ac00000|100%|HC|  |TAMS 0x000000070ac00000, 0x000000070aa00000| Complete 
|  76|0x000000070ac00000, 0x000000070ae00000, 0x000000070ae00000|100%|HC|  |TAMS 0x000000070ae00000, 0x000000070ac00000| Complete 
|  77|0x000000070ae00000, 0x000000070b000000, 0x000000070b000000|100%|HC|  |TAMS 0x000000070b000000, 0x000000070ae00000| Complete 
|  78|0x000000070b000000, 0x000000070b200000, 0x000000070b200000|100%|HC|  |TAMS 0x000000070b200000, 0x000000070b000000| Complete 
|  79|0x000000070b200000, 0x000000070b400000, 0x000000070b400000|100%|HC|  |TAMS 0x000000070b400000, 0x000000070b200000| Complete 
|  80|0x000000070b400000, 0x000000070b600000, 0x000000070b600000|100%|HC|  |TAMS 0x000000070b600000, 0x000000070b400000| Complete 
|  81|0x000000070b600000, 0x000000070b800000, 0x000000070b800000|100%|HS|  |TAMS 0x000000070b800000, 0x000000070b600000| Complete 
|  82|0x000000070b800000, 0x000000070ba00000, 0x000000070ba00000|100%|HC|  |TAMS 0x000000070ba00000, 0x000000070b800000| Complete 
|  83|0x000000070ba00000, 0x000000070bc00000, 0x000000070bc00000|100%|HC|  |TAMS 0x000000070bc00000, 0x000000070ba00000| Complete 
|  84|0x000000070bc00000, 0x000000070be00000, 0x000000070be00000|100%|HC|  |TAMS 0x000000070be00000, 0x000000070bc00000| Complete 
|  85|0x000000070be00000, 0x000000070c000000, 0x000000070c000000|100%|HC|  |TAMS 0x000000070c000000, 0x000000070be00000| Complete 
|  86|0x000000070c000000, 0x000000070c200000, 0x000000070c200000|100%|HC|  |TAMS 0x000000070c200000, 0x000000070c000000| Complete 
|  87|0x000000070c200000, 0x000000070c400000, 0x000000070c400000|100%|HC|  |TAMS 0x000000070c400000, 0x000000070c200000| Complete 
|  88|0x000000070c400000, 0x000000070c600000, 0x000000070c600000|100%|HC|  |TAMS 0x000000070c600000, 0x000000070c400000| Complete 
|  89|0x000000070c600000, 0x000000070c800000, 0x000000070c800000|100%|HC|  |TAMS 0x000000070c800000, 0x000000070c600000| Complete 
|  90|0x000000070c800000, 0x000000070ca00000, 0x000000070ca00000|100%|HS|  |TAMS 0x000000070ca00000, 0x000000070c800000| Complete 
|  91|0x000000070ca00000, 0x000000070cc00000, 0x000000070cc00000|100%|HC|  |TAMS 0x000000070cc00000, 0x000000070ca00000| Complete 
|  92|0x000000070cc00000, 0x000000070ce00000, 0x000000070ce00000|100%|HC|  |TAMS 0x000000070ce00000, 0x000000070cc00000| Complete 
|  93|0x000000070ce00000, 0x000000070d000000, 0x000000070d000000|100%|HC|  |TAMS 0x000000070d000000, 0x000000070ce00000| Complete 
|  94|0x000000070d000000, 0x000000070d200000, 0x000000070d200000|100%|HC|  |TAMS 0x000000070d200000, 0x000000070d000000| Complete 
|  95|0x000000070d200000, 0x000000070d400000, 0x000000070d400000|100%|HC|  |TAMS 0x000000070d400000, 0x000000070d200000| Complete 
|  96|0x000000070d400000, 0x000000070d600000, 0x000000070d600000|100%|HC|  |TAMS 0x000000070d600000, 0x000000070d400000| Complete 
|  97|0x000000070d600000, 0x000000070d800000, 0x000000070d800000|100%|HC|  |TAMS 0x000000070d800000, 0x000000070d600000| Complete 
|  98|0x000000070d800000, 0x000000070da00000, 0x000000070da00000|100%|HC|  |TAMS 0x000000070da00000, 0x000000070d800000| Complete 
|  99|0x000000070da00000, 0x000000070da00000, 0x000000070dc00000|  0%| F|  |TAMS 0x000000070da00000, 0x000000070da00000| Untracked 
| 100|0x000000070dc00000, 0x000000070dc00000, 0x000000070de00000|  0%| F|  |TAMS 0x000000070dc00000, 0x000000070dc00000| Untracked 
| 101|0x000000070de00000, 0x000000070de00000, 0x000000070e000000|  0%| F|  |TAMS 0x000000070de00000, 0x000000070de00000| Untracked 
| 102|0x000000070e000000, 0x000000070e000000, 0x000000070e200000|  0%| F|  |TAMS 0x000000070e000000, 0x000000070e000000| Untracked 
| 103|0x000000070e200000, 0x000000070e200000, 0x000000070e400000|  0%| F|  |TAMS 0x000000070e200000, 0x000000070e200000| Untracked 
| 104|0x000000070e400000, 0x000000070e400000, 0x000000070e600000|  0%| F|  |TAMS 0x000000070e400000, 0x000000070e400000| Untracked 
| 105|0x000000070e600000, 0x000000070e600000, 0x000000070e800000|  0%| F|  |TAMS 0x000000070e600000, 0x000000070e600000| Untracked 
| 106|0x000000070e800000, 0x000000070e87b9e0, 0x000000070ea00000| 24%| S|CS|TAMS 0x000000070e800000, 0x000000070e800000| Complete 
| 107|0x000000070ea00000, 0x000000070ec00000, 0x000000070ec00000|100%| S|CS|TAMS 0x000000070ea00000, 0x000000070ea00000| Complete 
| 108|0x000000070ec00000, 0x000000070ec00000, 0x000000070ee00000|  0%| F|  |TAMS 0x000000070ec00000, 0x000000070ec00000| Untracked 
| 109|0x000000070ee00000, 0x000000070ee00000, 0x000000070f000000|  0%| F|  |TAMS 0x000000070ee00000, 0x000000070ee00000| Untracked 
| 110|0x000000070f000000, 0x000000070f000000, 0x000000070f200000|  0%| F|  |TAMS 0x000000070f000000, 0x000000070f000000| Untracked 
| 111|0x000000070f200000, 0x000000070f200000, 0x000000070f400000|  0%| F|  |TAMS 0x000000070f200000, 0x000000070f200000| Untracked 
| 112|0x000000070f400000, 0x000000070f400000, 0x000000070f600000|  0%| F|  |TAMS 0x000000070f400000, 0x000000070f400000| Untracked 
| 113|0x000000070f600000, 0x000000070f600000, 0x000000070f800000|  0%| F|  |TAMS 0x000000070f600000, 0x000000070f600000| Untracked 
| 114|0x000000070f800000, 0x000000070f800000, 0x000000070fa00000|  0%| F|  |TAMS 0x000000070f800000, 0x000000070f800000| Untracked 
| 115|0x000000070fa00000, 0x000000070fa00000, 0x000000070fc00000|  0%| F|  |TAMS 0x000000070fa00000, 0x000000070fa00000| Untracked 
| 116|0x000000070fc00000, 0x000000070fc00000, 0x000000070fe00000|  0%| F|  |TAMS 0x000000070fc00000, 0x000000070fc00000| Untracked 
| 117|0x000000070fe00000, 0x000000070fe00000, 0x0000000710000000|  0%| F|  |TAMS 0x000000070fe00000, 0x000000070fe00000| Untracked 
| 118|0x0000000710000000, 0x0000000710000000, 0x0000000710200000|  0%| F|  |TAMS 0x0000000710000000, 0x0000000710000000| Untracked 
| 119|0x0000000710200000, 0x0000000710200000, 0x0000000710400000|  0%| F|  |TAMS 0x0000000710200000, 0x0000000710200000| Untracked 
| 120|0x0000000710400000, 0x0000000710400000, 0x0000000710600000|  0%| F|  |TAMS 0x0000000710400000, 0x0000000710400000| Untracked 
| 121|0x0000000710600000, 0x0000000710600000, 0x0000000710800000|  0%| F|  |TAMS 0x0000000710600000, 0x0000000710600000| Untracked 
| 122|0x0000000710800000, 0x0000000710800000, 0x0000000710a00000|  0%| F|  |TAMS 0x0000000710800000, 0x0000000710800000| Untracked 
| 123|0x0000000710a00000, 0x0000000710a00000, 0x0000000710c00000|  0%| F|  |TAMS 0x0000000710a00000, 0x0000000710a00000| Untracked 
| 124|0x0000000710c00000, 0x0000000710c00000, 0x0000000710e00000|  0%| F|  |TAMS 0x0000000710c00000, 0x0000000710c00000| Untracked 
| 125|0x0000000710e00000, 0x0000000710e00000, 0x0000000711000000|  0%| F|  |TAMS 0x0000000710e00000, 0x0000000710e00000| Untracked 
| 126|0x0000000711000000, 0x0000000711000000, 0x0000000711200000|  0%| F|  |TAMS 0x0000000711000000, 0x0000000711000000| Untracked 
| 127|0x0000000711200000, 0x0000000711200000, 0x0000000711400000|  0%| F|  |TAMS 0x0000000711200000, 0x0000000711200000| Untracked 
| 128|0x0000000711400000, 0x0000000711400000, 0x0000000711600000|  0%| F|  |TAMS 0x0000000711400000, 0x0000000711400000| Untracked 
| 129|0x0000000711600000, 0x0000000711600000, 0x0000000711800000|  0%| F|  |TAMS 0x0000000711600000, 0x0000000711600000| Untracked 
| 130|0x0000000711800000, 0x0000000711800000, 0x0000000711a00000|  0%| F|  |TAMS 0x0000000711800000, 0x0000000711800000| Untracked 
| 131|0x0000000711a00000, 0x0000000711a00000, 0x0000000711c00000|  0%| F|  |TAMS 0x0000000711a00000, 0x0000000711a00000| Untracked 
| 132|0x0000000711c00000, 0x0000000711c00000, 0x0000000711e00000|  0%| F|  |TAMS 0x0000000711c00000, 0x0000000711c00000| Untracked 
| 133|0x0000000711e00000, 0x0000000711e00000, 0x0000000712000000|  0%| F|  |TAMS 0x0000000711e00000, 0x0000000711e00000| Untracked 
| 134|0x0000000712000000, 0x0000000712000000, 0x0000000712200000|  0%| F|  |TAMS 0x0000000712000000, 0x0000000712000000| Untracked 
| 135|0x0000000712200000, 0x0000000712200000, 0x0000000712400000|  0%| F|  |TAMS 0x0000000712200000, 0x0000000712200000| Untracked 
| 136|0x0000000712400000, 0x0000000712400000, 0x0000000712600000|  0%| F|  |TAMS 0x0000000712400000, 0x0000000712400000| Untracked 
| 137|0x0000000712600000, 0x0000000712600000, 0x0000000712800000|  0%| F|  |TAMS 0x0000000712600000, 0x0000000712600000| Untracked 
| 138|0x0000000712800000, 0x0000000712800000, 0x0000000712a00000|  0%| F|  |TAMS 0x0000000712800000, 0x0000000712800000| Untracked 
| 139|0x0000000712a00000, 0x0000000712a00800, 0x0000000712c00000|  0%| E|  |TAMS 0x0000000712a00000, 0x0000000712a00000| Complete 
| 140|0x0000000712c00000, 0x0000000712e00000, 0x0000000712e00000|100%| E|CS|TAMS 0x0000000712c00000, 0x0000000712c00000| Complete 
| 141|0x0000000712e00000, 0x0000000713000000, 0x0000000713000000|100%| E|CS|TAMS 0x0000000712e00000, 0x0000000712e00000| Complete 
| 142|0x0000000713000000, 0x0000000713200000, 0x0000000713200000|100%| E|CS|TAMS 0x0000000713000000, 0x0000000713000000| Complete 
| 143|0x0000000713200000, 0x0000000713400000, 0x0000000713400000|100%| E|CS|TAMS 0x0000000713200000, 0x0000000713200000| Complete 
| 144|0x0000000713400000, 0x0000000713600000, 0x0000000713600000|100%| E|CS|TAMS 0x0000000713400000, 0x0000000713400000| Complete 
| 145|0x0000000713600000, 0x0000000713800000, 0x0000000713800000|100%| E|CS|TAMS 0x0000000713600000, 0x0000000713600000| Complete 
| 146|0x0000000713800000, 0x0000000713a00000, 0x0000000713a00000|100%| E|CS|TAMS 0x0000000713800000, 0x0000000713800000| Complete 
| 147|0x0000000713a00000, 0x0000000713c00000, 0x0000000713c00000|100%| E|CS|TAMS 0x0000000713a00000, 0x0000000713a00000| Complete 
| 148|0x0000000713c00000, 0x0000000713e00000, 0x0000000713e00000|100%| E|CS|TAMS 0x0000000713c00000, 0x0000000713c00000| Complete 
| 149|0x0000000713e00000, 0x0000000714000000, 0x0000000714000000|100%| E|CS|TAMS 0x0000000713e00000, 0x0000000713e00000| Complete 
| 150|0x0000000714000000, 0x0000000714200000, 0x0000000714200000|100%| E|CS|TAMS 0x0000000714000000, 0x0000000714000000| Complete 
| 151|0x0000000714200000, 0x0000000714400000, 0x0000000714400000|100%| E|CS|TAMS 0x0000000714200000, 0x0000000714200000| Complete 

Card table byte_map: [0x000002b8f8640000,0x000002b8f8e40000] _byte_map_base: 0x000002b8f4e36000

Marking Bits (Prev, Next): (CMBitMap*) 0x000002b8e3a089a0, (CMBitMap*) 0x000002b8e3a08960
 Prev Bits: [0x000002b880000000, 0x000002b883fb0000)
 Next Bits: [0x000002b8f9640000, 0x000002b8fd5f0000)

Polling page: 0x000002b8e37d0000

Metaspace:

Usage:
  Non-class:     39.58 MB used.
      Class:      5.15 MB used.
       Both:     44.73 MB used.

Virtual space:
  Non-class space:       48.00 MB reserved,      39.75 MB ( 83%) committed,  6 nodes.
      Class space:        1.00 GB reserved,       5.31 MB ( <1%) committed,  1 nodes.
             Both:        1.05 GB reserved,      45.06 MB (  4%) committed. 

Chunk freelists:
   Non-Class:  3.78 MB
       Class:  2.64 MB
        Both:  6.42 MB

MaxMetaspaceSize: unlimited
CompressedClassSpaceSize: 1.00 GB
Initial GC threshold: 21.00 MB
Current GC threshold: 74.69 MB
CDS: off
MetaspaceReclaimPolicy: balanced
 - commit_granule_bytes: 65536.
 - commit_granule_words: 8192.
 - virtual_space_node_default_size: 1048576.
 - enlarge_chunks_in_place: 1.
 - new_chunks_are_fully_committed: 0.
 - uncommit_free_chunks: 1.
 - use_allocation_guard: 0.
 - handle_deallocations: 1.


Internal statistics:

num_allocs_failed_limit: 6.
num_arena_births: 328.
num_arena_deaths: 0.
num_vsnodes_births: 7.
num_vsnodes_deaths: 0.
num_space_committed: 721.
num_space_uncommitted: 0.
num_chunks_returned_to_freelist: 6.
num_chunks_taken_from_freelist: 1453.
num_chunk_merges: 3.
num_chunk_splits: 994.
num_chunks_enlarged: 766.
num_purges: 0.
num_inconsistent_stats: 0.

CodeHeap 'non-profiled nmethods': size=120000Kb used=4272Kb max_used=4272Kb free=115727Kb
 bounds [0x000002b8f02e0000, 0x000002b8f0710000, 0x000002b8f7810000]
CodeHeap 'profiled nmethods': size=120000Kb used=13368Kb max_used=13716Kb free=106631Kb
 bounds [0x000002b8e8db0000, 0x000002b8e9b20000, 0x000002b8f02e0000]
CodeHeap 'non-nmethods': size=5760Kb used=1305Kb max_used=1346Kb free=4454Kb
 bounds [0x000002b8e8810000, 0x000002b8e8a80000, 0x000002b8e8db0000]
 total_blobs=7181 nmethods=6555 adapters=538
 compilation: enabled
              stopped_count=0, restarted_count=0
 full_count=0

Compilation events (20 events):
Event: 700.011 Thread 0x000002b8848bfe80 7414       3       io.netty.buffer.LongPriorityQueue::offer (81 bytes)
Event: 700.012 Thread 0x000002b8848bfe80 nmethod 7414 0x000002b8e9151e10 code [0x000002b8e9152000, 0x000002b8e9152608]
Event: 700.080 Thread 0x000002b8848bfe80 7415       3       cucumber.runtime.java.DefaultJavaObjectFactory::getInstance (27 bytes)
Event: 700.080 Thread 0x000002b8848bfe80 nmethod 7415 0x000002b8e9151590 code [0x000002b8e9151780, 0x000002b8e9151c38]
Event: 700.104 Thread 0x000002b8848bf580 7416       4       com.google.common.collect.ImmutableMap$Builder::ensureCapacity (38 bytes)
Event: 700.105 Thread 0x000002b8848bf580 nmethod 7416 0x000002b8f0704710 code [0x000002b8f07048a0, 0x000002b8f0704a78]
Event: 700.618 Thread 0x000002b8848bf580 7417       4       com.google.common.collect.ImmutableMap::entrySet (5 bytes)
Event: 700.624 Thread 0x000002b8848bf580 nmethod 7417 0x000002b8f0704c10 code [0x000002b8f0704dc0, 0x000002b8f0705418]
Event: 700.666 Thread 0x000002b8848bfe80 7418       3       io.netty.handler.codec.http.DefaultFullHttpRequest::<init> (11 bytes)
Event: 700.666 Thread 0x000002b8848bfe80 nmethod 7418 0x000002b8e9151210 code [0x000002b8e91513a0, 0x000002b8e91514e8]
Event: 700.705 Thread 0x000002b8848bf580 7419       4       com.google.common.collect.Maps$IteratorBasedAbstractMap::entrySet (9 bytes)
Event: 700.706 Thread 0x000002b8848bf580 nmethod 7419 0x000002b8f0705790 code [0x000002b8f0705920, 0x000002b8f07059f8]
Event: 700.706 Thread 0x000002b8848bf580 7420   !   4       java.util.zip.ZipFile::getInputStream (275 bytes)
Event: 700.755 Thread 0x000002b8848bf580 nmethod 7420 0x000002b8f0705b10 code [0x000002b8f0705dc0, 0x000002b8f0708a40]
Event: 700.755 Thread 0x000002b8848bf580 7422       4       org.openqa.selenium.remote.http.netty.NettyMessages$$Lambda$616/0x00000008004ef970::accept (16 bytes)
Event: 700.766 Thread 0x000002b8848bf580 nmethod 7422 0x000002b8f0709e10 code [0x000002b8f070a020, 0x000002b8f070a9a8]
Event: 700.767 Thread 0x000002b8848bf580 7421       4       java.util.zip.ZipFile$InflaterCleanupAction::run (12 bytes)
Event: 700.770 Thread 0x000002b8848bf580 nmethod 7421 0x000002b8f070b390 code [0x000002b8f070b540, 0x000002b8f070be28]
Event: 706.005 Thread 0x000002b8848bfe80 7423       3       jdk.internal.loader.BuiltinClassLoader$2::run (5 bytes)
Event: 706.005 Thread 0x000002b8848bfe80 nmethod 7423 0x000002b8e9150e90 code [0x000002b8e9151040, 0x000002b8e9151188]

GC Heap History (20 events):
Event: 173.256 GC heap before
{Heap before GC invocations=24 (full 0):
 garbage-first heap   total 184320K, used 152561K [0x0000000701400000, 0x0000000800000000)
  region size 2048K, 25 young (51200K), 1 survivors (2048K)
 Metaspace       used 45044K, committed 45440K, reserved 1089536K
  class space    used 5237K, committed 5440K, reserved 1048576K
}
Event: 173.258 GC heap after
{Heap after GC invocations=25 (full 0):
 garbage-first heap   total 184320K, used 105279K [0x0000000701400000, 0x0000000800000000)
  region size 2048K, 1 young (2048K), 1 survivors (2048K)
 Metaspace       used 45044K, committed 45440K, reserved 1089536K
  class space    used 5237K, committed 5440K, reserved 1048576K
}
Event: 206.153 GC heap before
{Heap before GC invocations=26 (full 0):
 garbage-first heap   total 184320K, used 119615K [0x0000000701400000, 0x0000000800000000)
  region size 2048K, 9 young (18432K), 1 survivors (2048K)
 Metaspace       used 45196K, committed 45568K, reserved 1089536K
  class space    used 5255K, committed 5440K, reserved 1048576K
}
Event: 206.155 GC heap after
{Heap after GC invocations=27 (full 0):
 garbage-first heap   total 184320K, used 105905K [0x0000000701400000, 0x0000000800000000)
  region size 2048K, 2 young (4096K), 2 survivors (4096K)
 Metaspace       used 45196K, committed 45568K, reserved 1089536K
  class space    used 5255K, committed 5440K, reserved 1048576K
}
Event: 236.161 GC heap before
{Heap before GC invocations=28 (full 0):
 garbage-first heap   total 219136K, used 146865K [0x0000000701400000, 0x0000000800000000)
  region size 2048K, 15 young (30720K), 2 survivors (4096K)
 Metaspace       used 45230K, committed 45568K, reserved 1089536K
  class space    used 5255K, committed 5440K, reserved 1048576K
}
Event: 236.163 GC heap after
{Heap after GC invocations=29 (full 0):
 garbage-first heap   total 219136K, used 124135K [0x0000000701400000, 0x0000000800000000)
  region size 2048K, 1 young (2048K), 1 survivors (2048K)
 Metaspace       used 45230K, committed 45568K, reserved 1089536K
  class space    used 5255K, committed 5440K, reserved 1048576K
}
Event: 285.366 GC heap before
{Heap before GC invocations=30 (full 0):
 garbage-first heap   total 245760K, used 204007K [0x0000000701400000, 0x0000000800000000)
  region size 2048K, 31 young (63488K), 1 survivors (2048K)
 Metaspace       used 45275K, committed 45632K, reserved 1089536K
  class space    used 5257K, committed 5440K, reserved 1048576K
}
Event: 285.369 GC heap after
{Heap after GC invocations=31 (full 0):
 garbage-first heap   total 245760K, used 143198K [0x0000000701400000, 0x0000000800000000)
  region size 2048K, 2 young (4096K), 2 survivors (4096K)
 Metaspace       used 45275K, committed 45632K, reserved 1089536K
  class space    used 5257K, committed 5440K, reserved 1048576K
}
Event: 287.148 GC heap before
{Heap before GC invocations=31 (full 0):
 garbage-first heap   total 245760K, used 147294K [0x0000000701400000, 0x0000000800000000)
  region size 2048K, 5 young (10240K), 2 survivors (4096K)
 Metaspace       used 45297K, committed 45632K, reserved 1089536K
  class space    used 5257K, committed 5440K, reserved 1048576K
}
Event: 287.150 GC heap after
{Heap after GC invocations=32 (full 0):
 garbage-first heap   total 245760K, used 142860K [0x0000000701400000, 0x0000000800000000)
  region size 2048K, 2 young (4096K), 2 survivors (4096K)
 Metaspace       used 45297K, committed 45632K, reserved 1089536K
  class space    used 5257K, committed 5440K, reserved 1048576K
}
Event: 340.002 GC heap before
{Heap before GC invocations=33 (full 0):
 garbage-first heap   total 280576K, used 224780K [0x0000000701400000, 0x0000000800000000)
  region size 2048K, 33 young (67584K), 2 survivors (4096K)
 Metaspace       used 45330K, committed 45696K, reserved 1089536K
  class space    used 5260K, committed 5440K, reserved 1048576K
}
Event: 340.005 GC heap after
{Heap after GC invocations=34 (full 0):
 garbage-first heap   total 280576K, used 161797K [0x0000000701400000, 0x0000000800000000)
  region size 2048K, 2 young (4096K), 2 survivors (4096K)
 Metaspace       used 45330K, committed 45696K, reserved 1089536K
  class space    used 5260K, committed 5440K, reserved 1048576K
}
Event: 365.296 GC heap before
{Heap before GC invocations=34 (full 0):
 garbage-first heap   total 280576K, used 188421K [0x0000000701400000, 0x0000000800000000)
  region size 2048K, 16 young (32768K), 2 survivors (4096K)
 Metaspace       used 45348K, committed 45696K, reserved 1089536K
  class space    used 5260K, committed 5440K, reserved 1048576K
}
Event: 365.298 GC heap after
{Heap after GC invocations=35 (full 0):
 garbage-first heap   total 280576K, used 161562K [0x0000000701400000, 0x0000000800000000)
  region size 2048K, 2 young (4096K), 2 survivors (4096K)
 Metaspace       used 45348K, committed 45696K, reserved 1089536K
  class space    used 5260K, committed 5440K, reserved 1048576K
}
Event: 460.138 GC heap before
{Heap before GC invocations=36 (full 0):
 garbage-first heap   total 311296K, used 255770K [0x0000000701400000, 0x0000000800000000)
  region size 2048K, 39 young (79872K), 2 survivors (4096K)
 Metaspace       used 45480K, committed 45824K, reserved 1089536K
  class space    used 5261K, committed 5440K, reserved 1048576K
}
Event: 460.141 GC heap after
{Heap after GC invocations=37 (full 0):
 garbage-first heap   total 311296K, used 180054K [0x0000000701400000, 0x0000000800000000)
  region size 2048K, 2 young (4096K), 2 survivors (4096K)
 Metaspace       used 45480K, committed 45824K, reserved 1089536K
  class space    used 5261K, committed 5440K, reserved 1048576K
}
Event: 574.008 GC heap before
{Heap before GC invocations=37 (full 0):
 garbage-first heap   total 311296K, used 270166K [0x0000000701400000, 0x0000000800000000)
  region size 2048K, 46 young (94208K), 2 survivors (4096K)
 Metaspace       used 45552K, committed 45888K, reserved 1089536K
  class space    used 5264K, committed 5440K, reserved 1048576K
}
Event: 574.011 GC heap after
{Heap after GC invocations=38 (full 0):
 garbage-first heap   total 311296K, used 180233K [0x0000000701400000, 0x0000000800000000)
  region size 2048K, 2 young (4096K), 2 survivors (4096K)
 Metaspace       used 45552K, committed 45888K, reserved 1089536K
  class space    used 5264K, committed 5440K, reserved 1048576K
}
Event: 694.402 GC heap before
{Heap before GC invocations=39 (full 0):
 garbage-first heap   total 311296K, used 270345K [0x0000000701400000, 0x0000000800000000)
  region size 2048K, 46 young (94208K), 2 survivors (4096K)
 Metaspace       used 45589K, committed 45952K, reserved 1097728K
  class space    used 5264K, committed 5440K, reserved 1048576K
}
Event: 694.404 GC heap after
{Heap after GC invocations=40 (full 0):
 garbage-first heap   total 311296K, used 180614K [0x0000000701400000, 0x0000000800000000)
  region size 2048K, 2 young (4096K), 2 survivors (4096K)
 Metaspace       used 45589K, committed 45952K, reserved 1097728K
  class space    used 5264K, committed 5440K, reserved 1048576K
}

Deoptimization events (20 events):
Event: 631.810 Thread 0x000002b888e49950 Uncommon trap: trap_request=0xffffffd6 fr.pc=0x000002b8f06e5078 relative=0x00000000000003d8
Event: 631.810 Thread 0x000002b888e49950 Uncommon trap: reason=array_check action=maybe_recompile pc=0x000002b8f06e5078 method=java.util.Arrays.fill([Ljava/lang/Object;IILjava/lang/Object;)V @ 20 c2
Event: 631.810 Thread 0x000002b888e49950 DEOPT PACKING pc=0x000002b8f06e5078 sp=0x000000bcc86fed00
Event: 631.810 Thread 0x000002b888e49950 DEOPT UNPACKING pc=0x000002b8e88623a3 sp=0x000000bcc86feca8 mode 2
Event: 631.823 Thread 0x000002b888e49950 Uncommon trap: trap_request=0xffffffd6 fr.pc=0x000002b8f06e5078 relative=0x00000000000003d8
Event: 631.823 Thread 0x000002b888e49950 Uncommon trap: reason=array_check action=maybe_recompile pc=0x000002b8f06e5078 method=java.util.Arrays.fill([Ljava/lang/Object;IILjava/lang/Object;)V @ 20 c2
Event: 631.823 Thread 0x000002b888e49950 DEOPT PACKING pc=0x000002b8f06e5078 sp=0x000000bcc86fed00
Event: 631.823 Thread 0x000002b888e49950 DEOPT UNPACKING pc=0x000002b8e88623a3 sp=0x000000bcc86feca8 mode 2
Event: 631.832 Thread 0x000002b888e49950 Uncommon trap: trap_request=0xffffffd6 fr.pc=0x000002b8f06e5078 relative=0x00000000000003d8
Event: 631.832 Thread 0x000002b888e49950 Uncommon trap: reason=array_check action=maybe_recompile pc=0x000002b8f06e5078 method=java.util.Arrays.fill([Ljava/lang/Object;IILjava/lang/Object;)V @ 20 c2
Event: 631.832 Thread 0x000002b888e49950 DEOPT PACKING pc=0x000002b8f06e5078 sp=0x000000bcc86fed00
Event: 631.832 Thread 0x000002b888e49950 DEOPT UNPACKING pc=0x000002b8e88623a3 sp=0x000000bcc86feca8 mode 2
Event: 631.856 Thread 0x000002b888e49950 Uncommon trap: trap_request=0xffffffd6 fr.pc=0x000002b8f06e5078 relative=0x00000000000003d8
Event: 631.856 Thread 0x000002b888e49950 Uncommon trap: reason=array_check action=maybe_recompile pc=0x000002b8f06e5078 method=java.util.Arrays.fill([Ljava/lang/Object;IILjava/lang/Object;)V @ 20 c2
Event: 631.856 Thread 0x000002b888e49950 DEOPT PACKING pc=0x000002b8f06e5078 sp=0x000000bcc86fed00
Event: 631.856 Thread 0x000002b888e49950 DEOPT UNPACKING pc=0x000002b8e88623a3 sp=0x000000bcc86feca8 mode 2
Event: 699.761 Thread 0x000002b888e47c70 Uncommon trap: trap_request=0xffffff66 fr.pc=0x000002b8f06bb6e4 relative=0x00000000000021e4
Event: 699.761 Thread 0x000002b888e47c70 Uncommon trap: reason=speculate_class_check action=maybe_recompile pc=0x000002b8f06bb6e4 method=io.netty.buffer.ByteBufUtil.copy(Lio/netty/util/AsciiString;ILio/netty/buffer/ByteBuf;I)V @ 85 c2
Event: 699.761 Thread 0x000002b888e47c70 DEOPT PACKING pc=0x000002b8f06bb6e4 sp=0x000000bcc8cfebc0
Event: 699.761 Thread 0x000002b888e47c70 DEOPT UNPACKING pc=0x000002b8e88623a3 sp=0x000000bcc8cfe9d8 mode 2

Classes unloaded (0 events):
No events

Classes redefined (0 events):
No events

Internal exceptions (20 events):
Event: 557.752 Thread 0x000002b888e48fb0 Exception <a 'java/net/ConnectException'{0x000000070f82cd30}: Connection refused: no further information> (0x000000070f82cd30) 
thrown [e:\jenkins\tmp\workspace\build\src\src\hotspot\share\prims\jni.cpp, line 535]
Event: 557.752 Thread 0x000002b888e48fb0 Exception <a 'java/net/SocketException'{0x000000070f82d068}: Socket is not connected: shutdown> (0x000000070f82d068) 
thrown [e:\jenkins\tmp\workspace\build\src\src\hotspot\share\prims\jni.cpp, line 535]
Event: 557.783 Thread 0x000002b888e48fb0 Exception <a 'java/net/ConnectException'{0x000000070f82dfd0}: Connection refused: no further information> (0x000000070f82dfd0) 
thrown [e:\jenkins\tmp\workspace\build\src\src\hotspot\share\prims\jni.cpp, line 535]
Event: 557.784 Thread 0x000002b888e48fb0 Exception <a 'java/net/SocketException'{0x000000070f82e308}: Socket is not connected: shutdown> (0x000000070f82e308) 
thrown [e:\jenkins\tmp\workspace\build\src\src\hotspot\share\prims\jni.cpp, line 535]
Event: 557.832 Thread 0x000002b888e48fb0 Exception <a 'java/net/ConnectException'{0x000000070f82f270}: Connection refused: no further information> (0x000000070f82f270) 
thrown [e:\jenkins\tmp\workspace\build\src\src\hotspot\share\prims\jni.cpp, line 535]
Event: 557.832 Thread 0x000002b888e48fb0 Exception <a 'java/net/SocketException'{0x000000070f82f5a8}: Socket is not connected: shutdown> (0x000000070f82f5a8) 
thrown [e:\jenkins\tmp\workspace\build\src\src\hotspot\share\prims\jni.cpp, line 535]
Event: 557.927 Thread 0x000002b888e48fb0 Exception <a 'java/net/ConnectException'{0x000000070f830510}: Connection refused: no further information> (0x000000070f830510) 
thrown [e:\jenkins\tmp\workspace\build\src\src\hotspot\share\prims\jni.cpp, line 535]
Event: 557.927 Thread 0x000002b888e48fb0 Exception <a 'java/net/SocketException'{0x000000070f830848}: Socket is not connected: shutdown> (0x000000070f830848) 
thrown [e:\jenkins\tmp\workspace\build\src\src\hotspot\share\prims\jni.cpp, line 535]
Event: 638.592 Thread 0x000002b888e49950 Exception <a 'sun/net/ConnectionResetException'{0x0000000711321c18}: Connection reset> (0x0000000711321c18) 
thrown [e:\jenkins\tmp\workspace\build\src\src\hotspot\share\prims\jni.cpp, line 535]
Event: 638.808 Thread 0x000002b8e39bdee0 Exception <a 'java/net/SocketException'{0x0000000710be8e88}: Socket is not connected: shutdown> (0x0000000710be8e88) 
thrown [e:\jenkins\tmp\workspace\build\src\src\hotspot\share\prims\jni.cpp, line 535]
Event: 638.842 Thread 0x000002b8861dc690 Exception <a 'java/net/ConnectException'{0x0000000710a29c78}: Connection refused: no further information> (0x0000000710a29c78) 
thrown [e:\jenkins\tmp\workspace\build\src\src\hotspot\share\prims\jni.cpp, line 535]
Event: 638.842 Thread 0x000002b8861dc690 Exception <a 'java/net/SocketException'{0x0000000710a29fb0}: Socket is not connected: shutdown> (0x0000000710a29fb0) 
thrown [e:\jenkins\tmp\workspace\build\src\src\hotspot\share\prims\jni.cpp, line 535]
Event: 638.862 Thread 0x000002b8861dc690 Exception <a 'java/net/ConnectException'{0x0000000710a2af18}: Connection refused: no further information> (0x0000000710a2af18) 
thrown [e:\jenkins\tmp\workspace\build\src\src\hotspot\share\prims\jni.cpp, line 535]
Event: 638.862 Thread 0x000002b8861dc690 Exception <a 'java/net/SocketException'{0x0000000710a2b250}: Socket is not connected: shutdown> (0x0000000710a2b250) 
thrown [e:\jenkins\tmp\workspace\build\src\src\hotspot\share\prims\jni.cpp, line 535]
Event: 638.895 Thread 0x000002b8861dc690 Exception <a 'java/net/ConnectException'{0x0000000710a2c1b8}: Connection refused: no further information> (0x0000000710a2c1b8) 
thrown [e:\jenkins\tmp\workspace\build\src\src\hotspot\share\prims\jni.cpp, line 535]
Event: 638.895 Thread 0x000002b8861dc690 Exception <a 'java/net/SocketException'{0x0000000710a2c4f0}: Socket is not connected: shutdown> (0x0000000710a2c4f0) 
thrown [e:\jenkins\tmp\workspace\build\src\src\hotspot\share\prims\jni.cpp, line 535]
Event: 638.944 Thread 0x000002b8861dc690 Exception <a 'java/net/ConnectException'{0x0000000710a2d458}: Connection refused: no further information> (0x0000000710a2d458) 
thrown [e:\jenkins\tmp\workspace\build\src\src\hotspot\share\prims\jni.cpp, line 535]
Event: 638.944 Thread 0x000002b8861dc690 Exception <a 'java/net/SocketException'{0x0000000710a2d790}: Socket is not connected: shutdown> (0x0000000710a2d790) 
thrown [e:\jenkins\tmp\workspace\build\src\src\hotspot\share\prims\jni.cpp, line 535]
Event: 639.036 Thread 0x000002b8861dc690 Exception <a 'java/net/ConnectException'{0x0000000710a2e6f8}: Connection refused: no further information> (0x0000000710a2e6f8) 
thrown [e:\jenkins\tmp\workspace\build\src\src\hotspot\share\prims\jni.cpp, line 535]
Event: 639.036 Thread 0x000002b8861dc690 Exception <a 'java/net/SocketException'{0x0000000710a2ea30}: Socket is not connected: shutdown> (0x0000000710a2ea30) 
thrown [e:\jenkins\tmp\workspace\build\src\src\hotspot\share\prims\jni.cpp, line 535]

VM Operations (20 events):
Event: 637.638 Executing VM operation: Cleanup
Event: 637.638 Executing VM operation: Cleanup done
Event: 639.649 Executing VM operation: Cleanup
Event: 639.649 Executing VM operation: Cleanup done
Event: 641.678 Executing VM operation: Cleanup
Event: 641.678 Executing VM operation: Cleanup done
Event: 642.686 Executing VM operation: Cleanup
Event: 642.686 Executing VM operation: Cleanup done
Event: 655.769 Executing VM operation: Cleanup
Event: 655.769 Executing VM operation: Cleanup done
Event: 694.402 Executing VM operation: G1CollectForAllocation
Event: 694.404 Executing VM operation: G1CollectForAllocation done
Event: 695.405 Executing VM operation: Cleanup
Event: 695.405 Executing VM operation: Cleanup done
Event: 700.440 Executing VM operation: Cleanup
Event: 700.440 Executing VM operation: Cleanup done
Event: 701.454 Executing VM operation: Cleanup
Event: 701.455 Executing VM operation: Cleanup done
Event: 707.502 Executing VM operation: Cleanup
Event: 707.503 Executing VM operation: Cleanup done

Events (20 events):
Event: 637.445 Thread 0x000002b8861dbcf0 Thread added: 0x000002b8861dbcf0
Event: 637.571 Thread 0x000002b8861dc690 Thread added: 0x000002b8861dc690
Event: 638.593 Thread 0x000002b888e4b630 Thread exited: 0x000002b888e4b630
Event: 638.593 Thread 0x000002b8861de840 Thread exited: 0x000002b8861de840
Event: 638.595 Thread 0x000002b888e4a2f0 Thread exited: 0x000002b888e4a2f0
Event: 638.646 Thread 0x000002b888e4ac90 Thread exited: 0x000002b888e4ac90
Event: 638.646 Thread 0x000002b888e4b160 Thread exited: 0x000002b888e4b160
Event: 638.646 Thread 0x000002b8861dc1c0 Thread exited: 0x000002b8861dc1c0
Event: 638.646 Thread 0x000002b8861dbcf0 Thread exited: 0x000002b8861dbcf0
Event: 638.841 Thread 0x000002b8861dbcf0 Thread added: 0x000002b8861dbcf0
Event: 638.841 Thread 0x000002b8861de840 Thread added: 0x000002b8861de840
Event: 638.841 Thread 0x000002b8861dd500 Thread added: 0x000002b8861dd500
Event: 638.893 Thread 0x000002b8861dcb60 Thread added: 0x000002b8861dcb60
Event: 638.893 Thread 0x000002b8861dc1c0 Thread added: 0x000002b8861dc1c0
Event: 639.208 Thread 0x000002b8861dd9d0 Thread added: 0x000002b8861dd9d0
Event: 639.212 Thread 0x000002b888e4a2f0 Thread added: 0x000002b888e4a2f0
Event: 644.211 Thread 0x000002b8861dd9d0 Thread exited: 0x000002b8861dd9d0
Event: 699.212 Thread 0x000002b8861dc690 Thread exited: 0x000002b8861dc690
Event: 700.720 Thread 0x000002b888e4a2f0 Thread exited: 0x000002b888e4a2f0
Event: 706.470 Loaded shared library C:\Users\Siddhant.Ingole.IN\eclipse-workspace\DS-2.01\DS-2.0\AutoItLib\jacob-1.14.3-x64.dll


Dynamic libraries:
0x00007ff7ca070000 - 0x00007ff7ca07e000 	C:\Users\siddhant.ingole\.p2\pool\plugins\org.eclipse.justj.openjdk.hotspot.jre.full.win32.x86_64_17.0.2.v20220201-1208\jre\bin\javaw.exe
0x00007ffbbb090000 - 0x00007ffbbb288000 	C:\Windows\SYSTEM32\ntdll.dll
0x00007ffbbae60000 - 0x00007ffbbaf1d000 	C:\Windows\System32\KERNEL32.DLL
0x00007ffbb8df0000 - 0x00007ffbb90be000 	C:\Windows\System32\KERNELBASE.dll
0x000000006d560000 - 0x000000006d60e000 	C:\Windows\System32\SYSFER.DLL
0x00007ffb995f0000 - 0x00007ffb99931000 	C:\Windows\system32\ctiuser.dll
0x00007ffbb8a70000 - 0x00007ffbb8b70000 	C:\Windows\System32\ucrtbase.dll
0x00007ffbb00e0000 - 0x00007ffbb00f8000 	C:\Users\siddhant.ingole\.p2\pool\plugins\org.eclipse.justj.openjdk.hotspot.jre.full.win32.x86_64_17.0.2.v20220201-1208\jre\bin\jli.dll
0x00007ffbba160000 - 0x00007ffbba300000 	C:\Windows\System32\USER32.dll
0x00007ffbb8a40000 - 0x00007ffbb8a62000 	C:\Windows\System32\win32u.dll
0x00007ffbb92d0000 - 0x00007ffbb92fa000 	C:\Windows\System32\GDI32.dll
0x00007ffbb8c70000 - 0x00007ffbb8d7b000 	C:\Windows\System32\gdi32full.dll
0x00007ffbb87b0000 - 0x00007ffbb884d000 	C:\Windows\System32\msvcp_win.dll
0x00007ffbaffd0000 - 0x00007ffbaffe9000 	C:\Users\siddhant.ingole\.p2\pool\plugins\org.eclipse.justj.openjdk.hotspot.jre.full.win32.x86_64_17.0.2.v20220201-1208\jre\bin\VCRUNTIME140.dll
0x00007ffba8fb0000 - 0x00007ffba924a000 	C:\Windows\WinSxS\amd64_microsoft.windows.common-controls_6595b64144ccf1df_6.0.19041.1110_none_60b5254171f9507e\COMCTL32.dll
0x00007ffbb90f0000 - 0x00007ffbb918e000 	C:\Windows\System32\msvcrt.dll
0x00007ffbb9fb0000 - 0x00007ffbba05e000 	C:\Windows\System32\ADVAPI32.dll
0x00007ffbba0c0000 - 0x00007ffbba15c000 	C:\Windows\System32\sechost.dll
0x00007ffbba300000 - 0x00007ffbba425000 	C:\Windows\System32\RPCRT4.dll
0x00007ffbb0520000 - 0x00007ffbb052b000 	C:\Windows\system32\FLTLIB.DLL
0x00007ffbbad30000 - 0x00007ffbbad60000 	C:\Windows\System32\IMM32.DLL
0x00007ffbb0090000 - 0x00007ffbb009c000 	C:\Users\siddhant.ingole\.p2\pool\plugins\org.eclipse.justj.openjdk.hotspot.jre.full.win32.x86_64_17.0.2.v20220201-1208\jre\bin\vcruntime140_1.dll
0x00007ffb4b230000 - 0x00007ffb4b2c1000 	C:\Users\siddhant.ingole\.p2\pool\plugins\org.eclipse.justj.openjdk.hotspot.jre.full.win32.x86_64_17.0.2.v20220201-1208\jre\bin\msvcp140.dll
0x00007ffb3a370000 - 0x00007ffb3afb7000 	C:\Users\siddhant.ingole\.p2\pool\plugins\org.eclipse.justj.openjdk.hotspot.jre.full.win32.x86_64_17.0.2.v20220201-1208\jre\bin\server\jvm.dll
0x00007ffbbaac0000 - 0x00007ffbbaac8000 	C:\Windows\System32\PSAPI.DLL
0x00007ffba3350000 - 0x00007ffba3359000 	C:\Windows\SYSTEM32\WSOCK32.dll
0x00007ffbbaf80000 - 0x00007ffbbafeb000 	C:\Windows\System32\WS2_32.dll
0x00007ffb9e820000 - 0x00007ffb9e847000 	C:\Windows\SYSTEM32\WINMM.dll
0x00007ffbafca0000 - 0x00007ffbafcaa000 	C:\Windows\SYSTEM32\VERSION.dll
0x00007ffbb66c0000 - 0x00007ffbb66d2000 	C:\Windows\SYSTEM32\kernel.appcore.dll
0x00007ffb9cff0000 - 0x00007ffb9cffa000 	C:\Users\siddhant.ingole\.p2\pool\plugins\org.eclipse.justj.openjdk.hotspot.jre.full.win32.x86_64_17.0.2.v20220201-1208\jre\bin\jimage.dll
0x00007ffbb2480000 - 0x00007ffbb2664000 	C:\Windows\SYSTEM32\DBGHELP.DLL
0x00007ffbb2450000 - 0x00007ffbb247c000 	C:\Windows\SYSTEM32\dbgcore.DLL
0x00007ffbb8850000 - 0x00007ffbb88d2000 	C:\Windows\System32\bcryptPrimitives.dll
0x00007ffb93a90000 - 0x00007ffb93ab5000 	C:\Users\siddhant.ingole\.p2\pool\plugins\org.eclipse.justj.openjdk.hotspot.jre.full.win32.x86_64_17.0.2.v20220201-1208\jre\bin\java.dll
0x00007ffb93650000 - 0x00007ffb93668000 	C:\Users\siddhant.ingole\.p2\pool\plugins\org.eclipse.justj.openjdk.hotspot.jre.full.win32.x86_64_17.0.2.v20220201-1208\jre\bin\zip.dll
0x00007ffbb9300000 - 0x00007ffbb9a43000 	C:\Windows\System32\SHELL32.dll
0x00007ffbb68c0000 - 0x00007ffbb7055000 	C:\Windows\SYSTEM32\windows.storage.dll
0x00007ffbb9c50000 - 0x00007ffbb9fa4000 	C:\Windows\System32\combase.dll
0x00007ffbb81a0000 - 0x00007ffbb81d0000 	C:\Windows\SYSTEM32\Wldp.dll
0x00007ffbbaa10000 - 0x00007ffbbaabd000 	C:\Windows\System32\SHCORE.dll
0x00007ffbba060000 - 0x00007ffbba0b5000 	C:\Windows\System32\shlwapi.dll
0x00007ffbb86f0000 - 0x00007ffbb870f000 	C:\Windows\SYSTEM32\profapi.dll
0x00007ffb93630000 - 0x00007ffb93649000 	C:\Users\siddhant.ingole\.p2\pool\plugins\org.eclipse.justj.openjdk.hotspot.jre.full.win32.x86_64_17.0.2.v20220201-1208\jre\bin\net.dll
0x00007ffbb03f0000 - 0x00007ffbb04fa000 	C:\Windows\SYSTEM32\WINHTTP.dll
0x00007ffbb7ea0000 - 0x00007ffbb7f0a000 	C:\Windows\system32\mswsock.dll
0x00007ffb90f50000 - 0x00007ffb90f65000 	C:\Users\siddhant.ingole\.p2\pool\plugins\org.eclipse.justj.openjdk.hotspot.jre.full.win32.x86_64_17.0.2.v20220201-1208\jre\bin\nio.dll
0x00007ffbb7b90000 - 0x00007ffbb7bcb000 	C:\Windows\SYSTEM32\IPHLPAPI.DLL
0x00007ffbb9190000 - 0x00007ffbb9198000 	C:\Windows\System32\NSI.dll
0x00007ffbb3710000 - 0x00007ffbb3727000 	C:\Windows\SYSTEM32\dhcpcsvc6.DLL
0x00007ffbb3390000 - 0x00007ffbb33ad000 	C:\Windows\SYSTEM32\dhcpcsvc.DLL
0x00007ffbb7be0000 - 0x00007ffbb7caa000 	C:\Windows\SYSTEM32\DNSAPI.dll
0x00007ffb9cc50000 - 0x00007ffb9cc60000 	C:\Users\siddhant.ingole\.p2\pool\plugins\org.eclipse.justj.openjdk.hotspot.jre.full.win32.x86_64_17.0.2.v20220201-1208\jre\bin\verify.dll
0x00007ffba3380000 - 0x00007ffba3389000 	C:\Users\siddhant.ingole\.p2\pool\plugins\org.eclipse.justj.openjdk.hotspot.jre.full.win32.x86_64_17.0.2.v20220201-1208\jre\bin\management.dll
0x00007ffb9f9b0000 - 0x00007ffb9f9bb000 	C:\Users\siddhant.ingole\.p2\pool\plugins\org.eclipse.justj.openjdk.hotspot.jre.full.win32.x86_64_17.0.2.v20220201-1208\jre\bin\management_ext.dll
0x00007ffba40b0000 - 0x00007ffba40c7000 	C:\Windows\system32\napinsp.dll
0x00007ffba4090000 - 0x00007ffba40ab000 	C:\Windows\system32\pnrpnsp.dll
0x00007ffba4070000 - 0x00007ffba4085000 	C:\Windows\system32\wshbth.dll
0x00007ffbb3a60000 - 0x00007ffbb3a7d000 	C:\Windows\system32\NLAapi.dll
0x00007ffba4050000 - 0x00007ffba4062000 	C:\Windows\System32\winrnr.dll
0x00007ffbaf560000 - 0x00007ffbaf56a000 	C:\Windows\System32\rasadhlp.dll
0x00007ffbb3800000 - 0x00007ffbb3880000 	C:\Windows\System32\fwpuclnt.dll
0x00007ffbb90c0000 - 0x00007ffbb90e7000 	C:\Windows\System32\bcrypt.dll
0x00007ffbae3e0000 - 0x00007ffbae3e9000 	C:\Users\siddhant.ingole\.p2\pool\plugins\org.eclipse.justj.openjdk.hotspot.jre.full.win32.x86_64_17.0.2.v20220201-1208\jre\bin\prefs.dll
0x00007ffbb8090000 - 0x00007ffbb80a8000 	C:\Windows\SYSTEM32\CRYPTSP.dll
0x00007ffbb7820000 - 0x00007ffbb7854000 	C:\Windows\system32\rsaenh.dll
0x00007ffbb8670000 - 0x00007ffbb869e000 	C:\Windows\SYSTEM32\USERENV.dll
0x00007ffbb80b0000 - 0x00007ffbb80bc000 	C:\Windows\SYSTEM32\CRYPTBASE.dll
0x00007ffbb0120000 - 0x00007ffbb012e000 	C:\Users\siddhant.ingole\.p2\pool\plugins\org.eclipse.justj.openjdk.hotspot.jre.full.win32.x86_64_17.0.2.v20220201-1208\jre\bin\sunmscapi.dll
0x00007ffbb88e0000 - 0x00007ffbb8a36000 	C:\Windows\System32\CRYPT32.dll
0x00007ffbb8210000 - 0x00007ffbb8237000 	C:\Windows\SYSTEM32\ncrypt.dll
0x00007ffbb81d0000 - 0x00007ffbb820b000 	C:\Windows\SYSTEM32\NTASN1.dll
0x00007ffbae3d0000 - 0x00007ffbae3d7000 	C:\Windows\system32\wshunix.dll
0x0000000180000000 - 0x0000000180021000 	C:\Users\Siddhant.Ingole.IN\eclipse-workspace\DS-2.01\DS-2.0\AutoItLib\jacob-1.14.3-x64.dll
0x00007ffbb91a0000 - 0x00007ffbb92ca000 	C:\Windows\System32\ole32.dll
0x00007ffbba940000 - 0x00007ffbbaa0d000 	C:\Windows\System32\OLEAUT32.dll
0x000000006bfa0000 - 0x000000006c069000 	C:\Windows\WinSxS\amd64_microsoft.vc80.crt_1fc8b3b9a1e18e3b_8.0.50727.9672_none_88e266cb2fac7c0d\MSVCR80.dll
0x00007ffbbaad0000 - 0x00007ffbbab79000 	C:\Windows\System32\clbcatq.dll
0x00007ffbb61e0000 - 0x00007ffbb627e000 	C:\Windows\system32\uxtheme.dll
0x000002b886660000 - 0x000002b8866e2000 	C:\Users\Siddhant.Ingole.IN\eclipse-workspace\DrySign\AutoItLib\AutoItX3_x64.dll
0x00007ffbafd40000 - 0x00007ffbafd5d000 	C:\Windows\SYSTEM32\MPR.dll

dbghelp: loaded successfully - version: 4.0.5 - missing functions: none
symbol engine: initialized successfully - sym options: 0x614 - pdb path: .;C:\Users\siddhant.ingole\.p2\pool\plugins\org.eclipse.justj.openjdk.hotspot.jre.full.win32.x86_64_17.0.2.v20220201-1208\jre\bin;C:\Windows\SYSTEM32;C:\Windows\WinSxS\amd64_microsoft.windows.common-controls_6595b64144ccf1df_6.0.19041.1110_none_60b5254171f9507e;C:\Users\siddhant.ingole\.p2\pool\plugins\org.eclipse.justj.openjdk.hotspot.jre.full.win32.x86_64_17.0.2.v20220201-1208\jre\bin\server;C:\Users\Siddhant.Ingole.IN\eclipse-workspace\DS-2.01\DS-2.0\AutoItLib;C:\Windows\WinSxS\amd64_microsoft.vc80.crt_1fc8b3b9a1e18e3b_8.0.50727.9672_none_88e266cb2fac7c0d;C:\Users\Siddhant.Ingole.IN\eclipse-workspace\DrySign\AutoItLib

VM Arguments:
jvm_args: -ea -Dfile.encoding=Cp1252 -XX:+ShowCodeDetailsInExceptionMessages 
java_command: org.eclipse.jdt.internal.junit.runner.RemoteTestRunner -version 3 -port 61571 -testLoaderClass org.eclipse.jdt.internal.junit5.runner.JUnit5TestLoader -loaderpluginname org.eclipse.jdt.junit5.runtime -classNames runner.RunnerTest
java_class_path (initial): C:\Users\Siddhant.Ingole.IN\eclipse-workspace\DS-2.01\DS-2.0\target\test-classes;C:\Users\Siddhant.Ingole.IN\eclipse-workspace\DS-2.01\DS-2.0\target\classes;C:\Users\siddhant.ingole\.p2\pool\plugins\org.junit.jupiter.api_5.8.1.v20211018-1956.jar;C:\Users\siddhant.ingole\.p2\pool\plugins\org.junit.jupiter.engine_5.8.1.v20211018-1956.jar;C:\Users\siddhant.ingole\.p2\pool\plugins\org.junit.jupiter.migrationsupport_5.8.1.v20211018-1956.jar;C:\Users\siddhant.ingole\.p2\pool\plugins\org.junit.jupiter.params_5.8.1.v20211018-1956.jar;C:\Users\siddhant.ingole\.p2\pool\plugins\org.junit.platform.commons_1.8.1.v20211018-1956.jar;C:\Users\siddhant.ingole\.p2\pool\plugins\org.junit.platform.engine_1.8.1.v20211018-1956.jar;C:\Users\siddhant.ingole\.p2\pool\plugins\org.junit.platform.launcher_1.8.1.v20211018-1956.jar;C:\Users\siddhant.ingole\.p2\pool\plugins\org.junit.platform.runner_1.8.1.v20211018-1956.jar;C:\Users\siddhant.ingole\.p2\pool\plugins\org.junit.platform.suite.api_1.8.1.v20211018-1956.jar;C:\Users\siddhant.ingole\.p2\pool\plugins\org.junit.platform.suite.engine_1.8.1.v20211028-1957.jar;C:\Users\siddhant.ingole\.p2\pool\plugins\org.junit.platform.suite.commons_1.8.1.v20211018-1956.jar;C:\Users\siddhant.ingole\.p2\pool\plugins\org.junit.vintage.engine_5.8.1.v20211018-1956.jar;C:\Users\siddhant.ingole\.p2\pool\plugins\org.opentest4j_1.2.0.v20211018-1956.jar;C:\Users\siddhant.ingole\.p2\pool\plugins\org.apiguardian_1.1.2.v20211018-1956.jar;C:\Users\siddhant.ingole\.p2\pool\plugins\org.junit_4.13.2.v20211018-1956.jar;C:\Users\siddhant.ingole\.p2\pool\plugins\org.hamcrest.core_1.3.0.v20180420-1519.jar;C:\Users\Siddhant.Ingole.IN\Downloads\tika-app-2.4.1.jar;C:\Users\Siddhant.Ingole.IN\.m2\repository\org\freemarker\freemarker\2.3.30\freemarker-2.3.30.jar;C:\Users\Siddhant.Ingole.IN\.m2\repository\io\cucumber\cucumber-junit\4.7.4\cucumber-junit-4.7.4.jar;C:\Users\Siddhant.Ingole.IN\.m2\repository\org\apiguardian\apiguardian-api\1.1.0\apiguardian-
Launcher Type: SUN_STANDARD

[Global flags]
     intx CICompilerCount                          = 3                                         {product} {ergonomic}
     uint ConcGCThreads                            = 1                                         {product} {ergonomic}
     uint G1ConcRefinementThreads                  = 4                                         {product} {ergonomic}
   size_t G1HeapRegionSize                         = 2097152                                   {product} {ergonomic}
    uintx GCDrainStackTargetSize                   = 64                                        {product} {ergonomic}
   size_t InitialHeapSize                          = 268435456                                 {product} {ergonomic}
   size_t MarkStackSize                            = 4194304                                   {product} {ergonomic}
   size_t MaxHeapSize                              = 4273995776                                {product} {ergonomic}
   size_t MaxNewSize                               = 2562719744                                {product} {ergonomic}
   size_t MinHeapDeltaBytes                        = 2097152                                   {product} {ergonomic}
   size_t MinHeapSize                              = 8388608                                   {product} {ergonomic}
    uintx NonNMethodCodeHeapSize                   = 5832780                                {pd product} {ergonomic}
    uintx NonProfiledCodeHeapSize                  = 122912730                              {pd product} {ergonomic}
    uintx ProfiledCodeHeapSize                     = 122912730                              {pd product} {ergonomic}
    uintx ReservedCodeCacheSize                    = 251658240                              {pd product} {ergonomic}
     bool SegmentedCodeCache                       = true                                      {product} {ergonomic}
     bool ShowCodeDetailsInExceptionMessages       = true                                   {manageable} {command line}
   size_t SoftMaxHeapSize                          = 4273995776                             {manageable} {ergonomic}
     bool UseCompressedClassPointers               = true                           {product lp64_product} {ergonomic}
     bool UseCompressedOops                        = true                           {product lp64_product} {ergonomic}
     bool UseG1GC                                  = true                                      {product} {ergonomic}
     bool UseLargePagesIndividualAllocation        = false                                  {pd product} {ergonomic}

Logging:
Log output configuration:
 #0: stdout all=warning uptime,level,tags
 #1: stderr all=off uptime,level,tags

Environment Variables:
JAVA_HOME=C:\Program Files\Java\jdk1.8.0_202
PATH=C:/Users/siddhant.ingole/.p2/pool/plugins/org.eclipse.justj.openjdk.hotspot.jre.full.win32.x86_64_17.0.2.v20220201-1208/jre/bin/server;C:/Users/siddhant.ingole/.p2/pool/plugins/org.eclipse.justj.openjdk.hotspot.jre.full.win32.x86_64_17.0.2.v20220201-1208/jre/bin;C:\Program Files (x86)\Common Files\Oracle\Java\javapath;C:\ProgramData\Oracle\Java\javapath;C:\Windows\system32;C:\Windows;C:\Windows\System32\Wbem;C:\Windows\System32\WindowsPowerShell\v1.0\;C:\Windows\System32\OpenSSH\;C:\Users\Siddhant.Ingole.IN\Downloads\apache-maven-3.8.6\bin;C:\Program Files\Java\jdk1.8.0_202\bin;C:\Program Files\Java\jre1.8.0_202\bin;C:\Users\Siddhant.Ingole.IN\AppData\Local\Microsoft\WindowsApps;C:\Users\Siddhant.Ingole.IN\AppData\Local\GitHubDesktop\bin;C:\Users\Siddhant.Ingole.IN\AppData\Local\Programs\Git\cmd;C:\Users\Siddhant.Ingole.IN\Desktop;
USERNAME=Siddhant.Ingole
OS=Windows_NT
PROCESSOR_IDENTIFIER=Intel64 Family 6 Model 60 Stepping 3, GenuineIntel



---------------  S Y S T E M  ---------------

OS:
 Windows 10 , 64 bit Build 19041 (10.0.19041.1889)
OS uptime: 5 days 18:57 hours

CPU: total 4 (initial active 4) (4 cores per cpu, 1 threads per core) family 6 model 60 stepping 3 microcode 0x27, cx8, cmov, fxsr, mmx, sse, sse2, sse3, ssse3, sse4.1, sse4.2, popcnt, lzcnt, tsc, tscinvbit, avx, avx2, aes, erms, clmul, bmi1, bmi2, fma, vzeroupper, clflush

Memory: 4k page, system-wide physical 16302M (7647M free)
TotalPageFile size 36274M (AvailPageFile size 24892M)
current process WorkingSet (physical memory assigned to process): 591M, peak: 591M
current process commit charge ("private bytes"): 605M, peak: 609M

vm_info: OpenJDK 64-Bit Server VM (17.0.2+8) for windows-amd64 JRE (17.0.2+8), built on Jan 20 2022 04:52:34 by "" with MS VC++ 16.7 (VS2019)

END.
