#
# A fatal error has been detected by the Java Runtime Environment:
#
#  EXCEPTION_ACCESS_VIOLATION (0xc0000005) at pc=0x0000000180012df1, pid=14824, tid=14744
#
# JRE version: OpenJDK Runtime Environment Temurin-17.0.2+8 (17.0.2+8) (build 17.0.2+8)
# Java VM: OpenJDK 64-Bit Server VM Temurin-17.0.2+8 (17.0.2+8, mixed mode, tiered, compressed oops, compressed class ptrs, g1 gc, windows-amd64)
# Problematic frame:
# C  [jacob-1.14.3-x64.dll+0x12df1]
#
# No core dump will be written. Minidumps are not enabled by default on client versions of Windows
#
# If you would like to submit a bug report, please visit:
#   https://github.com/adoptium/adoptium-support/issues
# The crash happened outside the Java Virtual Machine in native code.
# See problematic frame for where to report the bug.
#

---------------  S U M M A R Y ------------

Command Line: -ea -Dfile.encoding=Cp1252 -XX:+ShowCodeDetailsInExceptionMessages org.eclipse.jdt.internal.junit.runner.RemoteTestRunner -version 3 -port 60555 -testLoaderClass org.eclipse.jdt.internal.junit5.runner.JUnit5TestLoader -loaderpluginname org.eclipse.jdt.junit5.runtime -classNames runner.RunnerTest

Host: Intel(R) Core(TM) i5-4590 CPU @ 3.30GHz, 4 cores, 15G,  Windows 10 , 64 bit Build 19041 (10.0.19041.1889)
Time: Wed Aug 17 05:03:30 2022 Pacific Daylight Time elapsed time: 84.743845 seconds (0d 0h 1m 24s)

---------------  T H R E A D  ---------------

Current thread (0x0000018e644acac0):  JavaThread "main" [_thread_in_native, id=14744, stack(0x00000064d3b00000,0x00000064d3c00000)]

Stack: [0x00000064d3b00000,0x00000064d3c00000],  sp=0x00000064d3bfc700,  free space=1009k
Native frames: (J=compiled Java code, j=interpreted, Vv=VM code, C=native code)
C  [jacob-1.14.3-x64.dll+0x12df1]

Java frames: (J=compiled Java code, j=interpreted, Vv=VM code)
j  com.jacob.com.Variant.getVariantType()S+0
j  com.jacob.com.Variant.getvt()S+8
j  com.jacob.com.Variant.putBoolean(Z)V+1
j  com.jacob.com.VariantUtilities.populateVariant(Lcom/jacob/com/Variant;Ljava/lang/Object;Z)V+155
j  com.jacob.com.Variant.<init>(Ljava/lang/Object;Z)V+16
j  com.jacob.com.Variant.<init>(Ljava/lang/Object;)V+3
j  com.jacob.com.Variant.<init>(Z)V+9
j  com.jacob.com.Variant.<clinit>()V+5
v  ~StubRoutines::call_stub
j  autoitx4java.AutoItX.winVariantBool(Ljava/lang/String;Ljava/lang/String;ILjava/lang/String;)Z+0
j  autoitx4java.AutoItX.winWait(Ljava/lang/String;Ljava/lang/String;I)Z+6
j  stepDefinitions.DrySign.uploadFile(Ljava/lang/String;Ljava/lang/String;)Z+100
j  stepDefinitions.DrySign.user_click_on_upload_photo_button_as(Ljava/lang/String;)V+27
v  ~StubRoutines::call_stub
j  jdk.internal.reflect.NativeMethodAccessorImpl.invoke0(Ljava/lang/reflect/Method;Ljava/lang/Object;[Ljava/lang/Object;)Ljava/lang/Object;+0 java.base@17.0.2
j  jdk.internal.reflect.NativeMethodAccessorImpl.invoke(Ljava/lang/Object;[Ljava/lang/Object;)Ljava/lang/Object;+133 java.base@17.0.2
J 2305 c1 jdk.internal.reflect.DelegatingMethodAccessorImpl.invoke(Ljava/lang/Object;[Ljava/lang/Object;)Ljava/lang/Object; java.base@17.0.2 (10 bytes) @ 0x0000018e685512cc [0x0000018e685511c0+0x000000000000010c]
J 2332 c1 cucumber.runtime.Utils$1.call()Ljava/lang/Object; (189 bytes) @ 0x0000018e68562344 [0x0000018e68561ae0+0x0000000000000864]
J 2340 c1 cucumber.runtime.Timeout.timeout(Lcucumber/runtime/Timeout$Callback;J)Ljava/lang/Object; (251 bytes) @ 0x0000018e6856ce5c [0x0000018e6856c3e0+0x0000000000000a7c]
J 2306 c1 cucumber.runtime.Utils.invoke(Ljava/lang/Object;Ljava/lang/reflect/Method;J[Ljava/lang/Object;)Ljava/lang/Object; (24 bytes) @ 0x0000018e6855184c [0x0000018e68551660+0x00000000000001ec]
j  cucumber.runtime.java.JavaStepDefinition.execute([Ljava/lang/Object;)V+25
j  cucumber.runner.PickleStepDefinitionMatch.runStep(Lcucumber/api/Scenario;)V+137
j  cucumber.runner.TestStep.executeStep(Lcucumber/runner/Scenario;Z)Lcucumber/api/Result$Type;+9
j  cucumber.runner.TestStep.run(Lcucumber/api/TestCase;Lcucumber/runner/EventBus;Lcucumber/runner/Scenario;Z)Z+45
j  cucumber.runner.PickleStepTestStep.run(Lcucumber/api/TestCase;Lcucumber/runner/EventBus;Lcucumber/runner/Scenario;Z)Z+63
j  cucumber.runner.TestCase.run(Lcucumber/runner/EventBus;)V+144
j  cucumber.runner.Runner.runPickle(Lgherkin/events/PickleEvent;)V+15
j  io.cucumber.junit.PickleRunners$NoStepDescriptions.run(Lorg/junit/runner/notification/RunNotifier;)V+37
j  io.cucumber.junit.FeatureRunner.runChild(Lio/cucumber/junit/PickleRunners$PickleRunner;Lorg/junit/runner/notification/RunNotifier;)V+2
j  io.cucumber.junit.FeatureRunner.runChild(Ljava/lang/Object;Lorg/junit/runner/notification/RunNotifier;)V+6
j  org.junit.runners.ParentRunner$4.run()V+12
j  org.junit.runners.ParentRunner$1.schedule(Ljava/lang/Runnable;)V+1
j  org.junit.runners.ParentRunner.runChildren(Lorg/junit/runner/notification/RunNotifier;)V+44
j  org.junit.runners.ParentRunner.access$100(Lorg/junit/runners/ParentRunner;Lorg/junit/runner/notification/RunNotifier;)V+2
j  org.junit.runners.ParentRunner$2.evaluate()V+8
j  org.junit.runners.ParentRunner$3.evaluate()V+4
j  org.junit.runners.ParentRunner.run(Lorg/junit/runner/notification/RunNotifier;)V+24
j  io.cucumber.junit.Cucumber.runChild(Lio/cucumber/junit/FeatureRunner;Lorg/junit/runner/notification/RunNotifier;)V+2
j  io.cucumber.junit.Cucumber.runChild(Ljava/lang/Object;Lorg/junit/runner/notification/RunNotifier;)V+6
j  org.junit.runners.ParentRunner$4.run()V+12
j  org.junit.runners.ParentRunner$1.schedule(Ljava/lang/Runnable;)V+1
j  org.junit.runners.ParentRunner.runChildren(Lorg/junit/runner/notification/RunNotifier;)V+44
j  org.junit.runners.ParentRunner.access$100(Lorg/junit/runners/ParentRunner;Lorg/junit/runner/notification/RunNotifier;)V+2
j  org.junit.runners.ParentRunner$2.evaluate()V+8
j  io.cucumber.junit.Cucumber$RunCucumber.evaluate()V+168
j  org.junit.runners.ParentRunner$3.evaluate()V+4
j  org.junit.runners.ParentRunner.run(Lorg/junit/runner/notification/RunNotifier;)V+24
j  org.junit.runner.JUnitCore.run(Lorg/junit/runner/Runner;)Lorg/junit/runner/Result;+37
j  org.junit.runner.JUnitCore.run(Lorg/junit/runner/Request;)Lorg/junit/runner/Result;+5
j  org.junit.vintage.engine.execution.RunnerExecutor.execute(Lorg/junit/vintage/engine/descriptor/RunnerTestDescriptor;)V+42
j  org.junit.vintage.engine.VintageTestEngine.executeAllChildren(Lorg/junit/vintage/engine/descriptor/VintageEngineDescriptor;Lorg/junit/platform/engine/EngineExecutionListener;)V+41
j  org.junit.vintage.engine.VintageTestEngine.execute(Lorg/junit/platform/engine/ExecutionRequest;)V+23
j  org.junit.platform.launcher.core.EngineExecutionOrchestrator.execute(Lorg/junit/platform/engine/TestDescriptor;Lorg/junit/platform/engine/EngineExecutionListener;Lorg/junit/platform/engine/ConfigurationParameters;Lorg/junit/platform/engine/TestEngine;)V+24
j  org.junit.platform.launcher.core.EngineExecutionOrchestrator.execute(Lorg/junit/platform/launcher/core/LauncherDiscoveryResult;Lorg/junit/platform/engine/EngineExecutionListener;)V+86
j  org.junit.platform.launcher.core.EngineExecutionOrchestrator.lambda$execute$0(Lorg/junit/platform/launcher/core/InternalTestPlan;Lorg/junit/platform/launcher/core/LauncherDiscoveryResult;Lorg/junit/platform/launcher/TestExecutionListener;)V+18
j  org.junit.platform.launcher.core.EngineExecutionOrchestrator$$Lambda$226+0x000000080020bd08.accept(Ljava/lang/Object;)V+16
j  org.junit.platform.launcher.core.EngineExecutionOrchestrator.withInterceptedStreams(Lorg/junit/platform/engine/ConfigurationParameters;Lorg/junit/platform/launcher/core/ListenerRegistry;Ljava/util/function/Consumer;)V+51
j  org.junit.platform.launcher.core.EngineExecutionOrchestrator.execute(Lorg/junit/platform/launcher/core/InternalTestPlan;[Lorg/junit/platform/launcher/TestExecutionListener;)V+35
j  org.junit.platform.launcher.core.DefaultLauncher.execute(Lorg/junit/platform/launcher/core/InternalTestPlan;[Lorg/junit/platform/launcher/TestExecutionListener;)V+6
j  org.junit.platform.launcher.core.DefaultLauncher.execute(Lorg/junit/platform/launcher/TestPlan;[Lorg/junit/platform/launcher/TestExecutionListener;)V+36
j  org.junit.platform.launcher.core.DefaultLauncherSession$DelegatingLauncher.execute(Lorg/junit/platform/launcher/TestPlan;[Lorg/junit/platform/launcher/TestExecutionListener;)V+6
j  org.junit.platform.launcher.core.SessionPerRequestLauncher.execute(Lorg/junit/platform/launcher/TestPlan;[Lorg/junit/platform/launcher/TestExecutionListener;)V+13
j  org.eclipse.jdt.internal.junit5.runner.JUnit5TestReference.run(Lorg/eclipse/jdt/internal/junit/runner/TestExecution;)V+69
j  org.eclipse.jdt.internal.junit.runner.TestExecution.run([Lorg/eclipse/jdt/internal/junit/runner/ITestReference;)V+27
j  org.eclipse.jdt.internal.junit.runner.RemoteTestRunner.runTests([Ljava/lang/String;Ljava/lang/String;Lorg/eclipse/jdt/internal/junit/runner/TestExecution;)V+62
j  org.eclipse.jdt.internal.junit.runner.RemoteTestRunner.runTests(Lorg/eclipse/jdt/internal/junit/runner/TestExecution;)V+10
j  org.eclipse.jdt.internal.junit.runner.RemoteTestRunner.run()V+70
j  org.eclipse.jdt.internal.junit.runner.RemoteTestRunner.main([Ljava/lang/String;)V+14
v  ~StubRoutines::call_stub

siginfo: EXCEPTION_ACCESS_VIOLATION (0xc0000005), reading address 0x0000000008ed42f0


Register to memory mapping:

RIP=0x0000000180012df1 jacob-1.14.3-x64.dll
RAX=0x0000000008ed42f0 is an unknown value
RBX=0x00000064d3bfc7c0 is pointing into the stack for thread: 0x0000018e644acac0
RCX=0x0000000008ed42f0 is an unknown value
RDX=0x00000064d3bfc7c0 is pointing into the stack for thread: 0x0000018e644acac0
RSP=0x00000064d3bfc700 is pointing into the stack for thread: 0x0000018e644acac0
RBP=0x00000064d3bfc7a0 is pointing into the stack for thread: 0x0000018e644acac0
RSI=0x0 is NULL
RDI=0x0000018e644acd68 points into unknown readable memory: 0x00007ffbaf7707d0 | d0 07 77 af fb 7f 00 00
R8 =0x0000000000000032 is an unknown value
R9 =0x000000070eedfca8 is an oop: com.jacob.com.Variant 
{0x000000070eedfca8} - klass: 'com/jacob/com/Variant'
 - ---- fields (total size 2 words):
 - 'm_pVariant' 'I' @12  149766896 (8ed42f0)
R10=0x00007ffbaf7f4130 jvm.dll
R11=0x000000000000006c is an unknown value
R12=0x0 is NULL
R13={method} {0x0000018e092c9570} 'getVariantType' '()S' in 'com/jacob/com/Variant'
R14=0x00000064d3bfc7c0 is pointing into the stack for thread: 0x0000018e644acac0
R15=0x0000018e644acac0 is a thread


Registers:
RAX=0x0000000008ed42f0, RBX=0x00000064d3bfc7c0, RCX=0x0000000008ed42f0, RDX=0x00000064d3bfc7c0
RSP=0x00000064d3bfc700, RBP=0x00000064d3bfc7a0, RSI=0x0000000000000000, RDI=0x0000018e644acd68
R8 =0x0000000000000032, R9 =0x000000070eedfca8, R10=0x00007ffbaf7f4130, R11=0x000000000000006c
R12=0x0000000000000000, R13=0x0000018e092c9568, R14=0x00000064d3bfc7c0, R15=0x0000018e644acac0
RIP=0x0000000180012df1, EFLAGS=0x0000000000010206

Top of Stack: (sp=0x00000064d3bfc700)
0x00000064d3bfc700:   00000064d3bfc7c0 0000000000000000
0x00000064d3bfc710:   0000018e092c9568 00007ffbaf294dce
0x00000064d3bfc720:   0000018e67b094fe 0000018e67b0d621
0x00000064d3bfc730:   0000018e092c9568 0000000000000000
0x00000064d3bfc740:   0000018e092c96c8 0000018e644acac0
0x00000064d3bfc750:   0000018e67b0d2f6 00000064d3bfc758
0x00000064d3bfc760:   0000018e092c9568 00000064d3bfc7c0
0x00000064d3bfc770:   0000018e092d0f98 0000000000000000
0x00000064d3bfc780:   000000070eed55f0 0000018e092c9568
0x00000064d3bfc790:   0000000000000000 00000064d3bfc7c0
0x00000064d3bfc7a0:   00000064d3bfc810 0000018e67b09612
0x00000064d3bfc7b0:   0000000000000000 0000018e67b0af72
0x00000064d3bfc7c0:   000000070eedfca8 00000064d3bfc7c8
0x00000064d3bfc7d0:   0000018e092c96a0 00000064d3bfc820
0x00000064d3bfc7e0:   0000018e092d0f98 0000000000000000
0x00000064d3bfc7f0:   000000070eed55f0 0000018e092c96c8 

Instructions: (pc=0x0000000180012df1)
0x0000000180012cf1:   00 85 c0 48 63 d8 74 13 48 8b cb ff 15 2e 25 00
0x0000000180012d01:   00 66 c7 03 04 00 f3 0f 11 73 08 48 8b 5c 24 40
0x0000000180012d11:   0f 28 74 24 20 48 83 c4 30 5f c3 cc cc cc cc 48
0x0000000180012d21:   89 5c 24 08 48 89 74 24 10 57 48 83 ec 20 48 8b
0x0000000180012d31:   01 41 0f b7 f0 48 8b da 48 8b f9 ff 90 f8 00 00
0x0000000180012d41:   00 4c 8b 17 4c 8d 0d 48 27 00 00 4c 8d 05 bd 33
0x0000000180012d51:   00 00 48 8b cf 48 8b d0 41 ff 92 f0 02 00 00 4c
0x0000000180012d61:   8b 0f 48 8b d3 4c 8b c0 48 8b cf 41 ff 91 20 03
0x0000000180012d71:   00 00 85 c0 48 63 c8 74 10 44 0f b7 ce 45 33 c0
0x0000000180012d81:   48 8b d1 ff 15 46 25 00 00 48 8b 5c 24 30 48 8b
0x0000000180012d91:   74 24 38 48 83 c4 20 5f c3 cc cc cc cc cc cc 48
0x0000000180012da1:   89 5c 24 08 57 48 83 ec 20 48 8b 01 48 8b da 48
0x0000000180012db1:   8b f9 ff 90 f8 00 00 00 4c 8b 17 4c 8d 0d d1 26
0x0000000180012dc1:   00 00 4c 8d 05 46 33 00 00 48 8b d0 48 8b cf 41
0x0000000180012dd1:   ff 92 f0 02 00 00 4c 8b 0f 48 8b d3 4c 8b c0 48
0x0000000180012de1:   8b cf 41 ff 91 20 03 00 00 85 c0 48 63 c8 74 0e
0x0000000180012df1:   66 8b 01 48 8b 5c 24 30 48 83 c4 20 5f c3 66 33
0x0000000180012e01:   c0 48 8b 5c 24 30 48 83 c4 20 5f c3 cc cc cc 48
0x0000000180012e11:   89 5c 24 08 57 48 83 ec 20 48 8b 01 48 8b da 48
0x0000000180012e21:   8b f9 ff 90 f8 00 00 00 4c 8b 17 4c 8d 0d 61 26
0x0000000180012e31:   00 00 4c 8d 05 d6 32 00 00 48 8b d0 48 8b cf 41
0x0000000180012e41:   ff 92 f0 02 00 00 4c 8b 0f 48 8b d3 4c 8b c0 48
0x0000000180012e51:   8b cf 41 ff 91 20 03 00 00 85 c0 48 63 c8 74 11
0x0000000180012e61:   0f b7 01 66 0f ba e0 0d 73 14 48 83 79 08 00 75
0x0000000180012e71:   0d b0 01 48 8b 5c 24 30 48 83 c4 20 5f c3 0f b7
0x0000000180012e81:   c0 85 c0 78 16 83 f8 01 7e e7 83 f8 09 74 05 83
0x0000000180012e91:   f8 0a eb 05 48 83 79 08 00 74 d6 32 c0 48 8b 5c
0x0000000180012ea1:   24 30 48 83 c4 20 5f c3 cc cc cc cc cc cc cc 48
0x0000000180012eb1:   89 5c 24 08 48 89 6c 24 10 48 89 74 24 18 57 48
0x0000000180012ec1:   83 ec 20 48 8b 01 48 8b fa 49 8b d0 49 8b d8 48
0x0000000180012ed1:   8b f1 ff 90 f8 00 00 00 4c 8b 16 4c 8d 0d b1 25
0x0000000180012ee1:   00 00 4c 8d 05 26 32 00 00 48 8b d0 48 8b ce 41 


Stack slot to memory mapping:
stack at sp + 0 slots: 0x00000064d3bfc7c0 is pointing into the stack for thread: 0x0000018e644acac0
stack at sp + 1 slots: 0x0 is NULL
stack at sp + 2 slots: {method} {0x0000018e092c9570} 'getVariantType' '()S' in 'com/jacob/com/Variant'
stack at sp + 3 slots: 0x00007ffbaf294dce jvm.dll
stack at sp + 4 slots: 0x0000018e67b094fe is at code_begin+1118 in an Interpreter codelet
return entry points  [0x0000018e67b090a0, 0x0000018e67b09ba0]  2816 bytes
stack at sp + 5 slots: 0x0000018e67b0d621 is at code_begin+993 in an Interpreter codelet
method entry point (kind = native)  [0x0000018e67b0d240, 0x0000018e67b0dbc0]  2432 bytes
stack at sp + 6 slots: {method} {0x0000018e092c9570} 'getVariantType' '()S' in 'com/jacob/com/Variant'
stack at sp + 7 slots: 0x0 is NULL


---------------  P R O C E S S  ---------------

Threads class SMR info:
_java_thread_list=0x0000018e0598ca50, length=23, elements={
0x0000018e644acac0, 0x0000018e7f049e20, 0x0000018e7f04d310, 0x0000018e7f0b7000,
0x0000018e7f0b74d0, 0x0000018e7f0b99b0, 0x0000018e7f0c1390, 0x0000018e7f0c3fa0,
0x0000018e7f0c44b0, 0x0000018e7f0c49c0, 0x0000018e7f2522d0, 0x0000018e7f1d5020,
0x0000018e0491b190, 0x0000018e062e2550, 0x0000018e05cce900, 0x0000018e04966990,
0x0000018e7fcf6870, 0x0000018e06315b30, 0x0000018e058bc7f0, 0x0000018e058bccc0,
0x0000018e058bc320, 0x0000018e058be4d0, 0x0000018e058bd190
}

Java Threads: ( => current thread )
=>0x0000018e644acac0 JavaThread "main" [_thread_in_native, id=14744, stack(0x00000064d3b00000,0x00000064d3c00000)]
  0x0000018e7f049e20 JavaThread "Reference Handler" daemon [_thread_blocked, id=15180, stack(0x00000064d4200000,0x00000064d4300000)]
  0x0000018e7f04d310 JavaThread "Finalizer" daemon [_thread_blocked, id=8252, stack(0x00000064d4300000,0x00000064d4400000)]
  0x0000018e7f0b7000 JavaThread "Signal Dispatcher" daemon [_thread_blocked, id=14096, stack(0x00000064d4400000,0x00000064d4500000)]
  0x0000018e7f0b74d0 JavaThread "Attach Listener" daemon [_thread_blocked, id=14596, stack(0x00000064d4500000,0x00000064d4600000)]
  0x0000018e7f0b99b0 JavaThread "Service Thread" daemon [_thread_blocked, id=15472, stack(0x00000064d4600000,0x00000064d4700000)]
  0x0000018e7f0c1390 JavaThread "Monitor Deflation Thread" daemon [_thread_blocked, id=2440, stack(0x00000064d4700000,0x00000064d4800000)]
  0x0000018e7f0c3fa0 JavaThread "C2 CompilerThread0" daemon [_thread_blocked, id=8824, stack(0x00000064d4800000,0x00000064d4900000)]
  0x0000018e7f0c44b0 JavaThread "C1 CompilerThread0" daemon [_thread_blocked, id=10868, stack(0x00000064d4900000,0x00000064d4a00000)]
  0x0000018e7f0c49c0 JavaThread "Sweeper thread" daemon [_thread_blocked, id=15956, stack(0x00000064d4a00000,0x00000064d4b00000)]
  0x0000018e7f2522d0 JavaThread "Notification Thread" daemon [_thread_blocked, id=16064, stack(0x00000064d3a00000,0x00000064d3b00000)]
  0x0000018e7f1d5020 JavaThread "Common-Cleaner" daemon [_thread_blocked, id=3344, stack(0x00000064d4c00000,0x00000064d4d00000)]
  0x0000018e0491b190 JavaThread "ReaderThread" [_thread_in_native, id=12892, stack(0x00000064d5100000,0x00000064d5200000)]
  0x0000018e062e2550 JavaThread "ForkJoinPool.commonPool-worker-1" daemon [_thread_blocked, id=7328, stack(0x00000064d5000000,0x00000064d5100000)]
  0x0000018e05cce900 JavaThread "AsyncHttpClient-1-1" daemon [_thread_blocked, id=15448, stack(0x00000064d5200000,0x00000064d5300000)]
  0x0000018e04966990 JavaThread "Exec Default Executor" daemon [_thread_in_native, id=15928, stack(0x00000064d5500000,0x00000064d5600000)]
  0x0000018e7fcf6870 JavaThread "Driver Service Executor" daemon [_thread_blocked, id=6840, stack(0x00000064d5600000,0x00000064d5700000)]
  0x0000018e06315b30 JavaThread "Driver Service Executor" daemon [_thread_blocked, id=8592, stack(0x00000064d5700000,0x00000064d5800000)]
  0x0000018e058bc7f0 JavaThread "Exec Stream Pumper" daemon [_thread_in_native, id=16076, stack(0x00000064d5a00000,0x00000064d5b00000)]
  0x0000018e058bccc0 JavaThread "Exec Stream Pumper" daemon [_thread_in_native, id=12452, stack(0x00000064d5b00000,0x00000064d5c00000)]
  0x0000018e058bc320 JavaThread "AsyncHttpClient-1-2" daemon [_thread_in_native, id=15504, stack(0x00000064d5c00000,0x00000064d5d00000)]
  0x0000018e058be4d0 JavaThread "AsyncHttpClient-1-3" daemon [_thread_in_native, id=15528, stack(0x00000064d5e00000,0x00000064d5f00000)]
  0x0000018e058bd190 JavaThread "AsyncHttpClient-1-4" daemon [_thread_in_native, id=12164, stack(0x00000064d5f00000,0x00000064d6000000)]

Other Threads:
  0x0000018e7f07da10 VMThread "VM Thread" [stack: 0x00000064d4100000,0x00000064d4200000] [id=1288]
  0x0000018e7f2527a0 WatcherThread [stack: 0x00000064d4b00000,0x00000064d4c00000] [id=15380]
  0x0000018e644fa320 GCTaskThread "GC Thread#0" [stack: 0x00000064d3c00000,0x00000064d3d00000] [id=16376]
  0x0000018e7f70dd80 GCTaskThread "GC Thread#1" [stack: 0x00000064d4d00000,0x00000064d4e00000] [id=16088]
  0x0000018e7f988470 GCTaskThread "GC Thread#2" [stack: 0x00000064d4e00000,0x00000064d4f00000] [id=6884]
  0x0000018e7f54b680 GCTaskThread "GC Thread#3" [stack: 0x00000064d4f00000,0x00000064d5000000] [id=15768]
  0x0000018e6450af30 ConcurrentGCThread "G1 Main Marker" [stack: 0x00000064d3d00000,0x00000064d3e00000] [id=10448]
  0x0000018e6450f180 ConcurrentGCThread "G1 Conc#0" [stack: 0x00000064d3e00000,0x00000064d3f00000] [id=5180]
  0x0000018e6451e680 ConcurrentGCThread "G1 Refine#0" [stack: 0x00000064d3f00000,0x00000064d4000000] [id=6928]
  0x0000018e6451e960 ConcurrentGCThread "G1 Service" [stack: 0x00000064d4000000,0x00000064d4100000] [id=13584]

Threads with active compile tasks:

VM state: not at safepoint (normal execution)

VM Mutex/Monitor currently owned by a thread: None

Heap address: 0x0000000701400000, size: 4076 MB, Compressed Oops mode: Zero based, Oop shift amount: 3

CDS archive(s) not mapped
Compressed class space mapped at: 0x0000000800000000-0x0000000840000000, reserved size: 1073741824
Narrow klass base: 0x0000000800000000, Narrow klass shift: 0, Narrow klass range: 0x40000000

GC Precious Log:
 CPUs: 4 total, 4 available
 Memory: 16302M
 Large Page Support: Disabled
 NUMA Support: Disabled
 Compressed Oops: Enabled (Zero based)
 Heap Region Size: 2M
 Heap Min Capacity: 8M
 Heap Initial Capacity: 256M
 Heap Max Capacity: 4076M
 Pre-touch: Disabled
 Parallel Workers: 4
 Concurrent Workers: 1
 Concurrent Refinement Workers: 4
 Periodic GC: Disabled

Heap:
 garbage-first heap   total 75776K, used 45158K [0x0000000701400000, 0x0000000800000000)
  region size 2048K, 4 young (8192K), 1 survivors (2048K)
 Metaspace       used 38498K, committed 38720K, reserved 1089536K
  class space    used 4528K, committed 4608K, reserved 1048576K

Heap Regions: E=young(eden), S=young(survivor), O=old, HS=humongous(starts), HC=humongous(continues), CS=collection set, F=free, OA=open archive, CA=closed archive, TAMS=top-at-mark-start (previous, next)
|   0|0x0000000701400000, 0x0000000701600000, 0x0000000701600000|100%| O|  |TAMS 0x0000000701600000, 0x0000000701400000| Untracked 
|   1|0x0000000701600000, 0x0000000701800000, 0x0000000701800000|100%| O|  |TAMS 0x0000000701800000, 0x0000000701600000| Untracked 
|   2|0x0000000701800000, 0x0000000701a00000, 0x0000000701a00000|100%| O|  |TAMS 0x0000000701a00000, 0x0000000701800000| Untracked 
|   3|0x0000000701a00000, 0x0000000701c00000, 0x0000000701c00000|100%| O|  |TAMS 0x0000000701c00000, 0x0000000701a00000| Untracked 
|   4|0x0000000701c00000, 0x0000000701e00000, 0x0000000701e00000|100%| O|  |TAMS 0x0000000701e00000, 0x0000000701c00000| Untracked 
|   5|0x0000000701e00000, 0x0000000701e49600, 0x0000000702000000| 14%| O|  |TAMS 0x0000000701e49600, 0x0000000701e00000| Untracked 
|   6|0x0000000702000000, 0x0000000702200000, 0x0000000702200000|100%| O|  |TAMS 0x0000000702200000, 0x0000000702000000| Untracked 
|   7|0x0000000702200000, 0x0000000702400000, 0x0000000702400000|100%| O|  |TAMS 0x0000000702400000, 0x0000000702200000| Untracked 
|   8|0x0000000702400000, 0x0000000702600000, 0x0000000702600000|100%| O|  |TAMS 0x0000000702600000, 0x0000000702400000| Untracked 
|   9|0x0000000702600000, 0x0000000702800000, 0x0000000702800000|100%| O|  |TAMS 0x0000000702800000, 0x0000000702600000| Untracked 
|  10|0x0000000702800000, 0x00000007029d0400, 0x0000000702a00000| 90%| O|  |TAMS 0x00000007029d0400, 0x0000000702800000| Untracked 
|  11|0x0000000702a00000, 0x0000000702c00000, 0x0000000702c00000|100%|HS|  |TAMS 0x0000000702c00000, 0x0000000702a00000| Complete 
|  12|0x0000000702c00000, 0x0000000702e00000, 0x0000000702e00000|100%|HC|  |TAMS 0x0000000702e00000, 0x0000000702c00000| Complete 
|  13|0x0000000702e00000, 0x0000000703000000, 0x0000000703000000|100%|HC|  |TAMS 0x0000000703000000, 0x0000000702e00000| Complete 
|  14|0x0000000703000000, 0x0000000703200000, 0x0000000703200000|100%|HC|  |TAMS 0x0000000703200000, 0x0000000703000000| Complete 
|  15|0x0000000703200000, 0x0000000703400000, 0x0000000703400000|100%|HC|  |TAMS 0x0000000703400000, 0x0000000703200000| Complete 
|  16|0x0000000703400000, 0x0000000703600000, 0x0000000703600000|100%|HC|  |TAMS 0x0000000703600000, 0x0000000703400000| Complete 
|  17|0x0000000703600000, 0x0000000703800000, 0x0000000703800000|100%|HC|  |TAMS 0x0000000703800000, 0x0000000703600000| Complete 
|  18|0x0000000703800000, 0x0000000703a00000, 0x0000000703a00000|100%|HC|  |TAMS 0x0000000703a00000, 0x0000000703800000| Complete 
|  19|0x0000000703a00000, 0x0000000703c00000, 0x0000000703c00000|100%|HC|  |TAMS 0x0000000703c00000, 0x0000000703a00000| Complete 
|  20|0x0000000703c00000, 0x0000000703c00000, 0x0000000703e00000|  0%| F|  |TAMS 0x0000000703c00000, 0x0000000703c00000| Untracked 
|  21|0x0000000703e00000, 0x0000000703e00000, 0x0000000704000000|  0%| F|  |TAMS 0x0000000703e00000, 0x0000000703e00000| Untracked 
|  22|0x0000000704000000, 0x0000000704000000, 0x0000000704200000|  0%| F|  |TAMS 0x0000000704000000, 0x0000000704000000| Untracked 
|  23|0x0000000704200000, 0x0000000704200000, 0x0000000704400000|  0%| F|  |TAMS 0x0000000704200000, 0x0000000704200000| Untracked 
|  24|0x0000000704400000, 0x0000000704400000, 0x0000000704600000|  0%| F|  |TAMS 0x0000000704400000, 0x0000000704400000| Untracked 
|  25|0x0000000704600000, 0x0000000704600000, 0x0000000704800000|  0%| F|  |TAMS 0x0000000704600000, 0x0000000704600000| Untracked 
|  26|0x0000000704800000, 0x0000000704800000, 0x0000000704a00000|  0%| F|  |TAMS 0x0000000704800000, 0x0000000704800000| Untracked 
|  27|0x0000000704a00000, 0x0000000704c00000, 0x0000000704c00000|100%| S|CS|TAMS 0x0000000704a00000, 0x0000000704a00000| Complete 
|  28|0x0000000704c00000, 0x0000000704c00000, 0x0000000704e00000|  0%| F|  |TAMS 0x0000000704c00000, 0x0000000704c00000| Untracked 
|  29|0x0000000704e00000, 0x0000000704e00000, 0x0000000705000000|  0%| F|  |TAMS 0x0000000704e00000, 0x0000000704e00000| Untracked 
|  30|0x0000000705000000, 0x0000000705000000, 0x0000000705200000|  0%| F|  |TAMS 0x0000000705000000, 0x0000000705000000| Untracked 
|  31|0x0000000705200000, 0x0000000705200000, 0x0000000705400000|  0%| F|  |TAMS 0x0000000705200000, 0x0000000705200000| Untracked 
|  32|0x0000000705400000, 0x0000000705400000, 0x0000000705600000|  0%| F|  |TAMS 0x0000000705400000, 0x0000000705400000| Untracked 
| 108|0x000000070ec00000, 0x000000070ec00000, 0x000000070ee00000|  0%| F|  |TAMS 0x000000070ec00000, 0x000000070ec00000| Untracked 
| 109|0x000000070ee00000, 0x000000070eef22a8, 0x000000070f000000| 47%| E|  |TAMS 0x000000070ee00000, 0x000000070ee00000| Complete 
| 110|0x000000070f000000, 0x000000070f200000, 0x000000070f200000|100%| E|CS|TAMS 0x000000070f000000, 0x000000070f000000| Complete 
| 127|0x0000000711200000, 0x0000000711400000, 0x0000000711400000|100%| E|CS|TAMS 0x0000000711200000, 0x0000000711200000| Complete 

Card table byte_map: [0x0000018e77300000,0x0000018e77b00000] _byte_map_base: 0x0000018e73af6000

Marking Bits (Prev, Next): (CMBitMap*) 0x0000018e644fa780, (CMBitMap*) 0x0000018e644fa740
 Prev Bits: [0x0000018e00000000, 0x0000018e03fb0000)
 Next Bits: [0x0000018e78300000, 0x0000018e7c2b0000)

Polling page: 0x0000018e622e0000

Metaspace:

Usage:
  Non-class:     33.17 MB used.
      Class:      4.42 MB used.
       Both:     37.60 MB used.

Virtual space:
  Non-class space:       40.00 MB reserved,      33.31 MB ( 83%) committed,  5 nodes.
      Class space:        1.00 GB reserved,       4.50 MB ( <1%) committed,  1 nodes.
             Both:        1.04 GB reserved,      37.81 MB (  4%) committed. 

Chunk freelists:
   Non-Class:  1.14 MB
       Class:  3.32 MB
        Both:  4.46 MB

MaxMetaspaceSize: unlimited
CompressedClassSpaceSize: 1.00 GB
Initial GC threshold: 21.00 MB
Current GC threshold: 62.50 MB
CDS: off
MetaspaceReclaimPolicy: balanced
 - commit_granule_bytes: 65536.
 - commit_granule_words: 8192.
 - virtual_space_node_default_size: 1048576.
 - enlarge_chunks_in_place: 1.
 - new_chunks_are_fully_committed: 0.
 - uncommit_free_chunks: 1.
 - use_allocation_guard: 0.
 - handle_deallocations: 1.


Internal statistics:

num_allocs_failed_limit: 6.
num_arena_births: 228.
num_arena_deaths: 0.
num_vsnodes_births: 6.
num_vsnodes_deaths: 0.
num_space_committed: 605.
num_space_uncommitted: 0.
num_chunks_returned_to_freelist: 6.
num_chunks_taken_from_freelist: 1079.
num_chunk_merges: 3.
num_chunk_splits: 728.
num_chunks_enlarged: 567.
num_purges: 0.
num_inconsistent_stats: 0.

CodeHeap 'non-profiled nmethods': size=120000Kb used=2065Kb max_used=2065Kb free=117934Kb
 bounds [0x0000018e6f5d0000, 0x0000018e6f840000, 0x0000018e76b00000]
CodeHeap 'profiled nmethods': size=120000Kb used=8790Kb max_used=8790Kb free=111209Kb
 bounds [0x0000018e680a0000, 0x0000018e68940000, 0x0000018e6f5d0000]
CodeHeap 'non-nmethods': size=5760Kb used=1279Kb max_used=1318Kb free=4481Kb
 bounds [0x0000018e67b00000, 0x0000018e67d70000, 0x0000018e680a0000]
 total_blobs=4798 nmethods=4207 adapters=503
 compilation: enabled
              stopped_count=0, restarted_count=0
 full_count=0

Compilation events (20 events):
Event: 78.437 Thread 0x0000018e7f0c44b0 4198       3       io.netty.handler.codec.HeadersUtils$StringIterator::hasNext (10 bytes)
Event: 78.437 Thread 0x0000018e7f0c44b0 nmethod 4198 0x0000018e68933890 code [0x0000018e68933a40, 0x0000018e68933c28]
Event: 78.438 Thread 0x0000018e7f0c44b0 4199       3       org.openqa.selenium.json.JsonOutput::append (18 bytes)
Event: 78.438 Thread 0x0000018e7f0c44b0 nmethod 4199 0x0000018e68933d10 code [0x0000018e68933ec0, 0x0000018e68934278]
Event: 78.438 Thread 0x0000018e7f0c44b0 4200       3       com.google.common.collect.ArrayListMultimap::keySet (5 bytes)
Event: 78.438 Thread 0x0000018e7f0c44b0 nmethod 4200 0x0000018e68934390 code [0x0000018e68934540, 0x0000018e68934848]
Event: 78.438 Thread 0x0000018e7f0c44b0 4201       3       com.google.common.collect.AbstractMultimap::keySet (23 bytes)
Event: 78.438 Thread 0x0000018e7f0c44b0 nmethod 4201 0x0000018e68934910 code [0x0000018e68934ac0, 0x0000018e68934d68]
Event: 78.451 Thread 0x0000018e7f0c3fa0 4202       4       com.google.common.base.CharMatcher$AnyOf::matches (17 bytes)
Event: 78.452 Thread 0x0000018e7f0c3fa0 nmethod 4202 0x0000018e6f7d3c10 code [0x0000018e6f7d3d80, 0x0000018e6f7d3e98]
Event: 79.655 Thread 0x0000018e7f0c44b0 4203       3       org.asynchttpclient.netty.channel.DefaultChannelPool::access$500 (4 bytes)
Event: 79.656 Thread 0x0000018e7f0c44b0 nmethod 4203 0x0000018e68934e10 code [0x0000018e68934fa0, 0x0000018e68935098]
Event: 81.855 Thread 0x0000018e7f0c44b0 4204       1       java.util.Collections$EmptyList::size (2 bytes)
Event: 81.855 Thread 0x0000018e7f0c44b0 nmethod 4204 0x0000018e6f7d3f90 code [0x0000018e6f7d4120, 0x0000018e6f7d41f8]
Event: 83.458 Thread 0x0000018e7f0c44b0 4206       3       java.util.concurrent.ConcurrentHashMap::<init> (9 bytes)
Event: 83.458 Thread 0x0000018e7f0c44b0 nmethod 4206 0x0000018e68935110 code [0x0000018e689352e0, 0x0000018e68935428]
Event: 83.458 Thread 0x0000018e7f0c44b0 4205       3       java.security.PermissionCollection::<init> (5 bytes)
Event: 83.458 Thread 0x0000018e7f0c44b0 nmethod 4205 0x0000018e68935510 code [0x0000018e689356a0, 0x0000018e689357f8]
Event: 83.471 Thread 0x0000018e7f0c3fa0 4207   !   4       java.nio.DirectIntBufferU::get (34 bytes)
Event: 83.473 Thread 0x0000018e7f0c3fa0 nmethod 4207 0x0000018e6f7d4290 code [0x0000018e6f7d4400, 0x0000018e6f7d44d8]

GC Heap History (18 events):
Event: 4.304 GC heap before
{Heap before GC invocations=0 (full 0):
 garbage-first heap   total 262144K, used 10240K [0x0000000701400000, 0x0000000800000000)
  region size 2048K, 6 young (12288K), 0 survivors (0K)
 Metaspace       used 4930K, committed 4992K, reserved 1056768K
  class space    used 395K, committed 448K, reserved 1048576K
}
Event: 4.306 GC heap after
{Heap after GC invocations=1 (full 0):
 garbage-first heap   total 262144K, used 8192K [0x0000000701400000, 0x0000000800000000)
  region size 2048K, 1 young (2048K), 1 survivors (2048K)
 Metaspace       used 4930K, committed 4992K, reserved 1056768K
  class space    used 395K, committed 448K, reserved 1048576K
}
Event: 5.096 GC heap before
{Heap before GC invocations=1 (full 0):
 garbage-first heap   total 262144K, used 18432K [0x0000000701400000, 0x0000000800000000)
  region size 2048K, 6 young (12288K), 1 survivors (2048K)
 Metaspace       used 10505K, committed 10688K, reserved 1064960K
  class space    used 939K, committed 1024K, reserved 1048576K
}
Event: 5.098 GC heap after
{Heap after GC invocations=2 (full 0):
 garbage-first heap   total 262144K, used 10504K [0x0000000701400000, 0x0000000800000000)
  region size 2048K, 1 young (2048K), 1 survivors (2048K)
 Metaspace       used 10505K, committed 10688K, reserved 1064960K
  class space    used 939K, committed 1024K, reserved 1048576K
}
Event: 5.520 GC heap before
{Heap before GC invocations=2 (full 0):
 garbage-first heap   total 262144K, used 24840K [0x0000000701400000, 0x0000000800000000)
  region size 2048K, 8 young (16384K), 1 survivors (2048K)
 Metaspace       used 14116K, committed 14272K, reserved 1064960K
  class space    used 1401K, committed 1472K, reserved 1048576K
}
Event: 5.523 GC heap after
{Heap after GC invocations=3 (full 0):
 garbage-first heap   total 262144K, used 11896K [0x0000000701400000, 0x0000000800000000)
  region size 2048K, 1 young (2048K), 1 survivors (2048K)
 Metaspace       used 14116K, committed 14272K, reserved 1064960K
  class space    used 1401K, committed 1472K, reserved 1048576K
}
Event: 6.821 GC heap before
{Heap before GC invocations=3 (full 0):
 garbage-first heap   total 262144K, used 42616K [0x0000000701400000, 0x0000000800000000)
  region size 2048K, 17 young (34816K), 1 survivors (2048K)
 Metaspace       used 21318K, committed 21504K, reserved 1073152K
  class space    used 2293K, committed 2432K, reserved 1048576K
}
Event: 6.826 GC heap after
{Heap after GC invocations=4 (full 0):
 garbage-first heap   total 262144K, used 15570K [0x0000000701400000, 0x0000000800000000)
  region size 2048K, 3 young (6144K), 3 survivors (6144K)
 Metaspace       used 21318K, committed 21504K, reserved 1073152K
  class space    used 2293K, committed 2432K, reserved 1048576K
}
Event: 8.675 GC heap before
{Heap before GC invocations=5 (full 0):
 garbage-first heap   total 69632K, used 50386K [0x0000000701400000, 0x0000000800000000)
  region size 2048K, 20 young (40960K), 3 survivors (6144K)
 Metaspace       used 30175K, committed 30400K, reserved 1081344K
  class space    used 3411K, committed 3520K, reserved 1048576K
}
Event: 8.682 GC heap after
{Heap after GC invocations=6 (full 0):
 garbage-first heap   total 69632K, used 19512K [0x0000000701400000, 0x0000000800000000)
  region size 2048K, 2 young (4096K), 2 survivors (4096K)
 Metaspace       used 30175K, committed 30400K, reserved 1081344K
  class space    used 3411K, committed 3520K, reserved 1048576K
}
Event: 9.744 GC heap before
{Heap before GC invocations=6 (full 0):
 garbage-first heap   total 69632K, used 37944K [0x0000000701400000, 0x0000000800000000)
  region size 2048K, 12 young (24576K), 2 survivors (4096K)
 Metaspace       used 34591K, committed 34752K, reserved 1081344K
  class space    used 4078K, committed 4160K, reserved 1048576K
}
Event: 9.748 GC heap after
{Heap after GC invocations=7 (full 0):
 garbage-first heap   total 69632K, used 20902K [0x0000000701400000, 0x0000000800000000)
  region size 2048K, 1 young (2048K), 1 survivors (2048K)
 Metaspace       used 34591K, committed 34752K, reserved 1081344K
  class space    used 4078K, committed 4160K, reserved 1048576K
}
Event: 11.398 GC heap before
{Heap before GC invocations=7 (full 0):
 garbage-first heap   total 69632K, used 43430K [0x0000000701400000, 0x0000000800000000)
  region size 2048K, 4 young (8192K), 1 survivors (2048K)
 Metaspace       used 35737K, committed 35968K, reserved 1081344K
  class space    used 4242K, committed 4352K, reserved 1048576K
}
Event: 11.400 GC heap after
{Heap after GC invocations=8 (full 0):
 garbage-first heap   total 69632K, used 39509K [0x0000000701400000, 0x0000000800000000)
  region size 2048K, 1 young (2048K), 1 survivors (2048K)
 Metaspace       used 35737K, committed 35968K, reserved 1081344K
  class space    used 4242K, committed 4352K, reserved 1048576K
}
Event: 18.970 GC heap before
{Heap before GC invocations=9 (full 0):
 garbage-first heap   total 75776K, used 49749K [0x0000000701400000, 0x0000000800000000)
  region size 2048K, 6 young (12288K), 1 survivors (2048K)
 Metaspace       used 37510K, committed 37824K, reserved 1089536K
  class space    used 4475K, committed 4608K, reserved 1048576K
}
Event: 18.973 GC heap after
{Heap after GC invocations=10 (full 0):
 garbage-first heap   total 75776K, used 40993K [0x0000000701400000, 0x0000000800000000)
  region size 2048K, 1 young (2048K), 1 survivors (2048K)
 Metaspace       used 37510K, committed 37824K, reserved 1089536K
  class space    used 4475K, committed 4608K, reserved 1048576K
}
Event: 63.119 GC heap before
{Heap before GC invocations=10 (full 0):
 garbage-first heap   total 75776K, used 55329K [0x0000000701400000, 0x0000000800000000)
  region size 2048K, 9 young (18432K), 1 survivors (2048K)
 Metaspace       used 38178K, committed 38400K, reserved 1089536K
  class space    used 4514K, committed 4608K, reserved 1048576K
}
Event: 63.122 GC heap after
{Heap after GC invocations=11 (full 0):
 garbage-first heap   total 75776K, used 41062K [0x0000000701400000, 0x0000000800000000)
  region size 2048K, 1 young (2048K), 1 survivors (2048K)
 Metaspace       used 38178K, committed 38400K, reserved 1089536K
  class space    used 4514K, committed 4608K, reserved 1048576K
}

Deoptimization events (20 events):
Event: 13.495 Thread 0x0000018e644acac0 DEOPT PACKING pc=0x0000018e6862ee1c sp=0x00000064d3bfc4b0
Event: 13.495 Thread 0x0000018e644acac0 DEOPT UNPACKING pc=0x0000018e67b52b43 sp=0x00000064d3bfba08 mode 0
Event: 26.059 Thread 0x0000018e644acac0 Uncommon trap: trap_request=0xffffffde fr.pc=0x0000018e6f6dcbcc relative=0x000000000000048c
Event: 26.059 Thread 0x0000018e644acac0 Uncommon trap: reason=class_check action=maybe_recompile pc=0x0000018e6f6dcbcc method=java.lang.AbstractStringBuilder.append(Ljava/lang/CharSequence;II)Ljava/lang/AbstractStringBuilder; @ 10 c2
Event: 26.059 Thread 0x0000018e644acac0 DEOPT PACKING pc=0x0000018e6f6dcbcc sp=0x00000064d3bfbbd0
Event: 26.059 Thread 0x0000018e644acac0 DEOPT UNPACKING pc=0x0000018e67b523a3 sp=0x00000064d3bfbb88 mode 2
Event: 26.059 Thread 0x0000018e644acac0 Uncommon trap: trap_request=0xffffffde fr.pc=0x0000018e6f6dcbcc relative=0x000000000000048c
Event: 26.059 Thread 0x0000018e644acac0 Uncommon trap: reason=class_check action=maybe_recompile pc=0x0000018e6f6dcbcc method=java.lang.AbstractStringBuilder.append(Ljava/lang/CharSequence;II)Ljava/lang/AbstractStringBuilder; @ 10 c2
Event: 26.059 Thread 0x0000018e644acac0 DEOPT PACKING pc=0x0000018e6f6dcbcc sp=0x00000064d3bfbbd0
Event: 26.059 Thread 0x0000018e644acac0 DEOPT UNPACKING pc=0x0000018e67b523a3 sp=0x00000064d3bfbb88 mode 2
Event: 26.059 Thread 0x0000018e644acac0 Uncommon trap: trap_request=0xffffffde fr.pc=0x0000018e6f6dcbcc relative=0x000000000000048c
Event: 26.059 Thread 0x0000018e644acac0 Uncommon trap: reason=class_check action=maybe_recompile pc=0x0000018e6f6dcbcc method=java.lang.AbstractStringBuilder.append(Ljava/lang/CharSequence;II)Ljava/lang/AbstractStringBuilder; @ 10 c2
Event: 26.059 Thread 0x0000018e644acac0 DEOPT PACKING pc=0x0000018e6f6dcbcc sp=0x00000064d3bfbbd0
Event: 26.059 Thread 0x0000018e644acac0 DEOPT UNPACKING pc=0x0000018e67b523a3 sp=0x00000064d3bfbb88 mode 2
Event: 26.059 Thread 0x0000018e644acac0 Uncommon trap: trap_request=0xffffffde fr.pc=0x0000018e6f6dcbcc relative=0x000000000000048c
Event: 26.059 Thread 0x0000018e644acac0 Uncommon trap: reason=class_check action=maybe_recompile pc=0x0000018e6f6dcbcc method=java.lang.AbstractStringBuilder.append(Ljava/lang/CharSequence;II)Ljava/lang/AbstractStringBuilder; @ 10 c2
Event: 26.059 Thread 0x0000018e644acac0 DEOPT PACKING pc=0x0000018e6f6dcbcc sp=0x00000064d3bfbbd0
Event: 26.059 Thread 0x0000018e644acac0 DEOPT UNPACKING pc=0x0000018e67b523a3 sp=0x00000064d3bfbb88 mode 2
Event: 26.567 Thread 0x0000018e644acac0 DEOPT PACKING pc=0x0000018e687e4e33 sp=0x00000064d3bfba90
Event: 26.567 Thread 0x0000018e644acac0 DEOPT UNPACKING pc=0x0000018e67b52b43 sp=0x00000064d3bfaf40 mode 0

Classes unloaded (0 events):
No events

Classes redefined (0 events):
No events

Internal exceptions (20 events):
Event: 8.852 Thread 0x0000018e04966990 Exception <a 'java/lang/NoSuchMethodError'{0x000000070ef00328}: 'java.lang.Object java.lang.invoke.DirectMethodHandle$Holder.invokeStaticInit(java.lang.Object, java.lang.Object, long, java.lang.Object)'> (0x000000070ef00328) 
thrown [e:\jenkins\tmp\workspace\build\src\src\hotspot\share\interpreter\linkResolver.cpp, line 766]
Event: 8.852 Thread 0x0000018e04966990 Exception <a 'java/lang/NoSuchMethodError'{0x000000070ef517e8}: 'java.lang.Object java.lang.invoke.DirectMethodHandle$Holder.newInvokeSpecial(java.lang.Object, java.lang.Object, long)'> (0x000000070ef517e8) 
thrown [e:\jenkins\tmp\workspace\build\src\src\hotspot\share\interpreter\linkResolver.cpp, line 766]
Event: 8.852 Thread 0x0000018e04966990 Exception <a 'java/lang/NoSuchMethodError'{0x000000070ef55358}: 'java.lang.Object java.lang.invoke.Invokers$Holder.linkToTargetMethod(java.lang.Object, long, java.lang.Object)'> (0x000000070ef55358) 
thrown [e:\jenkins\tmp\workspace\build\src\src\hotspot\share\interpreter\linkResolver.cpp, line 766]
Event: 8.861 Thread 0x0000018e0644bb10 Exception <a 'java/net/ConnectException'{0x000000070ef35788}: Connection refused: no further information> (0x000000070ef35788) 
thrown [e:\jenkins\tmp\workspace\build\src\src\hotspot\share\prims\jni.cpp, line 535]
Event: 8.861 Thread 0x0000018e0644bb10 Exception <a 'java/net/SocketException'{0x000000070ef35ac0}: Socket is not connected: shutdown> (0x000000070ef35ac0) 
thrown [e:\jenkins\tmp\workspace\build\src\src\hotspot\share\prims\jni.cpp, line 535]
Event: 8.908 Thread 0x0000018e0644bb10 Exception <a 'java/net/ConnectException'{0x000000070ef36a58}: Connection refused: no further information> (0x000000070ef36a58) 
thrown [e:\jenkins\tmp\workspace\build\src\src\hotspot\share\prims\jni.cpp, line 535]
Event: 8.908 Thread 0x0000018e0644bb10 Exception <a 'java/net/SocketException'{0x000000070ef36d90}: Socket is not connected: shutdown> (0x000000070ef36d90) 
thrown [e:\jenkins\tmp\workspace\build\src\src\hotspot\share\prims\jni.cpp, line 535]
Event: 9.001 Thread 0x0000018e0644bb10 Exception <a 'java/net/ConnectException'{0x000000070ef37d28}: Connection refused: no further information> (0x000000070ef37d28) 
thrown [e:\jenkins\tmp\workspace\build\src\src\hotspot\share\prims\jni.cpp, line 535]
Event: 9.001 Thread 0x0000018e0644bb10 Exception <a 'java/net/SocketException'{0x000000070ef38060}: Socket is not connected: shutdown> (0x000000070ef38060) 
thrown [e:\jenkins\tmp\workspace\build\src\src\hotspot\share\prims\jni.cpp, line 535]
Event: 9.218 Thread 0x0000018e644acac0 Exception <a 'java/lang/NoSuchMethodError'{0x000000070efd2938}: 'double java.lang.invoke.DirectMethodHandle$Holder.invokeVirtual(java.lang.Object, java.lang.Object)'> (0x000000070efd2938) 
thrown [e:\jenkins\tmp\workspace\build\src\src\hotspot\share\interpreter\linkResolver.cpp, line 766]
Event: 9.219 Thread 0x0000018e644acac0 Exception <a 'java/lang/NoSuchMethodError'{0x000000070efd9388}: 'float java.lang.invoke.DirectMethodHandle$Holder.invokeVirtual(java.lang.Object, java.lang.Object)'> (0x000000070efd9388) 
thrown [e:\jenkins\tmp\workspace\build\src\src\hotspot\share\interpreter\linkResolver.cpp, line 766]
Event: 9.220 Thread 0x0000018e644acac0 Exception <a 'java/lang/NoSuchMethodError'{0x000000070efe2648}: 'long java.lang.invoke.DirectMethodHandle$Holder.invokeVirtual(java.lang.Object, java.lang.Object)'> (0x000000070efe2648) 
thrown [e:\jenkins\tmp\workspace\build\src\src\hotspot\share\interpreter\linkResolver.cpp, line 766]
Event: 9.253 Thread 0x0000018e644acac0 Exception <a 'java/lang/NoSuchMethodError'{0x000000070ed34728}: 'void java.lang.invoke.DirectMethodHandle$Holder.invokeStatic(java.lang.Object, java.lang.Object, int)'> (0x000000070ed34728) 
thrown [e:\jenkins\tmp\workspace\build\src\src\hotspot\share\interpreter\linkResolver.cpp, line 766]
Event: 9.300 Thread 0x0000018e644acac0 Exception <a 'java/lang/NoSuchMethodError'{0x0000000704f63fb0}: 'int java.lang.invoke.DirectMethodHandle$Holder.invokeSpecialIFC(java.lang.Object, java.lang.Object, java.lang.Object)'> (0x0000000704f63fb0) 
thrown [e:\jenkins\tmp\workspace\build\src\src\hotspot\share\interpreter\linkResolver.cpp, line 766]
Event: 9.377 Thread 0x0000018e644acac0 Exception <a 'java/lang/NoSuchMethodError'{0x0000000704ae9850}: 'void java.lang.invoke.DirectMethodHandle$Holder.invokeSpecial(java.lang.Object, java.lang.Object, java.lang.Object, java.lang.Object, java.lang.Object, java.lang.Object)'> (0x0000000704ae9850) 
thrown [e:\jenkins\tmp\workspace\build\src\src\hotspot\share\interpreter\linkResolver.cpp, line 766]
Event: 11.379 Thread 0x0000018e644acac0 Exception <a 'java/lang/NoSuchMethodError'{0x000000070f182208}: 'java.lang.Object java.lang.invoke.DirectMethodHandle$Holder.invokeSpecialIFC(java.lang.Object, java.lang.Object, java.lang.Object)'> (0x000000070f182208) 
thrown [e:\jenkins\tmp\workspace\build\src\src\hotspot\share\interpreter\linkResolver.cpp, line 766]
Event: 11.405 Thread 0x0000018e644acac0 Exception <a 'java/lang/NoSuchMethodError'{0x00000007112076a8}: 'java.lang.Object java.lang.invoke.DirectMethodHandle$Holder.invokeStatic(java.lang.Object, int, java.lang.Object)'> (0x00000007112076a8) 
thrown [e:\jenkins\tmp\workspace\build\src\src\hotspot\share\interpreter\linkResolver.cpp, line 766]
Event: 11.412 Thread 0x0000018e644acac0 Exception <a 'java/lang/ClassNotFoundException'{0x0000000711219780}: sun/util/logging/resources/spi/loggingProvider> (0x0000000711219780) 
thrown [e:\jenkins\tmp\workspace\build\src\src\hotspot\share\classfile\systemDictionary.cpp, line 256]
Event: 13.420 Thread 0x0000018e644acac0 Exception <a 'java/lang/NoSuchMethodError'{0x000000070eef5718}: 'void java.lang.invoke.DirectMethodHandle$Holder.invokeVirtual(java.lang.Object, java.lang.Object)'> (0x000000070eef5718) 
thrown [e:\jenkins\tmp\workspace\build\src\src\hotspot\share\interpreter\linkResolver.cpp, line 766]
Event: 28.683 Thread 0x0000018e644acac0 Exception <a 'java/lang/ClassNotFoundException'{0x0000000705448410}: sun/misc/SharedSecrets> (0x0000000705448410) 
thrown [e:\jenkins\tmp\workspace\build\src\src\hotspot\share\classfile\systemDictionary.cpp, line 256]

VM Operations (20 events):
Event: 46.230 Executing VM operation: Cleanup
Event: 46.230 Executing VM operation: Cleanup done
Event: 63.119 Executing VM operation: G1CollectForAllocation
Event: 63.122 Executing VM operation: G1CollectForAllocation done
Event: 63.145 Executing VM operation: G1Concurrent
Event: 63.147 Executing VM operation: G1Concurrent done
Event: 63.154 Executing VM operation: G1Concurrent
Event: 63.155 Executing VM operation: G1Concurrent done
Event: 70.213 Executing VM operation: Cleanup
Event: 70.213 Executing VM operation: Cleanup done
Event: 72.231 Executing VM operation: Cleanup
Event: 72.231 Executing VM operation: Cleanup done
Event: 73.239 Executing VM operation: Cleanup
Event: 73.239 Executing VM operation: Cleanup done
Event: 74.240 Executing VM operation: Cleanup
Event: 74.240 Executing VM operation: Cleanup done
Event: 79.281 Executing VM operation: Cleanup
Event: 79.281 Executing VM operation: Cleanup done
Event: 84.341 Executing VM operation: Cleanup
Event: 84.341 Executing VM operation: Cleanup done

Events (20 events):
Event: 18.947 loading class jdk/internal/reflect/UnsafeStaticObjectFieldAccessorImpl done
Event: 18.947 loading class java/util/AbstractList$ListItr
Event: 18.947 loading class java/util/AbstractList$ListItr done
Event: 26.019 loading class java/time/Clock$SystemClock
Event: 26.019 loading class java/time/Clock$SystemClock done
Event: 26.022 loading class java/time/Instant$1
Event: 26.022 loading class java/time/Instant$1 done
Event: 26.067 Thread 0x0000018e0460dd20 Thread added: 0x0000018e0460dd20
Event: 26.362 Thread 0x0000018e0460dd20 Thread exited: 0x0000018e0460dd20
Event: 26.558 loading class java/util/function/BooleanSupplier
Event: 26.558 loading class java/util/function/BooleanSupplier done
Event: 28.683 loading class sun/misc/SharedSecrets
Event: 28.683 loading class sun/misc/SharedSecrets done
Event: 69.200 loading class java/util/IdentityHashMap$KeyIterator
Event: 69.201 loading class java/util/IdentityHashMap$IdentityHashMapIterator
Event: 69.201 loading class java/util/IdentityHashMap$IdentityHashMapIterator done
Event: 69.201 loading class java/util/IdentityHashMap$KeyIterator done
Event: 69.201 Thread 0x0000018e0644bb10 Thread exited: 0x0000018e0644bb10
Event: 71.487 Thread 0x0000018e04d797a0 Thread exited: 0x0000018e04d797a0
Event: 83.537 Loaded shared library C:\Users\Siddhant.Ingole.IN\eclipse-workspace\DS-2.0\AutoItLib\jacob-1.14.3-x64.dll


Dynamic libraries:
0x00007ff6e2530000 - 0x00007ff6e253e000 	C:\Users\siddhant.ingole\.p2\pool\plugins\org.eclipse.justj.openjdk.hotspot.jre.full.win32.x86_64_17.0.2.v20220201-1208\jre\bin\javaw.exe
0x00007ffbe0dd0000 - 0x00007ffbe0fc8000 	C:\Windows\SYSTEM32\ntdll.dll
0x00007ffbdfa00000 - 0x00007ffbdfabd000 	C:\Windows\System32\KERNEL32.DLL
0x00007ffbdeb60000 - 0x00007ffbdee2e000 	C:\Windows\System32\KERNELBASE.dll
0x0000000054660000 - 0x000000005470e000 	C:\Windows\System32\SYSFER.DLL
0x00007ffbc1340000 - 0x00007ffbc167a000 	C:\Windows\system32\ctiuser.dll
0x00007ffbde660000 - 0x00007ffbde760000 	C:\Windows\System32\ucrtbase.dll
0x00007ffbc0a30000 - 0x00007ffbc0a49000 	C:\Users\siddhant.ingole\.p2\pool\plugins\org.eclipse.justj.openjdk.hotspot.jre.full.win32.x86_64_17.0.2.v20220201-1208\jre\bin\VCRUNTIME140.dll
0x00007ffbd8590000 - 0x00007ffbd85a8000 	C:\Users\siddhant.ingole\.p2\pool\plugins\org.eclipse.justj.openjdk.hotspot.jre.full.win32.x86_64_17.0.2.v20220201-1208\jre\bin\jli.dll
0x00007ffbdf340000 - 0x00007ffbdf4e0000 	C:\Windows\System32\USER32.dll
0x00007ffbde520000 - 0x00007ffbde542000 	C:\Windows\System32\win32u.dll
0x00007ffbdf310000 - 0x00007ffbdf33a000 	C:\Windows\System32\GDI32.dll
0x00007ffbde550000 - 0x00007ffbde65b000 	C:\Windows\System32\gdi32full.dll
0x00007ffbde880000 - 0x00007ffbde91d000 	C:\Windows\System32\msvcp_win.dll
0x00007ffbcdfe0000 - 0x00007ffbce27a000 	C:\Windows\WinSxS\amd64_microsoft.windows.common-controls_6595b64144ccf1df_6.0.19041.1110_none_60b5254171f9507e\COMCTL32.dll
0x00007ffbdfd10000 - 0x00007ffbdfdae000 	C:\Windows\System32\msvcrt.dll
0x00007ffbdff30000 - 0x00007ffbdffde000 	C:\Windows\System32\ADVAPI32.dll
0x00007ffbdee30000 - 0x00007ffbdeecc000 	C:\Windows\System32\sechost.dll
0x00007ffbdffe0000 - 0x00007ffbe0105000 	C:\Windows\System32\RPCRT4.dll
0x00007ffbd7b40000 - 0x00007ffbd7b4b000 	C:\Windows\system32\FLTLIB.DLL
0x00007ffbdf0e0000 - 0x00007ffbdf110000 	C:\Windows\System32\IMM32.DLL
0x00007ffbc4360000 - 0x00007ffbc436c000 	C:\Users\siddhant.ingole\.p2\pool\plugins\org.eclipse.justj.openjdk.hotspot.jre.full.win32.x86_64_17.0.2.v20220201-1208\jre\bin\vcruntime140_1.dll
0x00007ffbb26a0000 - 0x00007ffbb2731000 	C:\Users\siddhant.ingole\.p2\pool\plugins\org.eclipse.justj.openjdk.hotspot.jre.full.win32.x86_64_17.0.2.v20220201-1208\jre\bin\msvcp140.dll
0x00007ffbaec70000 - 0x00007ffbaf8b7000 	C:\Users\siddhant.ingole\.p2\pool\plugins\org.eclipse.justj.openjdk.hotspot.jre.full.win32.x86_64_17.0.2.v20220201-1208\jre\bin\server\jvm.dll
0x00007ffbdf110000 - 0x00007ffbdf118000 	C:\Windows\System32\PSAPI.DLL
0x00007ffbb9d00000 - 0x00007ffbb9d09000 	C:\Windows\SYSTEM32\WSOCK32.dll
0x00007ffbdf610000 - 0x00007ffbdf67b000 	C:\Windows\System32\WS2_32.dll
0x00007ffbbd870000 - 0x00007ffbbd897000 	C:\Windows\SYSTEM32\WINMM.dll
0x00007ffbd6ab0000 - 0x00007ffbd6aba000 	C:\Windows\SYSTEM32\VERSION.dll
0x00007ffbdc410000 - 0x00007ffbdc422000 	C:\Windows\SYSTEM32\kernel.appcore.dll
0x00007ffbc4200000 - 0x00007ffbc420a000 	C:\Users\siddhant.ingole\.p2\pool\plugins\org.eclipse.justj.openjdk.hotspot.jre.full.win32.x86_64_17.0.2.v20220201-1208\jre\bin\jimage.dll
0x00007ffbcc030000 - 0x00007ffbcc214000 	C:\Windows\SYSTEM32\DBGHELP.DLL
0x00007ffbcc430000 - 0x00007ffbcc45c000 	C:\Windows\SYSTEM32\dbgcore.DLL
0x00007ffbde920000 - 0x00007ffbde9a2000 	C:\Windows\System32\bcryptPrimitives.dll
0x00007ffbc0a00000 - 0x00007ffbc0a25000 	C:\Users\siddhant.ingole\.p2\pool\plugins\org.eclipse.justj.openjdk.hotspot.jre.full.win32.x86_64_17.0.2.v20220201-1208\jre\bin\java.dll
0x00007ffbc09e0000 - 0x00007ffbc09f8000 	C:\Users\siddhant.ingole\.p2\pool\plugins\org.eclipse.justj.openjdk.hotspot.jre.full.win32.x86_64_17.0.2.v20220201-1208\jre\bin\zip.dll
0x00007ffbe0170000 - 0x00007ffbe08b4000 	C:\Windows\System32\SHELL32.dll
0x00007ffbdc610000 - 0x00007ffbdcda4000 	C:\Windows\SYSTEM32\windows.storage.dll
0x00007ffbdf680000 - 0x00007ffbdf9d4000 	C:\Windows\System32\combase.dll
0x00007ffbddee0000 - 0x00007ffbddf10000 	C:\Windows\SYSTEM32\Wldp.dll
0x00007ffbdfdb0000 - 0x00007ffbdfe5d000 	C:\Windows\System32\SHCORE.dll
0x00007ffbdf200000 - 0x00007ffbdf255000 	C:\Windows\System32\shlwapi.dll
0x00007ffbde430000 - 0x00007ffbde44f000 	C:\Windows\SYSTEM32\profapi.dll
0x00007ffbc09c0000 - 0x00007ffbc09d9000 	C:\Users\siddhant.ingole\.p2\pool\plugins\org.eclipse.justj.openjdk.hotspot.jre.full.win32.x86_64_17.0.2.v20220201-1208\jre\bin\net.dll
0x00007ffbd7b50000 - 0x00007ffbd7c5a000 	C:\Windows\SYSTEM32\WINHTTP.dll
0x00007ffbddc40000 - 0x00007ffbddcaa000 	C:\Windows\system32\mswsock.dll
0x00007ffbc09a0000 - 0x00007ffbc09b5000 	C:\Users\siddhant.ingole\.p2\pool\plugins\org.eclipse.justj.openjdk.hotspot.jre.full.win32.x86_64_17.0.2.v20220201-1208\jre\bin\nio.dll
0x00007ffbdd930000 - 0x00007ffbdd96b000 	C:\Windows\SYSTEM32\IPHLPAPI.DLL
0x00007ffbdf9e0000 - 0x00007ffbdf9e8000 	C:\Windows\System32\NSI.dll
0x00007ffbd8630000 - 0x00007ffbd8647000 	C:\Windows\SYSTEM32\dhcpcsvc6.DLL
0x00007ffbd8610000 - 0x00007ffbd862d000 	C:\Windows\SYSTEM32\dhcpcsvc.DLL
0x00007ffbdd980000 - 0x00007ffbdda4a000 	C:\Windows\SYSTEM32\DNSAPI.dll
0x00007ffbc3d40000 - 0x00007ffbc3d50000 	C:\Users\siddhant.ingole\.p2\pool\plugins\org.eclipse.justj.openjdk.hotspot.jre.full.win32.x86_64_17.0.2.v20220201-1208\jre\bin\verify.dll
0x00007ffbcde10000 - 0x00007ffbcde19000 	C:\Users\siddhant.ingole\.p2\pool\plugins\org.eclipse.justj.openjdk.hotspot.jre.full.win32.x86_64_17.0.2.v20220201-1208\jre\bin\prefs.dll
0x00007ffbdde30000 - 0x00007ffbdde48000 	C:\Windows\SYSTEM32\CRYPTSP.dll
0x00007ffbdd560000 - 0x00007ffbdd594000 	C:\Windows\system32\rsaenh.dll
0x00007ffbde4f0000 - 0x00007ffbde517000 	C:\Windows\System32\bcrypt.dll
0x00007ffbde3f0000 - 0x00007ffbde41e000 	C:\Windows\SYSTEM32\USERENV.dll
0x00007ffbdde50000 - 0x00007ffbdde5c000 	C:\Windows\SYSTEM32\CRYPTBASE.dll
0x00007ffbd7b30000 - 0x00007ffbd7b3a000 	C:\Windows\System32\rasadhlp.dll
0x00007ffbd8180000 - 0x00007ffbd8200000 	C:\Windows\System32\fwpuclnt.dll
0x00007ffbda090000 - 0x00007ffbda099000 	C:\Users\siddhant.ingole\.p2\pool\plugins\org.eclipse.justj.openjdk.hotspot.jre.full.win32.x86_64_17.0.2.v20220201-1208\jre\bin\management.dll
0x00007ffbc4a20000 - 0x00007ffbc4a2b000 	C:\Users\siddhant.ingole\.p2\pool\plugins\org.eclipse.justj.openjdk.hotspot.jre.full.win32.x86_64_17.0.2.v20220201-1208\jre\bin\management_ext.dll
0x00007ffbc4a10000 - 0x00007ffbc4a1e000 	C:\Users\siddhant.ingole\.p2\pool\plugins\org.eclipse.justj.openjdk.hotspot.jre.full.win32.x86_64_17.0.2.v20220201-1208\jre\bin\sunmscapi.dll
0x00007ffbde9b0000 - 0x00007ffbdeb06000 	C:\Windows\System32\CRYPT32.dll
0x00007ffbddf50000 - 0x00007ffbddf77000 	C:\Windows\SYSTEM32\ncrypt.dll
0x00007ffbddf10000 - 0x00007ffbddf4b000 	C:\Windows\SYSTEM32\NTASN1.dll
0x00007ffbc5fc0000 - 0x00007ffbc5fc7000 	C:\Windows\system32\wshunix.dll
0x00007ffbc4d60000 - 0x00007ffbc4d77000 	C:\Windows\system32\napinsp.dll
0x00007ffbc4d80000 - 0x00007ffbc4d9b000 	C:\Windows\system32\pnrpnsp.dll
0x00007ffbceb40000 - 0x00007ffbceb55000 	C:\Windows\system32\wshbth.dll
0x00007ffbd9f10000 - 0x00007ffbd9f2d000 	C:\Windows\system32\NLAapi.dll
0x00007ffbceb60000 - 0x00007ffbceb72000 	C:\Windows\System32\winrnr.dll
0x0000000180000000 - 0x0000000180021000 	C:\Users\Siddhant.Ingole.IN\eclipse-workspace\DS-2.0\AutoItLib\jacob-1.14.3-x64.dll
0x00007ffbdfac0000 - 0x00007ffbdfbea000 	C:\Windows\System32\ole32.dll
0x00007ffbdfe60000 - 0x00007ffbdff2d000 	C:\Windows\System32\OLEAUT32.dll
0x0000000052a50000 - 0x0000000052b19000 	C:\Windows\WinSxS\amd64_microsoft.vc80.crt_1fc8b3b9a1e18e3b_8.0.50727.9672_none_88e266cb2fac7c0d\MSVCR80.dll
0x00007ffbdf260000 - 0x00007ffbdf309000 	C:\Windows\System32\clbcatq.dll
0x00007ffbdbec0000 - 0x00007ffbdbf5e000 	C:\Windows\system32\uxtheme.dll
0x0000018e07340000 - 0x0000018e073c2000 	C:\Users\Siddhant.Ingole.IN\eclipse-workspace\DrySign\AutoItLib\AutoItX3_x64.dll
0x00007ffbce860000 - 0x00007ffbce87d000 	C:\Windows\SYSTEM32\MPR.dll

dbghelp: loaded successfully - version: 4.0.5 - missing functions: none
symbol engine: initialized successfully - sym options: 0x614 - pdb path: .;C:\Users\siddhant.ingole\.p2\pool\plugins\org.eclipse.justj.openjdk.hotspot.jre.full.win32.x86_64_17.0.2.v20220201-1208\jre\bin;C:\Windows\SYSTEM32;C:\Windows\WinSxS\amd64_microsoft.windows.common-controls_6595b64144ccf1df_6.0.19041.1110_none_60b5254171f9507e;C:\Users\siddhant.ingole\.p2\pool\plugins\org.eclipse.justj.openjdk.hotspot.jre.full.win32.x86_64_17.0.2.v20220201-1208\jre\bin\server;C:\Users\Siddhant.Ingole.IN\eclipse-workspace\DS-2.0\AutoItLib;C:\Windows\WinSxS\amd64_microsoft.vc80.crt_1fc8b3b9a1e18e3b_8.0.50727.9672_none_88e266cb2fac7c0d;C:\Users\Siddhant.Ingole.IN\eclipse-workspace\DrySign\AutoItLib

VM Arguments:
jvm_args: -ea -Dfile.encoding=Cp1252 -XX:+ShowCodeDetailsInExceptionMessages 
java_command: org.eclipse.jdt.internal.junit.runner.RemoteTestRunner -version 3 -port 60555 -testLoaderClass org.eclipse.jdt.internal.junit5.runner.JUnit5TestLoader -loaderpluginname org.eclipse.jdt.junit5.runtime -classNames runner.RunnerTest
java_class_path (initial): C:\Users\Siddhant.Ingole.IN\eclipse-workspace\DS-2.0\target\test-classes;C:\Users\Siddhant.Ingole.IN\eclipse-workspace\DS-2.0\target\classes;C:\Users\siddhant.ingole\.p2\pool\plugins\org.junit.jupiter.api_5.8.1.v20211018-1956.jar;C:\Users\siddhant.ingole\.p2\pool\plugins\org.junit.jupiter.engine_5.8.1.v20211018-1956.jar;C:\Users\siddhant.ingole\.p2\pool\plugins\org.junit.jupiter.migrationsupport_5.8.1.v20211018-1956.jar;C:\Users\siddhant.ingole\.p2\pool\plugins\org.junit.jupiter.params_5.8.1.v20211018-1956.jar;C:\Users\siddhant.ingole\.p2\pool\plugins\org.junit.platform.commons_1.8.1.v20211018-1956.jar;C:\Users\siddhant.ingole\.p2\pool\plugins\org.junit.platform.engine_1.8.1.v20211018-1956.jar;C:\Users\siddhant.ingole\.p2\pool\plugins\org.junit.platform.launcher_1.8.1.v20211018-1956.jar;C:\Users\siddhant.ingole\.p2\pool\plugins\org.junit.platform.runner_1.8.1.v20211018-1956.jar;C:\Users\siddhant.ingole\.p2\pool\plugins\org.junit.platform.suite.api_1.8.1.v20211018-1956.jar;C:\Users\siddhant.ingole\.p2\pool\plugins\org.junit.platform.suite.engine_1.8.1.v20211028-1957.jar;C:\Users\siddhant.ingole\.p2\pool\plugins\org.junit.platform.suite.commons_1.8.1.v20211018-1956.jar;C:\Users\siddhant.ingole\.p2\pool\plugins\org.junit.vintage.engine_5.8.1.v20211018-1956.jar;C:\Users\siddhant.ingole\.p2\pool\plugins\org.opentest4j_1.2.0.v20211018-1956.jar;C:\Users\siddhant.ingole\.p2\pool\plugins\org.apiguardian_1.1.2.v20211018-1956.jar;C:\Users\siddhant.ingole\.p2\pool\plugins\org.junit_4.13.2.v20211018-1956.jar;C:\Users\siddhant.ingole\.p2\pool\plugins\org.hamcrest.core_1.3.0.v20180420-1519.jar;C:\Users\Siddhant.Ingole.IN\.m2\repository\org\freemarker\freemarker\2.3.30\freemarker-2.3.30.jar;C:\Users\Siddhant.Ingole.IN\.m2\repository\io\cucumber\cucumber-junit\4.7.4\cucumber-junit-4.7.4.jar;C:\Users\Siddhant.Ingole.IN\.m2\repository\org\apiguardian\apiguardian-api\1.1.0\apiguardian-api-1.1.0.jar;C:\Users\Siddhant.Ingole.IN\.m2\repository\com\microsoft\az
Launcher Type: SUN_STANDARD

[Global flags]
     intx CICompilerCount                          = 3                                         {product} {ergonomic}
     uint ConcGCThreads                            = 1                                         {product} {ergonomic}
     uint G1ConcRefinementThreads                  = 4                                         {product} {ergonomic}
   size_t G1HeapRegionSize                         = 2097152                                   {product} {ergonomic}
    uintx GCDrainStackTargetSize                   = 64                                        {product} {ergonomic}
   size_t InitialHeapSize                          = 268435456                                 {product} {ergonomic}
   size_t MarkStackSize                            = 4194304                                   {product} {ergonomic}
   size_t MaxHeapSize                              = 4273995776                                {product} {ergonomic}
   size_t MaxNewSize                               = 2562719744                                {product} {ergonomic}
   size_t MinHeapDeltaBytes                        = 2097152                                   {product} {ergonomic}
   size_t MinHeapSize                              = 8388608                                   {product} {ergonomic}
    uintx NonNMethodCodeHeapSize                   = 5832780                                {pd product} {ergonomic}
    uintx NonProfiledCodeHeapSize                  = 122912730                              {pd product} {ergonomic}
    uintx ProfiledCodeHeapSize                     = 122912730                              {pd product} {ergonomic}
    uintx ReservedCodeCacheSize                    = 251658240                              {pd product} {ergonomic}
     bool SegmentedCodeCache                       = true                                      {product} {ergonomic}
     bool ShowCodeDetailsInExceptionMessages       = true                                   {manageable} {command line}
   size_t SoftMaxHeapSize                          = 4273995776                             {manageable} {ergonomic}
     bool UseCompressedClassPointers               = true                           {product lp64_product} {ergonomic}
     bool UseCompressedOops                        = true                           {product lp64_product} {ergonomic}
     bool UseG1GC                                  = true                                      {product} {ergonomic}
     bool UseLargePagesIndividualAllocation        = false                                  {pd product} {ergonomic}

Logging:
Log output configuration:
 #0: stdout all=warning uptime,level,tags
 #1: stderr all=off uptime,level,tags

Environment Variables:
JAVA_HOME=C:\Program Files\Java\jdk1.8.0_202
PATH=C:/Users/siddhant.ingole/.p2/pool/plugins/org.eclipse.justj.openjdk.hotspot.jre.full.win32.x86_64_17.0.2.v20220201-1208/jre/bin/server;C:/Users/siddhant.ingole/.p2/pool/plugins/org.eclipse.justj.openjdk.hotspot.jre.full.win32.x86_64_17.0.2.v20220201-1208/jre/bin;C:\Program Files (x86)\Common Files\Oracle\Java\javapath;C:\ProgramData\Oracle\Java\javapath;C:\Windows\system32;C:\Windows;C:\Windows\System32\Wbem;C:\Windows\System32\WindowsPowerShell\v1.0\;C:\Windows\System32\OpenSSH\;C:\Users\Siddhant.Ingole.IN\Downloads\apache-maven-3.8.6\bin;C:\Program Files\Java\jdk1.8.0_202\bin;C:\Program Files\Java\jre1.8.0_202\bin;C:\Users\Siddhant.Ingole.IN\AppData\Local\Microsoft\WindowsApps;C:\Users\Siddhant.Ingole.IN\AppData\Local\GitHubDesktop\bin;C:\Users\Siddhant.Ingole.IN\AppData\Local\Programs\Git\cmd;C:\Users\Siddhant.Ingole.IN\Desktop;
USERNAME=Siddhant.Ingole
OS=Windows_NT
PROCESSOR_IDENTIFIER=Intel64 Family 6 Model 60 Stepping 3, GenuineIntel



---------------  S Y S T E M  ---------------

OS:
 Windows 10 , 64 bit Build 19041 (10.0.19041.1889)
OS uptime: 0 days 3:44 hours

CPU: total 4 (initial active 4) (4 cores per cpu, 1 threads per core) family 6 model 60 stepping 3 microcode 0x27, cx8, cmov, fxsr, mmx, sse, sse2, sse3, ssse3, sse4.1, sse4.2, popcnt, lzcnt, tsc, tscinvbit, avx, avx2, aes, erms, clmul, bmi1, bmi2, fma, vzeroupper, clflush

Memory: 4k page, system-wide physical 16302M (7853M free)
TotalPageFile size 33710M (AvailPageFile size 22260M)
current process WorkingSet (physical memory assigned to process): 243M, peak: 243M
current process commit charge ("private bytes"): 253M, peak: 380M

vm_info: OpenJDK 64-Bit Server VM (17.0.2+8) for windows-amd64 JRE (17.0.2+8), built on Jan 20 2022 04:52:34 by "" with MS VC++ 16.7 (VS2019)

END.
